2023-09-14 17:39:47,647 [1] INFO wpfTest.Source.Log - ==========  Started application  ==========
2023-09-14 17:39:48,293 [1] INFO wpfTest.Source.Log - Main Level 진입
2023-09-14 17:39:48,590 [1] DEBUG wpfTest.Source.Log - Window_Loaded() Start : 설정 값 로드 중
2023-09-14 17:39:48,591 [1] INFO wpfTest.Source.Log - 이전 파일 삭제
2023-09-14 17:39:48,602 [1] INFO wpfTest.Source.Log - 파일삭제 완료
2023-09-14 17:39:48,602 [1] INFO wpfTest.Source.Log - 파일삭제 완료
2023-09-14 17:39:48,602 [1] INFO wpfTest.Source.Log - 파일삭제 완료
2023-09-14 17:39:49,306 [1] DEBUG wpfTest.Source.Log - Window_Loaded() 로드 완료
2023-09-14 17:39:49,358 [1] DEBUG wpfTest.Source.Log - Grid_Loaded() | Main Level 설정 값 로드(자동연결)
2023-09-14 17:39:49,377 [1] INFO wpfTest.Source.Log - 타이머 시작
2023-09-14 17:39:49,901 [1] INFO wpfTest.Source.Log - Canon 카메라 연결 완료
2023-09-14 17:39:49,911 [1] DEBUG wpfTest.Source.Log - BillMachineOpenSession() | 지폐기 자동연걸 시작
2023-09-14 17:39:49,912 [1] INFO wpfTest.Source.Log - 컴포트 : COM5으로 연결되었습니다.
2023-09-14 17:39:49,912 [1] DEBUG wpfTest.Source.Log - DataSend() | 동작
2023-09-14 17:39:50,417 [1] DEBUG wpfTest.Source.Log - DataSend() | 동작
2023-09-14 17:39:53,731 [1] DEBUG wpfTest.Source.Log - Window_KeyDown() | F4 입력(프로그램 종료 키)
2023-09-14 17:39:53,966 [1] INFO wpfTest.Source.Log - 캐논 카메라 종료
2023-09-14 17:39:53,967 [1] DEBUG wpfTest.Source.Log - DataSend() | 동작
2023-09-14 17:39:53,967 [1] INFO wpfTest.Source.Log - 프로그램 종료
2023-09-14 17:40:57,871 [1] INFO wpfTest.Source.Log - ==========  Started application  ==========
2023-09-14 17:40:58,045 [1] INFO wpfTest.Source.Log - Main Level 진입
2023-09-14 17:40:58,279 [1] DEBUG wpfTest.Source.Log - Window_Loaded() Start : 설정 값 로드 중
2023-09-14 17:40:58,280 [1] INFO wpfTest.Source.Log - 이전 파일 삭제
2023-09-14 17:40:58,281 [1] INFO wpfTest.Source.Log - 파일삭제 완료
2023-09-14 17:40:58,281 [1] INFO wpfTest.Source.Log - 파일삭제 완료
2023-09-14 17:40:58,281 [1] INFO wpfTest.Source.Log - 파일삭제 완료
2023-09-14 17:40:58,707 [1] DEBUG wpfTest.Source.Log - Window_Loaded() 로드 완료
2023-09-14 17:40:58,710 [1] DEBUG wpfTest.Source.Log - Grid_Loaded() | Main Level 설정 값 로드(자동연결)
2023-09-14 17:40:58,724 [1] INFO wpfTest.Source.Log - 타이머 시작
2023-09-14 17:40:59,162 [1] INFO wpfTest.Source.Log - Canon 카메라 연결 완료
2023-09-14 17:40:59,170 [1] DEBUG wpfTest.Source.Log - BillMachineOpenSession() | 지폐기 자동연걸 시작
2023-09-14 17:40:59,172 [1] INFO wpfTest.Source.Log - 컴포트 : COM5으로 연결되었습니다.
2023-09-14 17:40:59,172 [1] DEBUG wpfTest.Source.Log - DataSend() | 동작
2023-09-14 17:40:59,683 [1] DEBUG wpfTest.Source.Log - DataSend() | 동작
2023-09-14 17:41:00,151 [1] DEBUG wpfTest.Source.Log - Touchimg_MouseLeftButtonDown() | PageSelct 페이지로 가는 버튼 클릭
2023-09-14 17:41:00,397 [1] INFO wpfTest.Source.Log - Canon 카메라 세션 닫힘
2023-09-14 17:41:00,408 [1] INFO wpfTest.Source.Log - 타이머 종료
2023-09-14 17:41:00,448 [1] INFO wpfTest.Source.Log - TempSelect Level 진입
2023-09-14 17:41:00,452 [1] INFO wpfTest.Source.Log - Grid_Loaded() - 동작
2023-09-14 17:41:01,415 [1] INFO wpfTest.Source.Log - NextImg_MouseLeftButtonDown() - 동작
2023-09-14 17:41:01,446 [1] INFO wpfTest.Source.Log - 선택한 템플릿 : 1
2023-09-14 17:41:01,476 [1] INFO wpfTest.Source.Log - PageSelect Level 진입
2023-09-14 17:41:01,484 [1] DEBUG wpfTest.Source.Log - Grid_Loaded() | PageSelect 세팅 로딩
2023-09-14 17:41:01,557 [1] DEBUG wpfTest.Source.Log - pagetextshow() | 페이지 장수 확인
2023-09-14 17:41:01,557 [1] INFO wpfTest.Source.Log - 타이머 시작
2023-09-14 17:41:02,251 [1] DEBUG wpfTest.Source.Log - NextBtn_MouseLeftButtonDown() | 다음 버튼 클릭
2023-09-14 17:41:02,252 [1] INFO wpfTest.Source.Log - 선택한 장 수 : 2
2023-09-14 17:41:02,290 [1] INFO wpfTest.Source.Log - 선택된 결제 금액 : 15
2023-09-14 17:41:02,327 [1] INFO wpfTest.Source.Log - ChoicePayment 페이지 진입
2023-09-14 17:41:02,330 [1] INFO wpfTest.Source.Log - Grid_Loaded() - 동작
2023-09-14 17:41:02,407 [1] INFO wpfTest.Source.Log - 타이머 시작
2023-09-14 17:41:04,378 [1] INFO wpfTest.Source.Log - cashimg_MouseLeftButtonDown() - 동작
2023-09-14 17:41:04,957 [1] INFO wpfTest.Source.Log - NextImg_MouseLeftButtonDown() - 동작
2023-09-14 17:41:04,984 [1] INFO wpfTest.Source.Log - 타이머 종료됨
2023-09-14 17:41:04,984 [1] INFO wpfTest.Source.Log - Payment(결제페이지) Level 진입
2023-09-14 17:41:04,987 [1] DEBUG wpfTest.Source.Log - Grid_Loaded() | 결제페이지 셋팅 로드
2023-09-14 17:41:05,000 [1] INFO wpfTest.Source.Log - 타이머 시작
2023-09-14 17:41:05,000 [1] DEBUG wpfTest.Source.Log - DataSend() | 동작
2023-09-14 17:41:05,857 [1] DEBUG wpfTest.Source.Log - Window_KeyDown() | F8 입력(무료촬영 키)
2023-09-14 17:41:05,998 [1] INFO wpfTest.Source.Log - 타이머 정지
2023-09-14 17:41:05,998 [1] DEBUG wpfTest.Source.Log - DataSend() | 동작
2023-09-14 17:41:05,998 [1] INFO wpfTest.Source.Log - DataSend(0x5E)
2023-09-14 17:41:06,216 [1] INFO wpfTest.Source.Log - 지폐기 포트 해제
2023-09-14 17:41:06,216 [1] INFO wpfTest.Source.Log - 타이머 정지
2023-09-14 17:41:06,216 [1] INFO wpfTest.Source.Log - Dispose() - 동작
2023-09-14 17:41:06,239 [1] INFO wpfTest.Source.Log - 매출 데이터 값 : SALE_DT=2023-09-14&MACHINE_CD=S0037&PRINT_CNT=1&PAYMENT_WAY=4&CASH_AMT=0&CARD_AMT=0
2023-09-14 17:41:06,298 [1] INFO wpfTest.Source.Log - [{"result":"0","resultMsg":"sucess"}]
2023-09-14 17:41:06,319 [1] INFO wpfTest.Source.Log - PaymentComplete 페이지 진입
2023-09-14 17:41:06,321 [1] INFO wpfTest.Source.Log - Grid_Loaded() - 동작 | PaymentComplete
2023-09-14 17:41:06,335 [1] INFO wpfTest.Source.Log - 타이머 시작
2023-09-14 17:41:07,325 [1] INFO wpfTest.Source.Log - nextbtn_MouseLeftButtonDown() - 동작 | PaymentComplete
2023-09-14 17:41:07,326 [1] INFO wpfTest.Source.Log - 타이머 종료
2023-09-14 17:41:07,327 [1] INFO wpfTest.Source.Log - 캐논 촬영 페이지 진입
2023-09-14 17:41:07,330 [1] INFO wpfTest.Source.Log - Grid_Loaded() - 동작
2023-09-14 17:41:07,773 [1] DEBUG wpfTest.Source.Log - Delay() | 딜레이 시작 딜레이 시간(단위 : ms) : 1000
2023-09-14 17:41:09,636 [1] INFO wpfTest.Source.Log - screenCapture = new ScreenCaptureStream(recordingArea);
2023-09-14 17:41:09,659 [1] INFO wpfTest.Source.Log - videoWriter = new VideoFileWriter();
2023-09-14 17:41:09,758 [1] INFO wpfTest.Source.Log - videoWriter.Open(outputFileName, recordingArea.Width, recordingArea.Height, 30, VideoCodec.H264, 1000000);
2023-09-14 17:41:18,812 [1] INFO wpfTest.Source.Log - 타이머 종료
2023-09-14 17:41:18,812 [1] DEBUG wpfTest.Source.Log - Delay() | 딜레이 시작 딜레이 시간(단위 : ms) : 500
2023-09-14 17:41:19,314 [1] DEBUG wpfTest.Source.Log - FlipCutImg() | 좌우반전 구동 | 이미지위치 : D:\업체\납품\해외\호주\wpfTest\bin\Release\IMG\Photo\IMG_0001.JPG 좌표값 : 0, 0
2023-09-14 17:41:19,927 [1] INFO wpfTest.Source.Log - pic1 = 540, 540
2023-09-14 17:41:19,927 [1] INFO wpfTest.Source.Log - 캐논타이머 시작
2023-09-14 17:41:29,385 [1] INFO wpfTest.Source.Log - 타이머 종료
2023-09-14 17:41:29,385 [1] DEBUG wpfTest.Source.Log - Delay() | 딜레이 시작 딜레이 시간(단위 : ms) : 500
2023-09-14 17:41:29,885 [1] DEBUG wpfTest.Source.Log - FlipCutImg() | 좌우반전 구동 | 이미지위치 : D:\업체\납품\해외\호주\wpfTest\bin\Release\IMG\Photo\IMG_0002.JPG 좌표값 : 0, 0
2023-09-14 17:41:30,408 [1] INFO wpfTest.Source.Log - 캐논타이머 시작
2023-09-14 17:41:39,606 [1] INFO wpfTest.Source.Log - 타이머 종료
2023-09-14 17:41:39,606 [1] DEBUG wpfTest.Source.Log - Delay() | 딜레이 시작 딜레이 시간(단위 : ms) : 500
2023-09-14 17:41:40,112 [1] DEBUG wpfTest.Source.Log - FlipCutImg() | 좌우반전 구동 | 이미지위치 : D:\업체\납품\해외\호주\wpfTest\bin\Release\IMG\Photo\IMG_0003.JPG 좌표값 : 0, 0
2023-09-14 17:41:40,648 [1] INFO wpfTest.Source.Log - 캐논타이머 시작
2023-09-14 17:41:50,464 [1] INFO wpfTest.Source.Log - 타이머 종료
2023-09-14 17:41:50,464 [1] DEBUG wpfTest.Source.Log - Delay() | 딜레이 시작 딜레이 시간(단위 : ms) : 500
2023-09-14 17:41:50,964 [1] DEBUG wpfTest.Source.Log - FlipCutImg() | 좌우반전 구동 | 이미지위치 : D:\업체\납품\해외\호주\wpfTest\bin\Release\IMG\Photo\IMG_0004.JPG 좌표값 : 0, 0
2023-09-14 17:41:51,497 [1] INFO wpfTest.Source.Log - 캐논타이머 시작
2023-09-14 17:42:01,683 [1] INFO wpfTest.Source.Log - 타이머 종료
2023-09-14 17:42:01,683 [1] DEBUG wpfTest.Source.Log - Delay() | 딜레이 시작 딜레이 시간(단위 : ms) : 500
2023-09-14 17:42:02,188 [1] DEBUG wpfTest.Source.Log - FlipCutImg() | 좌우반전 구동 | 이미지위치 : D:\업체\납품\해외\호주\wpfTest\bin\Release\IMG\Photo\IMG_0005.JPG 좌표값 : 0, 0
2023-09-14 17:42:02,868 [1] DEBUG wpfTest.Source.Log - Delay() | 딜레이 시작 딜레이 시간(단위 : ms) : 200
2023-09-14 17:42:03,069 [1] DEBUG wpfTest.Source.Log - nextpage() 구동 | 캐논 카메라
2023-09-14 17:42:03,101 [1] INFO wpfTest.Source.Log - CameraDispose() - 카메라연결해제 실행
2023-09-14 17:42:03,101 [1] DEBUG wpfTest.Source.Log - Delay() | 딜레이 시작 딜레이 시간(단위 : ms) : 1000
2023-09-14 17:42:04,102 [1] INFO wpfTest.Source.Log - CloseSession() - 동작
2023-09-14 17:42:04,354 [1] DEBUG wpfTest.Source.Log - Delay() | 딜레이 시작 딜레이 시간(단위 : ms) : 1000
2023-09-14 17:42:05,355 [1] INFO wpfTest.Source.Log - Dispose() - 동작
2023-09-14 17:42:05,365 [1] DEBUG wpfTest.Source.Log - Delay() | 딜레이 시작 딜레이 시간(단위 : ms) : 500
2023-09-14 17:42:06,025 [1] INFO wpfTest.Source.Log - SelectPic 구역 진입
2023-09-14 17:42:06,032 [1] INFO wpfTest.Source.Log - Grid_Loaded() - 동작
2023-09-14 17:42:14,129 [1] INFO wpfTest.Source.Log - FirstpicFront_MouseLeftButtonDown() - 동작
2023-09-14 17:42:14,313 [1] INFO wpfTest.Source.Log - SecondpicFront_MouseLeftButtonDown() - 동작
2023-09-14 17:42:14,596 [1] INFO wpfTest.Source.Log - FifthpicFront_MouseLeftButtonDown() - 동작
2023-09-14 17:42:15,495 [1] INFO wpfTest.Source.Log - nextpage_MouseLeftButtonDown() - 동작
2023-09-14 17:42:15,507 [1] INFO wpfTest.Source.Log - dispose() - 동작
2023-09-14 17:42:15,529 [1] INFO wpfTest.Source.Log - Preparing 페이지 진입
2023-09-14 17:42:15,530 [1] INFO wpfTest.Source.Log - Grid_Loaded() - 동작
2023-09-14 17:42:15,544 [1] INFO wpfTest.Source.Log - PrePring페이지 타이머 시작
2023-09-14 17:42:16,555 [1] INFO wpfTest.Source.Log - ImgCompose Level 진입
2023-09-14 17:42:16,560 [1] DEBUG wpfTest.Source.Log - Grid_Loaded() | ImgCompose 셋팅값 로드
2023-09-14 17:42:16,575 [1] INFO wpfTest.Source.Log - UI 배치 완료
2023-09-14 17:42:16,682 [1] INFO wpfTest.Source.Log - front 이미지 로드 완료
2023-09-14 17:42:16,682 [1] INFO wpfTest.Source.Log - UI 버튼 위치 배치 완료
2023-09-14 17:42:18,083 [1] DEBUG wpfTest.Source.Log - Imgshow() | 이미지 합성 시작
2023-09-14 17:42:18,123 [1] INFO wpfTest.Source.Log - imgshow 완료
2023-09-14 17:42:18,123 [1] INFO wpfTest.Source.Log - 타이머 시작
2023-09-14 17:42:35,001 [1] DEBUG wpfTest.Source.Log - Window_KeyDown() | F4 입력(프로그램 종료 키)
2023-09-14 17:42:35,001 [1] INFO wpfTest.Source.Log - 프로그램 종료
2023-09-14 17:43:17,265 [1] INFO wpfTest.Source.Log - ==========  Started application  ==========
2023-09-14 17:43:17,445 [1] INFO wpfTest.Source.Log - Main Level 진입
2023-09-14 17:43:17,685 [1] DEBUG wpfTest.Source.Log - Window_Loaded() Start : 설정 값 로드 중
2023-09-14 17:43:17,686 [1] INFO wpfTest.Source.Log - 이전 파일 삭제
2023-09-14 17:43:17,687 [1] INFO wpfTest.Source.Log - 파일삭제 완료
2023-09-14 17:43:17,687 [1] INFO wpfTest.Source.Log - 파일삭제 완료
2023-09-14 17:43:17,687 [1] INFO wpfTest.Source.Log - 파일삭제 완료
2023-09-14 17:43:18,204 [1] DEBUG wpfTest.Source.Log - Window_Loaded() 로드 완료
2023-09-14 17:43:18,207 [1] DEBUG wpfTest.Source.Log - Grid_Loaded() | Main Level 설정 값 로드(자동연결)
2023-09-14 17:43:18,222 [1] INFO wpfTest.Source.Log - 타이머 시작
2023-09-14 17:43:18,683 [1] INFO wpfTest.Source.Log - Canon 카메라 연결 완료
2023-09-14 17:43:18,693 [1] DEBUG wpfTest.Source.Log - BillMachineOpenSession() | 지폐기 자동연걸 시작
2023-09-14 17:43:18,695 [1] INFO wpfTest.Source.Log - 컴포트 : COM5으로 연결되었습니다.
2023-09-14 17:43:18,695 [1] DEBUG wpfTest.Source.Log - DataSend() | 동작
2023-09-14 17:43:19,196 [1] DEBUG wpfTest.Source.Log - DataSend() | 동작
2023-09-14 17:43:19,880 [1] DEBUG wpfTest.Source.Log - Touchimg_MouseLeftButtonDown() | PageSelct 페이지로 가는 버튼 클릭
2023-09-14 17:43:20,122 [1] INFO wpfTest.Source.Log - Canon 카메라 세션 닫힘
2023-09-14 17:43:20,133 [1] INFO wpfTest.Source.Log - 타이머 종료
2023-09-14 17:43:20,148 [1] INFO wpfTest.Source.Log - TempSelect Level 진입
2023-09-14 17:43:20,154 [1] INFO wpfTest.Source.Log - Grid_Loaded() - 동작
2023-09-14 17:43:21,266 [1] INFO wpfTest.Source.Log - NextImg_MouseLeftButtonDown() - 동작
2023-09-14 17:43:21,266 [1] INFO wpfTest.Source.Log - 선택한 템플릿 : 1
2023-09-14 17:43:21,294 [1] INFO wpfTest.Source.Log - PageSelect Level 진입
2023-09-14 17:43:21,303 [1] DEBUG wpfTest.Source.Log - Grid_Loaded() | PageSelect 세팅 로딩
2023-09-14 17:43:21,380 [1] DEBUG wpfTest.Source.Log - pagetextshow() | 페이지 장수 확인
2023-09-14 17:43:21,380 [1] INFO wpfTest.Source.Log - 타이머 시작
2023-09-14 17:43:21,791 [1] DEBUG wpfTest.Source.Log - NextBtn_MouseLeftButtonDown() | 다음 버튼 클릭
2023-09-14 17:43:21,791 [1] INFO wpfTest.Source.Log - 선택한 장 수 : 2
2023-09-14 17:43:21,806 [1] INFO wpfTest.Source.Log - 선택된 결제 금액 : 15
2023-09-14 17:43:21,817 [1] INFO wpfTest.Source.Log - ChoicePayment 페이지 진입
2023-09-14 17:43:21,820 [1] INFO wpfTest.Source.Log - Grid_Loaded() - 동작
2023-09-14 17:43:21,887 [1] INFO wpfTest.Source.Log - 타이머 시작
2023-09-14 17:43:22,339 [1] INFO wpfTest.Source.Log - cashimg_MouseLeftButtonDown() - 동작
2023-09-14 17:43:22,815 [1] INFO wpfTest.Source.Log - NextImg_MouseLeftButtonDown() - 동작
2023-09-14 17:43:22,825 [1] INFO wpfTest.Source.Log - 타이머 종료됨
2023-09-14 17:43:22,826 [1] INFO wpfTest.Source.Log - Payment(결제페이지) Level 진입
2023-09-14 17:43:22,828 [1] DEBUG wpfTest.Source.Log - Grid_Loaded() | 결제페이지 셋팅 로드
2023-09-14 17:43:22,843 [1] INFO wpfTest.Source.Log - 타이머 시작
2023-09-14 17:43:22,844 [1] DEBUG wpfTest.Source.Log - DataSend() | 동작
2023-09-14 17:43:23,232 [1] DEBUG wpfTest.Source.Log - Window_KeyDown() | F8 입력(무료촬영 키)
2023-09-14 17:43:23,840 [1] INFO wpfTest.Source.Log - 타이머 정지
2023-09-14 17:43:23,840 [1] DEBUG wpfTest.Source.Log - DataSend() | 동작
2023-09-14 17:43:23,840 [1] INFO wpfTest.Source.Log - DataSend(0x5E)
2023-09-14 17:43:24,041 [1] INFO wpfTest.Source.Log - 지폐기 포트 해제
2023-09-14 17:43:24,041 [1] INFO wpfTest.Source.Log - 타이머 정지
2023-09-14 17:43:24,041 [1] INFO wpfTest.Source.Log - Dispose() - 동작
2023-09-14 17:43:24,062 [1] INFO wpfTest.Source.Log - 매출 데이터 값 : SALE_DT=2023-09-14&MACHINE_CD=S0037&PRINT_CNT=1&PAYMENT_WAY=4&CASH_AMT=0&CARD_AMT=0
2023-09-14 17:43:24,120 [1] INFO wpfTest.Source.Log - [{"result":"0","resultMsg":"sucess"}]
2023-09-14 17:43:24,161 [1] INFO wpfTest.Source.Log - PaymentComplete 페이지 진입
2023-09-14 17:43:24,162 [1] INFO wpfTest.Source.Log - Grid_Loaded() - 동작 | PaymentComplete
2023-09-14 17:43:24,177 [1] INFO wpfTest.Source.Log - 타이머 시작
2023-09-14 17:43:26,687 [1] INFO wpfTest.Source.Log - nextbtn_MouseLeftButtonDown() - 동작 | PaymentComplete
2023-09-14 17:43:26,687 [1] INFO wpfTest.Source.Log - 타이머 종료
2023-09-14 17:43:26,688 [1] INFO wpfTest.Source.Log - 캐논 촬영 페이지 진입
2023-09-14 17:43:26,692 [1] INFO wpfTest.Source.Log - Grid_Loaded() - 동작
2023-09-14 17:43:27,149 [1] DEBUG wpfTest.Source.Log - Delay() | 딜레이 시작 딜레이 시간(단위 : ms) : 1000
2023-09-14 17:43:28,672 [1] INFO wpfTest.Source.Log - screenCapture = new ScreenCaptureStream(recordingArea);
2023-09-14 17:43:28,679 [1] INFO wpfTest.Source.Log - videoWriter = new VideoFileWriter();
2023-09-14 17:43:28,694 [1] INFO wpfTest.Source.Log - videoWriter.Open(outputFileName, recordingArea.Width, recordingArea.Height, 30, VideoCodec.H264, 1000000);
2023-09-14 17:43:37,558 [1] INFO wpfTest.Source.Log - 타이머 종료
2023-09-14 17:43:37,558 [1] DEBUG wpfTest.Source.Log - Delay() | 딜레이 시작 딜레이 시간(단위 : ms) : 500
2023-09-14 17:43:38,059 [1] DEBUG wpfTest.Source.Log - FlipCutImg() | 좌우반전 구동 | 이미지위치 : D:\업체\납품\해외\호주\wpfTest\bin\Release\IMG\Photo\IMG_0001.JPG 좌표값 : 0, 0
2023-09-14 17:43:38,579 [1] INFO wpfTest.Source.Log - pic1 = 540, 540
2023-09-14 17:43:38,579 [1] INFO wpfTest.Source.Log - 캐논타이머 시작
2023-09-14 17:43:48,044 [1] INFO wpfTest.Source.Log - 타이머 종료
2023-09-14 17:43:48,044 [1] DEBUG wpfTest.Source.Log - Delay() | 딜레이 시작 딜레이 시간(단위 : ms) : 500
2023-09-14 17:43:48,544 [1] DEBUG wpfTest.Source.Log - FlipCutImg() | 좌우반전 구동 | 이미지위치 : D:\업체\납품\해외\호주\wpfTest\bin\Release\IMG\Photo\IMG_0002.JPG 좌표값 : 0, 0
2023-09-14 17:43:49,036 [1] INFO wpfTest.Source.Log - 캐논타이머 시작
2023-09-14 17:43:58,354 [1] INFO wpfTest.Source.Log - 타이머 종료
2023-09-14 17:43:58,354 [1] DEBUG wpfTest.Source.Log - Delay() | 딜레이 시작 딜레이 시간(단위 : ms) : 500
2023-09-14 17:43:58,855 [1] DEBUG wpfTest.Source.Log - FlipCutImg() | 좌우반전 구동 | 이미지위치 : D:\업체\납품\해외\호주\wpfTest\bin\Release\IMG\Photo\IMG_0003.JPG 좌표값 : 0, 0
2023-09-14 17:43:59,367 [1] INFO wpfTest.Source.Log - 캐논타이머 시작
2023-09-14 17:44:08,670 [1] INFO wpfTest.Source.Log - 타이머 종료
2023-09-14 17:44:08,670 [1] DEBUG wpfTest.Source.Log - Delay() | 딜레이 시작 딜레이 시간(단위 : ms) : 500
2023-09-14 17:44:09,170 [1] DEBUG wpfTest.Source.Log - FlipCutImg() | 좌우반전 구동 | 이미지위치 : D:\업체\납품\해외\호주\wpfTest\bin\Release\IMG\Photo\IMG_0004.JPG 좌표값 : 0, 0
2023-09-14 17:44:09,687 [1] INFO wpfTest.Source.Log - 캐논타이머 시작
2023-09-14 17:44:19,026 [1] INFO wpfTest.Source.Log - 타이머 종료
2023-09-14 17:44:19,026 [1] DEBUG wpfTest.Source.Log - Delay() | 딜레이 시작 딜레이 시간(단위 : ms) : 500
2023-09-14 17:44:19,527 [1] DEBUG wpfTest.Source.Log - FlipCutImg() | 좌우반전 구동 | 이미지위치 : D:\업체\납품\해외\호주\wpfTest\bin\Release\IMG\Photo\IMG_0005.JPG 좌표값 : 0, 0
2023-09-14 17:44:20,108 [1] DEBUG wpfTest.Source.Log - Delay() | 딜레이 시작 딜레이 시간(단위 : ms) : 200
2023-09-14 17:44:20,309 [1] DEBUG wpfTest.Source.Log - nextpage() 구동 | 캐논 카메라
2023-09-14 17:44:20,343 [1] INFO wpfTest.Source.Log - CameraDispose() - 카메라연결해제 실행
2023-09-14 17:44:20,343 [1] DEBUG wpfTest.Source.Log - Delay() | 딜레이 시작 딜레이 시간(단위 : ms) : 1000
2023-09-14 17:44:21,343 [1] INFO wpfTest.Source.Log - CloseSession() - 동작
2023-09-14 17:44:21,605 [1] DEBUG wpfTest.Source.Log - Delay() | 딜레이 시작 딜레이 시간(단위 : ms) : 1000
2023-09-14 17:44:22,605 [1] INFO wpfTest.Source.Log - Dispose() - 동작
2023-09-14 17:44:22,631 [1] DEBUG wpfTest.Source.Log - Delay() | 딜레이 시작 딜레이 시간(단위 : ms) : 500
2023-09-14 17:44:23,291 [1] INFO wpfTest.Source.Log - SelectPic 구역 진입
2023-09-14 17:44:23,299 [1] INFO wpfTest.Source.Log - Grid_Loaded() - 동작
2023-09-14 17:44:25,272 [1] INFO wpfTest.Source.Log - FirstpicFront_MouseLeftButtonDown() - 동작
2023-09-14 17:44:25,507 [1] INFO wpfTest.Source.Log - FourthpicFront_MouseLeftButtonDown() - 동작
2023-09-14 17:44:25,694 [1] INFO wpfTest.Source.Log - FifthpicFront_MouseLeftButtonDown() - 동작
2023-09-14 17:44:26,456 [1] INFO wpfTest.Source.Log - nextpage_MouseLeftButtonDown() - 동작
2023-09-14 17:44:26,465 [1] INFO wpfTest.Source.Log - dispose() - 동작
2023-09-14 17:44:26,488 [1] INFO wpfTest.Source.Log - Preparing 페이지 진입
2023-09-14 17:44:26,490 [1] INFO wpfTest.Source.Log - Grid_Loaded() - 동작
2023-09-14 17:44:26,502 [1] INFO wpfTest.Source.Log - PrePring페이지 타이머 시작
2023-09-14 17:44:27,506 [1] INFO wpfTest.Source.Log - ImgCompose Level 진입
2023-09-14 17:44:27,511 [1] DEBUG wpfTest.Source.Log - Grid_Loaded() | ImgCompose 셋팅값 로드
2023-09-14 17:44:27,524 [1] INFO wpfTest.Source.Log - UI 배치 완료
2023-09-14 17:44:27,588 [1] INFO wpfTest.Source.Log - front 이미지 로드 완료
2023-09-14 17:44:27,588 [1] INFO wpfTest.Source.Log - UI 버튼 위치 배치 완료
2023-09-14 17:44:29,016 [1] DEBUG wpfTest.Source.Log - Imgshow() | 이미지 합성 시작
2023-09-14 17:44:29,057 [1] INFO wpfTest.Source.Log - imgshow 완료
2023-09-14 17:44:29,057 [1] INFO wpfTest.Source.Log - 타이머 시작
2023-09-14 17:44:41,000 [1] DEBUG wpfTest.Source.Log - Window_KeyDown() | F4 입력(프로그램 종료 키)
2023-09-14 17:44:41,000 [1] INFO wpfTest.Source.Log - 프로그램 종료
2023-09-14 17:45:12,162 [1] INFO wpfTest.Source.Log - ==========  Started application  ==========
2023-09-14 17:45:12,344 [1] INFO wpfTest.Source.Log - Main Level 진입
2023-09-14 17:45:12,576 [1] DEBUG wpfTest.Source.Log - Window_Loaded() Start : 설정 값 로드 중
2023-09-14 17:45:12,577 [1] INFO wpfTest.Source.Log - 이전 파일 삭제
2023-09-14 17:45:12,578 [1] INFO wpfTest.Source.Log - 파일삭제 완료
2023-09-14 17:45:12,578 [1] INFO wpfTest.Source.Log - 파일삭제 완료
2023-09-14 17:45:12,578 [1] INFO wpfTest.Source.Log - 파일삭제 완료
2023-09-14 17:45:13,084 [1] DEBUG wpfTest.Source.Log - Window_Loaded() 로드 완료
2023-09-14 17:45:13,087 [1] DEBUG wpfTest.Source.Log - Grid_Loaded() | Main Level 설정 값 로드(자동연결)
2023-09-14 17:45:13,101 [1] INFO wpfTest.Source.Log - 타이머 시작
2023-09-14 17:45:13,542 [1] INFO wpfTest.Source.Log - Canon 카메라 연결 완료
2023-09-14 17:45:13,552 [1] DEBUG wpfTest.Source.Log - BillMachineOpenSession() | 지폐기 자동연걸 시작
2023-09-14 17:45:13,553 [1] INFO wpfTest.Source.Log - 컴포트 : COM5으로 연결되었습니다.
2023-09-14 17:45:13,554 [1] DEBUG wpfTest.Source.Log - DataSend() | 동작
2023-09-14 17:45:14,055 [1] DEBUG wpfTest.Source.Log - DataSend() | 동작
2023-09-14 17:45:15,000 [1] DEBUG wpfTest.Source.Log - Touchimg_MouseLeftButtonDown() | PageSelct 페이지로 가는 버튼 클릭
2023-09-14 17:45:15,242 [1] INFO wpfTest.Source.Log - Canon 카메라 세션 닫힘
2023-09-14 17:45:15,253 [1] INFO wpfTest.Source.Log - 타이머 종료
2023-09-14 17:45:15,266 [1] INFO wpfTest.Source.Log - TempSelect Level 진입
2023-09-14 17:45:15,270 [1] INFO wpfTest.Source.Log - Grid_Loaded() - 동작
2023-09-14 17:45:16,338 [1] INFO wpfTest.Source.Log - NextImg_MouseLeftButtonDown() - 동작
2023-09-14 17:45:16,345 [1] INFO wpfTest.Source.Log - 선택한 템플릿 : 1
2023-09-14 17:45:16,374 [1] INFO wpfTest.Source.Log - PageSelect Level 진입
2023-09-14 17:45:16,382 [1] DEBUG wpfTest.Source.Log - Grid_Loaded() | PageSelect 세팅 로딩
2023-09-14 17:45:16,453 [1] DEBUG wpfTest.Source.Log - pagetextshow() | 페이지 장수 확인
2023-09-14 17:45:16,454 [1] INFO wpfTest.Source.Log - 타이머 시작
2023-09-14 17:45:17,062 [1] DEBUG wpfTest.Source.Log - NextBtn_MouseLeftButtonDown() | 다음 버튼 클릭
2023-09-14 17:45:17,062 [1] INFO wpfTest.Source.Log - 선택한 장 수 : 2
2023-09-14 17:45:17,085 [1] INFO wpfTest.Source.Log - 선택된 결제 금액 : 15
2023-09-14 17:45:17,097 [1] INFO wpfTest.Source.Log - ChoicePayment 페이지 진입
2023-09-14 17:45:17,100 [1] INFO wpfTest.Source.Log - Grid_Loaded() - 동작
2023-09-14 17:45:17,170 [1] INFO wpfTest.Source.Log - 타이머 시작
2023-09-14 17:45:17,629 [1] INFO wpfTest.Source.Log - cashimg_MouseLeftButtonDown() - 동작
2023-09-14 17:45:18,070 [1] INFO wpfTest.Source.Log - NextImg_MouseLeftButtonDown() - 동작
2023-09-14 17:45:18,075 [1] INFO wpfTest.Source.Log - 타이머 종료됨
2023-09-14 17:45:18,076 [1] INFO wpfTest.Source.Log - Payment(결제페이지) Level 진입
2023-09-14 17:45:18,079 [1] DEBUG wpfTest.Source.Log - Grid_Loaded() | 결제페이지 셋팅 로드
2023-09-14 17:45:18,092 [1] INFO wpfTest.Source.Log - 타이머 시작
2023-09-14 17:45:18,092 [1] DEBUG wpfTest.Source.Log - DataSend() | 동작
2023-09-14 17:45:19,085 [1] DEBUG wpfTest.Source.Log - Window_KeyDown() | F8 입력(무료촬영 키)
2023-09-14 17:45:19,089 [1] INFO wpfTest.Source.Log - 타이머 정지
2023-09-14 17:45:19,090 [1] DEBUG wpfTest.Source.Log - DataSend() | 동작
2023-09-14 17:45:19,090 [1] INFO wpfTest.Source.Log - DataSend(0x5E)
2023-09-14 17:45:19,291 [1] INFO wpfTest.Source.Log - 지폐기 포트 해제
2023-09-14 17:45:19,291 [1] INFO wpfTest.Source.Log - 타이머 정지
2023-09-14 17:45:19,291 [1] INFO wpfTest.Source.Log - Dispose() - 동작
2023-09-14 17:45:19,313 [1] INFO wpfTest.Source.Log - 매출 데이터 값 : SALE_DT=2023-09-14&MACHINE_CD=S0037&PRINT_CNT=1&PAYMENT_WAY=4&CASH_AMT=0&CARD_AMT=0
2023-09-14 17:45:19,373 [1] INFO wpfTest.Source.Log - [{"result":"0","resultMsg":"sucess"}]
2023-09-14 17:45:19,393 [1] INFO wpfTest.Source.Log - PaymentComplete 페이지 진입
2023-09-14 17:45:19,395 [1] INFO wpfTest.Source.Log - Grid_Loaded() - 동작 | PaymentComplete
2023-09-14 17:45:19,410 [1] INFO wpfTest.Source.Log - 타이머 시작
2023-09-14 17:45:20,073 [1] INFO wpfTest.Source.Log - nextbtn_MouseLeftButtonDown() - 동작 | PaymentComplete
2023-09-14 17:45:20,074 [1] INFO wpfTest.Source.Log - 타이머 종료
2023-09-14 17:45:20,074 [1] INFO wpfTest.Source.Log - 캐논 촬영 페이지 진입
2023-09-14 17:45:20,078 [1] INFO wpfTest.Source.Log - Grid_Loaded() - 동작
2023-09-14 17:45:20,530 [1] DEBUG wpfTest.Source.Log - Delay() | 딜레이 시작 딜레이 시간(단위 : ms) : 1000
2023-09-14 17:45:22,056 [1] INFO wpfTest.Source.Log - screenCapture = new ScreenCaptureStream(recordingArea);
2023-09-14 17:45:22,061 [1] INFO wpfTest.Source.Log - videoWriter = new VideoFileWriter();
2023-09-14 17:45:22,076 [1] INFO wpfTest.Source.Log - videoWriter.Open(outputFileName, recordingArea.Width, recordingArea.Height, 30, VideoCodec.H264, 1000000);
2023-09-14 17:45:31,200 [1] INFO wpfTest.Source.Log - 타이머 종료
2023-09-14 17:45:31,200 [1] DEBUG wpfTest.Source.Log - Delay() | 딜레이 시작 딜레이 시간(단위 : ms) : 500
2023-09-14 17:45:31,713 [1] DEBUG wpfTest.Source.Log - FlipCutImg() | 좌우반전 구동 | 이미지위치 : D:\업체\납품\해외\호주\wpfTest\bin\Release\IMG\Photo\IMG_0001.JPG 좌표값 : 0, 0
2023-09-14 17:45:32,244 [1] INFO wpfTest.Source.Log - pic1 = 540, 540
2023-09-14 17:45:32,244 [1] INFO wpfTest.Source.Log - 캐논타이머 시작
2023-09-14 17:45:41,499 [1] INFO wpfTest.Source.Log - 타이머 종료
2023-09-14 17:45:41,499 [1] DEBUG wpfTest.Source.Log - Delay() | 딜레이 시작 딜레이 시간(단위 : ms) : 500
2023-09-14 17:45:42,002 [1] DEBUG wpfTest.Source.Log - FlipCutImg() | 좌우반전 구동 | 이미지위치 : D:\업체\납품\해외\호주\wpfTest\bin\Release\IMG\Photo\IMG_0002.JPG 좌표값 : 0, 0
2023-09-14 17:45:42,510 [1] INFO wpfTest.Source.Log - 캐논타이머 시작
2023-09-14 17:45:51,916 [1] INFO wpfTest.Source.Log - 타이머 종료
2023-09-14 17:45:51,916 [1] DEBUG wpfTest.Source.Log - Delay() | 딜레이 시작 딜레이 시간(단위 : ms) : 500
2023-09-14 17:45:52,422 [1] DEBUG wpfTest.Source.Log - FlipCutImg() | 좌우반전 구동 | 이미지위치 : D:\업체\납품\해외\호주\wpfTest\bin\Release\IMG\Photo\IMG_0003.JPG 좌표값 : 0, 0
2023-09-14 17:45:52,931 [1] INFO wpfTest.Source.Log - 캐논타이머 시작
2023-09-14 17:46:02,322 [1] INFO wpfTest.Source.Log - 타이머 종료
2023-09-14 17:46:02,322 [1] DEBUG wpfTest.Source.Log - Delay() | 딜레이 시작 딜레이 시간(단위 : ms) : 500
2023-09-14 17:46:02,823 [1] DEBUG wpfTest.Source.Log - FlipCutImg() | 좌우반전 구동 | 이미지위치 : D:\업체\납품\해외\호주\wpfTest\bin\Release\IMG\Photo\IMG_0004.JPG 좌표값 : 0, 0
2023-09-14 17:46:03,352 [1] INFO wpfTest.Source.Log - 캐논타이머 시작
2023-09-14 17:46:12,734 [1] INFO wpfTest.Source.Log - 타이머 종료
2023-09-14 17:46:12,734 [1] DEBUG wpfTest.Source.Log - Delay() | 딜레이 시작 딜레이 시간(단위 : ms) : 500
2023-09-14 17:46:13,234 [1] DEBUG wpfTest.Source.Log - FlipCutImg() | 좌우반전 구동 | 이미지위치 : D:\업체\납품\해외\호주\wpfTest\bin\Release\IMG\Photo\IMG_0005.JPG 좌표값 : 0, 0
2023-09-14 17:46:13,806 [1] DEBUG wpfTest.Source.Log - Delay() | 딜레이 시작 딜레이 시간(단위 : ms) : 200
2023-09-14 17:46:14,007 [1] DEBUG wpfTest.Source.Log - nextpage() 구동 | 캐논 카메라
2023-09-14 17:46:14,038 [1] INFO wpfTest.Source.Log - CameraDispose() - 카메라연결해제 실행
2023-09-14 17:46:14,038 [1] DEBUG wpfTest.Source.Log - Delay() | 딜레이 시작 딜레이 시간(단위 : ms) : 1000
2023-09-14 17:46:15,040 [1] INFO wpfTest.Source.Log - CloseSession() - 동작
2023-09-14 17:46:15,293 [1] DEBUG wpfTest.Source.Log - Delay() | 딜레이 시작 딜레이 시간(단위 : ms) : 1000
2023-09-14 17:46:16,295 [1] INFO wpfTest.Source.Log - Dispose() - 동작
2023-09-14 17:46:16,305 [1] DEBUG wpfTest.Source.Log - Delay() | 딜레이 시작 딜레이 시간(단위 : ms) : 500
2023-09-14 17:46:16,962 [1] INFO wpfTest.Source.Log - SelectPic 구역 진입
2023-09-14 17:46:16,968 [1] INFO wpfTest.Source.Log - Grid_Loaded() - 동작
2023-09-14 17:46:18,322 [1] INFO wpfTest.Source.Log - SecondpicFront_MouseLeftButtonDown() - 동작
2023-09-14 17:46:18,660 [1] INFO wpfTest.Source.Log - FourthpicFront_MouseLeftButtonDown() - 동작
2023-09-14 17:46:18,936 [1] INFO wpfTest.Source.Log - FifthpicFront_MouseLeftButtonDown() - 동작
2023-09-14 17:46:19,686 [1] INFO wpfTest.Source.Log - nextpage_MouseLeftButtonDown() - 동작
2023-09-14 17:46:19,695 [1] INFO wpfTest.Source.Log - dispose() - 동작
2023-09-14 17:46:19,717 [1] INFO wpfTest.Source.Log - Preparing 페이지 진입
2023-09-14 17:46:19,719 [1] INFO wpfTest.Source.Log - Grid_Loaded() - 동작
2023-09-14 17:46:19,729 [1] INFO wpfTest.Source.Log - PrePring페이지 타이머 시작
2023-09-14 17:46:20,744 [1] INFO wpfTest.Source.Log - ImgCompose Level 진입
2023-09-14 17:46:20,749 [1] DEBUG wpfTest.Source.Log - Grid_Loaded() | ImgCompose 셋팅값 로드
2023-09-14 17:46:20,761 [1] INFO wpfTest.Source.Log - UI 배치 완료
2023-09-14 17:46:20,826 [1] INFO wpfTest.Source.Log - front 이미지 로드 완료
2023-09-14 17:46:20,826 [1] INFO wpfTest.Source.Log - UI 버튼 위치 배치 완료
2023-09-14 17:46:22,247 [1] DEBUG wpfTest.Source.Log - Imgshow() | 이미지 합성 시작
2023-09-14 17:46:22,298 [1] INFO wpfTest.Source.Log - imgshow 완료
2023-09-14 17:46:22,298 [1] INFO wpfTest.Source.Log - 타이머 시작
2023-09-14 17:46:24,751 [1] INFO wpfTest.Source.Log - color1_MouseLeftButtonDown() - 동작
2023-09-14 17:46:24,752 [1] DEBUG wpfTest.Source.Log - Imgshow() | 이미지 합성 시작
2023-09-14 17:46:27,687 [1] INFO wpfTest.Source.Log - color1_MouseLeftButtonDown() - 동작
2023-09-14 17:46:27,687 [1] DEBUG wpfTest.Source.Log - Imgshow() | 이미지 합성 시작
2023-09-14 17:46:28,546 [1] INFO wpfTest.Source.Log - color1_MouseLeftButtonDown() - 동작
2023-09-14 17:46:28,554 [1] DEBUG wpfTest.Source.Log - Imgshow() | 이미지 합성 시작
2023-09-14 17:46:29,026 [1] INFO wpfTest.Source.Log - color1_MouseLeftButtonDown() - 동작
2023-09-14 17:46:29,035 [1] DEBUG wpfTest.Source.Log - Imgshow() | 이미지 합성 시작
2023-09-14 17:46:36,707 [1] DEBUG wpfTest.Source.Log - Window_KeyDown() | F4 입력(프로그램 종료 키)
2023-09-14 17:46:36,707 [1] INFO wpfTest.Source.Log - 프로그램 종료
