2023-09-20 16:03:56,231 [1] INFO wpfTest.Source.Log - ==========  Started application  ==========
2023-09-20 16:03:56,955 [1] INFO wpfTest.Source.Log - Main Level 진입
2023-09-20 16:03:57,355 [1] DEBUG wpfTest.Source.Log - Window_Loaded() Start : 설정 값 로드 중
2023-09-20 16:03:57,356 [1] INFO wpfTest.Source.Log - 이전 파일 삭제
2023-09-20 16:03:57,363 [1] INFO wpfTest.Source.Log - 파일삭제 완료
2023-09-20 16:03:57,363 [1] INFO wpfTest.Source.Log - 파일삭제 완료
2023-09-20 16:03:57,363 [1] INFO wpfTest.Source.Log - 파일삭제 완료
2023-09-20 16:03:58,317 [1] DEBUG wpfTest.Source.Log - Window_Loaded() 로드 완료
2023-09-20 16:03:58,391 [1] DEBUG wpfTest.Source.Log - Grid_Loaded() | Main Level 설정 값 로드(자동연결)
2023-09-20 16:03:58,412 [1] INFO wpfTest.Source.Log - 타이머 시작
2023-09-20 16:03:59,573 [1] INFO wpfTest.Source.Log - Canon 카메라 연결 완료
2023-09-20 16:03:59,584 [1] DEBUG wpfTest.Source.Log - BillMachineOpenSession() | 지폐기 자동연걸 시작
2023-09-20 16:03:59,587 [1] INFO wpfTest.Source.Log - 컴포트 : COM5으로 연결되었습니다.
2023-09-20 16:03:59,589 [1] DEBUG wpfTest.Source.Log - DataSend() | 동작
2023-09-20 16:04:00,141 [1] DEBUG wpfTest.Source.Log - DataSend() | 동작
2023-09-20 16:04:14,555 [1] DEBUG wpfTest.Source.Log - Window_KeyDown() | F12 입력(설정창 진입 키)
2023-09-20 16:04:15,424 [1] INFO wpfTest.Source.Log - Main Level 타이머 종료
2023-09-20 16:04:15,675 [1] INFO wpfTest.Source.Log - Canon 카메라 세션 닫힘
2023-09-20 16:04:15,690 [1] INFO wpfTest.Source.Log - 옵션 메뉴 이동
2023-09-20 16:04:15,704 [1] INFO wpfTest.Source.Log - 옵션 페이지 진입
2023-09-20 16:04:16,034 [1] DEBUG wpfTest.Source.Log - Grid_Loaded() | 옵션페이지 셋팅값 로딩
2023-09-20 16:04:16,110 [1] DEBUG wpfTest.Source.Log - LoadSetting() | 로드된 값 세팅
2023-09-20 16:04:16,110 [1] DEBUG wpfTest.Source.Log - BUse_Checked() | 지폐기 사용 클릭
2023-09-20 16:04:16,111 [1] DEBUG wpfTest.Source.Log - CheckSerial() | 지폐기 자동연결 작동
2023-09-20 16:04:16,144 [1] INFO wpfTest.Source.Log - CardCheckSerial() - 동작 | 카드 리더기 자동연결
2023-09-20 16:04:16,161 [1] DEBUG wpfTest.Source.Log - Canon_Checked() | 캐논 카메라 체크
2023-09-20 16:04:16,161 [1] DEBUG wpfTest.Source.Log - timeruse_Checked () | 타이머 사용 체크
2023-09-20 16:04:16,161 [1] DEBUG wpfTest.Source.Log - PageTimeSet_SelectionChanged() + | 페이지 타이머 변경
2023-09-20 16:04:16,191 [1] DEBUG wpfTest.Source.Log - MoneySettingCoBox_SelectionChanged() | 돈 셋팅 변경
2023-09-20 16:04:16,207 [1] INFO wpfTest.Source.Log - PageSettingMoney_SelectionChanged() - 동작
2023-09-20 16:04:16,207 [1] DEBUG wpfTest.Source.Log - PhotoTimeSet_SelectionChanged() | 포토 타임 변경
2023-09-20 16:04:16,234 [1] DEBUG wpfTest.Source.Log - OffSetXCoBox_SelectionChanged() | offsetx 변경
2023-09-20 16:04:16,250 [1] DEBUG wpfTest.Source.Log - OffSetYCoBox_SelectionChanged() | offsety 변경
2023-09-20 16:04:16,264 [1] DEBUG wpfTest.Source.Log - FactorXCoBox_SelectionChanged() | factorX 변경
2023-09-20 16:04:16,294 [1] DEBUG wpfTest.Source.Log - FactorYCoBox_SelectionChanged() | FactorY 변경
2023-09-20 16:04:16,294 [1] DEBUG wpfTest.Source.Log - TempSelectCB_SelectionChanged() | 템플릿 번호 변경
2023-09-20 16:04:16,315 [1] DEBUG wpfTest.Source.Log - FlipNotUse_Checked () | 좌우반전 사용안함
2023-09-20 16:04:16,345 [1] INFO wpfTest.Source.Log - 세션 열림
2023-09-20 16:04:17,172 [1] DEBUG wpfTest.Source.Log - AVCoBox_SelectionChanged_1() | AV박스 아이템 변경
2023-09-20 16:04:17,227 [1] DEBUG wpfTest.Source.Log - TvCoBox_SelectionChanged_1() | TV 값 변경
2023-09-20 16:04:17,286 [1] DEBUG wpfTest.Source.Log - ISOCoBox_SelectionChanged_1() | ISO값 변경
2023-09-20 16:04:18,942 [1] DEBUG wpfTest.Source.Log - checkinsert_Click() | 지폐기 투입 가능 버튼 클릭
2023-09-20 16:04:18,942 [1] INFO wpfTest.Source.Log - 입수가능상태변경
2023-09-20 16:04:20,278 [1] DEBUG wpfTest.Source.Log - checkinsertstop_Click() | 지폐기 투입 불가 버튼 클릭
2023-09-20 16:04:20,278 [1] INFO wpfTest.Source.Log - 입수금지상태변경
2023-09-20 16:04:22,239 [1] DEBUG wpfTest.Source.Log - ToMain_Click() | 메인 버튼 클릭
2023-09-20 16:04:22,740 [1] DEBUG wpfTest.Source.Log - CloseSession() | 세션 닫힘
2023-09-20 16:04:22,994 [1] DEBUG wpfTest.Source.Log - AVCoBox_SelectionChanged_1() | AV박스 아이템 변경
2023-09-20 16:04:22,994 [1] DEBUG wpfTest.Source.Log - TvCoBox_SelectionChanged_1() | TV 값 변경
2023-09-20 16:04:22,994 [1] DEBUG wpfTest.Source.Log - ISOCoBox_SelectionChanged_1() | ISO값 변경
2023-09-20 16:04:23,639 [1] INFO wpfTest.Source.Log - Main Level 진입
2023-09-20 16:04:23,690 [1] DEBUG wpfTest.Source.Log - Grid_Loaded() | Main Level 설정 값 로드(자동연결)
2023-09-20 16:04:23,690 [1] INFO wpfTest.Source.Log - 타이머 시작
2023-09-20 16:04:24,713 [1] INFO wpfTest.Source.Log - Canon 카메라 연결 완료
2023-09-20 16:04:24,746 [1] DEBUG wpfTest.Source.Log - BillMachineOpenSession() | 지폐기 자동연걸 시작
2023-09-20 16:04:48,629 [1] DEBUG wpfTest.Source.Log - Touchimg_MouseLeftButtonDown() | PageSelct 페이지로 가는 버튼 클릭
2023-09-20 16:04:48,855 [1] INFO wpfTest.Source.Log - Canon 카메라 세션 닫힘
2023-09-20 16:04:48,886 [1] INFO wpfTest.Source.Log - 타이머 종료
2023-09-20 16:04:48,921 [1] INFO wpfTest.Source.Log - TempSelect Level 진입
2023-09-20 16:04:48,925 [1] INFO wpfTest.Source.Log - Grid_Loaded() - 동작
2023-09-20 16:04:50,257 [1] INFO wpfTest.Source.Log - NextImg_MouseLeftButtonDown() - 동작
2023-09-20 16:04:50,263 [1] INFO wpfTest.Source.Log - 선택한 템플릿 : 1
2023-09-20 16:04:50,315 [1] INFO wpfTest.Source.Log - PageSelect Level 진입
2023-09-20 16:04:50,322 [1] DEBUG wpfTest.Source.Log - Grid_Loaded() | PageSelect 세팅 로딩
2023-09-20 16:04:50,410 [1] DEBUG wpfTest.Source.Log - pagetextshow() | 페이지 장수 확인
2023-09-20 16:04:50,410 [1] INFO wpfTest.Source.Log - 타이머 시작
2023-09-20 16:04:51,571 [1] DEBUG wpfTest.Source.Log - NextBtn_MouseLeftButtonDown() | 다음 버튼 클릭
2023-09-20 16:04:51,571 [1] INFO wpfTest.Source.Log - 선택한 장 수 : 2
2023-09-20 16:04:51,583 [1] INFO wpfTest.Source.Log - 선택된 결제 금액 : 15
2023-09-20 16:04:51,596 [1] INFO wpfTest.Source.Log - ChoicePayment 페이지 진입
2023-09-20 16:04:51,599 [1] INFO wpfTest.Source.Log - Grid_Loaded() - 동작
2023-09-20 16:04:51,665 [1] INFO wpfTest.Source.Log - 타이머 시작
2023-09-20 16:04:52,494 [1] INFO wpfTest.Source.Log - cashimg_MouseLeftButtonDown() - 동작
2023-09-20 16:04:52,978 [1] INFO wpfTest.Source.Log - NextImg_MouseLeftButtonDown() - 동작
2023-09-20 16:04:52,983 [1] INFO wpfTest.Source.Log - 타이머 종료됨
2023-09-20 16:04:52,984 [1] INFO wpfTest.Source.Log - Payment(결제페이지) Level 진입
2023-09-20 16:04:52,986 [1] DEBUG wpfTest.Source.Log - Grid_Loaded() | 결제페이지 셋팅 로드
2023-09-20 16:04:53,000 [1] INFO wpfTest.Source.Log - 타이머 시작
2023-09-20 16:04:53,000 [1] DEBUG wpfTest.Source.Log - DataSend() | 동작
2023-09-20 16:05:08,940 [3] DEBUG wpfTest.Source.Log - Recieve_Send_Data() | 시리얼 통신 값 받아오기
2023-09-20 16:05:08,943 [3] DEBUG wpfTest.Source.Log - DataSend() | 동작
2023-09-20 16:05:09,492 [4] DEBUG wpfTest.Source.Log - Recieve_Send_Data() | 시리얼 통신 값 받아오기
2023-09-20 16:05:09,492 [4] DEBUG wpfTest.Source.Log - DataSend() | 동작
2023-09-20 16:05:19,053 [4] DEBUG wpfTest.Source.Log - Recieve_Send_Data() | 시리얼 통신 값 받아오기
2023-09-20 16:05:19,053 [4] DEBUG wpfTest.Source.Log - DataSend() | 동작
2023-09-20 16:05:19,608 [4] DEBUG wpfTest.Source.Log - Recieve_Send_Data() | 시리얼 통신 값 받아오기
2023-09-20 16:05:19,608 [4] DEBUG wpfTest.Source.Log - DataSend() | 동작
2023-09-20 16:05:24,955 [3] DEBUG wpfTest.Source.Log - Recieve_Send_Data() | 시리얼 통신 값 받아오기
2023-09-20 16:05:24,955 [3] DEBUG wpfTest.Source.Log - DataSend() | 동작
2023-09-20 16:05:25,509 [4] DEBUG wpfTest.Source.Log - Recieve_Send_Data() | 시리얼 통신 값 받아오기
2023-09-20 16:05:25,509 [4] DEBUG wpfTest.Source.Log - DataSend() | 동작
2023-09-20 16:05:34,819 [4] DEBUG wpfTest.Source.Log - Recieve_Send_Data() | 시리얼 통신 값 받아오기
2023-09-20 16:05:34,820 [4] DEBUG wpfTest.Source.Log - DataSend() | 동작
2023-09-20 16:05:35,370 [3] DEBUG wpfTest.Source.Log - Recieve_Send_Data() | 시리얼 통신 값 받아오기
2023-09-20 16:05:35,372 [3] DEBUG wpfTest.Source.Log - DataSend() | 동작
2023-09-20 16:05:40,079 [1] DEBUG wpfTest.Source.Log - BackImg_MouseLeftButtonDown() | 뒤로 페이지 이동 이미지 클릭
2023-09-20 16:05:40,079 [1] INFO wpfTest.Source.Log - 타이머 꺼짐
2023-09-20 16:05:40,181 [1] DEBUG wpfTest.Source.Log - DataSend() | 동작
2023-09-20 16:05:40,181 [1] INFO wpfTest.Source.Log - DataSend(0x5E)
2023-09-20 16:05:40,181 [1] INFO wpfTest.Source.Log - Dispose() - 동작
2023-09-20 16:05:40,200 [1] INFO wpfTest.Source.Log - ChoicePayment 페이지 진입
2023-09-20 16:05:40,201 [1] INFO wpfTest.Source.Log - Grid_Loaded() - 동작
2023-09-20 16:05:40,278 [1] INFO wpfTest.Source.Log - 타이머 시작
2023-09-20 16:06:59,516 [1] INFO wpfTest.Source.Log - cashimg_MouseLeftButtonDown() - 동작
2023-09-20 16:07:00,097 [1] INFO wpfTest.Source.Log - NextImg_MouseLeftButtonDown() - 동작
2023-09-20 16:07:00,103 [1] INFO wpfTest.Source.Log - 타이머 종료됨
2023-09-20 16:07:00,103 [1] INFO wpfTest.Source.Log - Payment(결제페이지) Level 진입
2023-09-20 16:07:00,105 [1] DEBUG wpfTest.Source.Log - Grid_Loaded() | 결제페이지 셋팅 로드
2023-09-20 16:07:00,119 [1] INFO wpfTest.Source.Log - 타이머 시작
2023-09-20 16:07:00,119 [1] DEBUG wpfTest.Source.Log - DataSend() | 동작
2023-09-20 16:07:04,645 [27] DEBUG wpfTest.Source.Log - Recieve_Send_Data() | 시리얼 통신 값 받아오기
2023-09-20 16:07:22,821 [27] DEBUG wpfTest.Source.Log - DataSend() | 동작
2023-09-20 16:07:23,957 [3] DEBUG wpfTest.Source.Log - Recieve_Send_Data() | 시리얼 통신 값 받아오기
2023-09-20 16:07:30,614 [3] DEBUG wpfTest.Source.Log - DataSend() | 동작
2023-09-20 16:07:35,548 [1] DEBUG wpfTest.Source.Log - Window_KeyDown() | F4 입력(프로그램 종료 키)
2023-09-20 16:07:35,548 [1] DEBUG wpfTest.Source.Log - DataSend() | 동작
2023-09-20 16:07:35,551 [1] INFO wpfTest.Source.Log - 프로그램 종료
2023-09-20 16:07:49,097 [1] INFO wpfTest.Source.Log - ==========  Started application  ==========
2023-09-20 16:07:49,277 [1] INFO wpfTest.Source.Log - Main Level 진입
2023-09-20 16:07:49,528 [1] DEBUG wpfTest.Source.Log - Window_Loaded() Start : 설정 값 로드 중
2023-09-20 16:07:49,528 [1] INFO wpfTest.Source.Log - 이전 파일 삭제
2023-09-20 16:07:49,529 [1] INFO wpfTest.Source.Log - 파일삭제 완료
2023-09-20 16:07:49,530 [1] INFO wpfTest.Source.Log - 파일삭제 완료
2023-09-20 16:07:49,530 [1] INFO wpfTest.Source.Log - 파일삭제 완료
2023-09-20 16:07:50,071 [1] DEBUG wpfTest.Source.Log - Window_Loaded() 로드 완료
2023-09-20 16:07:50,073 [1] DEBUG wpfTest.Source.Log - Grid_Loaded() | Main Level 설정 값 로드(자동연결)
2023-09-20 16:07:50,088 [1] INFO wpfTest.Source.Log - 타이머 시작
2023-09-20 16:07:51,126 [1] INFO wpfTest.Source.Log - Canon 카메라 연결 완료
2023-09-20 16:07:51,135 [1] DEBUG wpfTest.Source.Log - BillMachineOpenSession() | 지폐기 자동연걸 시작
2023-09-20 16:07:51,137 [1] INFO wpfTest.Source.Log - 컴포트 : COM5으로 연결되었습니다.
2023-09-20 16:07:51,137 [1] DEBUG wpfTest.Source.Log - DataSend() | 동작
2023-09-20 16:07:51,638 [1] DEBUG wpfTest.Source.Log - DataSend() | 동작
2023-09-20 16:07:57,072 [1] DEBUG wpfTest.Source.Log - Touchimg_MouseLeftButtonDown() | PageSelct 페이지로 가는 버튼 클릭
2023-09-20 16:07:57,332 [1] INFO wpfTest.Source.Log - Canon 카메라 세션 닫힘
2023-09-20 16:07:57,343 [1] INFO wpfTest.Source.Log - 타이머 종료
2023-09-20 16:07:57,355 [1] INFO wpfTest.Source.Log - TempSelect Level 진입
2023-09-20 16:07:57,360 [1] INFO wpfTest.Source.Log - Grid_Loaded() - 동작
2023-09-20 16:07:58,641 [1] INFO wpfTest.Source.Log - Temp3Img_MouseLeftButtonDown() - 동작
2023-09-20 16:07:59,000 [1] INFO wpfTest.Source.Log - NextImg_MouseLeftButtonDown() - 동작
2023-09-20 16:07:59,012 [1] INFO wpfTest.Source.Log - 선택한 템플릿 : 3
2023-09-20 16:07:59,040 [1] INFO wpfTest.Source.Log - PageSelect Level 진입
2023-09-20 16:07:59,049 [1] DEBUG wpfTest.Source.Log - Grid_Loaded() | PageSelect 세팅 로딩
2023-09-20 16:07:59,118 [1] DEBUG wpfTest.Source.Log - pagetextshow() | 페이지 장수 확인
2023-09-20 16:07:59,119 [1] INFO wpfTest.Source.Log - 타이머 시작
2023-09-20 16:07:59,782 [1] DEBUG wpfTest.Source.Log - NextBtn_MouseLeftButtonDown() | 다음 버튼 클릭
2023-09-20 16:07:59,782 [1] INFO wpfTest.Source.Log - 선택한 장 수 : 2
2023-09-20 16:07:59,803 [1] INFO wpfTest.Source.Log - 선택된 결제 금액 : 15
2023-09-20 16:07:59,815 [1] INFO wpfTest.Source.Log - ChoicePayment 페이지 진입
2023-09-20 16:07:59,819 [1] INFO wpfTest.Source.Log - Grid_Loaded() - 동작
2023-09-20 16:07:59,897 [1] INFO wpfTest.Source.Log - 타이머 시작
2023-09-20 16:08:00,842 [1] INFO wpfTest.Source.Log - cashimg_MouseLeftButtonDown() - 동작
2023-09-20 16:08:01,389 [1] INFO wpfTest.Source.Log - NextImg_MouseLeftButtonDown() - 동작
2023-09-20 16:08:01,402 [1] INFO wpfTest.Source.Log - 타이머 종료됨
2023-09-20 16:08:01,403 [1] INFO wpfTest.Source.Log - Payment(결제페이지) Level 진입
2023-09-20 16:08:01,405 [1] DEBUG wpfTest.Source.Log - Grid_Loaded() | 결제페이지 셋팅 로드
2023-09-20 16:08:01,418 [1] INFO wpfTest.Source.Log - 타이머 시작
2023-09-20 16:08:01,419 [1] DEBUG wpfTest.Source.Log - DataSend() | 동작
2023-09-20 16:08:06,252 [17] DEBUG wpfTest.Source.Log - Recieve_Send_Data() | 시리얼 통신 값 받아오기
2023-09-20 16:08:06,252 [17] DEBUG wpfTest.Source.Log - DataSend() | 동작
2023-09-20 16:08:06,798 [19] DEBUG wpfTest.Source.Log - Recieve_Send_Data() | 시리얼 통신 값 받아오기
2023-09-20 16:08:06,798 [19] DEBUG wpfTest.Source.Log - DataSend() | 동작
2023-09-20 16:08:09,519 [1] DEBUG wpfTest.Source.Log - BackImg_MouseLeftButtonDown() | 뒤로 페이지 이동 이미지 클릭
2023-09-20 16:08:09,520 [1] INFO wpfTest.Source.Log - 타이머 꺼짐
2023-09-20 16:08:09,627 [1] DEBUG wpfTest.Source.Log - DataSend() | 동작
2023-09-20 16:08:09,627 [1] INFO wpfTest.Source.Log - DataSend(0x5E)
2023-09-20 16:08:09,627 [1] INFO wpfTest.Source.Log - Dispose() - 동작
2023-09-20 16:08:09,666 [1] INFO wpfTest.Source.Log - ChoicePayment 페이지 진입
2023-09-20 16:08:09,668 [1] INFO wpfTest.Source.Log - Grid_Loaded() - 동작
2023-09-20 16:08:09,731 [1] INFO wpfTest.Source.Log - 타이머 시작
2023-09-20 16:08:10,462 [1] DEBUG wpfTest.Source.Log - Window_KeyDown() | F4 입력(프로그램 종료 키)
2023-09-20 16:08:10,462 [1] DEBUG wpfTest.Source.Log - DataSend() | 동작
2023-09-20 16:08:10,462 [1] INFO wpfTest.Source.Log - 프로그램 종료
2023-09-20 16:08:42,635 [1] INFO wpfTest.Source.Log - ==========  Started application  ==========
2023-09-20 16:08:42,855 [1] INFO wpfTest.Source.Log - Main Level 진입
2023-09-20 16:08:43,247 [1] DEBUG wpfTest.Source.Log - Window_Loaded() Start : 설정 값 로드 중
2023-09-20 16:08:43,248 [1] INFO wpfTest.Source.Log - 이전 파일 삭제
2023-09-20 16:08:43,250 [1] INFO wpfTest.Source.Log - 파일삭제 완료
2023-09-20 16:08:43,250 [1] INFO wpfTest.Source.Log - 파일삭제 완료
2023-09-20 16:08:43,250 [1] INFO wpfTest.Source.Log - 파일삭제 완료
2023-09-20 16:08:43,808 [1] DEBUG wpfTest.Source.Log - Window_Loaded() 로드 완료
2023-09-20 16:08:43,816 [1] DEBUG wpfTest.Source.Log - Grid_Loaded() | Main Level 설정 값 로드(자동연결)
2023-09-20 16:08:43,834 [1] INFO wpfTest.Source.Log - 타이머 시작
2023-09-20 16:08:44,916 [1] INFO wpfTest.Source.Log - Canon 카메라 연결 완료
2023-09-20 16:08:44,929 [1] DEBUG wpfTest.Source.Log - BillMachineOpenSession() | 지폐기 자동연걸 시작
2023-09-20 16:08:44,931 [1] INFO wpfTest.Source.Log - 컴포트 : COM5으로 연결되었습니다.
2023-09-20 16:08:44,933 [1] DEBUG wpfTest.Source.Log - DataSend() | 동작
2023-09-20 16:08:45,435 [1] DEBUG wpfTest.Source.Log - Touchimg_MouseLeftButtonDown() | PageSelct 페이지로 가는 버튼 클릭
2023-09-20 16:08:45,686 [1] INFO wpfTest.Source.Log - Canon 카메라 세션 닫힘
2023-09-20 16:08:45,701 [1] INFO wpfTest.Source.Log - 타이머 종료
2023-09-20 16:08:45,718 [1] INFO wpfTest.Source.Log - TempSelect Level 진입
2023-09-20 16:08:45,725 [1] INFO wpfTest.Source.Log - Grid_Loaded() - 동작
2023-09-20 16:08:45,894 [1] DEBUG wpfTest.Source.Log - DataSend() | 동작
2023-09-20 16:08:47,181 [1] INFO wpfTest.Source.Log - NextImg_MouseLeftButtonDown() - 동작
2023-09-20 16:08:47,182 [1] INFO wpfTest.Source.Log - 선택한 템플릿 : 1
2023-09-20 16:08:47,231 [1] INFO wpfTest.Source.Log - PageSelect Level 진입
2023-09-20 16:08:47,241 [1] DEBUG wpfTest.Source.Log - Grid_Loaded() | PageSelect 세팅 로딩
2023-09-20 16:08:47,315 [1] DEBUG wpfTest.Source.Log - pagetextshow() | 페이지 장수 확인
2023-09-20 16:08:47,315 [1] INFO wpfTest.Source.Log - 타이머 시작
2023-09-20 16:08:47,825 [1] DEBUG wpfTest.Source.Log - NextBtn_MouseLeftButtonDown() | 다음 버튼 클릭
2023-09-20 16:08:47,825 [1] INFO wpfTest.Source.Log - 선택한 장 수 : 2
2023-09-20 16:08:47,849 [1] INFO wpfTest.Source.Log - 선택된 결제 금액 : 15
2023-09-20 16:08:47,864 [1] INFO wpfTest.Source.Log - ChoicePayment 페이지 진입
2023-09-20 16:08:47,867 [1] INFO wpfTest.Source.Log - Grid_Loaded() - 동작
2023-09-20 16:08:47,931 [1] INFO wpfTest.Source.Log - 타이머 시작
2023-09-20 16:09:19,931 [1] INFO wpfTest.Source.Log - cashimg_MouseLeftButtonDown() - 동작
2023-09-20 16:09:20,570 [1] INFO wpfTest.Source.Log - NextImg_MouseLeftButtonDown() - 동작
2023-09-20 16:09:20,576 [1] INFO wpfTest.Source.Log - 타이머 종료됨
2023-09-20 16:09:20,577 [1] INFO wpfTest.Source.Log - Payment(결제페이지) Level 진입
2023-09-20 16:09:20,580 [1] DEBUG wpfTest.Source.Log - Grid_Loaded() | 결제페이지 셋팅 로드
2023-09-20 16:09:20,593 [1] INFO wpfTest.Source.Log - 타이머 시작
2023-09-20 16:09:20,593 [1] DEBUG wpfTest.Source.Log - DataSend() | 동작
2023-09-20 16:09:27,482 [3] DEBUG wpfTest.Source.Log - Recieve_Send_Data() | 시리얼 통신 값 받아오기
2023-09-20 16:09:27,482 [3] DEBUG wpfTest.Source.Log - DataSend() | 동작
2023-09-20 16:09:28,025 [3] DEBUG wpfTest.Source.Log - Recieve_Send_Data() | 시리얼 통신 값 받아오기
2023-09-20 16:09:28,026 [3] DEBUG wpfTest.Source.Log - DataSend() | 동작
2023-09-20 16:09:30,853 [3] DEBUG wpfTest.Source.Log - Recieve_Send_Data() | 시리얼 통신 값 받아오기
2023-09-20 16:09:30,853 [3] DEBUG wpfTest.Source.Log - DataSend() | 동작
2023-09-20 16:09:31,396 [3] DEBUG wpfTest.Source.Log - Recieve_Send_Data() | 시리얼 통신 값 받아오기
2023-09-20 16:09:31,396 [3] DEBUG wpfTest.Source.Log - DataSend() | 동작
2023-09-20 16:09:36,455 [1] DEBUG wpfTest.Source.Log - BackImg_MouseLeftButtonDown() | 뒤로 페이지 이동 이미지 클릭
2023-09-20 16:09:36,456 [1] INFO wpfTest.Source.Log - 타이머 꺼짐
2023-09-20 16:09:36,704 [1] DEBUG wpfTest.Source.Log - DataSend() | 동작
2023-09-20 16:09:36,704 [1] INFO wpfTest.Source.Log - DataSend(0x5E)
2023-09-20 16:09:36,704 [1] INFO wpfTest.Source.Log - Dispose() - 동작
2023-09-20 16:09:36,742 [1] INFO wpfTest.Source.Log - ChoicePayment 페이지 진입
2023-09-20 16:09:36,743 [1] INFO wpfTest.Source.Log - Grid_Loaded() - 동작
2023-09-20 16:09:36,806 [1] INFO wpfTest.Source.Log - 타이머 시작
2023-09-20 16:09:37,833 [1] DEBUG wpfTest.Source.Log - Window_KeyDown() | F4 입력(프로그램 종료 키)
2023-09-20 16:09:37,833 [1] DEBUG wpfTest.Source.Log - DataSend() | 동작
2023-09-20 16:09:37,834 [1] INFO wpfTest.Source.Log - 프로그램 종료
2023-09-20 16:41:09,458 [1] INFO wpfTest.Source.Log - ==========  Started application  ==========
2023-09-20 16:41:10,152 [1] INFO wpfTest.Source.Log - Main Level 진입
2023-09-20 16:41:10,481 [1] DEBUG wpfTest.Source.Log - Window_Loaded() Start : 설정 값 로드 중
2023-09-20 16:41:10,482 [1] INFO wpfTest.Source.Log - 이전 파일 삭제
2023-09-20 16:41:10,493 [1] INFO wpfTest.Source.Log - 파일삭제 완료
2023-09-20 16:41:10,493 [1] INFO wpfTest.Source.Log - 파일삭제 완료
2023-09-20 16:41:10,493 [1] INFO wpfTest.Source.Log - 파일삭제 완료
2023-09-20 16:41:11,295 [1] DEBUG wpfTest.Source.Log - Window_Loaded() 로드 완료
2023-09-20 16:41:11,348 [1] DEBUG wpfTest.Source.Log - Grid_Loaded() | Main Level 설정 값 로드(자동연결)
2023-09-20 16:41:11,366 [1] INFO wpfTest.Source.Log - 타이머 시작
2023-09-20 16:41:12,503 [1] INFO wpfTest.Source.Log - Canon 카메라 연결 완료
2023-09-20 16:41:12,513 [1] DEBUG wpfTest.Source.Log - BillMachineOpenSession() | 지폐기 자동연걸 시작
2023-09-20 16:41:12,514 [1] INFO wpfTest.Source.Log - 컴포트 : COM5으로 연결되었습니다.
2023-09-20 16:41:12,514 [1] DEBUG wpfTest.Source.Log - DataSend() | 동작
2023-09-20 16:41:13,016 [1] DEBUG wpfTest.Source.Log - DataSend() | 동작
2023-09-20 16:41:21,859 [1] DEBUG wpfTest.Source.Log - Touchimg_MouseLeftButtonDown() | PageSelct 페이지로 가는 버튼 클릭
2023-09-20 16:41:22,116 [1] INFO wpfTest.Source.Log - Canon 카메라 세션 닫힘
2023-09-20 16:41:22,150 [1] INFO wpfTest.Source.Log - 타이머 종료
2023-09-20 16:41:22,171 [1] INFO wpfTest.Source.Log - TempSelect Level 진입
2023-09-20 16:41:22,187 [1] INFO wpfTest.Source.Log - Grid_Loaded() - 동작
2023-09-20 16:41:26,100 [1] INFO wpfTest.Source.Log - NextImg_MouseLeftButtonDown() - 동작
2023-09-20 16:41:26,100 [1] INFO wpfTest.Source.Log - 선택한 템플릿 : 1
2023-09-20 16:41:26,147 [1] INFO wpfTest.Source.Log - PageSelect Level 진입
2023-09-20 16:41:26,160 [1] DEBUG wpfTest.Source.Log - Grid_Loaded() | PageSelect 세팅 로딩
2023-09-20 16:41:26,245 [1] DEBUG wpfTest.Source.Log - pagetextshow() | 페이지 장수 확인
2023-09-20 16:41:26,245 [1] INFO wpfTest.Source.Log - 타이머 시작
2023-09-20 16:41:31,244 [1] DEBUG wpfTest.Source.Log - NextBtn_MouseLeftButtonDown() | 다음 버튼 클릭
2023-09-20 16:41:31,244 [1] INFO wpfTest.Source.Log - 선택한 장 수 : 2
2023-09-20 16:41:31,256 [1] INFO wpfTest.Source.Log - 선택된 결제 금액 : 15
2023-09-20 16:41:31,267 [1] INFO wpfTest.Source.Log - ChoicePayment 페이지 진입
2023-09-20 16:41:31,270 [1] INFO wpfTest.Source.Log - Grid_Loaded() - 동작
2023-09-20 16:41:31,335 [1] INFO wpfTest.Source.Log - 타이머 시작
2023-09-20 16:41:32,830 [1] INFO wpfTest.Source.Log - cashimg_MouseLeftButtonDown() - 동작
2023-09-20 16:41:33,552 [1] INFO wpfTest.Source.Log - NextImg_MouseLeftButtonDown() - 동작
2023-09-20 16:41:33,576 [1] INFO wpfTest.Source.Log - 타이머 종료됨
2023-09-20 16:41:33,576 [1] INFO wpfTest.Source.Log - Payment(결제페이지) Level 진입
2023-09-20 16:41:33,579 [1] DEBUG wpfTest.Source.Log - Grid_Loaded() | 결제페이지 셋팅 로드
2023-09-20 16:41:33,592 [1] INFO wpfTest.Source.Log - 타이머 시작
2023-09-20 16:41:33,592 [1] DEBUG wpfTest.Source.Log - DataSend() | 동작
2023-09-20 16:41:39,832 [21] DEBUG wpfTest.Source.Log - Recieve_Send_Data() | 시리얼 통신 값 받아오기
2023-09-20 16:41:39,832 [21] DEBUG wpfTest.Source.Log - DataSend() | 동작
2023-09-20 16:41:40,331 [20] DEBUG wpfTest.Source.Log - Recieve_Send_Data() | 시리얼 통신 값 받아오기
2023-09-20 16:41:40,331 [20] DEBUG wpfTest.Source.Log - DataSend() | 동작
2023-09-20 16:41:44,800 [21] DEBUG wpfTest.Source.Log - Recieve_Send_Data() | 시리얼 통신 값 받아오기
2023-09-20 16:41:44,800 [21] DEBUG wpfTest.Source.Log - DataSend() | 동작
2023-09-20 16:41:44,801 [1] INFO wpfTest.Source.Log - $10 받음
2023-09-20 16:41:44,801 [21] DEBUG wpfTest.Source.Log - DataSend() | 동작
2023-09-20 16:41:45,505 [17] DEBUG wpfTest.Source.Log - Recieve_Send_Data() | 시리얼 통신 값 받아오기
2023-09-20 16:41:45,505 [17] DEBUG wpfTest.Source.Log - DataSend() | 동작
2023-09-20 16:41:50,896 [20] DEBUG wpfTest.Source.Log - Recieve_Send_Data() | 시리얼 통신 값 받아오기
2023-09-20 16:41:50,896 [20] DEBUG wpfTest.Source.Log - DataSend() | 동작
2023-09-20 16:41:51,373 [21] DEBUG wpfTest.Source.Log - Recieve_Send_Data() | 시리얼 통신 값 받아오기
2023-09-20 16:41:51,373 [21] DEBUG wpfTest.Source.Log - DataSend() | 동작
2023-09-20 16:41:53,504 [23] DEBUG wpfTest.Source.Log - Recieve_Send_Data() | 시리얼 통신 값 받아오기
2023-09-20 16:41:53,505 [23] DEBUG wpfTest.Source.Log - DataSend() | 동작
2023-09-20 16:41:53,505 [1] INFO wpfTest.Source.Log - $5 받음
2023-09-20 16:41:53,505 [23] DEBUG wpfTest.Source.Log - DataSend() | 동작
2023-09-20 16:41:53,603 [1] INFO wpfTest.Source.Log - 타이머 정지
2023-09-20 16:41:53,603 [1] DEBUG wpfTest.Source.Log - DataSend() | 동작
2023-09-20 16:41:53,603 [1] INFO wpfTest.Source.Log - DataSend(0x5E)
2023-09-20 16:41:53,618 [1] INFO wpfTest.Source.Log - 지폐기 포트 해제
2023-09-20 16:41:53,825 [1] INFO wpfTest.Source.Log - 타이머 정지
2023-09-20 16:41:53,825 [1] INFO wpfTest.Source.Log - Dispose() - 동작
2023-09-20 16:41:53,852 [1] INFO wpfTest.Source.Log - 매출 데이터 값 : SALE_DT=2023-09-20&MACHINE_CD=S0037&PRINT_CNT=1&PAYMENT_WAY=4&CASH_AMT=15&CARD_AMT=0
2023-09-20 16:41:53,965 [1] INFO wpfTest.Source.Log - [{"result":"6","resultMsg":"?? ??? ??? ?? ??? ???? ????."}]
2023-09-20 16:41:53,985 [1] INFO wpfTest.Source.Log - PaymentComplete 페이지 진입
2023-09-20 16:41:53,987 [1] INFO wpfTest.Source.Log - Grid_Loaded() - 동작 | PaymentComplete
2023-09-20 16:41:54,003 [1] INFO wpfTest.Source.Log - 타이머 시작
2023-09-20 16:41:58,643 [1] DEBUG wpfTest.Source.Log - Window_KeyDown() | F4 입력(프로그램 종료 키)
2023-09-20 16:41:58,643 [1] INFO wpfTest.Source.Log - 프로그램 종료
2023-09-20 16:42:34,029 [1] INFO wpfTest.Source.Log - ==========  Started application  ==========
2023-09-20 16:42:34,204 [1] INFO wpfTest.Source.Log - Main Level 진입
2023-09-20 16:42:34,436 [1] DEBUG wpfTest.Source.Log - Window_Loaded() Start : 설정 값 로드 중
2023-09-20 16:42:34,437 [1] INFO wpfTest.Source.Log - 이전 파일 삭제
2023-09-20 16:42:34,438 [1] INFO wpfTest.Source.Log - 파일삭제 완료
2023-09-20 16:42:34,438 [1] INFO wpfTest.Source.Log - 파일삭제 완료
2023-09-20 16:42:34,438 [1] INFO wpfTest.Source.Log - 파일삭제 완료
2023-09-20 16:42:34,990 [1] DEBUG wpfTest.Source.Log - Window_Loaded() 로드 완료
2023-09-20 16:42:34,992 [1] DEBUG wpfTest.Source.Log - Grid_Loaded() | Main Level 설정 값 로드(자동연결)
2023-09-20 16:42:35,008 [1] INFO wpfTest.Source.Log - 타이머 시작
2023-09-20 16:42:36,064 [1] INFO wpfTest.Source.Log - Canon 카메라 연결 완료
2023-09-20 16:42:36,074 [1] DEBUG wpfTest.Source.Log - BillMachineOpenSession() | 지폐기 자동연걸 시작
2023-09-20 16:42:36,075 [1] INFO wpfTest.Source.Log - 컴포트 : COM5으로 연결되었습니다.
2023-09-20 16:42:36,075 [1] DEBUG wpfTest.Source.Log - DataSend() | 동작
2023-09-20 16:42:36,576 [1] DEBUG wpfTest.Source.Log - DataSend() | 동작
2023-09-20 16:43:02,148 [1] DEBUG wpfTest.Source.Log - Touchimg_MouseLeftButtonDown() | PageSelct 페이지로 가는 버튼 클릭
2023-09-20 16:43:02,401 [1] INFO wpfTest.Source.Log - Canon 카메라 세션 닫힘
2023-09-20 16:43:02,413 [1] INFO wpfTest.Source.Log - 타이머 종료
2023-09-20 16:43:02,426 [1] INFO wpfTest.Source.Log - TempSelect Level 진입
2023-09-20 16:43:02,430 [1] INFO wpfTest.Source.Log - Grid_Loaded() - 동작
2023-09-20 16:43:14,892 [1] INFO wpfTest.Source.Log - Temp3Img_MouseLeftButtonDown() - 동작
2023-09-20 16:43:35,510 [1] INFO wpfTest.Source.Log - NextImg_MouseLeftButtonDown() - 동작
2023-09-20 16:43:35,511 [1] INFO wpfTest.Source.Log - 선택한 템플릿 : 3
2023-09-20 16:43:35,540 [1] INFO wpfTest.Source.Log - PageSelect Level 진입
2023-09-20 16:43:35,548 [1] DEBUG wpfTest.Source.Log - Grid_Loaded() | PageSelect 세팅 로딩
2023-09-20 16:43:35,616 [1] DEBUG wpfTest.Source.Log - pagetextshow() | 페이지 장수 확인
2023-09-20 16:43:35,616 [1] INFO wpfTest.Source.Log - 타이머 시작
2023-09-20 16:43:38,796 [1] DEBUG wpfTest.Source.Log - NextBtn_MouseLeftButtonDown() | 다음 버튼 클릭
2023-09-20 16:43:38,796 [1] INFO wpfTest.Source.Log - 선택한 장 수 : 2
2023-09-20 16:43:38,806 [1] INFO wpfTest.Source.Log - 선택된 결제 금액 : 15
2023-09-20 16:43:38,817 [1] INFO wpfTest.Source.Log - ChoicePayment 페이지 진입
2023-09-20 16:43:38,820 [1] INFO wpfTest.Source.Log - Grid_Loaded() - 동작
2023-09-20 16:43:38,879 [1] INFO wpfTest.Source.Log - 타이머 시작
2023-09-20 16:43:39,948 [1] INFO wpfTest.Source.Log - cashimg_MouseLeftButtonDown() - 동작
2023-09-20 16:43:40,419 [1] INFO wpfTest.Source.Log - NextImg_MouseLeftButtonDown() - 동작
2023-09-20 16:43:40,443 [1] INFO wpfTest.Source.Log - 타이머 종료됨
2023-09-20 16:43:40,444 [1] INFO wpfTest.Source.Log - Payment(결제페이지) Level 진입
2023-09-20 16:43:40,448 [1] DEBUG wpfTest.Source.Log - Grid_Loaded() | 결제페이지 셋팅 로드
2023-09-20 16:43:40,461 [1] INFO wpfTest.Source.Log - 타이머 시작
2023-09-20 16:43:40,461 [1] DEBUG wpfTest.Source.Log - DataSend() | 동작
2023-09-20 16:43:44,215 [14] DEBUG wpfTest.Source.Log - Recieve_Send_Data() | 시리얼 통신 값 받아오기
2023-09-20 16:43:44,215 [14] DEBUG wpfTest.Source.Log - DataSend() | 동작
2023-09-20 16:43:44,215 [1] INFO wpfTest.Source.Log - $10 받음
2023-09-20 16:43:44,216 [14] DEBUG wpfTest.Source.Log - DataSend() | 동작
2023-09-20 16:43:44,932 [23] DEBUG wpfTest.Source.Log - Recieve_Send_Data() | 시리얼 통신 값 받아오기
2023-09-20 16:43:44,932 [23] DEBUG wpfTest.Source.Log - DataSend() | 동작
2023-09-20 16:43:49,213 [14] DEBUG wpfTest.Source.Log - Recieve_Send_Data() | 시리얼 통신 값 받아오기
2023-09-20 16:43:49,214 [14] DEBUG wpfTest.Source.Log - DataSend() | 동작
2023-09-20 16:43:49,214 [1] INFO wpfTest.Source.Log - $5 받음
2023-09-20 16:43:49,214 [14] DEBUG wpfTest.Source.Log - DataSend() | 동작
2023-09-20 16:43:49,464 [1] INFO wpfTest.Source.Log - 타이머 정지
2023-09-20 16:43:49,464 [1] DEBUG wpfTest.Source.Log - DataSend() | 동작
2023-09-20 16:43:49,464 [1] INFO wpfTest.Source.Log - DataSend(0x5E)
2023-09-20 16:43:49,474 [1] INFO wpfTest.Source.Log - 지폐기 포트 해제
2023-09-20 16:43:49,680 [1] INFO wpfTest.Source.Log - 타이머 정지
2023-09-20 16:43:49,680 [1] INFO wpfTest.Source.Log - Dispose() - 동작
2023-09-20 16:43:49,703 [1] INFO wpfTest.Source.Log - 매출 데이터 값 : SALE_DT=2023-09-20&MACHINE_CD=S0037&PRINT_CNT=1&PAYMENT_WAY=4&CASH_AMT=15&CARD_AMT=0
2023-09-20 16:43:49,807 [1] INFO wpfTest.Source.Log - [{"result":"6","resultMsg":"?? ??? ??? ?? ??? ???? ????."}]
2023-09-20 16:43:49,828 [1] INFO wpfTest.Source.Log - PaymentComplete 페이지 진입
2023-09-20 16:43:49,829 [1] INFO wpfTest.Source.Log - Grid_Loaded() - 동작 | PaymentComplete
2023-09-20 16:43:49,845 [1] INFO wpfTest.Source.Log - 타이머 시작
2023-09-20 16:43:51,377 [1] DEBUG wpfTest.Source.Log - Window_KeyDown() | F4 입력(프로그램 종료 키)
2023-09-20 16:43:51,377 [1] INFO wpfTest.Source.Log - 프로그램 종료
2023-09-20 16:43:56,165 [1] INFO wpfTest.Source.Log - ==========  Started application  ==========
2023-09-20 16:43:56,344 [1] INFO wpfTest.Source.Log - Main Level 진입
2023-09-20 16:43:56,593 [1] DEBUG wpfTest.Source.Log - Window_Loaded() Start : 설정 값 로드 중
2023-09-20 16:43:56,594 [1] INFO wpfTest.Source.Log - 이전 파일 삭제
2023-09-20 16:43:56,595 [1] INFO wpfTest.Source.Log - 파일삭제 완료
2023-09-20 16:43:56,595 [1] INFO wpfTest.Source.Log - 파일삭제 완료
2023-09-20 16:43:56,595 [1] INFO wpfTest.Source.Log - 파일삭제 완료
2023-09-20 16:43:57,053 [1] DEBUG wpfTest.Source.Log - Window_Loaded() 로드 완료
2023-09-20 16:43:57,056 [1] DEBUG wpfTest.Source.Log - Grid_Loaded() | Main Level 설정 값 로드(자동연결)
2023-09-20 16:43:57,071 [1] INFO wpfTest.Source.Log - 타이머 시작
2023-09-20 16:43:58,125 [1] INFO wpfTest.Source.Log - Canon 카메라 연결 완료
2023-09-20 16:43:58,135 [1] DEBUG wpfTest.Source.Log - BillMachineOpenSession() | 지폐기 자동연걸 시작
2023-09-20 16:43:58,136 [1] INFO wpfTest.Source.Log - 컴포트 : COM5으로 연결되었습니다.
2023-09-20 16:43:58,137 [1] DEBUG wpfTest.Source.Log - DataSend() | 동작
2023-09-20 16:43:58,638 [1] DEBUG wpfTest.Source.Log - DataSend() | 동작
2023-09-20 16:43:59,833 [1] DEBUG wpfTest.Source.Log - Touchimg_MouseLeftButtonDown() | PageSelct 페이지로 가는 버튼 클릭
2023-09-20 16:44:00,061 [1] INFO wpfTest.Source.Log - Canon 카메라 세션 닫힘
2023-09-20 16:44:00,071 [1] INFO wpfTest.Source.Log - 타이머 종료
2023-09-20 16:44:00,084 [1] INFO wpfTest.Source.Log - TempSelect Level 진입
2023-09-20 16:44:00,088 [1] INFO wpfTest.Source.Log - Grid_Loaded() - 동작
2023-09-20 16:44:01,447 [1] INFO wpfTest.Source.Log - NextImg_MouseLeftButtonDown() - 동작
2023-09-20 16:44:01,448 [1] INFO wpfTest.Source.Log - 선택한 템플릿 : 1
2023-09-20 16:44:01,479 [1] INFO wpfTest.Source.Log - PageSelect Level 진입
2023-09-20 16:44:01,488 [1] DEBUG wpfTest.Source.Log - Grid_Loaded() | PageSelect 세팅 로딩
2023-09-20 16:44:01,562 [1] DEBUG wpfTest.Source.Log - pagetextshow() | 페이지 장수 확인
2023-09-20 16:44:01,562 [1] INFO wpfTest.Source.Log - 타이머 시작
2023-09-20 16:44:02,060 [1] DEBUG wpfTest.Source.Log - NextBtn_MouseLeftButtonDown() | 다음 버튼 클릭
2023-09-20 16:44:02,060 [1] INFO wpfTest.Source.Log - 선택한 장 수 : 2
2023-09-20 16:44:02,102 [1] INFO wpfTest.Source.Log - 선택된 결제 금액 : 15
2023-09-20 16:44:02,113 [1] INFO wpfTest.Source.Log - ChoicePayment 페이지 진입
2023-09-20 16:44:02,116 [1] INFO wpfTest.Source.Log - Grid_Loaded() - 동작
2023-09-20 16:44:02,189 [1] INFO wpfTest.Source.Log - 타이머 시작
2023-09-20 16:44:05,232 [1] INFO wpfTest.Source.Log - cashimg_MouseLeftButtonDown() - 동작
2023-09-20 16:44:05,673 [1] INFO wpfTest.Source.Log - NextImg_MouseLeftButtonDown() - 동작
2023-09-20 16:44:05,698 [1] INFO wpfTest.Source.Log - 타이머 종료됨
2023-09-20 16:44:05,698 [1] INFO wpfTest.Source.Log - Payment(결제페이지) Level 진입
2023-09-20 16:44:05,701 [1] DEBUG wpfTest.Source.Log - Grid_Loaded() | 결제페이지 셋팅 로드
2023-09-20 16:44:05,714 [1] INFO wpfTest.Source.Log - 타이머 시작
2023-09-20 16:44:05,714 [1] DEBUG wpfTest.Source.Log - DataSend() | 동작
2023-09-20 16:44:09,255 [21] DEBUG wpfTest.Source.Log - Recieve_Send_Data() | 시리얼 통신 값 받아오기
2023-09-20 16:44:09,256 [21] DEBUG wpfTest.Source.Log - DataSend() | 동작
2023-09-20 16:44:09,256 [1] INFO wpfTest.Source.Log - $10 받음
2023-09-20 16:44:09,256 [21] DEBUG wpfTest.Source.Log - DataSend() | 동작
2023-09-20 16:44:09,952 [20] DEBUG wpfTest.Source.Log - Recieve_Send_Data() | 시리얼 통신 값 받아오기
2023-09-20 16:44:09,952 [20] DEBUG wpfTest.Source.Log - DataSend() | 동작
2023-09-20 16:44:13,777 [19] DEBUG wpfTest.Source.Log - Recieve_Send_Data() | 시리얼 통신 값 받아오기
2023-09-20 16:44:13,777 [19] DEBUG wpfTest.Source.Log - DataSend() | 동작
2023-09-20 16:44:13,777 [1] INFO wpfTest.Source.Log - $5 받음
2023-09-20 16:44:13,777 [19] DEBUG wpfTest.Source.Log - DataSend() | 동작
2023-09-20 16:44:14,457 [20] DEBUG wpfTest.Source.Log - Recieve_Send_Data() | 시리얼 통신 값 받아오기
2023-09-20 16:44:14,457 [20] DEBUG wpfTest.Source.Log - DataSend() | 동작
2023-09-20 16:44:14,730 [1] INFO wpfTest.Source.Log - 타이머 정지
2023-09-20 16:44:14,730 [1] DEBUG wpfTest.Source.Log - DataSend() | 동작
2023-09-20 16:44:14,730 [1] INFO wpfTest.Source.Log - DataSend(0x5E)
2023-09-20 16:44:14,745 [1] INFO wpfTest.Source.Log - 지폐기 포트 해제
2023-09-20 16:44:14,950 [1] INFO wpfTest.Source.Log - 타이머 정지
2023-09-20 16:44:14,951 [1] INFO wpfTest.Source.Log - Dispose() - 동작
2023-09-20 16:44:14,974 [1] INFO wpfTest.Source.Log - 매출 데이터 값 : SALE_DT=2023-09-20&MACHINE_CD=S0037&PRINT_CNT=1&PAYMENT_WAY=4&CASH_AMT=15&CARD_AMT=0
2023-09-20 16:44:15,139 [1] INFO wpfTest.Source.Log - [{"result":"6","resultMsg":"?? ??? ??? ?? ??? ???? ????."}]
2023-09-20 16:44:15,161 [1] INFO wpfTest.Source.Log - PaymentComplete 페이지 진입
2023-09-20 16:44:15,162 [1] INFO wpfTest.Source.Log - Grid_Loaded() - 동작 | PaymentComplete
2023-09-20 16:44:15,177 [1] INFO wpfTest.Source.Log - 타이머 시작
2023-09-20 16:44:16,949 [1] DEBUG wpfTest.Source.Log - Window_KeyDown() | F4 입력(프로그램 종료 키)
2023-09-20 16:44:16,949 [1] INFO wpfTest.Source.Log - 프로그램 종료
