2024-02-06 10:24:30,533 [1] INFO wpfTest.Source.Log - ==========  Started application  ==========
2024-02-06 10:24:30,757 [1] INFO wpfTest.Source.Log - Main Level 진입
2024-02-06 10:24:31,606 [1] DEBUG wpfTest.Source.Log - Window_Loaded() Start : 설정 값 로드 중
2024-02-06 10:24:31,606 [1] INFO wpfTest.Source.Log - 이전 파일 삭제
2024-02-06 10:24:31,607 [1] INFO wpfTest.Source.Log - 파일삭제 완료
2024-02-06 10:24:33,186 [1] DEBUG wpfTest.Source.Log - Window_Loaded() 로드 완료
2024-02-06 10:24:33,286 [1] DEBUG wpfTest.Source.Log - Grid_Loaded() | Main Level 설정 값 로드(자동연결)
2024-02-06 10:24:33,288 [1] INFO wpfTest.Source.Log - 타이머 시작
2024-02-06 10:24:33,979 [1] INFO wpfTest.Source.Log - Canon 카메라 연결 완료
2024-02-06 10:24:35,264 [1] DEBUG wpfTest.Source.Log - Window_KeyDown() | F12 입력(설정창 진입 키)
2024-02-06 10:24:35,478 [1] INFO wpfTest.Source.Log - Main Level 타이머 종료
2024-02-06 10:24:35,717 [1] INFO wpfTest.Source.Log - Canon 카메라 세션 닫힘
2024-02-06 10:24:35,856 [1] INFO wpfTest.Source.Log - 옵션 메뉴 이동
2024-02-06 10:24:36,613 [1] INFO wpfTest.Source.Log - 옵션 페이지 진입
2024-02-06 10:24:37,034 [1] DEBUG wpfTest.Source.Log - Grid_Loaded() | 옵션페이지 셋팅값 로딩
2024-02-06 10:24:37,352 [1] INFO wpfTest.Source.Log - 세션 열림
2024-02-06 10:24:37,662 [1] DEBUG wpfTest.Source.Log - AVCoBox_SelectionChanged_1() | AV박스 아이템 변경
2024-02-06 10:24:37,688 [1] DEBUG wpfTest.Source.Log - TvCoBox_SelectionChanged_1() | TV 값 변경
2024-02-06 10:24:37,712 [1] DEBUG wpfTest.Source.Log - ISOCoBox_SelectionChanged_1() | ISO값 변경
2024-02-06 10:24:37,761 [1] DEBUG wpfTest.Source.Log - LoadSetting() | 로드된 값 세팅
2024-02-06 10:24:37,762 [1] INFO wpfTest.Source.Log - cardserialtextbox_TextChanged() - 로드
2024-02-06 10:24:37,771 [1] INFO wpfTest.Source.Log - PayWayCB_SelectionChanged() - 동작
2024-02-06 10:24:37,771 [1] DEBUG wpfTest.Source.Log - MoneySettingCoBox_SelectionChanged() | 템플릿 1번 돈 셋팅 변경
2024-02-06 10:24:37,787 [1] DEBUG wpfTest.Source.Log - temp2MoneySettingCoBox_SelectionChanged() | 템플릿 2번 돈 셋팅 변경
2024-02-06 10:24:37,801 [1] DEBUG wpfTest.Source.Log - temp3MoneySettingCoBox_SelectionChanged() | 템플릿 3번 돈 셋팅 변경
2024-02-06 10:24:37,818 [1] INFO wpfTest.Source.Log - couponkind_SelectionChanged() - 동작
2024-02-06 10:24:37,818 [1] DEBUG wpfTest.Source.Log - NoTakebtn_Checked() | 재촬영 금지 버튼 체크
2024-02-06 10:24:37,819 [1] DEBUG wpfTest.Source.Log - Canon_Checked() | 캐논 카메라 체크
2024-02-06 10:24:37,819 [1] DEBUG wpfTest.Source.Log - timeruse_Checked () | 타이머 사용 체크
2024-02-06 10:24:37,819 [1] DEBUG wpfTest.Source.Log - PageTimeSet_SelectionChanged() + | 페이지 타이머 변경
2024-02-06 10:24:37,838 [1] DEBUG wpfTest.Source.Log - PhotoTimeSet_SelectionChanged() | 포토 타임 변경
2024-02-06 10:24:37,853 [1] DEBUG wpfTest.Source.Log - OffSetXCoBox_SelectionChanged() | offsetx 변경
2024-02-06 10:24:37,868 [1] DEBUG wpfTest.Source.Log - OffSetYCoBox_SelectionChanged() | offsety 변경
2024-02-06 10:24:37,882 [1] DEBUG wpfTest.Source.Log - FactorXCoBox_SelectionChanged() | factorX 변경
2024-02-06 10:24:37,906 [1] DEBUG wpfTest.Source.Log - FactorYCoBox_SelectionChanged() | FactorY 변경
2024-02-06 10:24:37,909 [1] INFO wpfTest.Source.Log - KakaoPageTimeSetCoBox_SelectionChanged() - 동작
2024-02-06 10:24:37,909 [1] INFO wpfTest.Source.Log - timerlocationright_Checked() - 동작
2024-02-06 10:24:37,910 [1] DEBUG wpfTest.Source.Log - FlipNotUse_Checked () | 좌우반전 사용안함
2024-02-06 10:24:40,033 [1] INFO wpfTest.Source.Log - PassWord 창 진입
2024-02-06 10:24:40,059 [1] INFO wpfTest.Source.Log - 관리자 로그인페이지 접속
2024-02-06 10:24:41,903 [1] INFO wpfTest.Source.Log - 관리자 로그인 페이지 닫음
2024-02-06 10:24:48,519 [1] DEBUG wpfTest.Source.Log - NextPageBtn_Click() | 다음페이지 클릭
2024-02-06 10:24:48,519 [1] DEBUG wpfTest.Source.Log - Delay() | 딜레이 시작 딜레이 시간(단위 : ms) : 500
2024-02-06 10:24:49,040 [1] DEBUG wpfTest.Source.Log - CloseSession() | 세션 닫힘
2024-02-06 10:24:49,276 [1] DEBUG wpfTest.Source.Log - AVCoBox_SelectionChanged_1() | AV박스 아이템 변경
2024-02-06 10:24:49,277 [1] DEBUG wpfTest.Source.Log - TvCoBox_SelectionChanged_1() | TV 값 변경
2024-02-06 10:24:49,277 [1] DEBUG wpfTest.Source.Log - ISOCoBox_SelectionChanged_1() | ISO값 변경
2024-02-06 10:24:49,302 [1] INFO wpfTest.Source.Log - 설정페이지 2번 진입
2024-02-06 10:24:49,570 [1] INFO wpfTest.Source.Log - Grid_Loaded() - 동작
2024-02-06 10:24:49,571 [1] INFO wpfTest.Source.Log - SellBtn_Checked() - 동작
2024-02-06 10:24:49,571 [1] INFO wpfTest.Source.Log - Temp1Btn_Checked() - 동작
2024-02-06 10:24:49,573 [1] INFO wpfTest.Source.Log - num4_Checked() - 동작
2024-02-06 10:24:49,594 [1] ERROR wpfTest.Source.Log - num4_Checked() - 값은 null일 수 없습니다.
매개 변수 이름: image
2024-02-06 10:24:49,596 [1] INFO wpfTest.Source.Log - ptinrationame_SelectionChanged() - 동작
2024-02-06 10:24:49,614 [1] ERROR wpfTest.Source.Log - ptinrationame_SelectionChanged() - 값은 null일 수 없습니다.
매개 변수 이름: image
2024-02-06 10:24:49,615 [1] INFO wpfTest.Source.Log - pic1startxlocation_TextChanged() - 동작
2024-02-06 10:24:49,616 [1] INFO wpfTest.Source.Log - pic1startylocation_TextChanged() - 동작
2024-02-06 10:24:49,616 [1] INFO wpfTest.Source.Log - pic1widthlengh_TextChanged() - 동작
2024-02-06 10:24:49,616 [1] INFO wpfTest.Source.Log - pic1heightlengh_TextChanged() - 동작
2024-02-06 10:24:49,616 [1] INFO wpfTest.Source.Log - pic2startxlocation_TextChanged() - 동작
2024-02-06 10:24:49,617 [1] INFO wpfTest.Source.Log - pic2startylocation_TextChanged() - 동작
2024-02-06 10:24:49,617 [1] INFO wpfTest.Source.Log - pic2widthlengh_TextChanged() - 동작
2024-02-06 10:24:49,617 [1] INFO wpfTest.Source.Log - pic2heightlengh_TextChanged() - 동작
2024-02-06 10:24:49,617 [1] INFO wpfTest.Source.Log - pic3startxlocation_TextChanged() - 동작
2024-02-06 10:24:49,618 [1] INFO wpfTest.Source.Log - pic3startylocation_TextChanged() - 동작
2024-02-06 10:24:49,618 [1] INFO wpfTest.Source.Log - pic3widthlengh_TextChanged() - 동작
2024-02-06 10:24:49,618 [1] INFO wpfTest.Source.Log - pic3heightlengh_TextChanged() - 동작
2024-02-06 10:24:49,619 [1] INFO wpfTest.Source.Log - pic4startxlocation_TextChanged() - 동작
2024-02-06 10:24:49,619 [1] INFO wpfTest.Source.Log - pic4startylocation_TextChanged() - 동작
2024-02-06 10:24:49,619 [1] INFO wpfTest.Source.Log - pic4widthlengh_TextChanged() - 동작
2024-02-06 10:24:49,619 [1] INFO wpfTest.Source.Log - pic4heightlengh_TextChanged() - 동작
2024-02-06 10:24:49,661 [1] INFO wpfTest.Source.Log - Novideo_Checked() - 동작
2024-02-06 10:24:49,662 [1] DEBUG wpfTest.Source.Log - Use_Checked() | 카카오톡 사용  버튼 체크
2024-02-06 10:24:49,663 [1] INFO wpfTest.Source.Log - QRNotUse_Checked() - qr미사용 클릭
2024-02-06 10:24:49,664 [1] INFO wpfTest.Source.Log - QRpageNotUse_Checked() - 동작
2024-02-06 10:24:49,734 [1] INFO wpfTest.Source.Log - Nocoupon_Checked() - 동작
2024-02-06 10:24:49,734 [1] INFO wpfTest.Source.Log - pic32_Checked() - 동작
2024-02-06 10:24:49,734 [1] INFO wpfTest.Source.Log - pagecobox_SelectionChanged() - 동작
2024-02-06 10:24:49,735 [1] INFO wpfTest.Source.Log - tempcountcb_SelectionChanged() - 동작
2024-02-06 10:24:49,735 [1] INFO wpfTest.Source.Log - tempUse_Checked() - 템플릿 선택 사용 클릭
2024-02-06 10:24:49,735 [1] INFO wpfTest.Source.Log - fontcolortb_TextChanged() - 동작
2024-02-06 10:24:49,736 [1] INFO wpfTest.Source.Log - kakaofontcolor_TextChanged() - 동작
2024-02-06 10:24:49,736 [1] INFO wpfTest.Source.Log - DateonTempoff_Checked() - 동작
2024-02-06 10:24:51,064 [1] INFO wpfTest.Source.Log - RentalBtn_Checked() - 동작
2024-02-06 10:24:59,673 [1] INFO wpfTest.Source.Log - BackPageBtn_Click() - 이전 버튼 동작
2024-02-06 10:24:59,673 [1] INFO wpfTest.Source.Log - 옵션 페이지 진입
2024-02-06 10:24:59,944 [1] DEBUG wpfTest.Source.Log - Grid_Loaded() | 옵션페이지 셋팅값 로딩
2024-02-06 10:25:00,003 [1] DEBUG wpfTest.Source.Log - LoadSetting() | 로드된 값 세팅
2024-02-06 10:25:00,003 [1] INFO wpfTest.Source.Log - cardserialtextbox_TextChanged() - 로드
2024-02-06 10:25:00,003 [1] INFO wpfTest.Source.Log - PayWayCB_SelectionChanged() - 동작
2024-02-06 10:25:00,004 [1] DEBUG wpfTest.Source.Log - MoneySettingCoBox_SelectionChanged() | 템플릿 1번 돈 셋팅 변경
2024-02-06 10:25:00,041 [1] DEBUG wpfTest.Source.Log - temp2MoneySettingCoBox_SelectionChanged() | 템플릿 2번 돈 셋팅 변경
2024-02-06 10:25:00,078 [1] DEBUG wpfTest.Source.Log - temp3MoneySettingCoBox_SelectionChanged() | 템플릿 3번 돈 셋팅 변경
2024-02-06 10:25:00,110 [1] INFO wpfTest.Source.Log - couponkind_SelectionChanged() - 동작
2024-02-06 10:25:00,110 [1] DEBUG wpfTest.Source.Log - NoTakebtn_Checked() | 재촬영 금지 버튼 체크
2024-02-06 10:25:00,110 [1] DEBUG wpfTest.Source.Log - Canon_Checked() | 캐논 카메라 체크
2024-02-06 10:25:00,110 [1] DEBUG wpfTest.Source.Log - timeruse_Checked () | 타이머 사용 체크
2024-02-06 10:25:00,111 [1] DEBUG wpfTest.Source.Log - PageTimeSet_SelectionChanged() + | 페이지 타이머 변경
2024-02-06 10:25:00,142 [1] DEBUG wpfTest.Source.Log - PhotoTimeSet_SelectionChanged() | 포토 타임 변경
2024-02-06 10:25:00,172 [1] DEBUG wpfTest.Source.Log - OffSetXCoBox_SelectionChanged() | offsetx 변경
2024-02-06 10:25:00,202 [1] DEBUG wpfTest.Source.Log - OffSetYCoBox_SelectionChanged() | offsety 변경
2024-02-06 10:25:00,233 [1] DEBUG wpfTest.Source.Log - FactorXCoBox_SelectionChanged() | factorX 변경
2024-02-06 10:25:00,263 [1] DEBUG wpfTest.Source.Log - FactorYCoBox_SelectionChanged() | FactorY 변경
2024-02-06 10:25:00,263 [1] INFO wpfTest.Source.Log - KakaoPageTimeSetCoBox_SelectionChanged() - 동작
2024-02-06 10:25:00,263 [1] INFO wpfTest.Source.Log - timerlocationright_Checked() - 동작
2024-02-06 10:25:00,263 [1] DEBUG wpfTest.Source.Log - FlipNotUse_Checked () | 좌우반전 사용안함
2024-02-06 10:25:03,368 [1] INFO wpfTest.Source.Log - PassWord 창 진입
2024-02-06 10:25:03,371 [1] INFO wpfTest.Source.Log - 관리자 로그인페이지 접속
2024-02-06 10:25:05,202 [1] INFO wpfTest.Source.Log - 관리자 로그인 페이지 닫음
2024-02-06 10:25:06,045 [1] DEBUG wpfTest.Source.Log - button_Click() | 저장버튼 클릭
2024-02-06 10:25:10,221 [1] INFO wpfTest.Source.Log - PassWord 창 진입
2024-02-06 10:25:10,226 [1] INFO wpfTest.Source.Log - 관리자 로그인페이지 접속
2024-02-06 10:25:11,848 [1] INFO wpfTest.Source.Log - 관리자 로그인 페이지 닫음
2024-02-06 10:25:13,068 [1] INFO wpfTest.Source.Log - PayWayCB_SelectionChanged() - 동작
2024-02-06 10:25:13,068 [1] DEBUG wpfTest.Source.Log - MoneySettingCoBox_SelectionChanged() | 템플릿 1번 돈 셋팅 변경
2024-02-06 10:25:13,103 [1] DEBUG wpfTest.Source.Log - temp2MoneySettingCoBox_SelectionChanged() | 템플릿 2번 돈 셋팅 변경
2024-02-06 10:25:13,133 [1] DEBUG wpfTest.Source.Log - temp3MoneySettingCoBox_SelectionChanged() | 템플릿 3번 돈 셋팅 변경
2024-02-06 10:25:19,293 [1] DEBUG wpfTest.Source.Log - button_Click() | 저장버튼 클릭
2024-02-06 10:25:27,028 [1] INFO wpfTest.Source.Log - PassWord 창 진입
2024-02-06 10:25:27,031 [1] INFO wpfTest.Source.Log - 관리자 로그인페이지 접속
2024-02-06 10:25:29,099 [1] INFO wpfTest.Source.Log - 관리자 로그인 페이지 닫음
2024-02-06 10:25:38,959 [1] DEBUG wpfTest.Source.Log - button_Click() | 저장버튼 클릭
2024-02-06 10:25:39,433 [1] DEBUG wpfTest.Source.Log - ToMain_Click() | 메인 버튼 클릭
2024-02-06 10:25:39,642 [1] INFO wpfTest.Source.Log - Main Level 진입
2024-02-06 10:25:39,698 [1] DEBUG wpfTest.Source.Log - Grid_Loaded() | Main Level 설정 값 로드(자동연결)
2024-02-06 10:25:39,698 [1] INFO wpfTest.Source.Log - 타이머 시작
2024-02-06 10:25:40,959 [1] DEBUG wpfTest.Source.Log - Window_KeyDown() | F4 입력(프로그램 종료 키)
2024-02-06 10:25:40,959 [1] INFO wpfTest.Source.Log - 프로그램 종료
2024-02-06 10:27:16,674 [1] INFO wpfTest.Source.Log - ==========  Started application  ==========
2024-02-06 10:27:16,793 [1] INFO wpfTest.Source.Log - Main Level 진입
2024-02-06 10:27:17,151 [1] DEBUG wpfTest.Source.Log - Window_Loaded() Start : 설정 값 로드 중
2024-02-06 10:27:17,151 [1] INFO wpfTest.Source.Log - 이전 파일 삭제
2024-02-06 10:27:17,152 [1] INFO wpfTest.Source.Log - 파일삭제 완료
2024-02-06 10:27:17,473 [1] ERROR wpfTest.Source.Log - Window_Loaded() - 'D:\업체\렌탈\윈스토리\wpfTest\bin\Release\IMG\UI\couponpage.png' 파일을 찾을 수 없습니다.
2024-02-06 10:27:17,475 [1] DEBUG wpfTest.Source.Log - Grid_Loaded() | Main Level 설정 값 로드(자동연결)
2024-02-06 10:27:17,475 [1] INFO wpfTest.Source.Log - 타이머 시작
2024-02-06 10:27:17,995 [1] INFO wpfTest.Source.Log - Canon 카메라 연결 완료
2024-02-06 10:27:20,471 [1] DEBUG wpfTest.Source.Log - Window_KeyDown() | F12 입력(설정창 진입 키)
2024-02-06 10:27:21,465 [1] INFO wpfTest.Source.Log - Main Level 타이머 종료
2024-02-06 10:27:21,726 [1] INFO wpfTest.Source.Log - Canon 카메라 세션 닫힘
2024-02-06 10:27:21,892 [1] INFO wpfTest.Source.Log - 옵션 메뉴 이동
2024-02-06 10:27:21,935 [1] INFO wpfTest.Source.Log - 옵션 페이지 진입
2024-02-06 10:27:22,255 [1] DEBUG wpfTest.Source.Log - Grid_Loaded() | 옵션페이지 셋팅값 로딩
2024-02-06 10:27:22,411 [1] INFO wpfTest.Source.Log - 세션 열림
2024-02-06 10:27:22,744 [1] DEBUG wpfTest.Source.Log - AVCoBox_SelectionChanged_1() | AV박스 아이템 변경
2024-02-06 10:27:22,765 [1] DEBUG wpfTest.Source.Log - TvCoBox_SelectionChanged_1() | TV 값 변경
2024-02-06 10:27:22,789 [1] DEBUG wpfTest.Source.Log - ISOCoBox_SelectionChanged_1() | ISO값 변경
2024-02-06 10:27:22,834 [1] DEBUG wpfTest.Source.Log - LoadSetting() | 로드된 값 세팅
2024-02-06 10:27:22,834 [1] INFO wpfTest.Source.Log - cardserialtextbox_TextChanged() - 로드
2024-02-06 10:27:22,843 [1] INFO wpfTest.Source.Log - PayWayCB_SelectionChanged() - 동작
2024-02-06 10:27:22,844 [1] DEBUG wpfTest.Source.Log - MoneySettingCoBox_SelectionChanged() | 템플릿 1번 돈 셋팅 변경
2024-02-06 10:27:22,856 [1] DEBUG wpfTest.Source.Log - temp2MoneySettingCoBox_SelectionChanged() | 템플릿 2번 돈 셋팅 변경
2024-02-06 10:27:22,870 [1] DEBUG wpfTest.Source.Log - temp3MoneySettingCoBox_SelectionChanged() | 템플릿 3번 돈 셋팅 변경
2024-02-06 10:27:22,882 [1] INFO wpfTest.Source.Log - couponkind_SelectionChanged() - 동작
2024-02-06 10:27:22,883 [1] DEBUG wpfTest.Source.Log - NoTakebtn_Checked() | 재촬영 금지 버튼 체크
2024-02-06 10:27:22,883 [1] DEBUG wpfTest.Source.Log - Canon_Checked() | 캐논 카메라 체크
2024-02-06 10:27:22,883 [1] DEBUG wpfTest.Source.Log - timeruse_Checked () | 타이머 사용 체크
2024-02-06 10:27:22,884 [1] DEBUG wpfTest.Source.Log - PageTimeSet_SelectionChanged() + | 페이지 타이머 변경
2024-02-06 10:27:22,896 [1] DEBUG wpfTest.Source.Log - PhotoTimeSet_SelectionChanged() | 포토 타임 변경
2024-02-06 10:27:22,910 [1] DEBUG wpfTest.Source.Log - OffSetXCoBox_SelectionChanged() | offsetx 변경
2024-02-06 10:27:22,923 [1] DEBUG wpfTest.Source.Log - OffSetYCoBox_SelectionChanged() | offsety 변경
2024-02-06 10:27:22,935 [1] DEBUG wpfTest.Source.Log - FactorXCoBox_SelectionChanged() | factorX 변경
2024-02-06 10:27:22,947 [1] DEBUG wpfTest.Source.Log - FactorYCoBox_SelectionChanged() | FactorY 변경
2024-02-06 10:27:22,947 [1] INFO wpfTest.Source.Log - KakaoPageTimeSetCoBox_SelectionChanged() - 동작
2024-02-06 10:27:22,947 [1] INFO wpfTest.Source.Log - timerlocationright_Checked() - 동작
2024-02-06 10:27:22,948 [1] DEBUG wpfTest.Source.Log - FlipNotUse_Checked () | 좌우반전 사용안함
2024-02-06 10:27:29,163 [1] DEBUG wpfTest.Source.Log - button1_Click() | 종표버튼 클릭
2024-02-06 10:27:30,104 [1] DEBUG wpfTest.Source.Log - CloseSession() | 세션 닫힘
2024-02-06 10:27:30,341 [1] DEBUG wpfTest.Source.Log - AVCoBox_SelectionChanged_1() | AV박스 아이템 변경
2024-02-06 10:27:30,341 [1] DEBUG wpfTest.Source.Log - TvCoBox_SelectionChanged_1() | TV 값 변경
2024-02-06 10:27:30,341 [1] DEBUG wpfTest.Source.Log - ISOCoBox_SelectionChanged_1() | ISO값 변경
2024-02-06 10:27:30,342 [1] INFO wpfTest.Source.Log - 프로그램 종료
2024-02-06 11:04:03,431 [1] INFO wpfTest.Source.Log - ==========  Started application  ==========
2024-02-06 11:04:03,654 [1] INFO wpfTest.Source.Log - Main Level 진입
2024-02-06 11:04:04,429 [1] DEBUG wpfTest.Source.Log - Window_Loaded() Start : 설정 값 로드 중
2024-02-06 11:04:04,429 [1] INFO wpfTest.Source.Log - 이전 파일 삭제
2024-02-06 11:04:04,430 [1] INFO wpfTest.Source.Log - 파일삭제 완료
2024-02-06 11:04:04,856 [1] ERROR wpfTest.Source.Log - Window_Loaded() - 'D:\업체\렌탈\윈스토리\wpfTest\bin\Release\IMG\UI\couponpage.png' 파일을 찾을 수 없습니다.
2024-02-06 11:04:04,916 [1] DEBUG wpfTest.Source.Log - Grid_Loaded() | Main Level 설정 값 로드(자동연결)
2024-02-06 11:04:04,916 [1] INFO wpfTest.Source.Log - 타이머 시작
2024-02-06 11:04:05,460 [1] INFO wpfTest.Source.Log - Canon 카메라 연결 완료
2024-02-06 11:04:06,368 [1] DEBUG wpfTest.Source.Log - Window_KeyDown() | F12 입력(설정창 진입 키)
2024-02-06 11:04:06,934 [1] INFO wpfTest.Source.Log - Main Level 타이머 종료
2024-02-06 11:04:07,171 [1] INFO wpfTest.Source.Log - Canon 카메라 세션 닫힘
2024-02-06 11:04:07,317 [1] INFO wpfTest.Source.Log - 옵션 메뉴 이동
2024-02-06 11:04:07,908 [1] INFO wpfTest.Source.Log - 옵션 페이지 진입
2024-02-06 11:04:08,258 [1] DEBUG wpfTest.Source.Log - Grid_Loaded() | 옵션페이지 셋팅값 로딩
2024-02-06 11:04:08,420 [1] INFO wpfTest.Source.Log - 세션 열림
2024-02-06 11:04:08,712 [1] DEBUG wpfTest.Source.Log - AVCoBox_SelectionChanged_1() | AV박스 아이템 변경
2024-02-06 11:04:08,735 [1] DEBUG wpfTest.Source.Log - TvCoBox_SelectionChanged_1() | TV 값 변경
2024-02-06 11:04:08,761 [1] DEBUG wpfTest.Source.Log - ISOCoBox_SelectionChanged_1() | ISO값 변경
2024-02-06 11:04:08,813 [1] DEBUG wpfTest.Source.Log - LoadSetting() | 로드된 값 세팅
2024-02-06 11:04:08,813 [1] INFO wpfTest.Source.Log - cardserialtextbox_TextChanged() - 로드
2024-02-06 11:04:08,822 [1] INFO wpfTest.Source.Log - PayWayCB_SelectionChanged() - 동작
2024-02-06 11:04:08,822 [1] DEBUG wpfTest.Source.Log - MoneySettingCoBox_SelectionChanged() | 템플릿 1번 돈 셋팅 변경
2024-02-06 11:04:08,837 [1] DEBUG wpfTest.Source.Log - temp2MoneySettingCoBox_SelectionChanged() | 템플릿 2번 돈 셋팅 변경
2024-02-06 11:04:08,851 [1] DEBUG wpfTest.Source.Log - temp3MoneySettingCoBox_SelectionChanged() | 템플릿 3번 돈 셋팅 변경
2024-02-06 11:04:08,866 [1] INFO wpfTest.Source.Log - couponkind_SelectionChanged() - 동작
2024-02-06 11:04:08,867 [1] DEBUG wpfTest.Source.Log - NoTakebtn_Checked() | 재촬영 금지 버튼 체크
2024-02-06 11:04:08,868 [1] DEBUG wpfTest.Source.Log - Canon_Checked() | 캐논 카메라 체크
2024-02-06 11:04:08,868 [1] DEBUG wpfTest.Source.Log - timeruse_Checked () | 타이머 사용 체크
2024-02-06 11:04:08,868 [1] DEBUG wpfTest.Source.Log - PageTimeSet_SelectionChanged() + | 페이지 타이머 변경
2024-02-06 11:04:08,883 [1] DEBUG wpfTest.Source.Log - PhotoTimeSet_SelectionChanged() | 포토 타임 변경
2024-02-06 11:04:08,897 [1] DEBUG wpfTest.Source.Log - OffSetXCoBox_SelectionChanged() | offsetx 변경
2024-02-06 11:04:08,912 [1] DEBUG wpfTest.Source.Log - OffSetYCoBox_SelectionChanged() | offsety 변경
2024-02-06 11:04:08,927 [1] DEBUG wpfTest.Source.Log - FactorXCoBox_SelectionChanged() | factorX 변경
2024-02-06 11:04:08,941 [1] DEBUG wpfTest.Source.Log - FactorYCoBox_SelectionChanged() | FactorY 변경
2024-02-06 11:04:08,941 [1] INFO wpfTest.Source.Log - KakaoPageTimeSetCoBox_SelectionChanged() - 동작
2024-02-06 11:04:08,942 [1] INFO wpfTest.Source.Log - timerlocationright_Checked() - 동작
2024-02-06 11:04:08,942 [1] DEBUG wpfTest.Source.Log - FlipNotUse_Checked () | 좌우반전 사용안함
2024-02-06 11:04:09,952 [1] INFO wpfTest.Source.Log - PassWord 창 진입
2024-02-06 11:04:09,961 [1] INFO wpfTest.Source.Log - 관리자 로그인페이지 접속
2024-02-06 11:04:12,123 [1] INFO wpfTest.Source.Log - 관리자 로그인 페이지 닫음
2024-02-06 11:04:12,898 [1] DEBUG wpfTest.Source.Log - NextPageBtn_Click() | 다음페이지 클릭
2024-02-06 11:04:12,899 [1] DEBUG wpfTest.Source.Log - Delay() | 딜레이 시작 딜레이 시간(단위 : ms) : 500
2024-02-06 11:04:13,400 [1] DEBUG wpfTest.Source.Log - CloseSession() | 세션 닫힘
2024-02-06 11:04:13,636 [1] DEBUG wpfTest.Source.Log - AVCoBox_SelectionChanged_1() | AV박스 아이템 변경
2024-02-06 11:04:13,636 [1] DEBUG wpfTest.Source.Log - TvCoBox_SelectionChanged_1() | TV 값 변경
2024-02-06 11:04:13,636 [1] DEBUG wpfTest.Source.Log - ISOCoBox_SelectionChanged_1() | ISO값 변경
2024-02-06 11:04:13,661 [1] INFO wpfTest.Source.Log - 설정페이지 2번 진입
2024-02-06 11:04:13,923 [1] INFO wpfTest.Source.Log - Grid_Loaded() - 동작
2024-02-06 11:04:13,924 [1] INFO wpfTest.Source.Log - RentalBtn_Checked() - 동작
2024-02-06 11:04:13,938 [1] INFO wpfTest.Source.Log - pic1startxlocation_TextChanged() - 동작
2024-02-06 11:04:13,938 [1] INFO wpfTest.Source.Log - pic1startylocation_TextChanged() - 동작
2024-02-06 11:04:13,938 [1] INFO wpfTest.Source.Log - pic1widthlengh_TextChanged() - 동작
2024-02-06 11:04:13,939 [1] INFO wpfTest.Source.Log - pic1heightlengh_TextChanged() - 동작
2024-02-06 11:04:13,939 [1] INFO wpfTest.Source.Log - pic2startxlocation_TextChanged() - 동작
2024-02-06 11:04:13,939 [1] INFO wpfTest.Source.Log - pic2startylocation_TextChanged() - 동작
2024-02-06 11:04:13,940 [1] INFO wpfTest.Source.Log - pic2widthlengh_TextChanged() - 동작
2024-02-06 11:04:13,940 [1] INFO wpfTest.Source.Log - pic2heightlengh_TextChanged() - 동작
2024-02-06 11:04:13,940 [1] INFO wpfTest.Source.Log - pic3startxlocation_TextChanged() - 동작
2024-02-06 11:04:13,940 [1] INFO wpfTest.Source.Log - pic3startylocation_TextChanged() - 동작
2024-02-06 11:04:13,941 [1] INFO wpfTest.Source.Log - pic3widthlengh_TextChanged() - 동작
2024-02-06 11:04:13,941 [1] INFO wpfTest.Source.Log - pic3heightlengh_TextChanged() - 동작
2024-02-06 11:04:13,941 [1] INFO wpfTest.Source.Log - pic4startxlocation_TextChanged() - 동작
2024-02-06 11:04:13,941 [1] INFO wpfTest.Source.Log - pic4startylocation_TextChanged() - 동작
2024-02-06 11:04:13,942 [1] INFO wpfTest.Source.Log - pic4widthlengh_TextChanged() - 동작
2024-02-06 11:04:13,942 [1] INFO wpfTest.Source.Log - pic4heightlengh_TextChanged() - 동작
2024-02-06 11:04:13,942 [1] INFO wpfTest.Source.Log - qrstartxlocation_TextChanged() - 동작
2024-02-06 11:04:13,942 [1] INFO wpfTest.Source.Log - qrstartylocation_TextChanged() - 동작
2024-02-06 11:04:13,943 [1] INFO wpfTest.Source.Log - qrwidthlengh_TextChanged() - 동작
2024-02-06 11:04:13,943 [1] INFO wpfTest.Source.Log - qrheightlengh_TextChanged() - 동작
2024-02-06 11:04:13,943 [1] INFO wpfTest.Source.Log - Novideo_Checked() - 동작
2024-02-06 11:04:13,943 [1] DEBUG wpfTest.Source.Log - Use_Checked() | 카카오톡 사용  버튼 체크
2024-02-06 11:04:13,945 [1] INFO wpfTest.Source.Log - QRNotUse_Checked() - qr미사용 클릭
2024-02-06 11:04:13,946 [1] INFO wpfTest.Source.Log - QRpageNotUse_Checked() - 동작
2024-02-06 11:04:14,009 [1] INFO wpfTest.Source.Log - Nocoupon_Checked() - 동작
2024-02-06 11:04:14,009 [1] INFO wpfTest.Source.Log - pic32_Checked() - 동작
2024-02-06 11:04:14,010 [1] INFO wpfTest.Source.Log - ptinrationame_SelectionChanged() - 동작
2024-02-06 11:04:14,053 [1] INFO wpfTest.Source.Log - pagecobox_SelectionChanged() - 동작
2024-02-06 11:04:14,054 [1] INFO wpfTest.Source.Log - tempcountcb_SelectionChanged() - 동작
2024-02-06 11:04:14,054 [1] INFO wpfTest.Source.Log - tempUse_Checked() - 템플릿 선택 사용 클릭
2024-02-06 11:04:14,055 [1] INFO wpfTest.Source.Log - num4_Checked() - 동작
2024-02-06 11:04:14,115 [1] INFO wpfTest.Source.Log - fontcolortb_TextChanged() - 동작
2024-02-06 11:04:14,116 [1] INFO wpfTest.Source.Log - kakaofontcolor_TextChanged() - 동작
2024-02-06 11:04:14,116 [1] INFO wpfTest.Source.Log - DateonTempoff_Checked() - 동작
2024-02-06 11:04:26,415 [1] DEBUG wpfTest.Source.Log - button1_Click() | 종표버튼 클릭
2024-02-06 11:04:30,727 [1] INFO wpfTest.Source.Log - fontcolortb_TextChanged() - 동작
2024-02-06 11:04:30,860 [1] INFO wpfTest.Source.Log - fontcolortb_TextChanged() - 동작
2024-02-06 11:04:30,999 [1] INFO wpfTest.Source.Log - fontcolortb_TextChanged() - 동작
2024-02-06 11:04:31,126 [1] INFO wpfTest.Source.Log - fontcolortb_TextChanged() - 동작
2024-02-06 11:04:31,272 [1] INFO wpfTest.Source.Log - fontcolortb_TextChanged() - 동작
2024-02-06 11:04:31,395 [1] INFO wpfTest.Source.Log - fontcolortb_TextChanged() - 동작
2024-02-06 11:04:31,516 [1] INFO wpfTest.Source.Log - fontcolortb_TextChanged() - 동작
2024-02-06 11:04:31,837 [1] INFO wpfTest.Source.Log - fontcolortb_TextChanged() - 동작
2024-02-06 11:04:32,345 [1] INFO wpfTest.Source.Log - fontcolortb_TextChanged() - 동작
2024-02-06 11:04:32,375 [1] INFO wpfTest.Source.Log - fontcolortb_TextChanged() - 동작
2024-02-06 11:04:32,409 [1] INFO wpfTest.Source.Log - fontcolortb_TextChanged() - 동작
2024-02-06 11:04:32,439 [1] INFO wpfTest.Source.Log - fontcolortb_TextChanged() - 동작
2024-02-06 11:04:32,468 [1] INFO wpfTest.Source.Log - fontcolortb_TextChanged() - 동작
2024-02-06 11:04:32,512 [1] INFO wpfTest.Source.Log - fontcolortb_TextChanged() - 동작
2024-02-06 11:04:32,524 [1] ERROR wpfTest.Source.Log - fontcolortb_TextChanged() - #은(는) Int32에 사용할 수 없는 값입니다.
2024-02-06 11:04:32,542 [1] INFO wpfTest.Source.Log - fontcolortb_TextChanged() - 동작
2024-02-06 11:04:34,402 [1] DEBUG wpfTest.Source.Log - button1_Click() | 종표버튼 클릭
2024-02-06 11:04:35,292 [1] INFO wpfTest.Source.Log - 프로그램 종료
2024-02-06 18:58:40,436 [1] INFO wpfTest.Source.Log - ==========  Started application  ==========
2024-02-06 18:58:40,611 [1] INFO wpfTest.Source.Log - Main Level 진입
2024-02-06 18:58:41,387 [1] DEBUG wpfTest.Source.Log - Window_Loaded() Start : 설정 값 로드 중
2024-02-06 18:58:41,387 [1] INFO wpfTest.Source.Log - 이전 파일 삭제
2024-02-06 18:58:41,388 [1] INFO wpfTest.Source.Log - 파일삭제 완료
2024-02-06 18:58:41,877 [1] ERROR wpfTest.Source.Log - Window_Loaded() - 'D:\업체\렌탈\윈스토리\wpfTest\bin\Release\IMG\UI\couponpage.png' 파일을 찾을 수 없습니다.
2024-02-06 18:58:41,966 [1] DEBUG wpfTest.Source.Log - Grid_Loaded() | Main Level 설정 값 로드(자동연결)
2024-02-06 18:58:41,969 [1] INFO wpfTest.Source.Log - 타이머 시작
2024-02-06 18:58:42,825 [1] INFO wpfTest.Source.Log - Canon 카메라 연결 완료
2024-02-06 18:58:44,388 [1] DEBUG wpfTest.Source.Log - Window_KeyDown() | F4 입력(프로그램 종료 키)
2024-02-06 18:58:44,625 [1] INFO wpfTest.Source.Log - 캐논 카메라 종료
2024-02-06 18:58:44,625 [1] INFO wpfTest.Source.Log - 프로그램 종료
2024-02-06 19:41:52,176 [1] INFO wpfTest.Source.Log - ==========  Started application  ==========
2024-02-06 19:41:52,377 [1] INFO wpfTest.Source.Log - Main Level 진입
2024-02-06 19:41:52,962 [1] DEBUG wpfTest.Source.Log - Window_Loaded() Start : 설정 값 로드 중
2024-02-06 19:41:55,020 [1] DEBUG wpfTest.Source.Log - Grid_Loaded() | Main Level 설정 값 로드(자동연결)
2024-02-06 19:41:55,021 [1] INFO wpfTest.Source.Log - 타이머 시작
2024-02-06 19:41:56,671 [1] DEBUG wpfTest.Source.Log - Window_KeyDown() | F4 입력(프로그램 종료 키)
2024-02-06 19:41:56,672 [1] INFO wpfTest.Source.Log - 프로그램 종료
