2023-10-27 09:47:32,553 [1] INFO wpfTest.Source.Log - ==========  Started application  ==========
2023-10-27 09:47:34,782 [1] INFO wpfTest.Source.Log - Main Level 진입
2023-10-27 09:47:35,072 [1] DEBUG wpfTest.Source.Log - Window_Loaded() Start : 설정 값 로드 중
2023-10-27 09:47:35,073 [1] INFO wpfTest.Source.Log - 이전 파일 삭제
2023-10-27 09:47:35,087 [1] INFO wpfTest.Source.Log - 파일삭제 완료
2023-10-27 09:47:35,088 [1] INFO wpfTest.Source.Log - 파일삭제 완료
2023-10-27 09:47:35,088 [1] INFO wpfTest.Source.Log - 파일삭제 완료
2023-10-27 09:47:36,581 [1] DEBUG wpfTest.Source.Log - Window_Loaded() 로드 완료
2023-10-27 09:47:36,664 [1] DEBUG wpfTest.Source.Log - Grid_Loaded() | Main Level 설정 값 로드(자동연결)
2023-10-27 09:47:36,693 [1] INFO wpfTest.Source.Log - 타이머 시작
2023-10-27 09:47:52,748 [1] INFO wpfTest.Source.Log - ==========  Started application  ==========
2023-10-27 09:47:54,108 [1] INFO wpfTest.Source.Log - Main Level 진입
2023-10-27 09:47:54,311 [1] DEBUG wpfTest.Source.Log - Window_Loaded() Start : 설정 값 로드 중
2023-10-27 09:47:54,312 [1] INFO wpfTest.Source.Log - 이전 파일 삭제
2023-10-27 09:47:54,313 [1] INFO wpfTest.Source.Log - 파일삭제 완료
2023-10-27 09:47:54,313 [1] INFO wpfTest.Source.Log - 파일삭제 완료
2023-10-27 09:47:54,313 [1] INFO wpfTest.Source.Log - 파일삭제 완료
2023-10-27 09:47:54,792 [1] DEBUG wpfTest.Source.Log - Window_Loaded() 로드 완료
2023-10-27 09:47:54,800 [1] DEBUG wpfTest.Source.Log - Grid_Loaded() | Main Level 설정 값 로드(자동연결)
2023-10-27 09:47:54,815 [1] INFO wpfTest.Source.Log - 타이머 시작
2023-10-27 09:47:55,277 [1] INFO wpfTest.Source.Log - Canon 카메라 연결 완료
2023-10-27 09:47:55,290 [1] DEBUG wpfTest.Source.Log - BillMachineOpenSession() | 지폐기 자동연걸 시작
2023-10-27 09:47:55,293 [1] INFO wpfTest.Source.Log - 컴포트 : COM5으로 연결되었습니다.
2023-10-27 09:47:55,295 [1] DEBUG wpfTest.Source.Log - DataSend() | 동작
2023-10-27 09:47:55,906 [1] DEBUG wpfTest.Source.Log - DataSend() | 동작
2023-10-27 09:47:56,527 [1] DEBUG wpfTest.Source.Log - Touchimg_MouseLeftButtonDown() | PageSelct 페이지로 가는 버튼 클릭
2023-10-27 09:47:56,762 [1] INFO wpfTest.Source.Log - Canon 카메라 세션 닫힘
2023-10-27 09:47:56,775 [1] INFO wpfTest.Source.Log - 타이머 종료
2023-10-27 09:47:56,831 [1] INFO wpfTest.Source.Log - TempSelect Level 진입
2023-10-27 09:47:56,838 [1] INFO wpfTest.Source.Log - Grid_Loaded() - 동작
2023-10-27 09:47:59,145 [1] INFO wpfTest.Source.Log - NextImg_MouseLeftButtonDown() - 동작
2023-10-27 09:47:59,146 [1] INFO wpfTest.Source.Log - 선택한 템플릿 : 1
2023-10-27 09:47:59,196 [1] INFO wpfTest.Source.Log - PageSelect Level 진입
2023-10-27 09:47:59,206 [1] DEBUG wpfTest.Source.Log - Grid_Loaded() | PageSelect 세팅 로딩
2023-10-27 09:47:59,293 [1] DEBUG wpfTest.Source.Log - pagetextshow() | 페이지 장수 확인
2023-10-27 09:47:59,293 [1] INFO wpfTest.Source.Log - 타이머 시작
2023-10-27 09:48:00,371 [1] DEBUG wpfTest.Source.Log - NextBtn_MouseLeftButtonDown() | 다음 버튼 클릭
2023-10-27 09:48:00,371 [1] INFO wpfTest.Source.Log - 선택한 장 수 : 2
2023-10-27 09:48:00,386 [1] INFO wpfTest.Source.Log - 선택된 결제 금액 : 15
2023-10-27 09:48:00,411 [1] INFO wpfTest.Source.Log - ChoicePayment 페이지 진입
2023-10-27 09:48:00,415 [1] INFO wpfTest.Source.Log - Grid_Loaded() - 동작
2023-10-27 09:48:00,481 [1] INFO wpfTest.Source.Log - 타이머 시작
2023-10-27 09:48:01,307 [1] INFO wpfTest.Source.Log - cashimg_MouseLeftButtonDown() - 동작
2023-10-27 09:48:01,826 [1] INFO wpfTest.Source.Log - NextImg_MouseLeftButtonDown() - 동작
2023-10-27 09:48:01,838 [1] INFO wpfTest.Source.Log - 타이머 종료됨
2023-10-27 09:48:01,839 [1] INFO wpfTest.Source.Log - Payment(결제페이지) Level 진입
2023-10-27 09:48:01,842 [1] DEBUG wpfTest.Source.Log - Grid_Loaded() | 결제페이지 셋팅 로드
2023-10-27 09:48:01,856 [1] INFO wpfTest.Source.Log - 타이머 시작
2023-10-27 09:48:01,856 [1] DEBUG wpfTest.Source.Log - DataSend() | 동작
2023-10-27 09:48:02,654 [1] DEBUG wpfTest.Source.Log - Window_KeyDown() | F8 입력(무료촬영 키)
2023-10-27 09:48:02,876 [1] INFO wpfTest.Source.Log - 타이머 정지
2023-10-27 09:48:02,876 [1] DEBUG wpfTest.Source.Log - DataSend() | 동작
2023-10-27 09:48:02,876 [1] INFO wpfTest.Source.Log - DataSend(0x5E)
2023-10-27 09:48:03,148 [1] INFO wpfTest.Source.Log - 지폐기 포트 해제
2023-10-27 09:48:03,148 [1] INFO wpfTest.Source.Log - 타이머 정지
2023-10-27 09:48:03,148 [1] INFO wpfTest.Source.Log - Dispose() - 동작
2023-10-27 09:48:03,176 [1] INFO wpfTest.Source.Log - 매출 데이터 값 : SALE_DT=2023-10-27&MACHINE_CD=S0037&PRINT_CNT=1&PAYMENT_WAY=4&CASH_AMT=0&CARD_AMT=0
2023-10-27 09:48:03,234 [1] INFO wpfTest.Source.Log - [{"result":"6","resultMsg":"?? ??? ??? ?? ??? ???? ????."}]
2023-10-27 09:48:03,260 [1] INFO wpfTest.Source.Log - PaymentComplete 페이지 진입
2023-10-27 09:48:03,262 [1] INFO wpfTest.Source.Log - Grid_Loaded() - 동작 | PaymentComplete
2023-10-27 09:48:03,279 [1] INFO wpfTest.Source.Log - 타이머 시작
2023-10-27 09:48:04,258 [1] INFO wpfTest.Source.Log - nextbtn_MouseLeftButtonDown() - 동작 | PaymentComplete
2023-10-27 09:48:04,259 [1] INFO wpfTest.Source.Log - 타이머 종료
2023-10-27 09:48:04,260 [1] INFO wpfTest.Source.Log - 캐논 촬영 페이지 진입
2023-10-27 09:48:04,264 [1] INFO wpfTest.Source.Log - Grid_Loaded() - 동작
2023-10-27 09:48:04,717 [1] DEBUG wpfTest.Source.Log - Delay() | 딜레이 시작 딜레이 시간(단위 : ms) : 1000
2023-10-27 09:48:06,747 [1] INFO wpfTest.Source.Log - screenCapture = new ScreenCaptureStream(recordingArea);
2023-10-27 09:48:06,774 [1] INFO wpfTest.Source.Log - videoWriter = new VideoFileWriter();
2023-10-27 09:48:06,814 [1] INFO wpfTest.Source.Log - videoWriter.Open(outputFileName, recordingArea.Width, recordingArea.Height, 30, VideoCodec.H264, 1000000);
2023-10-27 09:48:15,935 [1] INFO wpfTest.Source.Log - 타이머 종료
2023-10-27 09:48:15,935 [1] DEBUG wpfTest.Source.Log - Delay() | 딜레이 시작 딜레이 시간(단위 : ms) : 500
2023-10-27 09:48:16,447 [1] DEBUG wpfTest.Source.Log - FlipCutImg() | 좌우반전 구동 | 이미지위치 : D:\업체\납품\해외\호주\wpfTest\bin\Release\IMG\Photo\IMG_0001.JPG 좌표값 : 0, 0
2023-10-27 09:48:17,117 [1] INFO wpfTest.Source.Log - pic1 = 540, 540
2023-10-27 09:48:17,118 [1] INFO wpfTest.Source.Log - 캐논타이머 시작
2023-10-27 09:48:26,642 [1] INFO wpfTest.Source.Log - 타이머 종료
2023-10-27 09:48:26,643 [1] DEBUG wpfTest.Source.Log - Delay() | 딜레이 시작 딜레이 시간(단위 : ms) : 500
2023-10-27 09:48:27,143 [1] DEBUG wpfTest.Source.Log - FlipCutImg() | 좌우반전 구동 | 이미지위치 : D:\업체\납품\해외\호주\wpfTest\bin\Release\IMG\Photo\IMG_0002.JPG 좌표값 : 0, 0
2023-10-27 09:48:27,702 [1] INFO wpfTest.Source.Log - 캐논타이머 시작
2023-10-27 09:48:37,301 [1] INFO wpfTest.Source.Log - 타이머 종료
2023-10-27 09:48:37,301 [1] DEBUG wpfTest.Source.Log - Delay() | 딜레이 시작 딜레이 시간(단위 : ms) : 500
2023-10-27 09:48:37,816 [1] DEBUG wpfTest.Source.Log - FlipCutImg() | 좌우반전 구동 | 이미지위치 : D:\업체\납품\해외\호주\wpfTest\bin\Release\IMG\Photo\IMG_0003.JPG 좌표값 : 0, 0
2023-10-27 09:48:38,361 [1] INFO wpfTest.Source.Log - 캐논타이머 시작
2023-10-27 09:48:47,910 [1] INFO wpfTest.Source.Log - 타이머 종료
2023-10-27 09:48:47,910 [1] DEBUG wpfTest.Source.Log - Delay() | 딜레이 시작 딜레이 시간(단위 : ms) : 500
2023-10-27 09:48:48,410 [1] DEBUG wpfTest.Source.Log - FlipCutImg() | 좌우반전 구동 | 이미지위치 : D:\업체\납품\해외\호주\wpfTest\bin\Release\IMG\Photo\IMG_0004.JPG 좌표값 : 0, 0
2023-10-27 09:48:49,003 [1] INFO wpfTest.Source.Log - 캐논타이머 시작
2023-10-27 09:48:58,612 [1] INFO wpfTest.Source.Log - 타이머 종료
2023-10-27 09:48:58,612 [1] DEBUG wpfTest.Source.Log - Delay() | 딜레이 시작 딜레이 시간(단위 : ms) : 500
2023-10-27 09:48:59,113 [1] DEBUG wpfTest.Source.Log - FlipCutImg() | 좌우반전 구동 | 이미지위치 : D:\업체\납품\해외\호주\wpfTest\bin\Release\IMG\Photo\IMG_0005.JPG 좌표값 : 0, 0
2023-10-27 09:48:59,752 [1] DEBUG wpfTest.Source.Log - Delay() | 딜레이 시작 딜레이 시간(단위 : ms) : 200
2023-10-27 09:49:00,113 [1] DEBUG wpfTest.Source.Log - nextpage() 구동 | 캐논 카메라
2023-10-27 09:49:00,240 [1] INFO wpfTest.Source.Log - CameraDispose() - 카메라연결해제 실행
2023-10-27 09:49:00,241 [1] DEBUG wpfTest.Source.Log - Delay() | 딜레이 시작 딜레이 시간(단위 : ms) : 1000
2023-10-27 09:49:01,407 [1] INFO wpfTest.Source.Log - CloseSession() - 동작
2023-10-27 09:49:01,662 [1] DEBUG wpfTest.Source.Log - Delay() | 딜레이 시작 딜레이 시간(단위 : ms) : 1000
2023-10-27 09:49:02,674 [1] INFO wpfTest.Source.Log - Dispose() - 동작
2023-10-27 09:49:02,686 [1] DEBUG wpfTest.Source.Log - Delay() | 딜레이 시작 딜레이 시간(단위 : ms) : 500
2023-10-27 09:49:03,572 [1] INFO wpfTest.Source.Log - SelectPic 구역 진입
2023-10-27 09:49:03,579 [1] INFO wpfTest.Source.Log - Grid_Loaded() - 동작
2023-10-27 09:49:04,508 [1] INFO wpfTest.Source.Log - FifthpicFront_MouseLeftButtonDown() - 동작
2023-10-27 09:49:04,732 [1] INFO wpfTest.Source.Log - ThirdPicFront_MouseLeftButtonDown() - 동작
2023-10-27 09:49:04,971 [1] INFO wpfTest.Source.Log - SecondpicFront_MouseLeftButtonDown() - 동작
2023-10-27 09:49:06,301 [1] INFO wpfTest.Source.Log - nextpage_MouseLeftButtonDown() - 동작
2023-10-27 09:49:06,302 [1] INFO wpfTest.Source.Log - dispose() - 동작
2023-10-27 09:49:06,341 [1] INFO wpfTest.Source.Log - Preparing 페이지 진입
2023-10-27 09:49:06,343 [1] INFO wpfTest.Source.Log - Grid_Loaded() - 동작
2023-10-27 09:49:06,368 [1] INFO wpfTest.Source.Log - PrePring페이지 타이머 시작
2023-10-27 09:49:07,405 [1] INFO wpfTest.Source.Log - ImgCompose Level 진입
2023-10-27 09:49:07,410 [1] DEBUG wpfTest.Source.Log - Grid_Loaded() | ImgCompose 셋팅값 로드
2023-10-27 09:49:07,423 [1] INFO wpfTest.Source.Log - UI 배치 완료
2023-10-27 09:49:07,650 [1] INFO wpfTest.Source.Log - front 이미지 로드 완료
2023-10-27 09:49:07,650 [1] INFO wpfTest.Source.Log - UI 버튼 위치 배치 완료
2023-10-27 09:49:09,036 [1] DEBUG wpfTest.Source.Log - Imgshow() | 이미지 합성 시작
2023-10-27 09:49:09,074 [1] INFO wpfTest.Source.Log - imgshow 완료
2023-10-27 09:49:09,074 [1] INFO wpfTest.Source.Log - 타이머 시작
2023-10-27 09:49:18,019 [1] INFO wpfTest.Source.Log - color5_MouseLeftButtonDown() - 동작
2023-10-27 09:49:18,019 [1] DEBUG wpfTest.Source.Log - Imgshow() | 이미지 합성 시작
2023-10-27 09:49:18,750 [1] INFO wpfTest.Source.Log - costom7_MouseLeftButtonDown() - 동작
2023-10-27 09:49:18,755 [1] DEBUG wpfTest.Source.Log - Imgshow() | 이미지 합성 시작
2023-10-27 09:49:19,433 [1] DEBUG wpfTest.Source.Log - PrintBtn_MouseLeftButtonDown() | 프린트 이미지 클릭
2023-10-27 09:49:19,445 [1] INFO wpfTest.Source.Log - 타이머 멈춤
2023-10-27 09:49:19,884 [29] INFO wpfTest.Source.Log - printthread() - 동작
2023-10-27 09:49:19,884 [1] INFO wpfTest.Source.Log - KakaoPage진입
2023-10-27 09:49:20,144 [1] INFO wpfTest.Source.Log - Grid_Loaded() - 동작 | KakaoPage
2023-10-27 09:49:20,145 [1] INFO wpfTest.Source.Log - Grid_Loaded() - 끝| KakaoPage
2023-10-27 09:49:20,472 [29] INFO wpfTest.Source.Log - imgshow2() - 동작
2023-10-27 09:49:20,941 [29] DEBUG wpfTest.Source.Log - PrintBitmap() | 프린트 동작
2023-10-27 09:49:20,942 [29] INFO wpfTest.Source.Log - Print Copy : 1
2023-10-27 09:49:21,569 [29] INFO wpfTest.Source.Log - Dispose() - 동작
2023-10-27 09:49:21,574 [27] INFO wpfTest.Source.Log - uploadimgthread() - 동작
2023-10-27 09:49:21,575 [27] INFO wpfTest.Source.Log - uploadimg() - 동작 시작
2023-10-27 09:49:21,656 [29] ERROR wpfTest.Source.Log - printthread() - 스레드가 중단되었습니다.
2023-10-27 09:49:23,732 [27] INFO wpfTest.Source.Log - 이미지 업로드 시작
2023-10-27 09:49:25,544 [27] INFO wpfTest.Source.Log - 이미지 업로드 종료
2023-10-27 09:49:25,772 [27] INFO wpfTest.Source.Log - 동영상 업로드 시작
2023-10-27 09:49:26,319 [27] INFO wpfTest.Source.Log - 동영상 업로드 종료
2023-10-27 09:49:34,056 [27] DEBUG wpfTest.Source.Log - Delay() | 딜레이 시작 딜레이 시간(단위 : ms) : 1000
2023-10-27 09:49:35,345 [1] DEBUG wpfTest.Source.Log - Window_KeyDown() | F4 입력(프로그램 종료 키)
2023-10-27 09:49:35,345 [1] INFO wpfTest.Source.Log - 프로그램 종료
2023-10-27 09:51:08,521 [1] INFO wpfTest.Source.Log - ==========  Started application  ==========
2023-10-27 09:51:09,885 [1] INFO wpfTest.Source.Log - Main Level 진입
2023-10-27 09:51:10,098 [1] DEBUG wpfTest.Source.Log - Window_Loaded() Start : 설정 값 로드 중
2023-10-27 09:51:10,099 [1] INFO wpfTest.Source.Log - 이전 파일 삭제
2023-10-27 09:51:10,100 [1] INFO wpfTest.Source.Log - 파일삭제 완료
2023-10-27 09:51:10,101 [1] INFO wpfTest.Source.Log - 파일삭제 완료
2023-10-27 09:51:10,101 [1] INFO wpfTest.Source.Log - 파일삭제 완료
2023-10-27 09:51:10,128 [1] DEBUG wpfTest.Source.Log - Kakao 폴더 안 이미지 삭제 완료
2023-10-27 09:51:10,592 [1] DEBUG wpfTest.Source.Log - Window_Loaded() 로드 완료
2023-10-27 09:51:10,601 [1] DEBUG wpfTest.Source.Log - Grid_Loaded() | Main Level 설정 값 로드(자동연결)
2023-10-27 09:51:10,617 [1] INFO wpfTest.Source.Log - 타이머 시작
2023-10-27 09:51:11,069 [1] INFO wpfTest.Source.Log - Canon 카메라 연결 완료
2023-10-27 09:51:11,081 [1] DEBUG wpfTest.Source.Log - BillMachineOpenSession() | 지폐기 자동연걸 시작
2023-10-27 09:51:11,083 [1] INFO wpfTest.Source.Log - 컴포트 : COM5으로 연결되었습니다.
2023-10-27 09:51:11,085 [1] DEBUG wpfTest.Source.Log - DataSend() | 동작
2023-10-27 09:51:11,612 [1] DEBUG wpfTest.Source.Log - DataSend() | 동작
2023-10-27 09:51:18,231 [1] DEBUG wpfTest.Source.Log - Touchimg_MouseLeftButtonDown() | PageSelct 페이지로 가는 버튼 클릭
2023-10-27 09:51:18,466 [1] INFO wpfTest.Source.Log - Canon 카메라 세션 닫힘
2023-10-27 09:51:18,483 [1] INFO wpfTest.Source.Log - 타이머 종료
2023-10-27 09:51:18,500 [1] INFO wpfTest.Source.Log - TempSelect Level 진입
2023-10-27 09:51:18,505 [1] INFO wpfTest.Source.Log - Grid_Loaded() - 동작
2023-10-27 09:51:20,000 [1] INFO wpfTest.Source.Log - NextImg_MouseLeftButtonDown() - 동작
2023-10-27 09:51:20,001 [1] INFO wpfTest.Source.Log - 선택한 템플릿 : 1
2023-10-27 09:51:20,049 [1] INFO wpfTest.Source.Log - PageSelect Level 진입
2023-10-27 09:51:20,058 [1] DEBUG wpfTest.Source.Log - Grid_Loaded() | PageSelect 세팅 로딩
2023-10-27 09:51:20,125 [1] DEBUG wpfTest.Source.Log - pagetextshow() | 페이지 장수 확인
2023-10-27 09:51:20,125 [1] INFO wpfTest.Source.Log - 타이머 시작
2023-10-27 09:51:20,796 [1] DEBUG wpfTest.Source.Log - NextBtn_MouseLeftButtonDown() | 다음 버튼 클릭
2023-10-27 09:51:20,796 [1] INFO wpfTest.Source.Log - 선택한 장 수 : 2
2023-10-27 09:51:20,824 [1] INFO wpfTest.Source.Log - 선택된 결제 금액 : 15
2023-10-27 09:51:20,838 [1] INFO wpfTest.Source.Log - ChoicePayment 페이지 진입
2023-10-27 09:51:20,843 [1] INFO wpfTest.Source.Log - Grid_Loaded() - 동작
2023-10-27 09:51:20,902 [1] INFO wpfTest.Source.Log - 타이머 시작
2023-10-27 09:51:21,236 [1] INFO wpfTest.Source.Log - cashimg_MouseLeftButtonDown() - 동작
2023-10-27 09:51:23,506 [1] INFO wpfTest.Source.Log - NextImg_MouseLeftButtonDown() - 동작
2023-10-27 09:51:23,506 [1] INFO wpfTest.Source.Log - 타이머 종료됨
2023-10-27 09:51:23,507 [1] INFO wpfTest.Source.Log - Payment(결제페이지) Level 진입
2023-10-27 09:51:23,510 [1] DEBUG wpfTest.Source.Log - Grid_Loaded() | 결제페이지 셋팅 로드
2023-10-27 09:51:23,525 [1] INFO wpfTest.Source.Log - 타이머 시작
2023-10-27 09:51:23,525 [1] DEBUG wpfTest.Source.Log - DataSend() | 동작
2023-10-27 09:51:24,249 [1] DEBUG wpfTest.Source.Log - Window_KeyDown() | F8 입력(무료촬영 키)
2023-10-27 09:51:24,626 [1] INFO wpfTest.Source.Log - 타이머 정지
2023-10-27 09:51:24,626 [1] DEBUG wpfTest.Source.Log - DataSend() | 동작
2023-10-27 09:51:24,626 [1] INFO wpfTest.Source.Log - DataSend(0x5E)
2023-10-27 09:51:24,929 [1] INFO wpfTest.Source.Log - 지폐기 포트 해제
2023-10-27 09:51:24,930 [1] INFO wpfTest.Source.Log - 타이머 정지
2023-10-27 09:51:24,932 [1] INFO wpfTest.Source.Log - Dispose() - 동작
2023-10-27 09:51:24,958 [1] INFO wpfTest.Source.Log - 매출 데이터 값 : SALE_DT=2023-10-27&MACHINE_CD=S0037&PRINT_CNT=1&PAYMENT_WAY=4&CASH_AMT=0&CARD_AMT=0
2023-10-27 09:51:25,016 [1] INFO wpfTest.Source.Log - [{"result":"6","resultMsg":"?? ??? ??? ?? ??? ???? ????."}]
2023-10-27 09:51:25,054 [1] INFO wpfTest.Source.Log - PaymentComplete 페이지 진입
2023-10-27 09:51:25,056 [1] INFO wpfTest.Source.Log - Grid_Loaded() - 동작 | PaymentComplete
2023-10-27 09:51:25,073 [1] INFO wpfTest.Source.Log - 타이머 시작
2023-10-27 09:51:26,998 [1] INFO wpfTest.Source.Log - nextbtn_MouseLeftButtonDown() - 동작 | PaymentComplete
2023-10-27 09:51:26,998 [1] INFO wpfTest.Source.Log - 타이머 종료
2023-10-27 09:51:26,999 [1] INFO wpfTest.Source.Log - 캐논 촬영 페이지 진입
2023-10-27 09:51:27,003 [1] INFO wpfTest.Source.Log - Grid_Loaded() - 동작
2023-10-27 09:51:27,452 [1] DEBUG wpfTest.Source.Log - Delay() | 딜레이 시작 딜레이 시간(단위 : ms) : 1000
2023-10-27 09:51:29,035 [1] INFO wpfTest.Source.Log - screenCapture = new ScreenCaptureStream(recordingArea);
2023-10-27 09:51:29,038 [1] INFO wpfTest.Source.Log - videoWriter = new VideoFileWriter();
2023-10-27 09:51:29,052 [1] INFO wpfTest.Source.Log - videoWriter.Open(outputFileName, recordingArea.Width, recordingArea.Height, 30, VideoCodec.H264, 1000000);
2023-10-27 09:51:38,423 [1] INFO wpfTest.Source.Log - 타이머 종료
2023-10-27 09:51:38,423 [1] DEBUG wpfTest.Source.Log - Delay() | 딜레이 시작 딜레이 시간(단위 : ms) : 500
2023-10-27 09:51:38,925 [1] DEBUG wpfTest.Source.Log - FlipCutImg() | 좌우반전 구동 | 이미지위치 : D:\업체\납품\해외\호주\wpfTest\bin\Release\IMG\Photo\IMG_0001.JPG 좌표값 : 0, 0
2023-10-27 09:51:39,526 [1] INFO wpfTest.Source.Log - pic1 = 540, 540
2023-10-27 09:51:39,526 [1] INFO wpfTest.Source.Log - 캐논타이머 시작
2023-10-27 09:51:48,940 [1] INFO wpfTest.Source.Log - 타이머 종료
2023-10-27 09:51:48,940 [1] DEBUG wpfTest.Source.Log - Delay() | 딜레이 시작 딜레이 시간(단위 : ms) : 500
2023-10-27 09:51:49,440 [1] DEBUG wpfTest.Source.Log - FlipCutImg() | 좌우반전 구동 | 이미지위치 : D:\업체\납품\해외\호주\wpfTest\bin\Release\IMG\Photo\IMG_0002.JPG 좌표값 : 0, 0
2023-10-27 09:51:50,014 [1] INFO wpfTest.Source.Log - 캐논타이머 시작
2023-10-27 09:51:59,689 [1] INFO wpfTest.Source.Log - 타이머 종료
2023-10-27 09:51:59,689 [1] DEBUG wpfTest.Source.Log - Delay() | 딜레이 시작 딜레이 시간(단위 : ms) : 500
2023-10-27 09:52:00,191 [1] DEBUG wpfTest.Source.Log - FlipCutImg() | 좌우반전 구동 | 이미지위치 : D:\업체\납품\해외\호주\wpfTest\bin\Release\IMG\Photo\IMG_0003.JPG 좌표값 : 0, 0
2023-10-27 09:52:00,738 [1] INFO wpfTest.Source.Log - 캐논타이머 시작
2023-10-27 09:52:10,363 [1] INFO wpfTest.Source.Log - 타이머 종료
2023-10-27 09:52:10,363 [1] DEBUG wpfTest.Source.Log - Delay() | 딜레이 시작 딜레이 시간(단위 : ms) : 500
2023-10-27 09:52:10,880 [1] DEBUG wpfTest.Source.Log - FlipCutImg() | 좌우반전 구동 | 이미지위치 : D:\업체\납품\해외\호주\wpfTest\bin\Release\IMG\Photo\IMG_0004.JPG 좌표값 : 0, 0
2023-10-27 09:52:11,430 [1] INFO wpfTest.Source.Log - 캐논타이머 시작
2023-10-27 09:52:20,890 [1] INFO wpfTest.Source.Log - 타이머 종료
2023-10-27 09:52:20,890 [1] DEBUG wpfTest.Source.Log - Delay() | 딜레이 시작 딜레이 시간(단위 : ms) : 500
2023-10-27 09:52:21,390 [1] DEBUG wpfTest.Source.Log - FlipCutImg() | 좌우반전 구동 | 이미지위치 : D:\업체\납품\해외\호주\wpfTest\bin\Release\IMG\Photo\IMG_0005.JPG 좌표값 : 0, 0
2023-10-27 09:52:22,024 [1] DEBUG wpfTest.Source.Log - Delay() | 딜레이 시작 딜레이 시간(단위 : ms) : 200
2023-10-27 09:52:22,424 [1] DEBUG wpfTest.Source.Log - nextpage() 구동 | 캐논 카메라
2023-10-27 09:52:22,458 [1] INFO wpfTest.Source.Log - CameraDispose() - 카메라연결해제 실행
2023-10-27 09:52:22,458 [1] DEBUG wpfTest.Source.Log - Delay() | 딜레이 시작 딜레이 시간(단위 : ms) : 1000
2023-10-27 09:52:23,675 [1] INFO wpfTest.Source.Log - CloseSession() - 동작
2023-10-27 09:52:23,929 [1] DEBUG wpfTest.Source.Log - Delay() | 딜레이 시작 딜레이 시간(단위 : ms) : 1000
2023-10-27 09:52:24,955 [1] INFO wpfTest.Source.Log - Dispose() - 동작
2023-10-27 09:52:24,969 [1] DEBUG wpfTest.Source.Log - Delay() | 딜레이 시작 딜레이 시간(단위 : ms) : 500
2023-10-27 09:52:25,769 [1] INFO wpfTest.Source.Log - SelectPic 구역 진입
2023-10-27 09:52:25,777 [1] INFO wpfTest.Source.Log - Grid_Loaded() - 동작
2023-10-27 09:52:27,031 [1] INFO wpfTest.Source.Log - SecondpicFront_MouseLeftButtonDown() - 동작
2023-10-27 09:52:27,343 [1] INFO wpfTest.Source.Log - FourthpicFront_MouseLeftButtonDown() - 동작
2023-10-27 09:52:27,573 [1] INFO wpfTest.Source.Log - FifthpicFront_MouseLeftButtonDown() - 동작
2023-10-27 09:52:28,446 [1] INFO wpfTest.Source.Log - nextpage_MouseLeftButtonDown() - 동작
2023-10-27 09:52:28,457 [1] INFO wpfTest.Source.Log - dispose() - 동작
2023-10-27 09:52:28,484 [1] INFO wpfTest.Source.Log - Preparing 페이지 진입
2023-10-27 09:52:28,486 [1] INFO wpfTest.Source.Log - Grid_Loaded() - 동작
2023-10-27 09:52:28,496 [1] INFO wpfTest.Source.Log - PrePring페이지 타이머 시작
2023-10-27 09:52:29,671 [1] INFO wpfTest.Source.Log - ImgCompose Level 진입
2023-10-27 09:52:29,676 [1] DEBUG wpfTest.Source.Log - Grid_Loaded() | ImgCompose 셋팅값 로드
2023-10-27 09:52:29,688 [1] INFO wpfTest.Source.Log - UI 배치 완료
2023-10-27 09:52:29,753 [1] INFO wpfTest.Source.Log - front 이미지 로드 완료
2023-10-27 09:52:29,753 [1] INFO wpfTest.Source.Log - UI 버튼 위치 배치 완료
2023-10-27 09:52:31,201 [1] DEBUG wpfTest.Source.Log - Imgshow() | 이미지 합성 시작
2023-10-27 09:52:31,238 [1] INFO wpfTest.Source.Log - imgshow 완료
2023-10-27 09:52:31,238 [1] INFO wpfTest.Source.Log - 타이머 시작
2023-10-27 09:52:38,880 [1] INFO wpfTest.Source.Log - color5_MouseLeftButtonDown() - 동작
2023-10-27 09:52:38,881 [1] DEBUG wpfTest.Source.Log - Imgshow() | 이미지 합성 시작
2023-10-27 09:52:39,247 [1] INFO wpfTest.Source.Log - costom7_MouseLeftButtonDown() - 동작
2023-10-27 09:52:39,256 [1] DEBUG wpfTest.Source.Log - Imgshow() | 이미지 합성 시작
2023-10-27 09:52:43,981 [1] DEBUG wpfTest.Source.Log - PrintBtn_MouseLeftButtonDown() | 프린트 이미지 클릭
2023-10-27 09:52:43,981 [1] INFO wpfTest.Source.Log - 타이머 멈춤
2023-10-27 09:52:44,382 [31] INFO wpfTest.Source.Log - printthread() - 동작
2023-10-27 09:52:44,382 [1] INFO wpfTest.Source.Log - KakaoPage진입
2023-10-27 09:52:44,406 [1] INFO wpfTest.Source.Log - Grid_Loaded() - 동작 | KakaoPage
2023-10-27 09:52:44,407 [1] INFO wpfTest.Source.Log - Grid_Loaded() - 끝| KakaoPage
2023-10-27 09:52:44,896 [31] INFO wpfTest.Source.Log - imgshow2() - 동작
2023-10-27 09:52:45,324 [31] DEBUG wpfTest.Source.Log - PrintBitmap() | 프린트 동작
2023-10-27 09:52:45,324 [31] INFO wpfTest.Source.Log - Print Copy : 1
2023-10-27 09:52:45,741 [31] INFO wpfTest.Source.Log - Dispose() - 동작
2023-10-27 09:52:45,742 [23] INFO wpfTest.Source.Log - uploadimgthread() - 동작
2023-10-27 09:52:45,743 [23] INFO wpfTest.Source.Log - uploadimg() - 동작 시작
2023-10-27 09:52:45,821 [31] ERROR wpfTest.Source.Log - printthread() - 스레드가 중단되었습니다.
2023-10-27 09:52:46,900 [23] INFO wpfTest.Source.Log - 이미지 업로드 시작
2023-10-27 09:52:48,762 [23] INFO wpfTest.Source.Log - 이미지 업로드 종료
2023-10-27 09:52:49,003 [23] INFO wpfTest.Source.Log - 동영상 업로드 시작
2023-10-27 09:52:49,661 [23] INFO wpfTest.Source.Log - 동영상 업로드 종료
2023-10-27 09:52:56,878 [23] DEBUG wpfTest.Source.Log - Delay() | 딜레이 시작 딜레이 시간(단위 : ms) : 1000
2023-10-27 09:52:59,065 [23] INFO wpfTest.Source.Log - 파일 업로드 완료.
2023-10-27 09:52:59,481 [23] INFO wpfTest.Source.Log - QR code image generated successfully and saved in the QR folder!
2023-10-27 09:52:59,481 [23] INFO wpfTest.Source.Log - 이미지 갤러리 HTML 파일이 성공적으로 생성되었고 데스크톱에 저장되었습니다!
2023-10-27 09:52:59,481 [23] INFO wpfTest.Source.Log - Azure 업로드 및 QR코드 생성 완료
2023-10-27 09:52:59,488 [23] ERROR wpfTest.Source.Log - uploadimgthread() - 스레드가 중단되었습니다.
2023-10-27 09:53:00,425 [1] INFO wpfTest.Source.Log - Qrcode 이미지 업로드 완료
2023-10-27 09:53:30,851 [1] DEBUG wpfTest.Source.Log - Window_KeyDown() | F4 입력(프로그램 종료 키)
2023-10-27 09:53:30,852 [1] INFO wpfTest.Source.Log - 프로그램 종료
2023-10-27 09:55:45,679 [1] INFO wpfTest.Source.Log - ==========  Started application  ==========
2023-10-27 09:55:47,061 [1] INFO wpfTest.Source.Log - Main Level 진입
2023-10-27 09:55:47,274 [1] DEBUG wpfTest.Source.Log - Window_Loaded() Start : 설정 값 로드 중
2023-10-27 09:55:47,275 [1] INFO wpfTest.Source.Log - 이전 파일 삭제
2023-10-27 09:55:47,276 [1] INFO wpfTest.Source.Log - 파일삭제 완료
2023-10-27 09:55:47,276 [1] INFO wpfTest.Source.Log - 파일삭제 완료
2023-10-27 09:55:47,276 [1] INFO wpfTest.Source.Log - 파일삭제 완료
2023-10-27 09:55:47,309 [1] DEBUG wpfTest.Source.Log - Kakao 폴더 안 이미지 삭제 완료
2023-10-27 09:55:47,778 [1] DEBUG wpfTest.Source.Log - Window_Loaded() 로드 완료
2023-10-27 09:55:47,785 [1] DEBUG wpfTest.Source.Log - Grid_Loaded() | Main Level 설정 값 로드(자동연결)
2023-10-27 09:55:47,801 [1] INFO wpfTest.Source.Log - 타이머 시작
2023-10-27 09:55:48,244 [1] INFO wpfTest.Source.Log - Canon 카메라 연결 완료
2023-10-27 09:55:48,254 [1] DEBUG wpfTest.Source.Log - BillMachineOpenSession() | 지폐기 자동연걸 시작
2023-10-27 09:55:48,257 [1] INFO wpfTest.Source.Log - 컴포트 : COM5으로 연결되었습니다.
2023-10-27 09:55:48,259 [1] DEBUG wpfTest.Source.Log - DataSend() | 동작
2023-10-27 09:55:48,921 [1] DEBUG wpfTest.Source.Log - DataSend() | 동작
2023-10-27 09:55:52,269 [1] DEBUG wpfTest.Source.Log - Touchimg_MouseLeftButtonDown() | PageSelct 페이지로 가는 버튼 클릭
2023-10-27 09:55:52,504 [1] INFO wpfTest.Source.Log - Canon 카메라 세션 닫힘
2023-10-27 09:55:52,518 [1] INFO wpfTest.Source.Log - 타이머 종료
2023-10-27 09:55:52,534 [1] INFO wpfTest.Source.Log - TempSelect Level 진입
2023-10-27 09:55:52,540 [1] INFO wpfTest.Source.Log - Grid_Loaded() - 동작
2023-10-27 09:55:53,587 [1] INFO wpfTest.Source.Log - NextImg_MouseLeftButtonDown() - 동작
2023-10-27 09:55:53,601 [1] INFO wpfTest.Source.Log - 선택한 템플릿 : 1
2023-10-27 09:55:53,641 [1] INFO wpfTest.Source.Log - PageSelect Level 진입
2023-10-27 09:55:53,650 [1] DEBUG wpfTest.Source.Log - Grid_Loaded() | PageSelect 세팅 로딩
2023-10-27 09:55:53,718 [1] DEBUG wpfTest.Source.Log - pagetextshow() | 페이지 장수 확인
2023-10-27 09:55:53,718 [1] INFO wpfTest.Source.Log - 타이머 시작
2023-10-27 09:55:54,190 [1] INFO wpfTest.Source.Log - pageimg2_MouseLeftButtonDown() | 동작 | PageSelect 페이지
2023-10-27 09:55:54,203 [1] DEBUG wpfTest.Source.Log - pagetextshow() | 페이지 장수 확인
2023-10-27 09:55:54,324 [1] INFO wpfTest.Source.Log - pageimg2_MouseLeftButtonDown() | 동작 | PageSelect 페이지
2023-10-27 09:55:54,336 [1] DEBUG wpfTest.Source.Log - pagetextshow() | 페이지 장수 확인
2023-10-27 09:55:54,468 [1] INFO wpfTest.Source.Log - pageimg2_MouseLeftButtonDown() | 동작 | PageSelect 페이지
2023-10-27 09:55:54,479 [1] DEBUG wpfTest.Source.Log - pagetextshow() | 페이지 장수 확인
2023-10-27 09:55:55,298 [1] INFO wpfTest.Source.Log - pageimg1_MouseLeftButtonDown() | 동작 | PageSelect 페이지
2023-10-27 09:55:55,313 [1] DEBUG wpfTest.Source.Log - pagetextshow() | 페이지 장수 확인
2023-10-27 09:55:55,419 [1] INFO wpfTest.Source.Log - pageimg1_MouseLeftButtonDown() | 동작 | PageSelect 페이지
2023-10-27 09:55:55,435 [1] DEBUG wpfTest.Source.Log - pagetextshow() | 페이지 장수 확인
2023-10-27 09:55:55,546 [1] INFO wpfTest.Source.Log - pageimg1_MouseLeftButtonDown() | 동작 | PageSelect 페이지
2023-10-27 09:55:55,556 [1] DEBUG wpfTest.Source.Log - pagetextshow() | 페이지 장수 확인
2023-10-27 09:55:56,410 [1] DEBUG wpfTest.Source.Log - BackBtn_MouseLeftButtonDown() | 뒷 페이지 넘어가기 이미지 클릭
2023-10-27 09:55:56,410 [1] INFO wpfTest.Source.Log - 타이머 멈춤
2023-10-27 09:55:56,452 [1] INFO wpfTest.Source.Log - TempSelect Level 진입
2023-10-27 09:55:56,455 [1] INFO wpfTest.Source.Log - Grid_Loaded() - 동작
2023-10-27 09:55:57,586 [1] INFO wpfTest.Source.Log - SelectFullCut_MouseLeftButtonDown() - 동작
2023-10-27 09:55:58,458 [1] INFO wpfTest.Source.Log - NextImg_MouseLeftButtonDown() - 동작
2023-10-27 09:55:58,469 [1] INFO wpfTest.Source.Log - 선택한 템플릿 : 4
2023-10-27 09:55:58,521 [1] INFO wpfTest.Source.Log - PageSelect Level 진입
2023-10-27 09:55:58,525 [1] DEBUG wpfTest.Source.Log - Grid_Loaded() | PageSelect 세팅 로딩
2023-10-27 09:55:58,589 [1] DEBUG wpfTest.Source.Log - pagetextshow() | 페이지 장수 확인
2023-10-27 09:55:58,589 [1] INFO wpfTest.Source.Log - 타이머 시작
2023-10-27 09:55:59,022 [1] INFO wpfTest.Source.Log - pageimg2_MouseLeftButtonDown() | 동작 | PageSelect 페이지
2023-10-27 09:55:59,031 [1] DEBUG wpfTest.Source.Log - pagetextshow() | 페이지 장수 확인
2023-10-27 09:55:59,141 [1] INFO wpfTest.Source.Log - pageimg2_MouseLeftButtonDown() | 동작 | PageSelect 페이지
2023-10-27 09:55:59,153 [1] DEBUG wpfTest.Source.Log - pagetextshow() | 페이지 장수 확인
2023-10-27 09:55:59,261 [1] INFO wpfTest.Source.Log - pageimg2_MouseLeftButtonDown() | 동작 | PageSelect 페이지
2023-10-27 09:55:59,277 [1] DEBUG wpfTest.Source.Log - pagetextshow() | 페이지 장수 확인
2023-10-27 09:56:00,149 [1] DEBUG wpfTest.Source.Log - BackBtn_MouseLeftButtonDown() | 뒷 페이지 넘어가기 이미지 클릭
2023-10-27 09:56:00,149 [1] INFO wpfTest.Source.Log - 타이머 멈춤
2023-10-27 09:56:00,202 [1] INFO wpfTest.Source.Log - TempSelect Level 진입
2023-10-27 09:56:00,205 [1] INFO wpfTest.Source.Log - Grid_Loaded() - 동작
2023-10-27 09:56:00,336 [1] DEBUG wpfTest.Source.Log - BackBtn_MouseLeftButtonDown() | 뒷 페이지 넘어가기 이미지 클릭
2023-10-27 09:56:10,936 [1] INFO wpfTest.Source.Log - ==========  Started application  ==========
2023-10-27 09:56:12,294 [1] INFO wpfTest.Source.Log - Main Level 진입
2023-10-27 09:56:12,506 [1] DEBUG wpfTest.Source.Log - Window_Loaded() Start : 설정 값 로드 중
2023-10-27 09:56:12,507 [1] INFO wpfTest.Source.Log - 이전 파일 삭제
2023-10-27 09:56:12,509 [1] INFO wpfTest.Source.Log - 파일삭제 완료
2023-10-27 09:56:12,509 [1] INFO wpfTest.Source.Log - 파일삭제 완료
2023-10-27 09:56:12,509 [1] INFO wpfTest.Source.Log - 파일삭제 완료
2023-10-27 09:56:12,980 [1] DEBUG wpfTest.Source.Log - Window_Loaded() 로드 완료
2023-10-27 09:56:12,988 [1] DEBUG wpfTest.Source.Log - Grid_Loaded() | Main Level 설정 값 로드(자동연결)
2023-10-27 09:56:13,006 [1] INFO wpfTest.Source.Log - 타이머 시작
2023-10-27 09:56:13,437 [1] INFO wpfTest.Source.Log - Canon 카메라 연결 완료
2023-10-27 09:56:13,449 [1] DEBUG wpfTest.Source.Log - BillMachineOpenSession() | 지폐기 자동연걸 시작
2023-10-27 09:56:13,452 [1] INFO wpfTest.Source.Log - 컴포트 : COM5으로 연결되었습니다.
2023-10-27 09:56:13,455 [1] DEBUG wpfTest.Source.Log - DataSend() | 동작
2023-10-27 09:56:13,970 [1] DEBUG wpfTest.Source.Log - DataSend() | 동작
2023-10-27 09:56:14,033 [1] DEBUG wpfTest.Source.Log - Touchimg_MouseLeftButtonDown() | PageSelct 페이지로 가는 버튼 클릭
2023-10-27 09:56:14,269 [1] INFO wpfTest.Source.Log - Canon 카메라 세션 닫힘
2023-10-27 09:56:14,284 [1] INFO wpfTest.Source.Log - 타이머 종료
2023-10-27 09:56:14,300 [1] INFO wpfTest.Source.Log - TempSelect Level 진입
2023-10-27 09:56:14,305 [1] INFO wpfTest.Source.Log - Grid_Loaded() - 동작
2023-10-27 09:56:15,452 [1] INFO wpfTest.Source.Log - NextImg_MouseLeftButtonDown() - 동작
2023-10-27 09:56:15,453 [1] INFO wpfTest.Source.Log - 선택한 템플릿 : 1
2023-10-27 09:56:15,502 [1] INFO wpfTest.Source.Log - PageSelect Level 진입
2023-10-27 09:56:15,515 [1] DEBUG wpfTest.Source.Log - Grid_Loaded() | PageSelect 세팅 로딩
2023-10-27 09:56:15,577 [1] DEBUG wpfTest.Source.Log - pagetextshow() | 페이지 장수 확인
2023-10-27 09:56:15,578 [1] INFO wpfTest.Source.Log - 타이머 시작
2023-10-27 09:56:16,428 [1] DEBUG wpfTest.Source.Log - BackBtn_MouseLeftButtonDown() | 뒷 페이지 넘어가기 이미지 클릭
2023-10-27 09:56:16,428 [1] INFO wpfTest.Source.Log - 타이머 멈춤
2023-10-27 09:56:16,470 [1] INFO wpfTest.Source.Log - TempSelect Level 진입
2023-10-27 09:56:16,472 [1] INFO wpfTest.Source.Log - Grid_Loaded() - 동작
2023-10-27 09:56:17,639 [1] INFO wpfTest.Source.Log - BackBtn_MouseLeftButtonDown() - 동작
2023-10-27 09:56:17,668 [1] INFO wpfTest.Source.Log - Main Level 진입
2023-10-27 09:56:17,671 [1] DEBUG wpfTest.Source.Log - Grid_Loaded() | Main Level 설정 값 로드(자동연결)
2023-10-27 09:56:17,689 [1] INFO wpfTest.Source.Log - 타이머 시작
2023-10-27 09:56:17,689 [1] DEBUG wpfTest.Source.Log - BillMachineOpenSession() | 지폐기 자동연걸 시작
2023-10-27 09:56:19,012 [1] DEBUG wpfTest.Source.Log - Touchimg_MouseLeftButtonDown() | PageSelct 페이지로 가는 버튼 클릭
2023-10-27 09:56:19,012 [1] INFO wpfTest.Source.Log - Canon 카메라 세션 닫힘
2023-10-27 09:56:19,025 [1] INFO wpfTest.Source.Log - 타이머 종료
2023-10-27 09:56:19,039 [1] INFO wpfTest.Source.Log - TempSelect Level 진입
2023-10-27 09:56:19,042 [1] INFO wpfTest.Source.Log - Grid_Loaded() - 동작
2023-10-27 09:56:19,837 [1] INFO wpfTest.Source.Log - NextImg_MouseLeftButtonDown() - 동작
2023-10-27 09:56:19,848 [1] INFO wpfTest.Source.Log - 선택한 템플릿 : 1
2023-10-27 09:56:19,901 [1] INFO wpfTest.Source.Log - PageSelect Level 진입
2023-10-27 09:56:19,904 [1] DEBUG wpfTest.Source.Log - Grid_Loaded() | PageSelect 세팅 로딩
2023-10-27 09:56:19,962 [1] DEBUG wpfTest.Source.Log - pagetextshow() | 페이지 장수 확인
2023-10-27 09:56:19,962 [1] INFO wpfTest.Source.Log - 타이머 시작
2023-10-27 09:56:20,694 [1] DEBUG wpfTest.Source.Log - BackBtn_MouseLeftButtonDown() | 뒷 페이지 넘어가기 이미지 클릭
2023-10-27 09:56:20,694 [1] INFO wpfTest.Source.Log - 타이머 멈춤
2023-10-27 09:56:20,738 [1] INFO wpfTest.Source.Log - TempSelect Level 진입
2023-10-27 09:56:20,741 [1] INFO wpfTest.Source.Log - Grid_Loaded() - 동작
2023-10-27 09:56:20,882 [1] DEBUG wpfTest.Source.Log - BackBtn_MouseLeftButtonDown() | 뒷 페이지 넘어가기 이미지 클릭
2023-10-27 10:35:01,627 [1] INFO wpfTest.Source.Log - ==========  Started application  ==========
2023-10-27 10:35:03,140 [1] INFO wpfTest.Source.Log - Main Level 진입
2023-10-27 10:35:03,436 [1] DEBUG wpfTest.Source.Log - Window_Loaded() Start : 설정 값 로드 중
2023-10-27 10:35:03,437 [1] INFO wpfTest.Source.Log - 이전 파일 삭제
2023-10-27 10:35:03,438 [1] INFO wpfTest.Source.Log - 파일삭제 완료
2023-10-27 10:35:03,438 [1] INFO wpfTest.Source.Log - 파일삭제 완료
2023-10-27 10:35:03,438 [1] INFO wpfTest.Source.Log - 파일삭제 완료
2023-10-27 10:35:03,997 [1] DEBUG wpfTest.Source.Log - Window_Loaded() 로드 완료
2023-10-27 10:35:04,005 [1] DEBUG wpfTest.Source.Log - Grid_Loaded() | Main Level 설정 값 로드(자동연결)
2023-10-27 10:35:04,027 [1] INFO wpfTest.Source.Log - 타이머 시작
2023-10-27 10:35:04,513 [1] INFO wpfTest.Source.Log - Canon 카메라 연결 완료
2023-10-27 10:35:04,527 [1] DEBUG wpfTest.Source.Log - BillMachineOpenSession() | 지폐기 자동연걸 시작
2023-10-27 10:35:04,530 [1] INFO wpfTest.Source.Log - 컴포트 : COM5으로 연결되었습니다.
2023-10-27 10:35:04,532 [1] DEBUG wpfTest.Source.Log - DataSend() | 동작
2023-10-27 10:35:05,108 [1] DEBUG wpfTest.Source.Log - DataSend() | 동작
2023-10-27 10:35:05,828 [1] DEBUG wpfTest.Source.Log - Touchimg_MouseLeftButtonDown() | PageSelct 페이지로 가는 버튼 클릭
2023-10-27 10:35:06,067 [1] INFO wpfTest.Source.Log - Canon 카메라 세션 닫힘
2023-10-27 10:35:06,093 [1] INFO wpfTest.Source.Log - 타이머 종료
2023-10-27 10:35:06,128 [1] INFO wpfTest.Source.Log - TempSelect Level 진입
2023-10-27 10:35:06,132 [1] INFO wpfTest.Source.Log - Grid_Loaded() - 동작
2023-10-27 10:35:07,154 [1] INFO wpfTest.Source.Log - NextImg_MouseLeftButtonDown() - 동작
2023-10-27 10:35:07,164 [1] INFO wpfTest.Source.Log - 선택한 템플릿 : 1
2023-10-27 10:35:07,234 [1] INFO wpfTest.Source.Log - PageSelect Level 진입
2023-10-27 10:35:07,246 [1] DEBUG wpfTest.Source.Log - Grid_Loaded() | PageSelect 세팅 로딩
2023-10-27 10:35:07,312 [1] DEBUG wpfTest.Source.Log - pagetextshow() | 페이지 장수 확인
2023-10-27 10:35:07,312 [1] INFO wpfTest.Source.Log - 타이머 시작
2023-10-27 10:35:08,021 [1] DEBUG wpfTest.Source.Log - BackBtn_MouseLeftButtonDown() | 뒷 페이지 넘어가기 이미지 클릭
2023-10-27 10:35:08,021 [1] INFO wpfTest.Source.Log - 타이머 멈춤
2023-10-27 10:35:08,077 [1] INFO wpfTest.Source.Log - TempSelect Level 진입
2023-10-27 10:35:08,081 [1] INFO wpfTest.Source.Log - Grid_Loaded() - 동작
2023-10-27 10:35:08,242 [1] DEBUG wpfTest.Source.Log - BackBtn_MouseLeftButtonDown() | 뒷 페이지 넘어가기 이미지 클릭
