2024-02-28 17:45:45,650 [1] INFO wpfTest.Source.Log - ==========  Started application  ==========
2024-02-28 17:45:47,804 [1] INFO wpfTest.Source.Log - Main Level 진입
2024-02-28 17:45:48,166 [1] DEBUG wpfTest.Source.Log - Window_Loaded() Start : 설정 값 로드 중
2024-02-28 17:45:48,173 [1] INFO wpfTest.Source.Log - 이전 파일 삭제
2024-02-28 17:45:48,181 [1] INFO wpfTest.Source.Log - 파일삭제 완료
2024-02-28 17:45:48,182 [1] INFO wpfTest.Source.Log - 파일삭제 완료
2024-02-28 17:45:48,182 [1] INFO wpfTest.Source.Log - 파일삭제 완료
2024-02-28 17:45:49,700 [1] DEBUG wpfTest.Source.Log - Window_Loaded() 로드 완료
2024-02-28 17:45:49,781 [1] DEBUG wpfTest.Source.Log - Grid_Loaded() | Main Level 설정 값 로드(자동연결)
2024-02-28 17:45:49,815 [1] INFO wpfTest.Source.Log - 타이머 시작
2024-02-28 17:45:50,501 [1] INFO wpfTest.Source.Log - Canon 카메라 연결 완료
2024-02-28 17:45:50,513 [1] DEBUG wpfTest.Source.Log - BillMachineOpenSession() | 지폐기 자동연걸 시작
2024-02-28 17:45:50,516 [1] INFO wpfTest.Source.Log - 컴포트 : COM1으로 연결되었습니다.
2024-02-28 17:45:50,516 [1] DEBUG wpfTest.Source.Log - DataSend() | 동작
2024-02-28 17:45:51,018 [1] DEBUG wpfTest.Source.Log - DataSend() | 동작
2024-02-28 17:45:51,971 [1] DEBUG wpfTest.Source.Log - Window_KeyDown() | F12 입력(설정창 진입 키)
2024-02-28 17:45:52,808 [1] INFO wpfTest.Source.Log - Main Level 타이머 종료
2024-02-28 17:45:53,049 [1] INFO wpfTest.Source.Log - Canon 카메라 세션 닫힘
2024-02-28 17:45:53,060 [1] INFO wpfTest.Source.Log - 옵션 메뉴 이동
2024-02-28 17:45:53,078 [1] INFO wpfTest.Source.Log - 옵션 페이지 진입
2024-02-28 17:45:53,435 [1] DEBUG wpfTest.Source.Log - Grid_Loaded() | 옵션페이지 셋팅값 로딩
2024-02-28 17:45:53,447 [1] DEBUG wpfTest.Source.Log - LoadSetting() | 로드된 값 세팅
2024-02-28 17:45:53,447 [1] DEBUG wpfTest.Source.Log - BUse_Checked() | 지폐기 사용 클릭
2024-02-28 17:45:53,448 [1] DEBUG wpfTest.Source.Log - CheckSerial() | 지폐기 자동연결 작동
2024-02-28 17:45:53,485 [1] INFO wpfTest.Source.Log - CardCheckSerial() - 동작 | 카드 리더기 자동연결
2024-02-28 17:45:53,486 [1] DEBUG wpfTest.Source.Log - MoneySettingCoBox_SelectionChanged() | 돈 셋팅 변경
2024-02-28 17:45:53,528 [1] DEBUG wpfTest.Source.Log - Canon_Checked() | 캐논 카메라 체크
2024-02-28 17:45:53,529 [1] DEBUG wpfTest.Source.Log - timeruse_Checked () | 타이머 사용 체크
2024-02-28 17:45:53,529 [1] DEBUG wpfTest.Source.Log - PageTimeSet_SelectionChanged() + | 페이지 타이머 변경
2024-02-28 17:45:53,556 [1] INFO wpfTest.Source.Log - PageSettingMoney_SelectionChanged() - 동작
2024-02-28 17:45:53,556 [1] DEBUG wpfTest.Source.Log - PhotoTimeSet_SelectionChanged() | 포토 타임 변경
2024-02-28 17:45:53,572 [1] DEBUG wpfTest.Source.Log - OffSetXCoBox_SelectionChanged() | offsetx 변경
2024-02-28 17:45:53,591 [1] DEBUG wpfTest.Source.Log - OffSetYCoBox_SelectionChanged() | offsety 변경
2024-02-28 17:45:53,618 [1] DEBUG wpfTest.Source.Log - FactorXCoBox_SelectionChanged() | factorX 변경
2024-02-28 17:45:53,647 [1] DEBUG wpfTest.Source.Log - FactorYCoBox_SelectionChanged() | FactorY 변경
2024-02-28 17:45:53,647 [1] DEBUG wpfTest.Source.Log - TempSelectCB_SelectionChanged() | 템플릿 번호 변경
2024-02-28 17:45:53,676 [1] DEBUG wpfTest.Source.Log - FlipNotUse_Checked () | 좌우반전 사용안함
2024-02-28 17:45:53,694 [1] INFO wpfTest.Source.Log - 세션 열림
2024-02-28 17:45:53,996 [1] DEBUG wpfTest.Source.Log - AVCoBox_SelectionChanged_1() | AV박스 아이템 변경
2024-02-28 17:45:54,032 [1] DEBUG wpfTest.Source.Log - TvCoBox_SelectionChanged_1() | TV 값 변경
2024-02-28 17:45:54,073 [1] DEBUG wpfTest.Source.Log - ISOCoBox_SelectionChanged_1() | ISO값 변경
2024-02-28 17:46:08,154 [1] DEBUG wpfTest.Source.Log - button1_Click() | 종표버튼 클릭
2024-02-28 17:46:09,101 [1] INFO wpfTest.Source.Log - 포트 닫힘
2024-02-28 17:46:09,102 [1] DEBUG wpfTest.Source.Log - CloseSession() | 세션 닫힘
2024-02-28 17:46:09,339 [1] DEBUG wpfTest.Source.Log - AVCoBox_SelectionChanged_1() | AV박스 아이템 변경
2024-02-28 17:46:09,339 [1] DEBUG wpfTest.Source.Log - TvCoBox_SelectionChanged_1() | TV 값 변경
2024-02-28 17:46:09,339 [1] DEBUG wpfTest.Source.Log - ISOCoBox_SelectionChanged_1() | ISO값 변경
2024-02-28 17:46:09,340 [1] INFO wpfTest.Source.Log - 프로그램 종료
2024-02-28 17:49:23,136 [1] INFO wpfTest.Source.Log - ==========  Started application  ==========
2024-02-28 17:49:25,091 [1] INFO wpfTest.Source.Log - Main Level 진입
2024-02-28 17:49:25,455 [1] DEBUG wpfTest.Source.Log - Window_Loaded() Start : 설정 값 로드 중
2024-02-28 17:49:25,465 [1] INFO wpfTest.Source.Log - 이전 파일 삭제
2024-02-28 17:49:25,466 [1] INFO wpfTest.Source.Log - 파일삭제 완료
2024-02-28 17:49:25,467 [1] INFO wpfTest.Source.Log - 파일삭제 완료
2024-02-28 17:49:25,467 [1] INFO wpfTest.Source.Log - 파일삭제 완료
2024-02-28 17:49:26,605 [1] DEBUG wpfTest.Source.Log - Window_Loaded() 로드 완료
2024-02-28 17:49:26,691 [1] DEBUG wpfTest.Source.Log - Grid_Loaded() | Main Level 설정 값 로드(자동연결)
2024-02-28 17:49:26,728 [1] INFO wpfTest.Source.Log - 타이머 시작
2024-02-28 17:49:27,417 [1] INFO wpfTest.Source.Log - Canon 카메라 연결 완료
2024-02-28 17:49:27,442 [1] DEBUG wpfTest.Source.Log - BillMachineOpenSession() | 지폐기 자동연걸 시작
2024-02-28 17:49:27,444 [1] INFO wpfTest.Source.Log - 컴포트 : COM1으로 연결되었습니다.
2024-02-28 17:49:27,445 [1] DEBUG wpfTest.Source.Log - DataSend() | 동작
2024-02-28 17:49:27,946 [1] DEBUG wpfTest.Source.Log - DataSend() | 동작
2024-02-28 17:49:29,647 [1] DEBUG wpfTest.Source.Log - Window_KeyDown() | F12 입력(설정창 진입 키)
2024-02-28 17:49:29,717 [1] INFO wpfTest.Source.Log - Main Level 타이머 종료
2024-02-28 17:49:29,955 [1] INFO wpfTest.Source.Log - Canon 카메라 세션 닫힘
2024-02-28 17:49:29,967 [1] INFO wpfTest.Source.Log - 옵션 메뉴 이동
2024-02-28 17:49:29,985 [1] INFO wpfTest.Source.Log - 옵션 페이지 진입
2024-02-28 17:49:30,534 [1] DEBUG wpfTest.Source.Log - Grid_Loaded() | 옵션페이지 셋팅값 로딩
2024-02-28 17:49:30,551 [1] DEBUG wpfTest.Source.Log - LoadSetting() | 로드된 값 세팅
2024-02-28 17:49:30,552 [1] DEBUG wpfTest.Source.Log - BUse_Checked() | 지폐기 사용 클릭
2024-02-28 17:49:30,552 [1] DEBUG wpfTest.Source.Log - CheckSerial() | 지폐기 자동연결 작동
2024-02-28 17:49:30,588 [1] INFO wpfTest.Source.Log - CardCheckSerial() - 동작 | 카드 리더기 자동연결
2024-02-28 17:49:30,588 [1] DEBUG wpfTest.Source.Log - MoneySettingCoBox_SelectionChanged() | 돈 셋팅 변경
2024-02-28 17:49:30,630 [1] DEBUG wpfTest.Source.Log - Canon_Checked() | 캐논 카메라 체크
2024-02-28 17:49:30,630 [1] DEBUG wpfTest.Source.Log - timeruse_Checked () | 타이머 사용 체크
2024-02-28 17:49:30,630 [1] DEBUG wpfTest.Source.Log - PageTimeSet_SelectionChanged() + | 페이지 타이머 변경
2024-02-28 17:49:30,645 [1] INFO wpfTest.Source.Log - PageSettingMoney_SelectionChanged() - 동작
2024-02-28 17:49:30,645 [1] DEBUG wpfTest.Source.Log - PhotoTimeSet_SelectionChanged() | 포토 타임 변경
2024-02-28 17:49:30,674 [1] DEBUG wpfTest.Source.Log - OffSetXCoBox_SelectionChanged() | offsetx 변경
2024-02-28 17:49:30,693 [1] DEBUG wpfTest.Source.Log - OffSetYCoBox_SelectionChanged() | offsety 변경
2024-02-28 17:49:30,721 [1] DEBUG wpfTest.Source.Log - FactorXCoBox_SelectionChanged() | factorX 변경
2024-02-28 17:49:30,739 [1] DEBUG wpfTest.Source.Log - FactorYCoBox_SelectionChanged() | FactorY 변경
2024-02-28 17:49:30,740 [1] DEBUG wpfTest.Source.Log - TempSelectCB_SelectionChanged() | 템플릿 번호 변경
2024-02-28 17:49:30,755 [1] DEBUG wpfTest.Source.Log - FlipNotUse_Checked () | 좌우반전 사용안함
2024-02-28 17:49:30,782 [1] INFO wpfTest.Source.Log - 세션 열림
2024-02-28 17:49:31,092 [1] DEBUG wpfTest.Source.Log - AVCoBox_SelectionChanged_1() | AV박스 아이템 변경
2024-02-28 17:49:31,119 [1] DEBUG wpfTest.Source.Log - TvCoBox_SelectionChanged_1() | TV 값 변경
2024-02-28 17:49:31,147 [1] DEBUG wpfTest.Source.Log - ISOCoBox_SelectionChanged_1() | ISO값 변경
2024-02-28 17:49:32,679 [1] DEBUG wpfTest.Source.Log - Window_KeyDown() | F4 입력(프로그램 종료 키)
2024-02-28 17:49:32,915 [1] INFO wpfTest.Source.Log - 캐논 카메라 종료
2024-02-28 17:49:32,916 [1] DEBUG wpfTest.Source.Log - DataSend() | 동작
2024-02-28 17:49:32,916 [1] INFO wpfTest.Source.Log - 프로그램 종료
2024-02-28 17:49:53,413 [1] INFO wpfTest.Source.Log - ==========  Started application  ==========
2024-02-28 17:49:54,925 [1] INFO wpfTest.Source.Log - Main Level 진입
2024-02-28 17:49:55,121 [1] DEBUG wpfTest.Source.Log - Window_Loaded() Start : 설정 값 로드 중
2024-02-28 17:49:55,133 [1] INFO wpfTest.Source.Log - 이전 파일 삭제
2024-02-28 17:49:55,134 [1] INFO wpfTest.Source.Log - 파일삭제 완료
2024-02-28 17:49:55,135 [1] INFO wpfTest.Source.Log - 파일삭제 완료
2024-02-28 17:49:55,135 [1] INFO wpfTest.Source.Log - 파일삭제 완료
2024-02-28 17:49:55,637 [1] DEBUG wpfTest.Source.Log - Window_Loaded() 로드 완료
2024-02-28 17:49:55,640 [1] DEBUG wpfTest.Source.Log - Grid_Loaded() | Main Level 설정 값 로드(자동연결)
2024-02-28 17:49:55,656 [1] INFO wpfTest.Source.Log - 타이머 시작
2024-02-28 17:49:56,159 [1] INFO wpfTest.Source.Log - Canon 카메라 연결 완료
2024-02-28 17:49:56,174 [1] DEBUG wpfTest.Source.Log - BillMachineOpenSession() | 지폐기 자동연걸 시작
2024-02-28 17:49:56,176 [1] INFO wpfTest.Source.Log - 컴포트 : COM1으로 연결되었습니다.
2024-02-28 17:49:56,177 [1] DEBUG wpfTest.Source.Log - DataSend() | 동작
2024-02-28 17:49:56,679 [1] DEBUG wpfTest.Source.Log - DataSend() | 동작
2024-02-28 17:49:57,623 [1] DEBUG wpfTest.Source.Log - Window_KeyDown() | F4 입력(프로그램 종료 키)
2024-02-28 17:49:57,862 [1] INFO wpfTest.Source.Log - 캐논 카메라 종료
2024-02-28 17:49:57,862 [1] DEBUG wpfTest.Source.Log - DataSend() | 동작
2024-02-28 17:49:57,862 [1] INFO wpfTest.Source.Log - 프로그램 종료
2024-02-28 17:54:57,762 [1] INFO wpfTest.Source.Log - ==========  Started application  ==========
2024-02-28 17:54:59,269 [1] INFO wpfTest.Source.Log - Main Level 진입
2024-02-28 17:54:59,478 [1] DEBUG wpfTest.Source.Log - Window_Loaded() Start : 설정 값 로드 중
2024-02-28 17:54:59,488 [1] INFO wpfTest.Source.Log - 이전 파일 삭제
2024-02-28 17:54:59,490 [1] INFO wpfTest.Source.Log - 파일삭제 완료
2024-02-28 17:54:59,490 [1] INFO wpfTest.Source.Log - 파일삭제 완료
2024-02-28 17:54:59,490 [1] INFO wpfTest.Source.Log - 파일삭제 완료
2024-02-28 17:55:00,039 [1] DEBUG wpfTest.Source.Log - Window_Loaded() 로드 완료
2024-02-28 17:55:00,041 [1] DEBUG wpfTest.Source.Log - Grid_Loaded() | Main Level 설정 값 로드(자동연결)
2024-02-28 17:55:00,056 [1] INFO wpfTest.Source.Log - 타이머 시작
2024-02-28 17:55:00,517 [1] INFO wpfTest.Source.Log - Canon 카메라 연결 완료
2024-02-28 17:55:00,529 [1] DEBUG wpfTest.Source.Log - BillMachineOpenSession() | 지폐기 자동연걸 시작
2024-02-28 17:55:00,531 [1] INFO wpfTest.Source.Log - 컴포트 : COM1으로 연결되었습니다.
2024-02-28 17:55:00,532 [1] DEBUG wpfTest.Source.Log - DataSend() | 동작
2024-02-28 17:55:01,033 [1] DEBUG wpfTest.Source.Log - DataSend() | 동작
2024-02-28 17:55:01,490 [1] DEBUG wpfTest.Source.Log - Window_KeyDown() | F12 입력(설정창 진입 키)
2024-02-28 17:55:02,089 [1] INFO wpfTest.Source.Log - Main Level 타이머 종료
2024-02-28 17:55:02,326 [1] INFO wpfTest.Source.Log - Canon 카메라 세션 닫힘
2024-02-28 17:55:02,341 [1] INFO wpfTest.Source.Log - 옵션 메뉴 이동
2024-02-28 17:55:02,353 [1] INFO wpfTest.Source.Log - 옵션 페이지 진입
2024-02-28 17:55:02,690 [1] DEBUG wpfTest.Source.Log - Grid_Loaded() | 옵션페이지 셋팅값 로딩
2024-02-28 17:55:02,702 [1] DEBUG wpfTest.Source.Log - LoadSetting() | 로드된 값 세팅
2024-02-28 17:55:02,702 [1] DEBUG wpfTest.Source.Log - BUse_Checked() | 지폐기 사용 클릭
2024-02-28 17:55:02,703 [1] DEBUG wpfTest.Source.Log - CheckSerial() | 지폐기 자동연결 작동
2024-02-28 17:55:02,744 [1] INFO wpfTest.Source.Log - CardCheckSerial() - 동작 | 카드 리더기 자동연결
2024-02-28 17:55:02,745 [1] DEBUG wpfTest.Source.Log - MoneySettingCoBox_SelectionChanged() | 돈 셋팅 변경
2024-02-28 17:55:02,781 [1] DEBUG wpfTest.Source.Log - Canon_Checked() | 캐논 카메라 체크
2024-02-28 17:55:02,781 [1] DEBUG wpfTest.Source.Log - timeruse_Checked () | 타이머 사용 체크
2024-02-28 17:55:02,781 [1] DEBUG wpfTest.Source.Log - PageTimeSet_SelectionChanged() + | 페이지 타이머 변경
2024-02-28 17:55:02,799 [1] INFO wpfTest.Source.Log - PageSettingMoney_SelectionChanged() - 동작
2024-02-28 17:55:02,799 [1] DEBUG wpfTest.Source.Log - PhotoTimeSet_SelectionChanged() | 포토 타임 변경
2024-02-28 17:55:02,815 [1] DEBUG wpfTest.Source.Log - OffSetXCoBox_SelectionChanged() | offsetx 변경
2024-02-28 17:55:02,840 [1] DEBUG wpfTest.Source.Log - OffSetYCoBox_SelectionChanged() | offsety 변경
2024-02-28 17:55:02,862 [1] DEBUG wpfTest.Source.Log - FactorXCoBox_SelectionChanged() | factorX 변경
2024-02-28 17:55:02,889 [1] DEBUG wpfTest.Source.Log - FactorYCoBox_SelectionChanged() | FactorY 변경
2024-02-28 17:55:02,889 [1] DEBUG wpfTest.Source.Log - TempSelectCB_SelectionChanged() | 템플릿 번호 변경
2024-02-28 17:55:02,916 [1] DEBUG wpfTest.Source.Log - FlipNotUse_Checked () | 좌우반전 사용안함
2024-02-28 17:55:02,943 [1] INFO wpfTest.Source.Log - 세션 열림
2024-02-28 17:55:03,244 [1] DEBUG wpfTest.Source.Log - AVCoBox_SelectionChanged_1() | AV박스 아이템 변경
2024-02-28 17:55:03,269 [1] DEBUG wpfTest.Source.Log - TvCoBox_SelectionChanged_1() | TV 값 변경
2024-02-28 17:55:03,299 [1] DEBUG wpfTest.Source.Log - ISOCoBox_SelectionChanged_1() | ISO값 변경
2024-02-28 17:55:06,538 [1] DEBUG wpfTest.Source.Log - InitializationBtn_Click() | 용지 초기화 버튼 클릭
2024-02-28 17:55:07,544 [1] INFO wpfTest.Source.Log - 데이터 업데이트 완료
2024-02-28 17:55:13,980 [1] DEBUG wpfTest.Source.Log - Window_KeyDown() | F4 입력(프로그램 종료 키)
2024-02-28 17:55:14,216 [1] INFO wpfTest.Source.Log - 캐논 카메라 종료
2024-02-28 17:55:14,217 [1] DEBUG wpfTest.Source.Log - DataSend() | 동작
2024-02-28 17:55:14,217 [1] INFO wpfTest.Source.Log - 프로그램 종료
