2023-12-14 13:43:18,268 [1] INFO wpfTest.Source.Log - ==========  Started application  ==========
2023-12-14 13:43:19,448 [1] INFO wpfTest.Source.Log - Main Level 진입
2023-12-14 13:43:19,683 [1] DEBUG wpfTest.Source.Log - Window_Loaded() Start : 설정 값 로드 중
2023-12-14 13:43:19,683 [1] INFO wpfTest.Source.Log - 이전 파일 삭제
2023-12-14 13:43:19,696 [1] INFO wpfTest.Source.Log - 파일삭제 완료
2023-12-14 13:43:19,696 [1] INFO wpfTest.Source.Log - 파일삭제 완료
2023-12-14 13:43:19,696 [1] INFO wpfTest.Source.Log - 파일삭제 완료
2023-12-14 13:43:21,447 [1] DEBUG wpfTest.Source.Log - Window_Loaded() 로드 완료
2023-12-14 13:43:21,504 [1] DEBUG wpfTest.Source.Log - Grid_Loaded() | Main Level 설정 값 로드(자동연결)
2023-12-14 13:43:21,524 [1] INFO wpfTest.Source.Log - 타이머 시작
2023-12-14 13:43:22,049 [1] INFO wpfTest.Source.Log - Canon 카메라 연결 완료
2023-12-14 13:43:22,058 [1] DEBUG wpfTest.Source.Log - BillMachineOpenSession() | 지폐기 자동연걸 시작
2023-12-14 13:43:22,059 [1] INFO wpfTest.Source.Log - 컴포트 : COM5으로 연결되었습니다.
2023-12-14 13:43:22,060 [1] DEBUG wpfTest.Source.Log - DataSend() | 동작
2023-12-14 13:43:22,561 [1] DEBUG wpfTest.Source.Log - DataSend() | 동작
2023-12-14 13:43:24,588 [1] DEBUG wpfTest.Source.Log - Window_KeyDown() | F12 입력(설정창 진입 키)
2023-12-14 13:43:25,531 [1] INFO wpfTest.Source.Log - Main Level 타이머 종료
2023-12-14 13:43:25,767 [1] INFO wpfTest.Source.Log - Canon 카메라 세션 닫힘
2023-12-14 13:43:25,778 [1] INFO wpfTest.Source.Log - 옵션 메뉴 이동
2023-12-14 13:43:25,791 [1] INFO wpfTest.Source.Log - 옵션 페이지 진입
2023-12-14 13:43:26,216 [1] DEBUG wpfTest.Source.Log - Grid_Loaded() | 옵션페이지 셋팅값 로딩
2023-12-14 13:43:26,335 [1] DEBUG wpfTest.Source.Log - LoadSetting() | 로드된 값 세팅
2023-12-14 13:43:26,335 [1] DEBUG wpfTest.Source.Log - BUse_Checked() | 지폐기 사용 클릭
2023-12-14 13:43:26,336 [1] DEBUG wpfTest.Source.Log - CheckSerial() | 지폐기 자동연결 작동
2023-12-14 13:43:26,367 [1] INFO wpfTest.Source.Log - CardCheckSerial() - 동작 | 카드 리더기 자동연결
2023-12-14 13:43:26,380 [1] DEBUG wpfTest.Source.Log - Canon_Checked() | 캐논 카메라 체크
2023-12-14 13:43:26,381 [1] DEBUG wpfTest.Source.Log - timeruse_Checked () | 타이머 사용 체크
2023-12-14 13:43:26,381 [1] DEBUG wpfTest.Source.Log - PageTimeSet_SelectionChanged() + | 페이지 타이머 변경
2023-12-14 13:43:26,396 [1] DEBUG wpfTest.Source.Log - MoneySettingCoBox_SelectionChanged() | 돈 셋팅 변경
2023-12-14 13:43:26,408 [1] INFO wpfTest.Source.Log - PageSettingMoney_SelectionChanged() - 동작
2023-12-14 13:43:26,409 [1] DEBUG wpfTest.Source.Log - PhotoTimeSet_SelectionChanged() | 포토 타임 변경
2023-12-14 13:43:26,423 [1] DEBUG wpfTest.Source.Log - OffSetXCoBox_SelectionChanged() | offsetx 변경
2023-12-14 13:43:26,437 [1] DEBUG wpfTest.Source.Log - OffSetYCoBox_SelectionChanged() | offsety 변경
2023-12-14 13:43:26,462 [1] DEBUG wpfTest.Source.Log - FactorXCoBox_SelectionChanged() | factorX 변경
2023-12-14 13:43:26,474 [1] DEBUG wpfTest.Source.Log - FactorYCoBox_SelectionChanged() | FactorY 변경
2023-12-14 13:43:26,475 [1] DEBUG wpfTest.Source.Log - TempSelectCB_SelectionChanged() | 템플릿 번호 변경
2023-12-14 13:43:26,498 [1] DEBUG wpfTest.Source.Log - FlipNotUse_Checked () | 좌우반전 사용안함
2023-12-14 13:43:26,522 [1] INFO wpfTest.Source.Log - 세션 열림
2023-12-14 13:43:26,815 [1] DEBUG wpfTest.Source.Log - AVCoBox_SelectionChanged_1() | AV박스 아이템 변경
2023-12-14 13:43:26,837 [1] DEBUG wpfTest.Source.Log - TvCoBox_SelectionChanged_1() | TV 값 변경
2023-12-14 13:43:26,861 [1] DEBUG wpfTest.Source.Log - ISOCoBox_SelectionChanged_1() | ISO값 변경
2023-12-14 13:43:34,386 [1] DEBUG wpfTest.Source.Log - ToMain_Click() | 메인 버튼 클릭
2023-12-14 13:43:34,887 [1] DEBUG wpfTest.Source.Log - CloseSession() | 세션 닫힘
2023-12-14 13:43:35,123 [1] DEBUG wpfTest.Source.Log - AVCoBox_SelectionChanged_1() | AV박스 아이템 변경
2023-12-14 13:43:35,124 [1] DEBUG wpfTest.Source.Log - TvCoBox_SelectionChanged_1() | TV 값 변경
2023-12-14 13:43:35,124 [1] DEBUG wpfTest.Source.Log - ISOCoBox_SelectionChanged_1() | ISO값 변경
2023-12-14 13:43:35,801 [1] INFO wpfTest.Source.Log - Main Level 진입
2023-12-14 13:43:35,853 [1] DEBUG wpfTest.Source.Log - Grid_Loaded() | Main Level 설정 값 로드(자동연결)
2023-12-14 13:43:35,853 [1] INFO wpfTest.Source.Log - 타이머 시작
2023-12-14 13:43:36,269 [1] INFO wpfTest.Source.Log - Canon 카메라 연결 완료
2023-12-14 13:43:36,285 [1] DEBUG wpfTest.Source.Log - BillMachineOpenSession() | 지폐기 자동연걸 시작
2023-12-14 13:43:39,409 [1] DEBUG wpfTest.Source.Log - Touchimg_MouseLeftButtonDown() | PageSelct 페이지로 가는 버튼 클릭
2023-12-14 13:43:39,645 [1] INFO wpfTest.Source.Log - Canon 카메라 세션 닫힘
2023-12-14 13:43:39,661 [1] INFO wpfTest.Source.Log - 타이머 종료
2023-12-14 13:43:39,692 [1] INFO wpfTest.Source.Log - TempSelect Level 진입
2023-12-14 13:43:39,699 [1] INFO wpfTest.Source.Log - Grid_Loaded() - 동작
2023-12-14 13:43:45,003 [1] DEBUG wpfTest.Source.Log - Window_KeyDown() | F4 입력(프로그램 종료 키)
2023-12-14 13:43:45,003 [1] DEBUG wpfTest.Source.Log - DataSend() | 동작
2023-12-14 13:43:45,003 [1] INFO wpfTest.Source.Log - 프로그램 종료
2023-12-14 13:44:26,030 [1] INFO wpfTest.Source.Log - ==========  Started application  ==========
2023-12-14 13:44:26,839 [1] INFO wpfTest.Source.Log - Main Level 진입
2023-12-14 13:44:27,137 [1] DEBUG wpfTest.Source.Log - Window_Loaded() Start : 설정 값 로드 중
2023-12-14 13:44:27,138 [1] INFO wpfTest.Source.Log - 이전 파일 삭제
2023-12-14 13:44:27,140 [1] INFO wpfTest.Source.Log - 파일삭제 완료
2023-12-14 13:44:27,141 [1] INFO wpfTest.Source.Log - 파일삭제 완료
2023-12-14 13:44:27,141 [1] INFO wpfTest.Source.Log - 파일삭제 완료
2023-12-14 13:44:27,713 [1] DEBUG wpfTest.Source.Log - Window_Loaded() 로드 완료
2023-12-14 13:44:27,736 [1] DEBUG wpfTest.Source.Log - Grid_Loaded() | Main Level 설정 값 로드(자동연결)
2023-12-14 13:44:27,757 [1] INFO wpfTest.Source.Log - 타이머 시작
2023-12-14 13:44:28,261 [1] INFO wpfTest.Source.Log - Canon 카메라 연결 완료
2023-12-14 13:44:28,293 [1] DEBUG wpfTest.Source.Log - BillMachineOpenSession() | 지폐기 자동연걸 시작
2023-12-14 13:44:28,295 [1] INFO wpfTest.Source.Log - 컴포트 : COM5으로 연결되었습니다.
2023-12-14 13:44:28,297 [1] DEBUG wpfTest.Source.Log - DataSend() | 동작
2023-12-14 13:44:28,809 [1] DEBUG wpfTest.Source.Log - DataSend() | 동작
2023-12-14 13:44:54,300 [1] DEBUG wpfTest.Source.Log - Touchimg_MouseLeftButtonDown() | PageSelct 페이지로 가는 버튼 클릭
2023-12-14 13:44:54,537 [1] INFO wpfTest.Source.Log - Canon 카메라 세션 닫힘
2023-12-14 13:44:54,552 [1] INFO wpfTest.Source.Log - 타이머 종료
2023-12-14 13:44:54,604 [1] INFO wpfTest.Source.Log - TempSelect Level 진입
2023-12-14 13:44:54,610 [1] INFO wpfTest.Source.Log - Grid_Loaded() - 동작
2023-12-14 13:44:56,320 [1] INFO wpfTest.Source.Log - NextImg_MouseLeftButtonDown() - 동작
2023-12-14 13:44:56,320 [1] INFO wpfTest.Source.Log - 선택한 템플릿 : 1
2023-12-14 13:44:56,367 [1] INFO wpfTest.Source.Log - PageSelect Level 진입
2023-12-14 13:44:56,378 [1] DEBUG wpfTest.Source.Log - Grid_Loaded() | PageSelect 세팅 로딩
2023-12-14 13:44:56,454 [1] DEBUG wpfTest.Source.Log - pagetextshow() | 페이지 장수 확인
2023-12-14 13:44:56,454 [1] INFO wpfTest.Source.Log - 타이머 시작
2023-12-14 13:46:17,021 [1] INFO wpfTest.Source.Log - CouponTBFront_MouseLeftButtonDown() - 동작
2023-12-14 13:46:17,022 [1] INFO wpfTest.Source.Log - 타이머 종료
2023-12-14 13:46:17,277 [1] INFO wpfTest.Source.Log - Coupon Page 진입
2023-12-14 13:46:17,306 [1] INFO wpfTest.Source.Log - Grid_Loaded() - 동작
2023-12-14 13:46:20,367 [1] INFO wpfTest.Source.Log - keyA_MouseLeftButtonDown() - 동작
2023-12-14 13:46:20,368 [1] INFO wpfTest.Source.Log - shownumber() - 동작
2023-12-14 13:46:22,003 [1] INFO wpfTest.Source.Log - key0_MouseLeftButtonDown() - 동작
2023-12-14 13:46:22,004 [1] INFO wpfTest.Source.Log - shownumber() - 동작
2023-12-14 13:46:22,997 [1] INFO wpfTest.Source.Log - keyF_MouseLeftButtonDown() - 동작
2023-12-14 13:46:23,012 [1] INFO wpfTest.Source.Log - shownumber() - 동작
2023-12-14 13:46:25,827 [1] INFO wpfTest.Source.Log - keyB_MouseLeftButtonDown() - 동작
2023-12-14 13:46:25,827 [1] INFO wpfTest.Source.Log - shownumber() - 동작
2023-12-14 13:46:29,125 [1] INFO wpfTest.Source.Log - key0_MouseLeftButtonDown() - 동작
2023-12-14 13:46:29,125 [1] INFO wpfTest.Source.Log - shownumber() - 동작
2023-12-14 13:46:29,718 [1] INFO wpfTest.Source.Log - key6_MouseLeftButtonDown() - 동작
2023-12-14 13:46:29,735 [1] INFO wpfTest.Source.Log - shownumber() - 동작
2023-12-14 13:46:32,631 [1] INFO wpfTest.Source.Log - key8_MouseLeftButtonDown() - 동작
2023-12-14 13:46:32,631 [1] INFO wpfTest.Source.Log - shownumber() - 동작
2023-12-14 13:46:32,809 [1] INFO wpfTest.Source.Log - key9_MouseLeftButtonDown() - 동작
2023-12-14 13:46:32,817 [1] INFO wpfTest.Source.Log - shownumber() - 동작
2023-12-14 13:46:34,673 [1] INFO wpfTest.Source.Log - keyE_MouseLeftButtonDown() - 동작
2023-12-14 13:46:34,673 [1] INFO wpfTest.Source.Log - shownumber() - 동작
2023-12-14 13:46:34,849 [1] INFO wpfTest.Source.Log - keyF_MouseLeftButtonDown() - 동작
2023-12-14 13:46:34,862 [1] INFO wpfTest.Source.Log - shownumber() - 동작
2023-12-14 13:46:35,499 [1] INFO wpfTest.Source.Log - keyOK_MouseLeftButtonDown() - 동작
2023-12-14 13:46:36,350 [1] INFO wpfTest.Source.Log - 타이머 종료됨
2023-12-14 13:46:36,351 [1] INFO wpfTest.Source.Log - Dispose() - 동작
2023-12-14 13:46:36,352 [1] INFO wpfTest.Source.Log - PageSelect Level 진입
2023-12-14 13:46:36,373 [1] DEBUG wpfTest.Source.Log - Grid_Loaded() | PageSelect 세팅 로딩
2023-12-14 13:46:36,414 [1] DEBUG wpfTest.Source.Log - pagetextshow() | 페이지 장수 확인
2023-12-14 13:46:36,414 [1] INFO wpfTest.Source.Log - 타이머 시작
2023-12-14 13:46:39,930 [1] DEBUG wpfTest.Source.Log - NextBtn_MouseLeftButtonDown() | 다음 버튼 클릭
2023-12-14 13:46:39,930 [1] INFO wpfTest.Source.Log - 선택한 장 수 : 2
2023-12-14 13:46:39,950 [1] INFO wpfTest.Source.Log - 선택된 결제 금액 : 0
2023-12-14 13:46:39,951 [1] INFO wpfTest.Source.Log - ChangeDBvalue() - 동작
2023-12-14 13:46:39,990 [1] INFO wpfTest.Source.Log - 쿠폰 정보가 업데이트되었습니다. 업데이트 된 쿠폰번호 : A0FB0689EF
2023-12-14 13:46:40,008 [1] INFO wpfTest.Source.Log - 캐논 촬영 페이지 진입
2023-12-14 13:46:40,013 [1] INFO wpfTest.Source.Log - Grid_Loaded() - 동작
2023-12-14 13:46:40,483 [1] DEBUG wpfTest.Source.Log - Delay() | 딜레이 시작 딜레이 시간(단위 : ms) : 1000
2023-12-14 13:46:42,597 [1] INFO wpfTest.Source.Log - screenCapture = new ScreenCaptureStream(recordingArea);
2023-12-14 13:46:42,629 [1] INFO wpfTest.Source.Log - videoWriter = new VideoFileWriter();
2023-12-14 13:46:42,674 [1] INFO wpfTest.Source.Log - videoWriter.Open(outputFileName, recordingArea.Width, recordingArea.Height, 30, VideoCodec.H264, 1000000);
2023-12-14 13:46:46,423 [1] DEBUG wpfTest.Source.Log - Window_KeyDown() | F4 입력(프로그램 종료 키)
2023-12-14 13:46:46,741 [1] INFO wpfTest.Source.Log - 캐논 카메라 종료
2023-12-14 13:46:46,741 [1] DEBUG wpfTest.Source.Log - DataSend() | 동작
2023-12-14 13:46:46,742 [1] INFO wpfTest.Source.Log - 프로그램 종료
2023-12-14 13:47:49,425 [1] INFO wpfTest.Source.Log - ==========  Started application  ==========
2023-12-14 13:47:50,024 [1] INFO wpfTest.Source.Log - Main Level 진입
2023-12-14 13:47:50,200 [1] DEBUG wpfTest.Source.Log - Window_Loaded() Start : 설정 값 로드 중
2023-12-14 13:47:50,200 [1] INFO wpfTest.Source.Log - 이전 파일 삭제
2023-12-14 13:47:50,202 [1] INFO wpfTest.Source.Log - 파일삭제 완료
2023-12-14 13:47:50,202 [1] INFO wpfTest.Source.Log - 파일삭제 완료
2023-12-14 13:47:50,202 [1] INFO wpfTest.Source.Log - 파일삭제 완료
2023-12-14 13:47:50,636 [1] DEBUG wpfTest.Source.Log - Window_Loaded() 로드 완료
2023-12-14 13:47:50,639 [1] DEBUG wpfTest.Source.Log - Grid_Loaded() | Main Level 설정 값 로드(자동연결)
2023-12-14 13:47:50,654 [1] INFO wpfTest.Source.Log - 타이머 시작
2023-12-14 13:47:51,101 [1] INFO wpfTest.Source.Log - Canon 카메라 연결 완료
2023-12-14 13:47:51,110 [1] DEBUG wpfTest.Source.Log - BillMachineOpenSession() | 지폐기 자동연걸 시작
2023-12-14 13:47:51,112 [1] INFO wpfTest.Source.Log - 컴포트 : COM5으로 연결되었습니다.
2023-12-14 13:47:51,112 [1] DEBUG wpfTest.Source.Log - DataSend() | 동작
2023-12-14 13:47:51,613 [1] DEBUG wpfTest.Source.Log - DataSend() | 동작
2023-12-14 13:47:55,594 [1] DEBUG wpfTest.Source.Log - Touchimg_MouseLeftButtonDown() | PageSelct 페이지로 가는 버튼 클릭
2023-12-14 13:47:55,831 [1] INFO wpfTest.Source.Log - Canon 카메라 세션 닫힘
2023-12-14 13:47:55,844 [1] INFO wpfTest.Source.Log - 타이머 종료
2023-12-14 13:47:55,861 [1] INFO wpfTest.Source.Log - TempSelect Level 진입
2023-12-14 13:47:55,867 [1] INFO wpfTest.Source.Log - Grid_Loaded() - 동작
2023-12-14 13:47:57,324 [1] INFO wpfTest.Source.Log - NextImg_MouseLeftButtonDown() - 동작
2023-12-14 13:47:57,325 [1] INFO wpfTest.Source.Log - 선택한 템플릿 : 1
2023-12-14 13:47:57,366 [1] INFO wpfTest.Source.Log - PageSelect Level 진입
2023-12-14 13:47:57,375 [1] DEBUG wpfTest.Source.Log - Grid_Loaded() | PageSelect 세팅 로딩
2023-12-14 13:47:57,447 [1] DEBUG wpfTest.Source.Log - pagetextshow() | 페이지 장수 확인
2023-12-14 13:47:57,447 [1] INFO wpfTest.Source.Log - 타이머 시작
2023-12-14 13:48:02,343 [1] INFO wpfTest.Source.Log - CouponApply_MouseLeftButtonDown() - 동작
2023-12-14 13:48:05,492 [1] INFO wpfTest.Source.Log - CouponTBFront_MouseLeftButtonDown() - 동작
2023-12-14 13:48:05,493 [1] INFO wpfTest.Source.Log - 타이머 종료
2023-12-14 13:48:05,506 [1] INFO wpfTest.Source.Log - Coupon Page 진입
2023-12-14 13:48:05,528 [1] INFO wpfTest.Source.Log - Grid_Loaded() - 동작
2023-12-14 13:48:06,913 [1] INFO wpfTest.Source.Log - keyF_MouseLeftButtonDown() - 동작
2023-12-14 13:48:06,913 [1] INFO wpfTest.Source.Log - shownumber() - 동작
2023-12-14 13:48:07,606 [1] INFO wpfTest.Source.Log - keyB_MouseLeftButtonDown() - 동작
2023-12-14 13:48:07,616 [1] INFO wpfTest.Source.Log - shownumber() - 동작
2023-12-14 13:48:10,198 [1] INFO wpfTest.Source.Log - key6_MouseLeftButtonDown() - 동작
2023-12-14 13:48:10,198 [1] INFO wpfTest.Source.Log - shownumber() - 동작
2023-12-14 13:48:10,685 [1] INFO wpfTest.Source.Log - keyC_MouseLeftButtonDown() - 동작
2023-12-14 13:48:10,696 [1] INFO wpfTest.Source.Log - shownumber() - 동작
2023-12-14 13:48:16,591 [1] INFO wpfTest.Source.Log - key6_MouseLeftButtonDown() - 동작
2023-12-14 13:48:16,591 [1] INFO wpfTest.Source.Log - shownumber() - 동작
2023-12-14 13:48:18,708 [1] INFO wpfTest.Source.Log - key8_MouseLeftButtonDown() - 동작
2023-12-14 13:48:18,708 [1] INFO wpfTest.Source.Log - shownumber() - 동작
2023-12-14 13:48:19,539 [1] INFO wpfTest.Source.Log - key3_MouseLeftButtonDown() - 동작
2023-12-14 13:48:19,551 [1] INFO wpfTest.Source.Log - shownumber() - 동작
2023-12-14 13:48:19,733 [1] INFO wpfTest.Source.Log - key4_MouseLeftButtonDown() - 동작
2023-12-14 13:48:19,744 [1] INFO wpfTest.Source.Log - shownumber() - 동작
2023-12-14 13:48:20,193 [1] INFO wpfTest.Source.Log - keyC_MouseLeftButtonDown() - 동작
2023-12-14 13:48:20,208 [1] INFO wpfTest.Source.Log - shownumber() - 동작
2023-12-14 13:48:20,656 [1] INFO wpfTest.Source.Log - key8_MouseLeftButtonDown() - 동작
2023-12-14 13:48:20,672 [1] INFO wpfTest.Source.Log - shownumber() - 동작
2023-12-14 13:48:21,406 [1] INFO wpfTest.Source.Log - keyOK_MouseLeftButtonDown() - 동작
2023-12-14 13:48:21,692 [1] INFO wpfTest.Source.Log - 타이머 종료됨
2023-12-14 13:48:21,692 [1] INFO wpfTest.Source.Log - Dispose() - 동작
2023-12-14 13:48:21,693 [1] INFO wpfTest.Source.Log - PageSelect Level 진입
2023-12-14 13:48:21,703 [1] DEBUG wpfTest.Source.Log - Grid_Loaded() | PageSelect 세팅 로딩
2023-12-14 13:48:21,744 [1] DEBUG wpfTest.Source.Log - pagetextshow() | 페이지 장수 확인
2023-12-14 13:48:21,744 [1] INFO wpfTest.Source.Log - 타이머 시작
2023-12-14 13:48:24,626 [1] DEBUG wpfTest.Source.Log - BackBtn_MouseLeftButtonDown() | 뒷 페이지 넘어가기 이미지 클릭
2023-12-14 13:48:24,626 [1] INFO wpfTest.Source.Log - 타이머 멈춤
2023-12-14 13:48:24,654 [1] INFO wpfTest.Source.Log - TempSelect Level 진입
2023-12-14 13:48:24,657 [1] INFO wpfTest.Source.Log - Grid_Loaded() - 동작
2023-12-14 13:48:25,701 [1] DEBUG wpfTest.Source.Log - Window_KeyDown() | F4 입력(프로그램 종료 키)
2023-12-14 13:48:25,701 [1] DEBUG wpfTest.Source.Log - DataSend() | 동작
2023-12-14 13:48:25,701 [1] INFO wpfTest.Source.Log - 프로그램 종료
2023-12-14 14:02:12,222 [1] INFO wpfTest.Source.Log - ==========  Started application  ==========
2023-12-14 14:02:12,841 [1] INFO wpfTest.Source.Log - Main Level 진입
2023-12-14 14:02:13,033 [1] DEBUG wpfTest.Source.Log - Window_Loaded() Start : 설정 값 로드 중
2023-12-14 14:02:13,034 [1] INFO wpfTest.Source.Log - 이전 파일 삭제
2023-12-14 14:02:13,035 [1] INFO wpfTest.Source.Log - 파일삭제 완료
2023-12-14 14:02:13,035 [1] INFO wpfTest.Source.Log - 파일삭제 완료
2023-12-14 14:02:13,035 [1] INFO wpfTest.Source.Log - 파일삭제 완료
2023-12-14 14:02:13,478 [1] DEBUG wpfTest.Source.Log - Window_Loaded() 로드 완료
2023-12-14 14:02:13,481 [1] DEBUG wpfTest.Source.Log - Grid_Loaded() | Main Level 설정 값 로드(자동연결)
2023-12-14 14:02:13,496 [1] INFO wpfTest.Source.Log - 타이머 시작
2023-12-14 14:02:13,949 [1] INFO wpfTest.Source.Log - Canon 카메라 연결 완료
2023-12-14 14:02:13,959 [1] DEBUG wpfTest.Source.Log - BillMachineOpenSession() | 지폐기 자동연걸 시작
2023-12-14 14:02:13,961 [1] INFO wpfTest.Source.Log - 컴포트 : COM5으로 연결되었습니다.
2023-12-14 14:02:13,961 [1] DEBUG wpfTest.Source.Log - DataSend() | 동작
2023-12-14 14:02:14,462 [1] DEBUG wpfTest.Source.Log - DataSend() | 동작
2023-12-14 14:02:15,592 [1] DEBUG wpfTest.Source.Log - Touchimg_MouseLeftButtonDown() | PageSelct 페이지로 가는 버튼 클릭
2023-12-14 14:02:15,842 [1] INFO wpfTest.Source.Log - Canon 카메라 세션 닫힘
2023-12-14 14:02:15,854 [1] INFO wpfTest.Source.Log - 타이머 종료
2023-12-14 14:02:15,868 [1] INFO wpfTest.Source.Log - TempSelect Level 진입
2023-12-14 14:02:15,873 [1] INFO wpfTest.Source.Log - Grid_Loaded() - 동작
2023-12-14 14:02:18,365 [1] DEBUG wpfTest.Source.Log - Window_KeyDown() | F4 입력(프로그램 종료 키)
2023-12-14 14:02:18,366 [1] DEBUG wpfTest.Source.Log - DataSend() | 동작
2023-12-14 14:02:18,366 [1] INFO wpfTest.Source.Log - 프로그램 종료
2023-12-14 14:03:11,958 [1] INFO wpfTest.Source.Log - ==========  Started application  ==========
2023-12-14 14:03:12,561 [1] INFO wpfTest.Source.Log - Main Level 진입
2023-12-14 14:03:12,735 [1] DEBUG wpfTest.Source.Log - Window_Loaded() Start : 설정 값 로드 중
2023-12-14 14:03:12,736 [1] INFO wpfTest.Source.Log - 이전 파일 삭제
2023-12-14 14:03:12,737 [1] INFO wpfTest.Source.Log - 파일삭제 완료
2023-12-14 14:03:12,738 [1] INFO wpfTest.Source.Log - 파일삭제 완료
2023-12-14 14:03:12,738 [1] INFO wpfTest.Source.Log - 파일삭제 완료
2023-12-14 14:03:13,150 [1] DEBUG wpfTest.Source.Log - Window_Loaded() 로드 완료
2023-12-14 14:03:13,152 [1] DEBUG wpfTest.Source.Log - Grid_Loaded() | Main Level 설정 값 로드(자동연결)
2023-12-14 14:03:13,167 [1] INFO wpfTest.Source.Log - 타이머 시작
2023-12-14 14:03:13,614 [1] INFO wpfTest.Source.Log - Canon 카메라 연결 완료
2023-12-14 14:03:13,624 [1] DEBUG wpfTest.Source.Log - BillMachineOpenSession() | 지폐기 자동연걸 시작
2023-12-14 14:03:13,626 [1] INFO wpfTest.Source.Log - 컴포트 : COM5으로 연결되었습니다.
2023-12-14 14:03:13,626 [1] DEBUG wpfTest.Source.Log - DataSend() | 동작
2023-12-14 14:03:14,128 [1] DEBUG wpfTest.Source.Log - DataSend() | 동작
2023-12-14 14:03:18,639 [1] DEBUG wpfTest.Source.Log - Touchimg_MouseLeftButtonDown() | PageSelct 페이지로 가는 버튼 클릭
2023-12-14 14:03:18,875 [1] INFO wpfTest.Source.Log - Canon 카메라 세션 닫힘
2023-12-14 14:03:18,888 [1] INFO wpfTest.Source.Log - 타이머 종료
2023-12-14 14:03:18,902 [1] INFO wpfTest.Source.Log - TempSelect Level 진입
2023-12-14 14:03:18,907 [1] INFO wpfTest.Source.Log - Grid_Loaded() - 동작
2023-12-14 14:03:22,590 [1] DEBUG wpfTest.Source.Log - Window_KeyDown() | F4 입력(프로그램 종료 키)
2023-12-14 14:03:22,590 [1] DEBUG wpfTest.Source.Log - DataSend() | 동작
2023-12-14 14:03:22,591 [1] INFO wpfTest.Source.Log - 프로그램 종료
2023-12-14 14:03:38,089 [1] INFO wpfTest.Source.Log - ==========  Started application  ==========
2023-12-14 14:03:38,714 [1] INFO wpfTest.Source.Log - Main Level 진입
2023-12-14 14:03:38,906 [1] DEBUG wpfTest.Source.Log - Window_Loaded() Start : 설정 값 로드 중
2023-12-14 14:03:38,907 [1] INFO wpfTest.Source.Log - 이전 파일 삭제
2023-12-14 14:03:38,908 [1] INFO wpfTest.Source.Log - 파일삭제 완료
2023-12-14 14:03:38,909 [1] INFO wpfTest.Source.Log - 파일삭제 완료
2023-12-14 14:03:38,909 [1] INFO wpfTest.Source.Log - 파일삭제 완료
2023-12-14 14:03:39,338 [1] DEBUG wpfTest.Source.Log - Window_Loaded() 로드 완료
2023-12-14 14:03:39,340 [1] DEBUG wpfTest.Source.Log - Grid_Loaded() | Main Level 설정 값 로드(자동연결)
2023-12-14 14:03:39,360 [1] INFO wpfTest.Source.Log - 타이머 시작
2023-12-14 14:03:39,799 [1] INFO wpfTest.Source.Log - Canon 카메라 연결 완료
2023-12-14 14:03:39,809 [1] DEBUG wpfTest.Source.Log - BillMachineOpenSession() | 지폐기 자동연걸 시작
2023-12-14 14:03:39,810 [1] INFO wpfTest.Source.Log - 컴포트 : COM5으로 연결되었습니다.
2023-12-14 14:03:39,811 [1] DEBUG wpfTest.Source.Log - DataSend() | 동작
2023-12-14 14:03:40,312 [1] DEBUG wpfTest.Source.Log - DataSend() | 동작
2023-12-14 14:03:40,958 [1] DEBUG wpfTest.Source.Log - Touchimg_MouseLeftButtonDown() | PageSelct 페이지로 가는 버튼 클릭
2023-12-14 14:03:41,207 [1] INFO wpfTest.Source.Log - Canon 카메라 세션 닫힘
2023-12-14 14:03:41,218 [1] INFO wpfTest.Source.Log - 타이머 종료
2023-12-14 14:03:41,234 [1] INFO wpfTest.Source.Log - TempSelect Level 진입
2023-12-14 14:03:41,239 [1] INFO wpfTest.Source.Log - Grid_Loaded() - 동작
2023-12-14 14:03:42,121 [1] INFO wpfTest.Source.Log - NextImg_MouseLeftButtonDown() - 동작
2023-12-14 14:03:42,135 [1] INFO wpfTest.Source.Log - 선택한 템플릿 : 1
2023-12-14 14:03:42,166 [1] INFO wpfTest.Source.Log - PageSelect Level 진입
2023-12-14 14:03:42,175 [1] DEBUG wpfTest.Source.Log - Grid_Loaded() | PageSelect 세팅 로딩
2023-12-14 14:03:42,245 [1] DEBUG wpfTest.Source.Log - pagetextshow() | 페이지 장수 확인
2023-12-14 14:03:42,246 [1] INFO wpfTest.Source.Log - 타이머 시작
2023-12-14 14:03:43,125 [1] INFO wpfTest.Source.Log - CouponApply_MouseLeftButtonDown() - 동작
2023-12-14 14:03:44,518 [1] INFO wpfTest.Source.Log - CouponTBFront_MouseLeftButtonDown() - 동작
2023-12-14 14:03:44,519 [1] INFO wpfTest.Source.Log - 타이머 종료
2023-12-14 14:03:44,534 [1] INFO wpfTest.Source.Log - Coupon Page 진입
2023-12-14 14:03:44,558 [1] INFO wpfTest.Source.Log - Grid_Loaded() - 동작
2023-12-14 14:03:47,928 [1] INFO wpfTest.Source.Log - keyF_MouseLeftButtonDown() - 동작
2023-12-14 14:03:47,928 [1] INFO wpfTest.Source.Log - shownumber() - 동작
2023-12-14 14:03:48,378 [1] INFO wpfTest.Source.Log - keyB_MouseLeftButtonDown() - 동작
2023-12-14 14:03:48,388 [1] INFO wpfTest.Source.Log - shownumber() - 동작
2023-12-14 14:03:52,716 [1] INFO wpfTest.Source.Log - key6_MouseLeftButtonDown() - 동작
2023-12-14 14:03:52,716 [1] INFO wpfTest.Source.Log - shownumber() - 동작
2023-12-14 14:03:53,153 [1] INFO wpfTest.Source.Log - keyC_MouseLeftButtonDown() - 동작
2023-12-14 14:03:53,168 [1] INFO wpfTest.Source.Log - shownumber() - 동작
2023-12-14 14:03:58,477 [1] INFO wpfTest.Source.Log - key6_MouseLeftButtonDown() - 동작
2023-12-14 14:03:58,478 [1] INFO wpfTest.Source.Log - shownumber() - 동작
2023-12-14 14:03:59,156 [1] INFO wpfTest.Source.Log - key8_MouseLeftButtonDown() - 동작
2023-12-14 14:03:59,166 [1] INFO wpfTest.Source.Log - shownumber() - 동작
2023-12-14 14:03:59,889 [1] INFO wpfTest.Source.Log - key3_MouseLeftButtonDown() - 동작
2023-12-14 14:03:59,901 [1] INFO wpfTest.Source.Log - shownumber() - 동작
2023-12-14 14:04:00,176 [1] INFO wpfTest.Source.Log - key4_MouseLeftButtonDown() - 동작
2023-12-14 14:04:00,184 [1] INFO wpfTest.Source.Log - shownumber() - 동작
2023-12-14 14:04:01,626 [1] INFO wpfTest.Source.Log - keyC_MouseLeftButtonDown() - 동작
2023-12-14 14:04:01,627 [1] INFO wpfTest.Source.Log - shownumber() - 동작
2023-12-14 14:04:02,091 [1] INFO wpfTest.Source.Log - key8_MouseLeftButtonDown() - 동작
2023-12-14 14:04:02,100 [1] INFO wpfTest.Source.Log - shownumber() - 동작
2023-12-14 14:04:02,682 [1] INFO wpfTest.Source.Log - keyOK_MouseLeftButtonDown() - 동작
2023-12-14 14:04:02,992 [1] INFO wpfTest.Source.Log - 타이머 종료됨
2023-12-14 14:04:02,992 [1] INFO wpfTest.Source.Log - Dispose() - 동작
2023-12-14 14:04:02,993 [1] INFO wpfTest.Source.Log - PageSelect Level 진입
2023-12-14 14:04:02,998 [1] DEBUG wpfTest.Source.Log - Grid_Loaded() | PageSelect 세팅 로딩
2023-12-14 14:04:03,040 [1] DEBUG wpfTest.Source.Log - pagetextshow() | 페이지 장수 확인
2023-12-14 14:04:03,040 [1] INFO wpfTest.Source.Log - 타이머 시작
2023-12-14 14:04:04,101 [1] DEBUG wpfTest.Source.Log - NextBtn_MouseLeftButtonDown() | 다음 버튼 클릭
2023-12-14 14:04:04,101 [1] INFO wpfTest.Source.Log - 선택한 장 수 : 2
2023-12-14 14:04:04,116 [1] INFO wpfTest.Source.Log - 선택된 결제 금액 : 0
2023-12-14 14:04:04,117 [1] INFO wpfTest.Source.Log - ChangeDBvalue() - 동작
2023-12-14 14:04:04,166 [1] INFO wpfTest.Source.Log - 쿠폰 정보가 업데이트되었습니다. 업데이트 된 쿠폰번호 : FB6C6834C8
2023-12-14 14:04:04,177 [1] INFO wpfTest.Source.Log - 캐논 촬영 페이지 진입
2023-12-14 14:04:04,182 [1] INFO wpfTest.Source.Log - Grid_Loaded() - 동작
2023-12-14 14:04:04,629 [1] DEBUG wpfTest.Source.Log - Delay() | 딜레이 시작 딜레이 시간(단위 : ms) : 1000
2023-12-14 14:04:06,148 [1] INFO wpfTest.Source.Log - screenCapture = new ScreenCaptureStream(recordingArea);
2023-12-14 14:04:06,187 [1] INFO wpfTest.Source.Log - videoWriter = new VideoFileWriter();
2023-12-14 14:04:06,254 [1] INFO wpfTest.Source.Log - videoWriter.Open(outputFileName, recordingArea.Width, recordingArea.Height, 30, VideoCodec.H264, 1000000);
2023-12-14 14:04:08,705 [1] DEBUG wpfTest.Source.Log - Window_KeyDown() | F4 입력(프로그램 종료 키)
2023-12-14 14:04:09,066 [1] INFO wpfTest.Source.Log - 캐논 카메라 종료
2023-12-14 14:04:09,067 [1] DEBUG wpfTest.Source.Log - DataSend() | 동작
2023-12-14 14:04:09,067 [1] INFO wpfTest.Source.Log - 프로그램 종료
2023-12-14 14:04:09,069 [21] ERROR wpfTest.Source.Log - ErrorHandler_SevereErrorHappened() - COMM_DISCONNECTED
2023-12-14 14:05:42,013 [1] INFO wpfTest.Source.Log - ==========  Started application  ==========
2023-12-14 14:05:42,619 [1] INFO wpfTest.Source.Log - Main Level 진입
2023-12-14 14:05:42,796 [1] DEBUG wpfTest.Source.Log - Window_Loaded() Start : 설정 값 로드 중
2023-12-14 14:05:42,796 [1] INFO wpfTest.Source.Log - 이전 파일 삭제
2023-12-14 14:05:42,798 [1] INFO wpfTest.Source.Log - 파일삭제 완료
2023-12-14 14:05:42,798 [1] INFO wpfTest.Source.Log - 파일삭제 완료
2023-12-14 14:05:42,798 [1] INFO wpfTest.Source.Log - 파일삭제 완료
2023-12-14 14:05:43,255 [1] DEBUG wpfTest.Source.Log - Window_Loaded() 로드 완료
2023-12-14 14:05:43,258 [1] DEBUG wpfTest.Source.Log - Grid_Loaded() | Main Level 설정 값 로드(자동연결)
2023-12-14 14:05:43,273 [1] INFO wpfTest.Source.Log - 타이머 시작
2023-12-14 14:05:43,730 [1] INFO wpfTest.Source.Log - Canon 카메라 연결 완료
2023-12-14 14:05:43,740 [1] DEBUG wpfTest.Source.Log - BillMachineOpenSession() | 지폐기 자동연걸 시작
2023-12-14 14:05:43,742 [1] INFO wpfTest.Source.Log - 컴포트 : COM5으로 연결되었습니다.
2023-12-14 14:05:43,742 [1] DEBUG wpfTest.Source.Log - DataSend() | 동작
2023-12-14 14:05:44,243 [1] DEBUG wpfTest.Source.Log - DataSend() | 동작
2023-12-14 14:05:45,169 [1] DEBUG wpfTest.Source.Log - Window_KeyDown() | F12 입력(설정창 진입 키)
2023-12-14 14:05:45,261 [1] INFO wpfTest.Source.Log - Main Level 타이머 종료
2023-12-14 14:05:45,498 [1] INFO wpfTest.Source.Log - Canon 카메라 세션 닫힘
2023-12-14 14:05:45,509 [1] INFO wpfTest.Source.Log - 옵션 메뉴 이동
2023-12-14 14:05:45,520 [1] INFO wpfTest.Source.Log - 옵션 페이지 진입
2023-12-14 14:05:45,844 [1] DEBUG wpfTest.Source.Log - Grid_Loaded() | 옵션페이지 셋팅값 로딩
2023-12-14 14:05:45,921 [1] DEBUG wpfTest.Source.Log - LoadSetting() | 로드된 값 세팅
2023-12-14 14:05:45,922 [1] DEBUG wpfTest.Source.Log - BUse_Checked() | 지폐기 사용 클릭
2023-12-14 14:05:45,922 [1] DEBUG wpfTest.Source.Log - CheckSerial() | 지폐기 자동연결 작동
2023-12-14 14:05:45,955 [1] INFO wpfTest.Source.Log - CardCheckSerial() - 동작 | 카드 리더기 자동연결
2023-12-14 14:05:45,971 [1] DEBUG wpfTest.Source.Log - Canon_Checked() | 캐논 카메라 체크
2023-12-14 14:05:45,971 [1] DEBUG wpfTest.Source.Log - timeruse_Checked () | 타이머 사용 체크
2023-12-14 14:05:45,971 [1] DEBUG wpfTest.Source.Log - PageTimeSet_SelectionChanged() + | 페이지 타이머 변경
2023-12-14 14:05:45,987 [1] DEBUG wpfTest.Source.Log - MoneySettingCoBox_SelectionChanged() | 돈 셋팅 변경
2023-12-14 14:05:46,002 [1] INFO wpfTest.Source.Log - PageSettingMoney_SelectionChanged() - 동작
2023-12-14 14:05:46,002 [1] DEBUG wpfTest.Source.Log - PhotoTimeSet_SelectionChanged() | 포토 타임 변경
2023-12-14 14:05:46,018 [1] DEBUG wpfTest.Source.Log - OffSetXCoBox_SelectionChanged() | offsetx 변경
2023-12-14 14:05:46,033 [1] DEBUG wpfTest.Source.Log - OffSetYCoBox_SelectionChanged() | offsety 변경
2023-12-14 14:05:46,050 [1] DEBUG wpfTest.Source.Log - FactorXCoBox_SelectionChanged() | factorX 변경
2023-12-14 14:05:46,076 [1] DEBUG wpfTest.Source.Log - FactorYCoBox_SelectionChanged() | FactorY 변경
2023-12-14 14:05:46,076 [1] DEBUG wpfTest.Source.Log - TempSelectCB_SelectionChanged() | 템플릿 번호 변경
2023-12-14 14:05:46,101 [1] DEBUG wpfTest.Source.Log - FlipNotUse_Checked () | 좌우반전 사용안함
2023-12-14 14:05:46,128 [1] INFO wpfTest.Source.Log - 세션 열림
2023-12-14 14:05:46,421 [1] DEBUG wpfTest.Source.Log - AVCoBox_SelectionChanged_1() | AV박스 아이템 변경
2023-12-14 14:05:46,444 [1] DEBUG wpfTest.Source.Log - TvCoBox_SelectionChanged_1() | TV 값 변경
2023-12-14 14:05:46,473 [1] DEBUG wpfTest.Source.Log - ISOCoBox_SelectionChanged_1() | ISO값 변경
2023-12-14 14:05:50,456 [1] DEBUG wpfTest.Source.Log - button_Click() | 저장버튼 클릭
2023-12-14 14:05:50,714 [1] DEBUG wpfTest.Source.Log - ToMain_Click() | 메인 버튼 클릭
2023-12-14 14:05:51,219 [1] DEBUG wpfTest.Source.Log - CloseSession() | 세션 닫힘
2023-12-14 14:05:51,454 [1] DEBUG wpfTest.Source.Log - AVCoBox_SelectionChanged_1() | AV박스 아이템 변경
2023-12-14 14:05:51,454 [1] DEBUG wpfTest.Source.Log - TvCoBox_SelectionChanged_1() | TV 값 변경
2023-12-14 14:05:51,454 [1] DEBUG wpfTest.Source.Log - ISOCoBox_SelectionChanged_1() | ISO값 변경
2023-12-14 14:05:52,142 [1] INFO wpfTest.Source.Log - Main Level 진입
2023-12-14 14:05:52,193 [1] DEBUG wpfTest.Source.Log - Grid_Loaded() | Main Level 설정 값 로드(자동연결)
2023-12-14 14:05:52,194 [1] INFO wpfTest.Source.Log - 타이머 시작
2023-12-14 14:05:52,610 [1] INFO wpfTest.Source.Log - Canon 카메라 연결 완료
2023-12-14 14:05:52,627 [1] DEBUG wpfTest.Source.Log - BillMachineOpenSession() | 지폐기 자동연걸 시작
2023-12-14 14:05:53,216 [1] DEBUG wpfTest.Source.Log - Touchimg_MouseLeftButtonDown() | PageSelct 페이지로 가는 버튼 클릭
2023-12-14 14:05:53,452 [1] INFO wpfTest.Source.Log - Canon 카메라 세션 닫힘
2023-12-14 14:05:53,471 [1] INFO wpfTest.Source.Log - 타이머 종료
2023-12-14 14:05:53,492 [1] INFO wpfTest.Source.Log - TempSelect Level 진입
2023-12-14 14:05:53,507 [1] INFO wpfTest.Source.Log - Grid_Loaded() - 동작
2023-12-14 14:05:54,496 [1] INFO wpfTest.Source.Log - NextImg_MouseLeftButtonDown() - 동작
2023-12-14 14:05:54,507 [1] INFO wpfTest.Source.Log - 선택한 템플릿 : 1
2023-12-14 14:05:54,537 [1] INFO wpfTest.Source.Log - PageSelect Level 진입
2023-12-14 14:05:54,549 [1] DEBUG wpfTest.Source.Log - Grid_Loaded() | PageSelect 세팅 로딩
2023-12-14 14:05:54,653 [1] DEBUG wpfTest.Source.Log - pagetextshow() | 페이지 장수 확인
2023-12-14 14:05:54,653 [1] INFO wpfTest.Source.Log - 타이머 시작
2023-12-14 14:05:55,118 [1] INFO wpfTest.Source.Log - pageimg2_MouseLeftButtonDown() | 동작 | PageSelect 페이지
2023-12-14 14:05:55,132 [1] DEBUG wpfTest.Source.Log - pagetextshow() | 페이지 장수 확인
2023-12-14 14:05:55,227 [1] INFO wpfTest.Source.Log - pageimg2_MouseLeftButtonDown() | 동작 | PageSelect 페이지
2023-12-14 14:05:55,236 [1] DEBUG wpfTest.Source.Log - pagetextshow() | 페이지 장수 확인
2023-12-14 14:05:55,357 [1] INFO wpfTest.Source.Log - pageimg2_MouseLeftButtonDown() | 동작 | PageSelect 페이지
2023-12-14 14:05:55,372 [1] DEBUG wpfTest.Source.Log - pagetextshow() | 페이지 장수 확인
2023-12-14 14:05:56,353 [1] DEBUG wpfTest.Source.Log - BackBtn_MouseLeftButtonDown() | 뒷 페이지 넘어가기 이미지 클릭
2023-12-14 14:05:56,353 [1] INFO wpfTest.Source.Log - 타이머 멈춤
2023-12-14 14:05:56,387 [1] INFO wpfTest.Source.Log - TempSelect Level 진입
2023-12-14 14:05:56,391 [1] INFO wpfTest.Source.Log - Grid_Loaded() - 동작
2023-12-14 14:05:56,948 [1] INFO wpfTest.Source.Log - SelectFullCut_MouseLeftButtonDown() - 동작
2023-12-14 14:05:58,102 [1] INFO wpfTest.Source.Log - NextImg_MouseLeftButtonDown() - 동작
2023-12-14 14:05:58,102 [1] INFO wpfTest.Source.Log - 선택한 템플릿 : 4
2023-12-14 14:05:58,134 [1] INFO wpfTest.Source.Log - PageSelect Level 진입
2023-12-14 14:05:58,142 [1] DEBUG wpfTest.Source.Log - Grid_Loaded() | PageSelect 세팅 로딩
2023-12-14 14:05:58,230 [1] DEBUG wpfTest.Source.Log - pagetextshow() | 페이지 장수 확인
2023-12-14 14:05:58,230 [1] INFO wpfTest.Source.Log - 타이머 시작
2023-12-14 14:05:58,767 [1] INFO wpfTest.Source.Log - pageimg2_MouseLeftButtonDown() | 동작 | PageSelect 페이지
2023-12-14 14:05:58,776 [1] DEBUG wpfTest.Source.Log - pagetextshow() | 페이지 장수 확인
2023-12-14 14:05:58,876 [1] INFO wpfTest.Source.Log - pageimg2_MouseLeftButtonDown() | 동작 | PageSelect 페이지
2023-12-14 14:05:58,891 [1] DEBUG wpfTest.Source.Log - pagetextshow() | 페이지 장수 확인
2023-12-14 14:05:58,997 [1] INFO wpfTest.Source.Log - pageimg2_MouseLeftButtonDown() | 동작 | PageSelect 페이지
2023-12-14 14:05:59,007 [1] DEBUG wpfTest.Source.Log - pagetextshow() | 페이지 장수 확인
2023-12-14 14:05:59,784 [1] DEBUG wpfTest.Source.Log - BackBtn_MouseLeftButtonDown() | 뒷 페이지 넘어가기 이미지 클릭
2023-12-14 14:05:59,784 [1] INFO wpfTest.Source.Log - 타이머 멈춤
2023-12-14 14:05:59,823 [1] INFO wpfTest.Source.Log - TempSelect Level 진입
2023-12-14 14:05:59,827 [1] INFO wpfTest.Source.Log - Grid_Loaded() - 동작
2023-12-14 14:06:00,299 [1] INFO wpfTest.Source.Log - BackBtn_MouseLeftButtonDown() - 동작
2023-12-14 14:06:00,329 [1] INFO wpfTest.Source.Log - Main Level 진입
2023-12-14 14:06:00,333 [1] DEBUG wpfTest.Source.Log - Grid_Loaded() | Main Level 설정 값 로드(자동연결)
2023-12-14 14:06:00,333 [1] INFO wpfTest.Source.Log - 타이머 시작
2023-12-14 14:06:00,333 [1] DEBUG wpfTest.Source.Log - BillMachineOpenSession() | 지폐기 자동연걸 시작
2023-12-14 14:06:02,565 [1] DEBUG wpfTest.Source.Log - Window_KeyDown() | F12 입력(설정창 진입 키)
2023-12-14 14:06:03,341 [1] INFO wpfTest.Source.Log - Main Level 타이머 종료
2023-12-14 14:06:03,341 [1] INFO wpfTest.Source.Log - Canon 카메라 세션 닫힘
2023-12-14 14:06:03,353 [1] INFO wpfTest.Source.Log - 옵션 메뉴 이동
2023-12-14 14:06:03,361 [1] INFO wpfTest.Source.Log - 옵션 페이지 진입
2023-12-14 14:06:03,590 [1] DEBUG wpfTest.Source.Log - Grid_Loaded() | 옵션페이지 셋팅값 로딩
2023-12-14 14:06:03,595 [1] DEBUG wpfTest.Source.Log - LoadSetting() | 로드된 값 세팅
2023-12-14 14:06:03,595 [1] DEBUG wpfTest.Source.Log - BUse_Checked() | 지폐기 사용 클릭
2023-12-14 14:06:03,596 [1] DEBUG wpfTest.Source.Log - CheckSerial() | 지폐기 자동연결 작동
2023-12-14 14:06:03,626 [1] INFO wpfTest.Source.Log - CardCheckSerial() - 동작 | 카드 리더기 자동연결
2023-12-14 14:06:03,641 [1] DEBUG wpfTest.Source.Log - Canon_Checked() | 캐논 카메라 체크
2023-12-14 14:06:03,641 [1] DEBUG wpfTest.Source.Log - timeruse_Checked () | 타이머 사용 체크
2023-12-14 14:06:03,641 [1] DEBUG wpfTest.Source.Log - PageTimeSet_SelectionChanged() + | 페이지 타이머 변경
2023-12-14 14:06:03,658 [1] DEBUG wpfTest.Source.Log - MoneySettingCoBox_SelectionChanged() | 돈 셋팅 변경
2023-12-14 14:06:03,687 [1] INFO wpfTest.Source.Log - PageSettingMoney_SelectionChanged() - 동작
2023-12-14 14:06:03,688 [1] DEBUG wpfTest.Source.Log - PhotoTimeSet_SelectionChanged() | 포토 타임 변경
2023-12-14 14:06:03,717 [1] DEBUG wpfTest.Source.Log - OffSetXCoBox_SelectionChanged() | offsetx 변경
2023-12-14 14:06:03,734 [1] DEBUG wpfTest.Source.Log - OffSetYCoBox_SelectionChanged() | offsety 변경
2023-12-14 14:06:03,750 [1] DEBUG wpfTest.Source.Log - FactorXCoBox_SelectionChanged() | factorX 변경
2023-12-14 14:06:03,766 [1] DEBUG wpfTest.Source.Log - FactorYCoBox_SelectionChanged() | FactorY 변경
2023-12-14 14:06:03,766 [1] DEBUG wpfTest.Source.Log - TempSelectCB_SelectionChanged() | 템플릿 번호 변경
2023-12-14 14:06:03,783 [1] DEBUG wpfTest.Source.Log - FlipNotUse_Checked () | 좌우반전 사용안함
2023-12-14 14:06:03,798 [1] INFO wpfTest.Source.Log - 세션 열림
2023-12-14 14:06:04,089 [1] DEBUG wpfTest.Source.Log - AVCoBox_SelectionChanged_1() | AV박스 아이템 변경
2023-12-14 14:06:04,111 [1] DEBUG wpfTest.Source.Log - TvCoBox_SelectionChanged_1() | TV 값 변경
2023-12-14 14:06:04,140 [1] DEBUG wpfTest.Source.Log - ISOCoBox_SelectionChanged_1() | ISO값 변경
2023-12-14 14:06:06,279 [1] DEBUG wpfTest.Source.Log - MoneySettingCoBox_SelectionChanged() | 돈 셋팅 변경
2023-12-14 14:06:07,401 [1] INFO wpfTest.Source.Log - PageSettingMoney_SelectionChanged() - 동작
2023-12-14 14:06:08,581 [1] DEBUG wpfTest.Source.Log - button_Click() | 저장버튼 클릭
2023-12-14 14:06:08,772 [1] DEBUG wpfTest.Source.Log - ToMain_Click() | 메인 버튼 클릭
2023-12-14 14:06:09,273 [1] DEBUG wpfTest.Source.Log - CloseSession() | 세션 닫힘
2023-12-14 14:06:09,507 [1] DEBUG wpfTest.Source.Log - AVCoBox_SelectionChanged_1() | AV박스 아이템 변경
2023-12-14 14:06:09,508 [1] DEBUG wpfTest.Source.Log - TvCoBox_SelectionChanged_1() | TV 값 변경
2023-12-14 14:06:09,508 [1] DEBUG wpfTest.Source.Log - ISOCoBox_SelectionChanged_1() | ISO값 변경
2023-12-14 14:06:10,184 [1] INFO wpfTest.Source.Log - Main Level 진입
2023-12-14 14:06:10,235 [1] DEBUG wpfTest.Source.Log - Grid_Loaded() | Main Level 설정 값 로드(자동연결)
2023-12-14 14:06:10,236 [1] INFO wpfTest.Source.Log - 타이머 시작
2023-12-14 14:06:10,665 [1] INFO wpfTest.Source.Log - Canon 카메라 연결 완료
2023-12-14 14:06:10,684 [1] DEBUG wpfTest.Source.Log - BillMachineOpenSession() | 지폐기 자동연걸 시작
2023-12-14 14:06:12,721 [1] DEBUG wpfTest.Source.Log - Touchimg_MouseLeftButtonDown() | PageSelct 페이지로 가는 버튼 클릭
2023-12-14 14:06:12,956 [1] INFO wpfTest.Source.Log - Canon 카메라 세션 닫힘
2023-12-14 14:06:12,974 [1] INFO wpfTest.Source.Log - 타이머 종료
2023-12-14 14:06:13,004 [1] INFO wpfTest.Source.Log - TempSelect Level 진입
2023-12-14 14:06:13,009 [1] INFO wpfTest.Source.Log - Grid_Loaded() - 동작
2023-12-14 14:06:13,977 [1] INFO wpfTest.Source.Log - NextImg_MouseLeftButtonDown() - 동작
2023-12-14 14:06:13,991 [1] INFO wpfTest.Source.Log - 선택한 템플릿 : 1
2023-12-14 14:06:14,017 [1] INFO wpfTest.Source.Log - PageSelect Level 진입
2023-12-14 14:06:14,025 [1] DEBUG wpfTest.Source.Log - Grid_Loaded() | PageSelect 세팅 로딩
2023-12-14 14:06:14,097 [1] DEBUG wpfTest.Source.Log - pagetextshow() | 페이지 장수 확인
2023-12-14 14:06:14,097 [1] INFO wpfTest.Source.Log - 타이머 시작
2023-12-14 14:06:14,593 [1] INFO wpfTest.Source.Log - pageimg2_MouseLeftButtonDown() | 동작 | PageSelect 페이지
2023-12-14 14:06:14,607 [1] DEBUG wpfTest.Source.Log - pagetextshow() | 페이지 장수 확인
2023-12-14 14:06:14,694 [1] INFO wpfTest.Source.Log - pageimg2_MouseLeftButtonDown() | 동작 | PageSelect 페이지
2023-12-14 14:06:14,703 [1] DEBUG wpfTest.Source.Log - pagetextshow() | 페이지 장수 확인
2023-12-14 14:06:14,827 [1] INFO wpfTest.Source.Log - pageimg2_MouseLeftButtonDown() | 동작 | PageSelect 페이지
2023-12-14 14:06:14,840 [1] DEBUG wpfTest.Source.Log - pagetextshow() | 페이지 장수 확인
2023-12-14 14:06:16,889 [1] DEBUG wpfTest.Source.Log - BackBtn_MouseLeftButtonDown() | 뒷 페이지 넘어가기 이미지 클릭
2023-12-14 14:06:16,889 [1] INFO wpfTest.Source.Log - 타이머 멈춤
2023-12-14 14:06:16,913 [1] INFO wpfTest.Source.Log - TempSelect Level 진입
2023-12-14 14:06:16,918 [1] INFO wpfTest.Source.Log - Grid_Loaded() - 동작
2023-12-14 14:06:17,880 [1] DEBUG wpfTest.Source.Log - Window_KeyDown() | F4 입력(프로그램 종료 키)
2023-12-14 14:06:17,881 [1] DEBUG wpfTest.Source.Log - DataSend() | 동작
2023-12-14 14:06:17,881 [1] INFO wpfTest.Source.Log - 프로그램 종료
2023-12-14 14:27:29,271 [1] INFO wpfTest.Source.Log - ==========  Started application  ==========
2023-12-14 14:27:29,875 [1] INFO wpfTest.Source.Log - Main Level 진입
2023-12-14 14:27:30,052 [1] DEBUG wpfTest.Source.Log - Window_Loaded() Start : 설정 값 로드 중
2023-12-14 14:27:30,053 [1] INFO wpfTest.Source.Log - 이전 파일 삭제
2023-12-14 14:27:30,055 [1] INFO wpfTest.Source.Log - 파일삭제 완료
2023-12-14 14:27:30,055 [1] INFO wpfTest.Source.Log - 파일삭제 완료
2023-12-14 14:27:30,055 [1] INFO wpfTest.Source.Log - 파일삭제 완료
2023-12-14 14:27:30,493 [1] DEBUG wpfTest.Source.Log - Window_Loaded() 로드 완료
2023-12-14 14:27:30,496 [1] DEBUG wpfTest.Source.Log - Grid_Loaded() | Main Level 설정 값 로드(자동연결)
2023-12-14 14:27:30,511 [1] INFO wpfTest.Source.Log - 타이머 시작
2023-12-14 14:27:30,957 [1] INFO wpfTest.Source.Log - Canon 카메라 연결 완료
2023-12-14 14:27:30,969 [1] DEBUG wpfTest.Source.Log - BillMachineOpenSession() | 지폐기 자동연걸 시작
2023-12-14 14:27:30,971 [1] INFO wpfTest.Source.Log - 컴포트 : COM5으로 연결되었습니다.
2023-12-14 14:27:30,971 [1] DEBUG wpfTest.Source.Log - DataSend() | 동작
2023-12-14 14:27:31,473 [1] DEBUG wpfTest.Source.Log - DataSend() | 동작
2023-12-14 14:27:32,663 [1] DEBUG wpfTest.Source.Log - Touchimg_MouseLeftButtonDown() | PageSelct 페이지로 가는 버튼 클릭
2023-12-14 14:27:32,900 [1] INFO wpfTest.Source.Log - Canon 카메라 세션 닫힘
2023-12-14 14:27:32,913 [1] INFO wpfTest.Source.Log - 타이머 종료
2023-12-14 14:27:32,927 [1] INFO wpfTest.Source.Log - TempSelect Level 진입
2023-12-14 14:27:32,931 [1] INFO wpfTest.Source.Log - Grid_Loaded() - 동작
2023-12-14 14:27:36,460 [1] DEBUG wpfTest.Source.Log - Window_KeyDown() | F4 입력(프로그램 종료 키)
2023-12-14 14:27:36,461 [1] DEBUG wpfTest.Source.Log - DataSend() | 동작
2023-12-14 14:27:36,461 [1] INFO wpfTest.Source.Log - 프로그램 종료
2023-12-14 14:27:56,737 [1] INFO wpfTest.Source.Log - ==========  Started application  ==========
2023-12-14 14:27:57,334 [1] INFO wpfTest.Source.Log - Main Level 진입
2023-12-14 14:27:57,513 [1] DEBUG wpfTest.Source.Log - Window_Loaded() Start : 설정 값 로드 중
2023-12-14 14:27:57,514 [1] INFO wpfTest.Source.Log - 이전 파일 삭제
2023-12-14 14:27:57,515 [1] INFO wpfTest.Source.Log - 파일삭제 완료
2023-12-14 14:27:57,515 [1] INFO wpfTest.Source.Log - 파일삭제 완료
2023-12-14 14:27:57,516 [1] INFO wpfTest.Source.Log - 파일삭제 완료
2023-12-14 14:27:57,974 [1] DEBUG wpfTest.Source.Log - Window_Loaded() 로드 완료
2023-12-14 14:27:57,976 [1] DEBUG wpfTest.Source.Log - Grid_Loaded() | Main Level 설정 값 로드(자동연결)
2023-12-14 14:27:57,993 [1] INFO wpfTest.Source.Log - 타이머 시작
2023-12-14 14:27:58,437 [1] INFO wpfTest.Source.Log - Canon 카메라 연결 완료
2023-12-14 14:27:58,448 [1] DEBUG wpfTest.Source.Log - BillMachineOpenSession() | 지폐기 자동연걸 시작
2023-12-14 14:27:58,449 [1] INFO wpfTest.Source.Log - 컴포트 : COM5으로 연결되었습니다.
2023-12-14 14:27:58,449 [1] DEBUG wpfTest.Source.Log - DataSend() | 동작
2023-12-14 14:27:58,951 [1] DEBUG wpfTest.Source.Log - DataSend() | 동작
2023-12-14 14:28:00,250 [1] DEBUG wpfTest.Source.Log - Touchimg_MouseLeftButtonDown() | PageSelct 페이지로 가는 버튼 클릭
2023-12-14 14:28:00,486 [1] INFO wpfTest.Source.Log - Canon 카메라 세션 닫힘
2023-12-14 14:28:00,496 [1] INFO wpfTest.Source.Log - 타이머 종료
2023-12-14 14:28:00,509 [1] INFO wpfTest.Source.Log - TempSelect Level 진입
2023-12-14 14:28:00,514 [1] INFO wpfTest.Source.Log - Grid_Loaded() - 동작
2023-12-14 14:28:01,577 [1] INFO wpfTest.Source.Log - NextImg_MouseLeftButtonDown() - 동작
2023-12-14 14:28:01,591 [1] INFO wpfTest.Source.Log - 선택한 템플릿 : 1
2023-12-14 14:28:01,635 [1] INFO wpfTest.Source.Log - PageSelect Level 진입
2023-12-14 14:28:01,643 [1] DEBUG wpfTest.Source.Log - Grid_Loaded() | PageSelect 세팅 로딩
2023-12-14 14:28:01,718 [1] DEBUG wpfTest.Source.Log - pagetextshow() | 페이지 장수 확인
2023-12-14 14:28:01,718 [1] INFO wpfTest.Source.Log - 타이머 시작
2023-12-14 14:28:02,525 [1] INFO wpfTest.Source.Log - pageimg2_MouseLeftButtonDown() | 동작 | PageSelect 페이지
2023-12-14 14:28:02,540 [1] DEBUG wpfTest.Source.Log - pagetextshow() | 페이지 장수 확인
2023-12-14 14:28:02,630 [1] INFO wpfTest.Source.Log - pageimg2_MouseLeftButtonDown() | 동작 | PageSelect 페이지
2023-12-14 14:28:02,643 [1] DEBUG wpfTest.Source.Log - pagetextshow() | 페이지 장수 확인
2023-12-14 14:28:02,745 [1] INFO wpfTest.Source.Log - pageimg2_MouseLeftButtonDown() | 동작 | PageSelect 페이지
2023-12-14 14:28:02,757 [1] DEBUG wpfTest.Source.Log - pagetextshow() | 페이지 장수 확인
2023-12-14 14:28:08,257 [1] INFO wpfTest.Source.Log - CouponApply_MouseLeftButtonDown() - 동작
2023-12-14 14:28:08,633 [1] INFO wpfTest.Source.Log - CouponTBFront_MouseLeftButtonDown() - 동작
2023-12-14 14:28:08,641 [1] INFO wpfTest.Source.Log - 타이머 종료
2023-12-14 14:28:08,656 [1] INFO wpfTest.Source.Log - Coupon Page 진입
2023-12-14 14:28:08,676 [1] INFO wpfTest.Source.Log - Grid_Loaded() - 동작
2023-12-14 14:28:09,803 [1] INFO wpfTest.Source.Log - key9_MouseLeftButtonDown() - 동작
2023-12-14 14:28:09,803 [1] INFO wpfTest.Source.Log - shownumber() - 동작
2023-12-14 14:28:10,068 [1] INFO wpfTest.Source.Log - key8_MouseLeftButtonDown() - 동작
2023-12-14 14:28:10,077 [1] INFO wpfTest.Source.Log - shownumber() - 동작
2023-12-14 14:28:11,473 [1] INFO wpfTest.Source.Log - keyA_MouseLeftButtonDown() - 동작
2023-12-14 14:28:11,474 [1] INFO wpfTest.Source.Log - shownumber() - 동작
2023-12-14 14:28:13,522 [1] INFO wpfTest.Source.Log - key7_MouseLeftButtonDown() - 동작
2023-12-14 14:28:13,523 [1] INFO wpfTest.Source.Log - shownumber() - 동작
2023-12-14 14:28:16,304 [1] INFO wpfTest.Source.Log - keyF_MouseLeftButtonDown() - 동작
2023-12-14 14:28:16,304 [1] INFO wpfTest.Source.Log - shownumber() - 동작
2023-12-14 14:28:17,869 [1] INFO wpfTest.Source.Log - key9_MouseLeftButtonDown() - 동작
2023-12-14 14:28:17,869 [1] INFO wpfTest.Source.Log - shownumber() - 동작
2023-12-14 14:28:20,802 [1] INFO wpfTest.Source.Log - keyB_MouseLeftButtonDown() - 동작
2023-12-14 14:28:20,803 [1] INFO wpfTest.Source.Log - shownumber() - 동작
2023-12-14 14:28:21,612 [1] INFO wpfTest.Source.Log - keyD_MouseLeftButtonDown() - 동작
2023-12-14 14:28:21,621 [1] INFO wpfTest.Source.Log - shownumber() - 동작
2023-12-14 14:28:22,192 [1] INFO wpfTest.Source.Log - keyA_MouseLeftButtonDown() - 동작
2023-12-14 14:28:22,204 [1] INFO wpfTest.Source.Log - shownumber() - 동작
2023-12-14 14:28:23,117 [1] INFO wpfTest.Source.Log - key3_MouseLeftButtonDown() - 동작
2023-12-14 14:28:23,127 [1] INFO wpfTest.Source.Log - shownumber() - 동작
2023-12-14 14:28:23,935 [1] INFO wpfTest.Source.Log - keyOK_MouseLeftButtonDown() - 동작
2023-12-14 14:28:24,216 [1] INFO wpfTest.Source.Log - 타이머 종료됨
2023-12-14 14:28:24,216 [1] INFO wpfTest.Source.Log - Dispose() - 동작
2023-12-14 14:28:24,217 [1] INFO wpfTest.Source.Log - PageSelect Level 진입
2023-12-14 14:28:24,222 [1] DEBUG wpfTest.Source.Log - Grid_Loaded() | PageSelect 세팅 로딩
2023-12-14 14:28:24,276 [1] DEBUG wpfTest.Source.Log - pagetextshow() | 페이지 장수 확인
2023-12-14 14:28:24,276 [1] INFO wpfTest.Source.Log - 타이머 시작
2023-12-14 14:28:27,526 [1] DEBUG wpfTest.Source.Log - NextBtn_MouseLeftButtonDown() | 다음 버튼 클릭
2023-12-14 14:28:27,526 [1] INFO wpfTest.Source.Log - 선택한 장 수 : 8
2023-12-14 14:28:27,542 [1] INFO wpfTest.Source.Log - 선택된 결제 금액 : 0
2023-12-14 14:28:27,543 [1] INFO wpfTest.Source.Log - ChangeDBvalue() - 동작
2023-12-14 14:28:27,588 [1] INFO wpfTest.Source.Log - 쿠폰 정보가 업데이트되었습니다. 업데이트 된 쿠폰번호 : 98A7F9BDA3
2023-12-14 14:28:27,600 [1] INFO wpfTest.Source.Log - 캐논 촬영 페이지 진입
2023-12-14 14:28:27,606 [1] INFO wpfTest.Source.Log - Grid_Loaded() - 동작
2023-12-14 14:28:28,062 [1] DEBUG wpfTest.Source.Log - Delay() | 딜레이 시작 딜레이 시간(단위 : ms) : 1000
2023-12-14 14:28:29,587 [1] INFO wpfTest.Source.Log - screenCapture = new ScreenCaptureStream(recordingArea);
2023-12-14 14:28:29,600 [1] INFO wpfTest.Source.Log - videoWriter = new VideoFileWriter();
2023-12-14 14:28:29,611 [1] INFO wpfTest.Source.Log - videoWriter.Open(outputFileName, recordingArea.Width, recordingArea.Height, 30, VideoCodec.H264, 1000000);
2023-12-14 14:28:33,033 [1] DEBUG wpfTest.Source.Log - Window_KeyDown() | F4 입력(프로그램 종료 키)
2023-12-14 14:28:33,376 [1] INFO wpfTest.Source.Log - 캐논 카메라 종료
2023-12-14 14:28:33,377 [1] DEBUG wpfTest.Source.Log - DataSend() | 동작
2023-12-14 14:28:33,377 [1] INFO wpfTest.Source.Log - 프로그램 종료
2023-12-14 14:28:43,864 [1] INFO wpfTest.Source.Log - ==========  Started application  ==========
2023-12-14 14:28:44,463 [1] INFO wpfTest.Source.Log - Main Level 진입
2023-12-14 14:28:44,635 [1] DEBUG wpfTest.Source.Log - Window_Loaded() Start : 설정 값 로드 중
2023-12-14 14:28:44,636 [1] INFO wpfTest.Source.Log - 이전 파일 삭제
2023-12-14 14:28:44,637 [1] INFO wpfTest.Source.Log - 파일삭제 완료
2023-12-14 14:28:44,637 [1] INFO wpfTest.Source.Log - 파일삭제 완료
2023-12-14 14:28:44,637 [1] INFO wpfTest.Source.Log - 파일삭제 완료
2023-12-14 14:28:45,071 [1] DEBUG wpfTest.Source.Log - Window_Loaded() 로드 완료
2023-12-14 14:28:45,074 [1] DEBUG wpfTest.Source.Log - Grid_Loaded() | Main Level 설정 값 로드(자동연결)
2023-12-14 14:28:45,089 [1] INFO wpfTest.Source.Log - 타이머 시작
2023-12-14 14:28:45,535 [1] INFO wpfTest.Source.Log - Canon 카메라 연결 완료
2023-12-14 14:28:45,545 [1] DEBUG wpfTest.Source.Log - BillMachineOpenSession() | 지폐기 자동연걸 시작
2023-12-14 14:28:45,546 [1] INFO wpfTest.Source.Log - 컴포트 : COM5으로 연결되었습니다.
2023-12-14 14:28:45,547 [1] DEBUG wpfTest.Source.Log - DataSend() | 동작
2023-12-14 14:28:46,048 [1] DEBUG wpfTest.Source.Log - DataSend() | 동작
2023-12-14 14:28:46,904 [1] DEBUG wpfTest.Source.Log - Window_KeyDown() | F12 입력(설정창 진입 키)
2023-12-14 14:28:47,106 [1] INFO wpfTest.Source.Log - Main Level 타이머 종료
2023-12-14 14:28:47,342 [1] INFO wpfTest.Source.Log - Canon 카메라 세션 닫힘
2023-12-14 14:28:47,354 [1] INFO wpfTest.Source.Log - 옵션 메뉴 이동
2023-12-14 14:28:47,365 [1] INFO wpfTest.Source.Log - 옵션 페이지 진입
2023-12-14 14:28:47,700 [1] DEBUG wpfTest.Source.Log - Grid_Loaded() | 옵션페이지 셋팅값 로딩
2023-12-14 14:28:47,776 [1] DEBUG wpfTest.Source.Log - LoadSetting() | 로드된 값 세팅
2023-12-14 14:28:47,776 [1] DEBUG wpfTest.Source.Log - BUse_Checked() | 지폐기 사용 클릭
2023-12-14 14:28:47,777 [1] DEBUG wpfTest.Source.Log - CheckSerial() | 지폐기 자동연결 작동
2023-12-14 14:28:47,809 [1] INFO wpfTest.Source.Log - CardCheckSerial() - 동작 | 카드 리더기 자동연결
2023-12-14 14:28:47,824 [1] DEBUG wpfTest.Source.Log - Canon_Checked() | 캐논 카메라 체크
2023-12-14 14:28:47,824 [1] DEBUG wpfTest.Source.Log - timeruse_Checked () | 타이머 사용 체크
2023-12-14 14:28:47,825 [1] DEBUG wpfTest.Source.Log - PageTimeSet_SelectionChanged() + | 페이지 타이머 변경
2023-12-14 14:28:47,839 [1] DEBUG wpfTest.Source.Log - MoneySettingCoBox_SelectionChanged() | 돈 셋팅 변경
2023-12-14 14:28:47,866 [1] INFO wpfTest.Source.Log - PageSettingMoney_SelectionChanged() - 동작
2023-12-14 14:28:47,866 [1] DEBUG wpfTest.Source.Log - PhotoTimeSet_SelectionChanged() | 포토 타임 변경
2023-12-14 14:28:47,883 [1] DEBUG wpfTest.Source.Log - OffSetXCoBox_SelectionChanged() | offsetx 변경
2023-12-14 14:28:47,898 [1] DEBUG wpfTest.Source.Log - OffSetYCoBox_SelectionChanged() | offsety 변경
2023-12-14 14:28:47,925 [1] DEBUG wpfTest.Source.Log - FactorXCoBox_SelectionChanged() | factorX 변경
2023-12-14 14:28:47,941 [1] DEBUG wpfTest.Source.Log - FactorYCoBox_SelectionChanged() | FactorY 변경
2023-12-14 14:28:47,941 [1] DEBUG wpfTest.Source.Log - TempSelectCB_SelectionChanged() | 템플릿 번호 변경
2023-12-14 14:28:47,969 [1] DEBUG wpfTest.Source.Log - FlipNotUse_Checked () | 좌우반전 사용안함
2023-12-14 14:28:47,987 [1] INFO wpfTest.Source.Log - 세션 열림
2023-12-14 14:28:48,283 [1] DEBUG wpfTest.Source.Log - AVCoBox_SelectionChanged_1() | AV박스 아이템 변경
2023-12-14 14:28:48,308 [1] DEBUG wpfTest.Source.Log - TvCoBox_SelectionChanged_1() | TV 값 변경
2023-12-14 14:28:48,333 [1] DEBUG wpfTest.Source.Log - ISOCoBox_SelectionChanged_1() | ISO값 변경
2023-12-14 14:28:52,953 [1] DEBUG wpfTest.Source.Log - MoneySettingCoBox_SelectionChanged() | 돈 셋팅 변경
2023-12-14 14:28:54,081 [1] INFO wpfTest.Source.Log - PageSettingMoney_SelectionChanged() - 동작
2023-12-14 14:28:54,782 [1] DEBUG wpfTest.Source.Log - button_Click() | 저장버튼 클릭
2023-12-14 14:28:54,984 [1] DEBUG wpfTest.Source.Log - ToMain_Click() | 메인 버튼 클릭
2023-12-14 14:28:55,497 [1] DEBUG wpfTest.Source.Log - CloseSession() | 세션 닫힘
2023-12-14 14:28:55,734 [1] DEBUG wpfTest.Source.Log - AVCoBox_SelectionChanged_1() | AV박스 아이템 변경
2023-12-14 14:28:55,734 [1] DEBUG wpfTest.Source.Log - TvCoBox_SelectionChanged_1() | TV 값 변경
2023-12-14 14:28:55,734 [1] DEBUG wpfTest.Source.Log - ISOCoBox_SelectionChanged_1() | ISO값 변경
2023-12-14 14:28:56,422 [1] INFO wpfTest.Source.Log - Main Level 진입
2023-12-14 14:28:56,472 [1] DEBUG wpfTest.Source.Log - Grid_Loaded() | Main Level 설정 값 로드(자동연결)
2023-12-14 14:28:56,473 [1] INFO wpfTest.Source.Log - 타이머 시작
2023-12-14 14:28:56,893 [1] INFO wpfTest.Source.Log - Canon 카메라 연결 완료
2023-12-14 14:28:56,911 [1] DEBUG wpfTest.Source.Log - BillMachineOpenSession() | 지폐기 자동연걸 시작
2023-12-14 14:28:57,333 [1] DEBUG wpfTest.Source.Log - Touchimg_MouseLeftButtonDown() | PageSelct 페이지로 가는 버튼 클릭
2023-12-14 14:28:57,567 [1] INFO wpfTest.Source.Log - Canon 카메라 세션 닫힘
2023-12-14 14:28:57,584 [1] INFO wpfTest.Source.Log - 타이머 종료
2023-12-14 14:28:57,606 [1] INFO wpfTest.Source.Log - TempSelect Level 진입
2023-12-14 14:28:57,612 [1] INFO wpfTest.Source.Log - Grid_Loaded() - 동작
2023-12-14 14:28:58,652 [1] INFO wpfTest.Source.Log - NextImg_MouseLeftButtonDown() - 동작
2023-12-14 14:28:58,661 [1] INFO wpfTest.Source.Log - 선택한 템플릿 : 1
2023-12-14 14:28:58,700 [1] INFO wpfTest.Source.Log - PageSelect Level 진입
2023-12-14 14:28:58,711 [1] DEBUG wpfTest.Source.Log - Grid_Loaded() | PageSelect 세팅 로딩
2023-12-14 14:28:58,793 [1] DEBUG wpfTest.Source.Log - pagetextshow() | 페이지 장수 확인
2023-12-14 14:28:58,793 [1] INFO wpfTest.Source.Log - 타이머 시작
2023-12-14 14:28:59,159 [1] INFO wpfTest.Source.Log - pageimg2_MouseLeftButtonDown() | 동작 | PageSelect 페이지
2023-12-14 14:28:59,175 [1] DEBUG wpfTest.Source.Log - pagetextshow() | 페이지 장수 확인
2023-12-14 14:28:59,266 [1] INFO wpfTest.Source.Log - pageimg2_MouseLeftButtonDown() | 동작 | PageSelect 페이지
2023-12-14 14:28:59,280 [1] DEBUG wpfTest.Source.Log - pagetextshow() | 페이지 장수 확인
2023-12-14 14:28:59,375 [1] INFO wpfTest.Source.Log - pageimg2_MouseLeftButtonDown() | 동작 | PageSelect 페이지
2023-12-14 14:28:59,384 [1] DEBUG wpfTest.Source.Log - pagetextshow() | 페이지 장수 확인
2023-12-14 14:29:17,989 [1] DEBUG wpfTest.Source.Log - BackBtn_MouseLeftButtonDown() | 뒷 페이지 넘어가기 이미지 클릭
2023-12-14 14:29:17,989 [1] INFO wpfTest.Source.Log - 타이머 멈춤
2023-12-14 14:29:18,028 [1] INFO wpfTest.Source.Log - TempSelect Level 진입
2023-12-14 14:29:18,032 [1] INFO wpfTest.Source.Log - Grid_Loaded() - 동작
2023-12-14 14:29:19,110 [1] DEBUG wpfTest.Source.Log - Window_KeyDown() | F4 입력(프로그램 종료 키)
2023-12-14 14:29:19,110 [1] DEBUG wpfTest.Source.Log - DataSend() | 동작
2023-12-14 14:29:19,111 [1] INFO wpfTest.Source.Log - 프로그램 종료
