2024-02-20 15:06:14,840 [1] INFO wpfTest.Source.Log - ==========  Started application  ==========
2024-02-20 15:06:14,962 [1] INFO wpfTest.Source.Log - Main Level 진입
2024-02-20 15:06:15,713 [1] DEBUG wpfTest.Source.Log - Window_Loaded() Start : 설정 값 로드 중
2024-02-20 15:06:15,720 [1] INFO wpfTest.Source.Log - 이전 파일 삭제
2024-02-20 15:06:15,721 [1] INFO wpfTest.Source.Log - 파일삭제 완료
2024-02-20 15:06:16,490 [1] DEBUG wpfTest.Source.Log - Resize 폴더 안 이미지 삭제 완료
2024-02-20 15:06:16,491 [1] DEBUG wpfTest.Source.Log - Resize 폴더 안 이미지 삭제 완료
2024-02-20 15:06:16,491 [1] DEBUG wpfTest.Source.Log - Resize 폴더 안 이미지 삭제 완료
2024-02-20 15:06:16,492 [1] DEBUG wpfTest.Source.Log - Resize 폴더 안 이미지 삭제 완료
2024-02-20 15:06:16,492 [1] DEBUG wpfTest.Source.Log - gray 폴더 안 이미지 삭제 완료
2024-02-20 15:06:16,503 [1] DEBUG wpfTest.Source.Log - gray 폴더 안 이미지 삭제 완료
2024-02-20 15:06:16,504 [1] DEBUG wpfTest.Source.Log - gray 폴더 안 이미지 삭제 완료
2024-02-20 15:06:16,504 [1] DEBUG wpfTest.Source.Log - gray 폴더 안 이미지 삭제 완료
2024-02-20 15:06:16,505 [1] DEBUG wpfTest.Source.Log - Window_Loaded() 로드 완료
2024-02-20 15:06:16,555 [1] DEBUG wpfTest.Source.Log - Grid_Loaded() | Main Level 설정 값 로드(자동연결)
2024-02-20 15:06:16,555 [1] INFO wpfTest.Source.Log - 타이머 시작
2024-02-20 15:06:34,866 [1] INFO wpfTest.Source.Log - btn2_MouseLeftButtonDown() - 동작
2024-02-20 15:06:35,434 [1] DEBUG wpfTest.Source.Log - Window_KeyDown() | F12 입력(설정창 진입 키)
2024-02-20 15:06:35,557 [1] INFO wpfTest.Source.Log - Main Level 타이머 종료
2024-02-20 15:06:35,560 [1] INFO wpfTest.Source.Log - 옵션 메뉴 이동
2024-02-20 15:06:36,337 [1] INFO wpfTest.Source.Log - 옵션 페이지 진입
2024-02-20 15:06:36,847 [1] DEBUG wpfTest.Source.Log - Grid_Loaded() | 옵션페이지 셋팅값 로딩
2024-02-20 15:06:36,921 [1] INFO wpfTest.Source.Log - 세션 열림
2024-02-20 15:06:36,927 [1] ERROR wpfTest.Source.Log - Void OpenSession()() - 인덱스가 범위를 벗어났습니다. 인덱스는 음수가 아니어야 하며 컬렉션의 크기보다 작아야 합니다.
매개 변수 이름: index
2024-02-20 15:06:36,930 [1] DEBUG wpfTest.Source.Log - LoadSetting() | 로드된 값 세팅
2024-02-20 15:06:36,930 [1] INFO wpfTest.Source.Log - cardserialtextbox_TextChanged() - 로드
2024-02-20 15:06:36,942 [1] INFO wpfTest.Source.Log - PayWayCB_SelectionChanged() - 동작
2024-02-20 15:06:36,943 [1] DEBUG wpfTest.Source.Log - MoneySettingCoBox_SelectionChanged() | 템플릿 1번 돈 셋팅 변경
2024-02-20 15:06:36,958 [1] DEBUG wpfTest.Source.Log - temp2MoneySettingCoBox_SelectionChanged() | 템플릿 2번 돈 셋팅 변경
2024-02-20 15:06:36,970 [1] DEBUG wpfTest.Source.Log - temp3MoneySettingCoBox_SelectionChanged() | 템플릿 3번 돈 셋팅 변경
2024-02-20 15:06:36,982 [1] INFO wpfTest.Source.Log - couponkind_SelectionChanged() - 동작
2024-02-20 15:06:36,982 [1] DEBUG wpfTest.Source.Log - NoTakebtn_Checked() | 재촬영 금지 버튼 체크
2024-02-20 15:06:36,983 [1] DEBUG wpfTest.Source.Log - Canon_Checked() | 캐논 카메라 체크
2024-02-20 15:06:36,983 [1] DEBUG wpfTest.Source.Log - timeruse_Checked () | 타이머 사용 체크
2024-02-20 15:06:36,983 [1] DEBUG wpfTest.Source.Log - PageTimeSet_SelectionChanged() + | 페이지 타이머 변경
2024-02-20 15:06:36,995 [1] DEBUG wpfTest.Source.Log - PhotoTimeSet_SelectionChanged() | 포토 타임 변경
2024-02-20 15:06:37,008 [1] DEBUG wpfTest.Source.Log - OffSetXCoBox_SelectionChanged() | offsetx 변경
2024-02-20 15:06:37,020 [1] DEBUG wpfTest.Source.Log - OffSetYCoBox_SelectionChanged() | offsety 변경
2024-02-20 15:06:37,032 [1] DEBUG wpfTest.Source.Log - FactorXCoBox_SelectionChanged() | factorX 변경
2024-02-20 15:06:37,043 [1] DEBUG wpfTest.Source.Log - FactorYCoBox_SelectionChanged() | FactorY 변경
2024-02-20 15:06:37,044 [1] INFO wpfTest.Source.Log - KakaoPageTimeSetCoBox_SelectionChanged() - 동작
2024-02-20 15:06:37,044 [1] INFO wpfTest.Source.Log - timerlocationright_Checked() - 동작
2024-02-20 15:06:37,045 [1] DEBUG wpfTest.Source.Log - FlipNotUse_Checked () | 좌우반전 사용안함
2024-02-20 15:06:38,394 [1] INFO wpfTest.Source.Log - PassWord 창 진입
2024-02-20 15:06:38,404 [1] INFO wpfTest.Source.Log - 관리자 로그인페이지 접속
2024-02-20 15:06:40,922 [1] INFO wpfTest.Source.Log - 관리자 로그인 페이지 닫음
2024-02-20 15:06:41,847 [1] DEBUG wpfTest.Source.Log - NextPageBtn_Click() | 다음페이지 클릭
2024-02-20 15:06:41,878 [1] INFO wpfTest.Source.Log - 설정페이지 2번 진입
2024-02-20 15:06:42,129 [1] INFO wpfTest.Source.Log - Grid_Loaded() - 동작
2024-02-20 15:06:42,130 [1] INFO wpfTest.Source.Log - SellBtn_Checked() - 동작
2024-02-20 15:06:42,130 [1] INFO wpfTest.Source.Log - Temp1Btn_Checked() - 동작
2024-02-20 15:06:42,132 [1] INFO wpfTest.Source.Log - num4_Checked() - 동작
2024-02-20 15:06:42,138 [1] ERROR wpfTest.Source.Log - num4_Checked() - 값은 null일 수 없습니다.
매개 변수 이름: image
2024-02-20 15:06:42,140 [1] INFO wpfTest.Source.Log - ptinrationame_SelectionChanged() - 동작
2024-02-20 15:06:42,145 [1] ERROR wpfTest.Source.Log - ptinrationame_SelectionChanged() - 값은 null일 수 없습니다.
매개 변수 이름: image
2024-02-20 15:06:42,145 [1] INFO wpfTest.Source.Log - pic1startxlocation_TextChanged() - 동작
2024-02-20 15:06:42,146 [1] INFO wpfTest.Source.Log - pic1startylocation_TextChanged() - 동작
2024-02-20 15:06:42,146 [1] INFO wpfTest.Source.Log - pic1widthlengh_TextChanged() - 동작
2024-02-20 15:06:42,146 [1] INFO wpfTest.Source.Log - pic1heightlengh_TextChanged() - 동작
2024-02-20 15:06:42,146 [1] INFO wpfTest.Source.Log - pic2startxlocation_TextChanged() - 동작
2024-02-20 15:06:42,147 [1] INFO wpfTest.Source.Log - pic2startylocation_TextChanged() - 동작
2024-02-20 15:06:42,147 [1] INFO wpfTest.Source.Log - pic2widthlengh_TextChanged() - 동작
2024-02-20 15:06:42,147 [1] INFO wpfTest.Source.Log - pic2heightlengh_TextChanged() - 동작
2024-02-20 15:06:42,147 [1] INFO wpfTest.Source.Log - pic3startxlocation_TextChanged() - 동작
2024-02-20 15:06:42,148 [1] INFO wpfTest.Source.Log - pic3startylocation_TextChanged() - 동작
2024-02-20 15:06:42,148 [1] INFO wpfTest.Source.Log - pic3widthlengh_TextChanged() - 동작
2024-02-20 15:06:42,148 [1] INFO wpfTest.Source.Log - pic3heightlengh_TextChanged() - 동작
2024-02-20 15:06:42,149 [1] INFO wpfTest.Source.Log - pic4startxlocation_TextChanged() - 동작
2024-02-20 15:06:42,149 [1] INFO wpfTest.Source.Log - pic4startylocation_TextChanged() - 동작
2024-02-20 15:06:42,149 [1] INFO wpfTest.Source.Log - pic4widthlengh_TextChanged() - 동작
2024-02-20 15:06:42,150 [1] INFO wpfTest.Source.Log - pic4heightlengh_TextChanged() - 동작
2024-02-20 15:06:42,379 [1] INFO wpfTest.Source.Log - UseVideo_Checked() - 동작
2024-02-20 15:06:42,379 [1] DEBUG wpfTest.Source.Log - NotUse_Checked() | 카카오톡 미사용 버튼 체크
2024-02-20 15:06:42,381 [1] INFO wpfTest.Source.Log - QRUse_Checked() - qr사용 클릭
2024-02-20 15:06:42,429 [1] INFO wpfTest.Source.Log - QRpageUse_Checked() - 동작
2024-02-20 15:06:42,429 [1] INFO wpfTest.Source.Log - Nocoupon_Checked() - 동작
2024-02-20 15:06:42,429 [1] INFO wpfTest.Source.Log - pic32_Checked() - 동작
2024-02-20 15:06:42,429 [1] INFO wpfTest.Source.Log - pagecobox_SelectionChanged() - 동작
2024-02-20 15:06:42,430 [1] INFO wpfTest.Source.Log - tempcountcb_SelectionChanged() - 동작
2024-02-20 15:06:42,430 [1] INFO wpfTest.Source.Log - tempUse_Checked() - 템플릿 선택 사용 클릭
2024-02-20 15:06:42,430 [1] INFO wpfTest.Source.Log - fontcolortb_TextChanged() - 동작
2024-02-20 15:06:42,431 [1] INFO wpfTest.Source.Log - kakaofontcolor_TextChanged() - 동작
2024-02-20 15:06:42,431 [1] INFO wpfTest.Source.Log - DateonTempoff_Checked() - 동작
2024-02-20 15:06:56,601 [1] DEBUG wpfTest.Source.Log - Use_Checked() | 카카오톡 사용  버튼 체크
2024-02-20 15:06:56,603 [1] INFO wpfTest.Source.Log - QRNotUse_Checked() - qr미사용 클릭
2024-02-20 15:06:56,604 [1] INFO wpfTest.Source.Log - QRpageNotUse_Checked() - 동작
2024-02-20 15:07:03,281 [1] INFO wpfTest.Source.Log - ToMain_Click() - 메인으로 동작
2024-02-20 15:07:03,353 [1] INFO wpfTest.Source.Log - Main Level 진입
2024-02-20 15:07:03,410 [1] DEBUG wpfTest.Source.Log - Grid_Loaded() | Main Level 설정 값 로드(자동연결)
2024-02-20 15:07:03,410 [1] INFO wpfTest.Source.Log - 타이머 시작
2024-02-20 15:07:19,135 [1] DEBUG wpfTest.Source.Log - Mainimg_MouseLeftButtonDown() | 버튼 클릭
2024-02-20 15:07:19,135 [1] INFO wpfTest.Source.Log - 타이머 종료
2024-02-20 15:07:44,987 [1] INFO wpfTest.Source.Log - btn3_MouseLeftButtonDown() - 동작
2024-02-20 15:07:45,627 [1] DEBUG wpfTest.Source.Log - Window_KeyDown() | F4 입력(프로그램 종료 키)
2024-02-20 15:07:45,627 [1] INFO wpfTest.Source.Log - 프로그램 종료
2024-02-20 15:08:12,222 [1] INFO wpfTest.Source.Log - ==========  Started application  ==========
2024-02-20 15:08:12,472 [1] INFO wpfTest.Source.Log - Main Level 진입
2024-02-20 15:08:12,817 [1] DEBUG wpfTest.Source.Log - Window_Loaded() Start : 설정 값 로드 중
2024-02-20 15:08:12,824 [1] INFO wpfTest.Source.Log - 이전 파일 삭제
2024-02-20 15:08:12,825 [1] INFO wpfTest.Source.Log - 파일삭제 완료
2024-02-20 15:08:13,326 [1] DEBUG wpfTest.Source.Log - Window_Loaded() 로드 완료
2024-02-20 15:08:13,332 [1] DEBUG wpfTest.Source.Log - Grid_Loaded() | Main Level 설정 값 로드(자동연결)
2024-02-20 15:08:13,332 [1] INFO wpfTest.Source.Log - 타이머 시작
2024-02-20 15:08:13,850 [1] INFO wpfTest.Source.Log - Canon 카메라 연결 완료
2024-02-20 15:11:39,294 [1] DEBUG wpfTest.Source.Log - Mainimg_MouseLeftButtonDown() | 버튼 클릭
2024-02-20 15:11:39,530 [1] INFO wpfTest.Source.Log - Canon 카메라 세션 닫힘
2024-02-20 15:11:39,543 [1] INFO wpfTest.Source.Log - 타이머 종료
2024-02-20 15:11:39,778 [1] INFO wpfTest.Source.Log - 템플릿 선택 페이지 진입
2024-02-20 15:11:39,802 [1] INFO wpfTest.Source.Log - Grid_Loaded() - 동작
2024-02-20 15:11:41,387 [1] INFO wpfTest.Source.Log - NextImg_MouseLeftButtonDown() - 동작
2024-02-20 15:11:41,387 [1] INFO wpfTest.Source.Log - Dispose() - 동작
2024-02-20 15:11:41,389 [1] INFO wpfTest.Source.Log - CouponPage 진입
2024-02-20 15:11:41,396 [1] INFO wpfTest.Source.Log - Grid_Loaded() - 동작
2024-02-20 15:11:42,673 [1] INFO wpfTest.Source.Log - Key_8_MouseLeftButtonDown() - 동작
2024-02-20 15:11:42,862 [1] INFO wpfTest.Source.Log - Key_0_MouseLeftButtonDown() - 동작
2024-02-20 15:11:43,112 [1] INFO wpfTest.Source.Log - Key_4_MouseLeftButtonDown() - 동작
2024-02-20 15:11:43,272 [1] INFO wpfTest.Source.Log - Key_9_MouseLeftButtonDown() - 동작
2024-02-20 15:11:43,540 [1] INFO wpfTest.Source.Log - Key_8_MouseLeftButtonDown() - 동작
2024-02-20 15:11:43,748 [1] INFO wpfTest.Source.Log - Key_0_MouseLeftButtonDown() - 동작
2024-02-20 15:11:43,958 [1] INFO wpfTest.Source.Log - Key_4_MouseLeftButtonDown() - 동작
2024-02-20 15:11:44,104 [1] INFO wpfTest.Source.Log - Key_9_MouseLeftButtonDown() - 동작
2024-02-20 15:11:47,915 [1] INFO wpfTest.Source.Log - Key_OK_MouseLeftButtonDown() - 동작
2024-02-20 15:11:49,376 [1] INFO wpfTest.Source.Log - NextImg_MouseLeftButtonDown() - 동작
2024-02-20 15:11:49,402 [1] INFO wpfTest.Source.Log - 매출 데이터 값 : SALE_DT=2024-02-20&MACHINE_CD=S0084&PRINT_CNT=1&PAYMENT_WAY=4&CASH_AMT=0&CARD_AMT=0
2024-02-20 15:11:49,506 [1] INFO wpfTest.Source.Log - [{"result":"0","resultMsg":"sucess"}]
2024-02-20 15:11:49,509 [1] INFO wpfTest.Source.Log - PaymentComplete 페이지 진입
2024-02-20 15:11:49,510 [1] INFO wpfTest.Source.Log - Grid_Loaded() - 동작 | PaymentComplete 페이지
2024-02-20 15:11:49,510 [1] INFO wpfTest.Source.Log - PaymentComplete 타이머 시작
2024-02-20 15:11:54,733 [1] INFO wpfTest.Source.Log - PaymentComplete 타이머 종료
2024-02-20 15:11:54,749 [1] INFO wpfTest.Source.Log - 캐논 촬영 페이지 진입
2024-02-20 15:11:55,209 [1] DEBUG wpfTest.Source.Log - Delay() | 딜레이 시작 딜레이 시간(단위 : ms) : 2000
2024-02-20 15:11:58,421 [1] INFO wpfTest.Source.Log - screenCapture = new ScreenCaptureStream(recordingArea);
2024-02-20 15:11:58,467 [1] INFO wpfTest.Source.Log - videoWriter = new VideoFileWriter();
2024-02-20 15:11:58,557 [1] INFO wpfTest.Source.Log - videoWriter.Open(outputFileName, recordingArea.Width, recordingArea.Height, 30, VideoCodec.H264, 1000000);
2024-02-20 15:12:07,175 [1] INFO wpfTest.Source.Log - 타이머 종료
2024-02-20 15:12:07,175 [1] DEBUG wpfTest.Source.Log - Delay() | 딜레이 시작 딜레이 시간(단위 : ms) : 1000
2024-02-20 15:12:08,196 [1] DEBUG wpfTest.Source.Log - FlipCutImg() | 좌우반전 구동 | 이미지위치 : D:\업체\렌탈\윈스토리\wpfTest\bin\Release\IMG\Photo\IMG_0001.jpg
2024-02-20 15:12:08,692 [1] INFO wpfTest.Source.Log - 캐논타이머 시작
2024-02-20 15:12:17,056 [1] INFO wpfTest.Source.Log - 타이머 종료
2024-02-20 15:12:17,056 [1] DEBUG wpfTest.Source.Log - Delay() | 딜레이 시작 딜레이 시간(단위 : ms) : 1000
2024-02-20 15:12:18,057 [1] DEBUG wpfTest.Source.Log - FlipCutImg() | 좌우반전 구동 | 이미지위치 : D:\업체\렌탈\윈스토리\wpfTest\bin\Release\IMG\Photo\IMG_0002.jpg
2024-02-20 15:12:18,485 [1] INFO wpfTest.Source.Log - 캐논타이머 시작
2024-02-20 15:12:26,980 [1] INFO wpfTest.Source.Log - 타이머 종료
2024-02-20 15:12:26,980 [1] DEBUG wpfTest.Source.Log - Delay() | 딜레이 시작 딜레이 시간(단위 : ms) : 1000
2024-02-20 15:12:27,990 [1] DEBUG wpfTest.Source.Log - FlipCutImg() | 좌우반전 구동 | 이미지위치 : D:\업체\렌탈\윈스토리\wpfTest\bin\Release\IMG\Photo\IMG_0003.jpg
2024-02-20 15:12:28,415 [1] INFO wpfTest.Source.Log - 캐논타이머 시작
2024-02-20 15:12:36,732 [1] INFO wpfTest.Source.Log - 타이머 종료
2024-02-20 15:12:36,732 [1] DEBUG wpfTest.Source.Log - Delay() | 딜레이 시작 딜레이 시간(단위 : ms) : 1000
2024-02-20 15:12:37,739 [1] DEBUG wpfTest.Source.Log - FlipCutImg() | 좌우반전 구동 | 이미지위치 : D:\업체\렌탈\윈스토리\wpfTest\bin\Release\IMG\Photo\IMG_0004.jpg
2024-02-20 15:12:38,159 [1] INFO wpfTest.Source.Log - 캐논타이머 시작
2024-02-20 15:12:46,558 [1] INFO wpfTest.Source.Log - 타이머 종료
2024-02-20 15:12:46,558 [1] DEBUG wpfTest.Source.Log - Delay() | 딜레이 시작 딜레이 시간(단위 : ms) : 1000
2024-02-20 15:12:47,574 [1] DEBUG wpfTest.Source.Log - FlipCutImg() | 좌우반전 구동 | 이미지위치 : D:\업체\렌탈\윈스토리\wpfTest\bin\Release\IMG\Photo\IMG_0005.jpg
2024-02-20 15:12:47,997 [1] INFO wpfTest.Source.Log - 캐논타이머 시작
2024-02-20 15:12:56,402 [1] INFO wpfTest.Source.Log - 타이머 종료
2024-02-20 15:12:56,402 [1] DEBUG wpfTest.Source.Log - Delay() | 딜레이 시작 딜레이 시간(단위 : ms) : 1000
2024-02-20 15:12:57,403 [1] DEBUG wpfTest.Source.Log - FlipCutImg() | 좌우반전 구동 | 이미지위치 : D:\업체\렌탈\윈스토리\wpfTest\bin\Release\IMG\Photo\IMG_0006.jpg
2024-02-20 15:12:57,892 [1] DEBUG wpfTest.Source.Log - Delay() | 딜레이 시작 딜레이 시간(단위 : ms) : 200
2024-02-20 15:12:58,106 [1] DEBUG wpfTest.Source.Log - nextpage() 구동 | 캐논 카메라
2024-02-20 15:12:58,279 [1] DEBUG wpfTest.Source.Log - Delay() | 딜레이 시작 딜레이 시간(단위 : ms) : 500
2024-02-20 15:12:58,838 [1] INFO wpfTest.Source.Log - CloseSession() - 동작
2024-02-20 15:12:59,091 [1] DEBUG wpfTest.Source.Log - Delay() | 딜레이 시작 딜레이 시간(단위 : ms) : 500
2024-02-20 15:12:59,621 [1] INFO wpfTest.Source.Log - Dispose() - 동작
2024-02-20 15:12:59,655 [1] INFO wpfTest.Source.Log - SelectPic 구역 진입
2024-02-20 15:12:59,664 [1] INFO wpfTest.Source.Log - Grid_Loaded() - 동작
2024-02-20 15:13:02,422 [1] INFO wpfTest.Source.Log - Firstpic_MouseLeftButtonDown() - 동작
2024-02-20 15:13:02,583 [1] INFO wpfTest.Source.Log - Thirdpic_MouseLeftButtonDown() - 동작
2024-02-20 15:13:02,780 [1] INFO wpfTest.Source.Log - Fourthpic_MouseLeftButtonDown() - 동작
2024-02-20 15:13:02,998 [1] INFO wpfTest.Source.Log - Secondpic_MouseLeftButtonDown() - 동작
2024-02-20 15:13:03,593 [1] INFO wpfTest.Source.Log - nextpage_MouseLeftButtonDown() - 동작
2024-02-20 15:13:03,593 [1] INFO wpfTest.Source.Log - dispose() - 동작
2024-02-20 15:13:03,617 [1] INFO wpfTest.Source.Log - Preparing 페이지 진입
2024-02-20 15:13:03,619 [1] DEBUG wpfTest.Source.Log - Grid_Loaded() | 흑백이미지 제작
2024-02-20 15:13:04,683 [1] DEBUG wpfTest.Source.Log - Pic() | 이미지 변환 시작
2024-02-20 15:13:04,832 [1] DEBUG wpfTest.Source.Log - Delay() | 딜레이 시작 딜레이 시간(단위 : ms) : 100
2024-02-20 15:13:05,102 [1] DEBUG wpfTest.Source.Log - Pic() | 이미지 변환 시작
2024-02-20 15:13:05,241 [1] DEBUG wpfTest.Source.Log - Delay() | 딜레이 시작 딜레이 시간(단위 : ms) : 100
2024-02-20 15:13:05,502 [1] DEBUG wpfTest.Source.Log - Pic() | 이미지 변환 시작
2024-02-20 15:13:05,641 [1] DEBUG wpfTest.Source.Log - Delay() | 딜레이 시작 딜레이 시간(단위 : ms) : 100
2024-02-20 15:13:05,901 [1] DEBUG wpfTest.Source.Log - Pic() | 이미지 변환 시작
2024-02-20 15:13:06,040 [1] DEBUG wpfTest.Source.Log - Delay() | 딜레이 시작 딜레이 시간(단위 : ms) : 100
2024-02-20 15:13:06,330 [1] DEBUG wpfTest.Source.Log - Pic() | 이미지 변환 시작
2024-02-20 15:13:06,471 [1] DEBUG wpfTest.Source.Log - Delay() | 딜레이 시작 딜레이 시간(단위 : ms) : 100
2024-02-20 15:13:06,654 [1] DEBUG wpfTest.Source.Log - Pic() | 이미지 변환 시작
2024-02-20 15:13:06,794 [1] DEBUG wpfTest.Source.Log - Delay() | 딜레이 시작 딜레이 시간(단위 : ms) : 100
2024-02-20 15:13:07,155 [1] INFO wpfTest.Source.Log - ImgCompose Level 진입
2024-02-20 15:13:07,175 [1] DEBUG wpfTest.Source.Log - Grid_Loaded() | ImgCompose 셋팅값 로드
2024-02-20 15:13:07,857 [1] DEBUG wpfTest.Source.Log - Imgshow() | 이미지 합성 시작
2024-02-20 15:13:08,181 [1] INFO wpfTest.Source.Log - 타이머 시작
2024-02-20 15:13:09,240 [1] DEBUG wpfTest.Source.Log - PrintBtn_MouseLeftButtonDown() | 프린트 이미지 클릭
2024-02-20 15:13:09,521 [1] DEBUG wpfTest.Source.Log - PrintBitmap() | 비트맵 인쇄
2024-02-20 15:13:09,521 [1] DEBUG wpfTest.Source.Log - Print Copy : 1
2024-02-20 15:13:09,628 [1] ERROR wpfTest.Source.Log - PrintBitmap() - 지정된 프린터가 삭제되었습니다
2024-02-20 15:13:09,634 [25] INFO wpfTest.Source.Log - uploadimgthread() - 동작
2024-02-20 15:13:09,634 [25] INFO wpfTest.Source.Log - 업로드 할 이미지 : KakaoPhoto0220151309.PNG php이름 :  QR코드 이름 : QRCodeKakaoPhoto0220151309.PNG
2024-02-20 15:13:09,636 [25] INFO wpfTest.Source.Log - uploadimg() - 동작 시작
2024-02-20 15:13:09,686 [1] INFO wpfTest.Source.Log - 타이머 멈춤
2024-02-20 15:13:09,702 [1] INFO wpfTest.Source.Log - KaKaoPage진입
2024-02-20 15:13:09,810 [1] INFO wpfTest.Source.Log - Grid_Loaded() - 동작
2024-02-20 15:13:09,863 [25] INFO wpfTest.Source.Log - CheckAndCreateContainer() - 동작
2024-02-20 15:13:10,935 [25] INFO wpfTest.Source.Log - 컨테이너가 이미 존재합니다.
2024-02-20 15:13:11,222 [25] INFO wpfTest.Source.Log - 이미지 업로드 시작
2024-02-20 15:13:12,852 [25] INFO wpfTest.Source.Log - 이미지 업로드 종료
2024-02-20 15:13:13,053 [25] INFO wpfTest.Source.Log - 동영상 업로드 시작
2024-02-20 15:13:13,741 [25] INFO wpfTest.Source.Log - 동영상 업로드 종료
2024-02-20 15:13:15,077 [1] DEBUG wpfTest.Source.Log - Kakaobtn_MouseLeftButtonDown() | 카카오톡 보내기 버튼 클릭, 보내는 번호 : 01023204746보내는 이미지 : KakaoPhoto0220151309.PNG
2024-02-20 15:13:15,080 [28] INFO wpfTest.Source.Log - SendKakao() - 동작
2024-02-20 15:13:15,097 [1] INFO wpfTest.Source.Log - Level Final 진입
2024-02-20 15:13:15,100 [25] ERROR wpfTest.Source.Log - uploadimg() - 값은 null일 수 없습니다.
매개 변수 이름: path2
2024-02-20 15:13:15,100 [25] INFO wpfTest.Source.Log - Azure 업로드 및 QR코드 생성 완료
2024-02-20 15:13:15,101 [1] DEBUG wpfTest.Source.Log - Grid_Loaded() 시작 | Final Level 설정 값 로드
2024-02-20 15:13:15,101 [1] INFO wpfTest.Source.Log - Final 타이머 시작
2024-02-20 15:13:15,110 [25] ERROR wpfTest.Source.Log - uploadimgthread() - 스레드가 중단되었습니다.
2024-02-20 15:13:15,166 [28] INFO wpfTest.Source.Log - 인터넷에 연결되어 있습니다.
2024-02-20 15:13:15,166 [28] INFO wpfTest.Source.Log - SendKakao() - 쓰레드 종료지점
2024-02-20 15:13:21,309 [1] INFO wpfTest.Source.Log - Final Level 타이머 종료
2024-02-20 15:13:21,309 [1] DEBUG wpfTest.Source.Log - Resize 폴더 안 이미지 삭제 완료
2024-02-20 15:13:21,310 [1] DEBUG wpfTest.Source.Log - Resize 폴더 안 이미지 삭제 완료
2024-02-20 15:13:21,310 [1] DEBUG wpfTest.Source.Log - Resize 폴더 안 이미지 삭제 완료
2024-02-20 15:13:21,311 [1] DEBUG wpfTest.Source.Log - Resize 폴더 안 이미지 삭제 완료
2024-02-20 15:13:21,311 [1] DEBUG wpfTest.Source.Log - Resize 폴더 안 이미지 삭제 완료
2024-02-20 15:13:21,312 [1] DEBUG wpfTest.Source.Log - Resize 폴더 안 이미지 삭제 완료
2024-02-20 15:13:21,312 [1] DEBUG wpfTest.Source.Log - Print 폴더 안 이미지 삭제 완료
2024-02-20 15:13:21,313 [1] DEBUG wpfTest.Source.Log - gray 폴더 안 이미지 삭제 완료
2024-02-20 15:13:21,313 [1] DEBUG wpfTest.Source.Log - gray 폴더 안 이미지 삭제 완료
2024-02-20 15:13:21,313 [1] DEBUG wpfTest.Source.Log - gray 폴더 안 이미지 삭제 완료
2024-02-20 15:13:21,314 [1] DEBUG wpfTest.Source.Log - gray 폴더 안 이미지 삭제 완료
2024-02-20 15:13:21,314 [1] DEBUG wpfTest.Source.Log - gray 폴더 안 이미지 삭제 완료
2024-02-20 15:13:21,315 [1] DEBUG wpfTest.Source.Log - gray 폴더 안 이미지 삭제 완료
2024-02-20 15:13:21,451 [1] INFO wpfTest.Source.Log - 현재 사이클 수 : 1
2024-02-20 15:13:21,460 [1] INFO wpfTest.Source.Log - Main Level 진입
2024-02-20 15:13:21,463 [1] DEBUG wpfTest.Source.Log - Grid_Loaded() | Main Level 설정 값 로드(자동연결)
2024-02-20 15:13:21,463 [1] INFO wpfTest.Source.Log - 타이머 시작
2024-02-20 15:13:21,892 [1] INFO wpfTest.Source.Log - Canon 카메라 연결 완료
2024-02-20 15:13:25,285 [1] INFO wpfTest.Source.Log - btn4_MouseLeftButtonDown() - 동작
2024-02-20 15:13:26,098 [1] DEBUG wpfTest.Source.Log - Window_KeyDown() | F4 입력(프로그램 종료 키)
2024-02-20 15:13:26,333 [1] INFO wpfTest.Source.Log - 캐논 카메라 종료
2024-02-20 15:13:26,333 [1] INFO wpfTest.Source.Log - 프로그램 종료
2024-02-20 15:21:13,839 [1] INFO wpfTest.Source.Log - ==========  Started application  ==========
2024-02-20 15:21:14,055 [1] INFO wpfTest.Source.Log - Main Level 진입
2024-02-20 15:21:14,479 [1] DEBUG wpfTest.Source.Log - Window_Loaded() Start : 설정 값 로드 중
2024-02-20 15:21:14,490 [1] INFO wpfTest.Source.Log - 이전 파일 삭제
2024-02-20 15:21:14,491 [1] INFO wpfTest.Source.Log - 파일삭제 완료
2024-02-20 15:21:15,086 [1] DEBUG wpfTest.Source.Log - Kakao 폴더 안 이미지 삭제 완료
2024-02-20 15:21:15,087 [1] DEBUG wpfTest.Source.Log - Window_Loaded() 로드 완료
2024-02-20 15:21:15,103 [1] DEBUG wpfTest.Source.Log - Grid_Loaded() | Main Level 설정 값 로드(자동연결)
2024-02-20 15:21:15,104 [1] INFO wpfTest.Source.Log - 타이머 시작
2024-02-20 15:21:15,662 [1] INFO wpfTest.Source.Log - Canon 카메라 연결 완료
2024-02-20 15:21:16,554 [1] DEBUG wpfTest.Source.Log - Mainimg_MouseLeftButtonDown() | 버튼 클릭
2024-02-20 15:21:16,791 [1] INFO wpfTest.Source.Log - Canon 카메라 세션 닫힘
2024-02-20 15:21:16,811 [1] INFO wpfTest.Source.Log - 타이머 종료
2024-02-20 15:21:16,826 [1] INFO wpfTest.Source.Log - 템플릿 선택 페이지 진입
2024-02-20 15:21:16,844 [1] INFO wpfTest.Source.Log - Grid_Loaded() - 동작
2024-02-20 15:21:18,306 [1] INFO wpfTest.Source.Log - NextImg_MouseLeftButtonDown() - 동작
2024-02-20 15:21:18,306 [1] INFO wpfTest.Source.Log - Dispose() - 동작
2024-02-20 15:21:18,325 [1] INFO wpfTest.Source.Log - CouponPage 진입
2024-02-20 15:21:18,341 [1] INFO wpfTest.Source.Log - Grid_Loaded() - 동작
2024-02-20 15:21:20,613 [1] INFO wpfTest.Source.Log - Key_8_MouseLeftButtonDown() - 동작
2024-02-20 15:21:20,827 [1] INFO wpfTest.Source.Log - Key_0_MouseLeftButtonDown() - 동작
2024-02-20 15:21:21,052 [1] INFO wpfTest.Source.Log - Key_4_MouseLeftButtonDown() - 동작
2024-02-20 15:21:21,213 [1] INFO wpfTest.Source.Log - Key_9_MouseLeftButtonDown() - 동작
2024-02-20 15:21:21,422 [1] INFO wpfTest.Source.Log - Key_8_MouseLeftButtonDown() - 동작
2024-02-20 15:21:21,601 [1] INFO wpfTest.Source.Log - Key_0_MouseLeftButtonDown() - 동작
2024-02-20 15:21:21,864 [1] INFO wpfTest.Source.Log - Key_4_MouseLeftButtonDown() - 동작
2024-02-20 15:21:22,016 [1] INFO wpfTest.Source.Log - Key_9_MouseLeftButtonDown() - 동작
2024-02-20 15:21:23,181 [1] INFO wpfTest.Source.Log - Key_OK_MouseLeftButtonDown() - 동작
2024-02-20 15:21:24,784 [1] INFO wpfTest.Source.Log - NextImg_MouseLeftButtonDown() - 동작
2024-02-20 15:21:24,811 [1] INFO wpfTest.Source.Log - 매출 데이터 값 : SALE_DT=2024-02-20&MACHINE_CD=S0084&PRINT_CNT=1&PAYMENT_WAY=4&CASH_AMT=0&CARD_AMT=0
2024-02-20 15:21:24,877 [1] INFO wpfTest.Source.Log - [{"result":"0","resultMsg":"sucess"}]
2024-02-20 15:21:24,882 [1] INFO wpfTest.Source.Log - PaymentComplete 페이지 진입
2024-02-20 15:21:24,883 [1] INFO wpfTest.Source.Log - Grid_Loaded() - 동작 | PaymentComplete 페이지
2024-02-20 15:21:24,884 [1] INFO wpfTest.Source.Log - PaymentComplete 타이머 시작
2024-02-20 15:21:30,186 [1] INFO wpfTest.Source.Log - PaymentComplete 타이머 종료
2024-02-20 15:21:30,209 [1] INFO wpfTest.Source.Log - 캐논 촬영 페이지 진입
2024-02-20 15:21:30,685 [1] DEBUG wpfTest.Source.Log - Delay() | 딜레이 시작 딜레이 시간(단위 : ms) : 2000
2024-02-20 15:21:33,672 [1] INFO wpfTest.Source.Log - screenCapture = new ScreenCaptureStream(recordingArea);
2024-02-20 15:21:33,677 [1] INFO wpfTest.Source.Log - videoWriter = new VideoFileWriter();
2024-02-20 15:21:33,706 [1] INFO wpfTest.Source.Log - videoWriter.Open(outputFileName, recordingArea.Width, recordingArea.Height, 30, VideoCodec.H264, 1000000);
2024-02-20 15:21:42,060 [1] INFO wpfTest.Source.Log - 타이머 종료
2024-02-20 15:21:42,060 [1] DEBUG wpfTest.Source.Log - Delay() | 딜레이 시작 딜레이 시간(단위 : ms) : 1000
2024-02-20 15:21:43,063 [1] DEBUG wpfTest.Source.Log - FlipCutImg() | 좌우반전 구동 | 이미지위치 : D:\업체\렌탈\윈스토리\wpfTest\bin\Release\IMG\Photo\IMG_0001.jpg
2024-02-20 15:21:43,578 [1] INFO wpfTest.Source.Log - 캐논타이머 시작
2024-02-20 15:21:52,386 [1] INFO wpfTest.Source.Log - 타이머 종료
2024-02-20 15:21:52,386 [1] DEBUG wpfTest.Source.Log - Delay() | 딜레이 시작 딜레이 시간(단위 : ms) : 1000
2024-02-20 15:21:53,387 [1] DEBUG wpfTest.Source.Log - FlipCutImg() | 좌우반전 구동 | 이미지위치 : D:\업체\렌탈\윈스토리\wpfTest\bin\Release\IMG\Photo\IMG_0002.jpg
2024-02-20 15:21:53,921 [1] INFO wpfTest.Source.Log - 캐논타이머 시작
2024-02-20 15:22:02,838 [1] INFO wpfTest.Source.Log - 타이머 종료
2024-02-20 15:22:02,838 [1] DEBUG wpfTest.Source.Log - Delay() | 딜레이 시작 딜레이 시간(단위 : ms) : 1000
2024-02-20 15:22:03,839 [1] DEBUG wpfTest.Source.Log - FlipCutImg() | 좌우반전 구동 | 이미지위치 : D:\업체\렌탈\윈스토리\wpfTest\bin\Release\IMG\Photo\IMG_0003.jpg
2024-02-20 15:22:04,249 [1] INFO wpfTest.Source.Log - 캐논타이머 시작
2024-02-20 15:22:12,901 [1] INFO wpfTest.Source.Log - 타이머 종료
2024-02-20 15:22:12,901 [1] DEBUG wpfTest.Source.Log - Delay() | 딜레이 시작 딜레이 시간(단위 : ms) : 1000
2024-02-20 15:22:13,902 [1] DEBUG wpfTest.Source.Log - FlipCutImg() | 좌우반전 구동 | 이미지위치 : D:\업체\렌탈\윈스토리\wpfTest\bin\Release\IMG\Photo\IMG_0004.jpg
2024-02-20 15:22:14,316 [1] INFO wpfTest.Source.Log - 캐논타이머 시작
2024-02-20 15:22:22,993 [1] INFO wpfTest.Source.Log - 타이머 종료
2024-02-20 15:22:22,993 [1] DEBUG wpfTest.Source.Log - Delay() | 딜레이 시작 딜레이 시간(단위 : ms) : 1000
2024-02-20 15:22:24,008 [1] DEBUG wpfTest.Source.Log - FlipCutImg() | 좌우반전 구동 | 이미지위치 : D:\업체\렌탈\윈스토리\wpfTest\bin\Release\IMG\Photo\IMG_0005.jpg
2024-02-20 15:22:24,420 [1] INFO wpfTest.Source.Log - 캐논타이머 시작
2024-02-20 15:22:33,028 [1] INFO wpfTest.Source.Log - 타이머 종료
2024-02-20 15:22:33,029 [1] DEBUG wpfTest.Source.Log - Delay() | 딜레이 시작 딜레이 시간(단위 : ms) : 1000
2024-02-20 15:22:34,029 [1] DEBUG wpfTest.Source.Log - FlipCutImg() | 좌우반전 구동 | 이미지위치 : D:\업체\렌탈\윈스토리\wpfTest\bin\Release\IMG\Photo\IMG_0006.jpg
2024-02-20 15:22:34,502 [1] DEBUG wpfTest.Source.Log - Delay() | 딜레이 시작 딜레이 시간(단위 : ms) : 200
2024-02-20 15:22:34,702 [1] DEBUG wpfTest.Source.Log - nextpage() 구동 | 캐논 카메라
2024-02-20 15:22:34,743 [1] DEBUG wpfTest.Source.Log - Delay() | 딜레이 시작 딜레이 시간(단위 : ms) : 500
2024-02-20 15:22:35,247 [1] INFO wpfTest.Source.Log - CloseSession() - 동작
2024-02-20 15:22:35,502 [1] DEBUG wpfTest.Source.Log - Delay() | 딜레이 시작 딜레이 시간(단위 : ms) : 500
2024-02-20 15:22:36,010 [1] INFO wpfTest.Source.Log - Dispose() - 동작
2024-02-20 15:22:36,049 [1] INFO wpfTest.Source.Log - SelectPic 구역 진입
2024-02-20 15:22:36,059 [1] INFO wpfTest.Source.Log - Grid_Loaded() - 동작
2024-02-20 15:22:38,373 [1] INFO wpfTest.Source.Log - Firstpic_MouseLeftButtonDown() - 동작
2024-02-20 15:22:38,545 [1] INFO wpfTest.Source.Log - Secondpic_MouseLeftButtonDown() - 동작
2024-02-20 15:22:38,737 [1] INFO wpfTest.Source.Log - Fourthpic_MouseLeftButtonDown() - 동작
2024-02-20 15:22:39,078 [1] INFO wpfTest.Source.Log - Sixthpic_MouseLeftButtonDown() - 동작
2024-02-20 15:22:40,015 [1] INFO wpfTest.Source.Log - nextpage_MouseLeftButtonDown() - 동작
2024-02-20 15:22:40,016 [1] INFO wpfTest.Source.Log - dispose() - 동작
2024-02-20 15:22:40,039 [1] INFO wpfTest.Source.Log - Preparing 페이지 진입
2024-02-20 15:22:40,041 [1] DEBUG wpfTest.Source.Log - Grid_Loaded() | 흑백이미지 제작
2024-02-20 15:22:41,144 [1] DEBUG wpfTest.Source.Log - Pic() | 이미지 변환 시작
2024-02-20 15:22:41,289 [1] DEBUG wpfTest.Source.Log - Delay() | 딜레이 시작 딜레이 시간(단위 : ms) : 100
2024-02-20 15:22:41,599 [1] DEBUG wpfTest.Source.Log - Pic() | 이미지 변환 시작
2024-02-20 15:22:41,736 [1] DEBUG wpfTest.Source.Log - Delay() | 딜레이 시작 딜레이 시간(단위 : ms) : 100
2024-02-20 15:22:42,112 [1] DEBUG wpfTest.Source.Log - Pic() | 이미지 변환 시작
2024-02-20 15:22:42,253 [1] DEBUG wpfTest.Source.Log - Delay() | 딜레이 시작 딜레이 시간(단위 : ms) : 100
2024-02-20 15:22:42,614 [1] DEBUG wpfTest.Source.Log - Pic() | 이미지 변환 시작
2024-02-20 15:22:42,752 [1] DEBUG wpfTest.Source.Log - Delay() | 딜레이 시작 딜레이 시간(단위 : ms) : 100
2024-02-20 15:22:43,127 [1] DEBUG wpfTest.Source.Log - Pic() | 이미지 변환 시작
2024-02-20 15:22:43,263 [1] DEBUG wpfTest.Source.Log - Delay() | 딜레이 시작 딜레이 시간(단위 : ms) : 100
2024-02-20 15:22:43,449 [1] DEBUG wpfTest.Source.Log - Pic() | 이미지 변환 시작
2024-02-20 15:22:43,586 [1] DEBUG wpfTest.Source.Log - Delay() | 딜레이 시작 딜레이 시간(단위 : ms) : 100
2024-02-20 15:22:43,912 [1] INFO wpfTest.Source.Log - ImgCompose Level 진입
2024-02-20 15:22:43,932 [1] DEBUG wpfTest.Source.Log - Grid_Loaded() | ImgCompose 셋팅값 로드
2024-02-20 15:22:44,610 [1] DEBUG wpfTest.Source.Log - Imgshow() | 이미지 합성 시작
2024-02-20 15:22:44,935 [1] INFO wpfTest.Source.Log - 타이머 시작
2024-02-20 15:22:46,655 [1] DEBUG wpfTest.Source.Log - PrintBtn_MouseLeftButtonDown() | 프린트 이미지 클릭
2024-02-20 15:22:46,900 [1] DEBUG wpfTest.Source.Log - PrintBitmap() | 비트맵 인쇄
2024-02-20 15:22:46,901 [1] DEBUG wpfTest.Source.Log - Print Copy : 1
2024-02-20 15:22:46,975 [1] ERROR wpfTest.Source.Log - PrintBitmap() - 지정된 프린터가 삭제되었습니다
2024-02-20 15:22:46,979 [25] INFO wpfTest.Source.Log - uploadimgthread() - 동작
2024-02-20 15:22:46,979 [25] INFO wpfTest.Source.Log - 업로드 할 이미지 : KakaoPhoto0220152246.PNG php이름 :  QR코드 이름 : QRCodeKakaoPhoto0220152246.PNG
2024-02-20 15:22:46,980 [25] INFO wpfTest.Source.Log - uploadimg() - 동작 시작
2024-02-20 15:22:47,053 [25] INFO wpfTest.Source.Log - CheckAndCreateContainer() - 동작
2024-02-20 15:22:47,084 [1] INFO wpfTest.Source.Log - 타이머 멈춤
2024-02-20 15:22:47,100 [1] INFO wpfTest.Source.Log - KaKaoPage진입
2024-02-20 15:22:47,129 [1] INFO wpfTest.Source.Log - Grid_Loaded() - 동작
2024-02-20 15:22:48,045 [25] INFO wpfTest.Source.Log - 컨테이너가 이미 존재합니다.
2024-02-20 15:22:48,299 [25] INFO wpfTest.Source.Log - 이미지 업로드 시작
2024-02-20 15:22:49,836 [25] INFO wpfTest.Source.Log - 이미지 업로드 종료
2024-02-20 15:22:50,043 [25] INFO wpfTest.Source.Log - 동영상 업로드 시작
2024-02-20 15:22:50,770 [25] INFO wpfTest.Source.Log - 동영상 업로드 종료
2024-02-20 15:22:52,015 [1] DEBUG wpfTest.Source.Log - Kakaobtn_MouseLeftButtonDown() | 카카오톡 보내기 버튼 클릭, 보내는 번호 : 01023204746보내는 이미지 : KakaoPhoto0220152246.PNG
2024-02-20 15:22:52,029 [27] INFO wpfTest.Source.Log - SendKakao() - 동작
2024-02-20 15:22:52,036 [1] INFO wpfTest.Source.Log - Level Final 진입
2024-02-20 15:22:52,039 [1] DEBUG wpfTest.Source.Log - Grid_Loaded() 시작 | Final Level 설정 값 로드
2024-02-20 15:22:52,039 [1] INFO wpfTest.Source.Log - Final 타이머 시작
2024-02-20 15:22:52,091 [27] INFO wpfTest.Source.Log - 인터넷에 연결되어 있습니다.
2024-02-20 15:22:52,091 [27] INFO wpfTest.Source.Log - SendKakao() - 쓰레드 종료지점
2024-02-20 15:22:52,189 [25] ERROR wpfTest.Source.Log - uploadimg() - 값은 null일 수 없습니다.
매개 변수 이름: path2
2024-02-20 15:22:52,189 [25] INFO wpfTest.Source.Log - Azure 업로드 및 QR코드 생성 완료
2024-02-20 15:22:52,190 [25] ERROR wpfTest.Source.Log - uploadimgthread() - 스레드가 중단되었습니다.
2024-02-20 15:22:58,290 [1] INFO wpfTest.Source.Log - Final Level 타이머 종료
2024-02-20 15:22:58,292 [1] DEBUG wpfTest.Source.Log - Resize 폴더 안 이미지 삭제 완료
2024-02-20 15:22:58,294 [1] DEBUG wpfTest.Source.Log - Resize 폴더 안 이미지 삭제 완료
2024-02-20 15:22:58,295 [1] DEBUG wpfTest.Source.Log - Resize 폴더 안 이미지 삭제 완료
2024-02-20 15:22:58,295 [1] DEBUG wpfTest.Source.Log - Resize 폴더 안 이미지 삭제 완료
2024-02-20 15:22:58,296 [1] DEBUG wpfTest.Source.Log - Resize 폴더 안 이미지 삭제 완료
2024-02-20 15:22:58,296 [1] DEBUG wpfTest.Source.Log - Resize 폴더 안 이미지 삭제 완료
2024-02-20 15:22:58,296 [1] DEBUG wpfTest.Source.Log - Print 폴더 안 이미지 삭제 완료
2024-02-20 15:22:58,297 [1] DEBUG wpfTest.Source.Log - gray 폴더 안 이미지 삭제 완료
2024-02-20 15:22:58,297 [1] DEBUG wpfTest.Source.Log - gray 폴더 안 이미지 삭제 완료
2024-02-20 15:22:58,298 [1] DEBUG wpfTest.Source.Log - gray 폴더 안 이미지 삭제 완료
2024-02-20 15:22:58,298 [1] DEBUG wpfTest.Source.Log - gray 폴더 안 이미지 삭제 완료
2024-02-20 15:22:58,299 [1] DEBUG wpfTest.Source.Log - gray 폴더 안 이미지 삭제 완료
2024-02-20 15:22:58,299 [1] DEBUG wpfTest.Source.Log - gray 폴더 안 이미지 삭제 완료
2024-02-20 15:22:58,437 [1] INFO wpfTest.Source.Log - 현재 사이클 수 : 1
2024-02-20 15:22:58,445 [1] INFO wpfTest.Source.Log - Main Level 진입
2024-02-20 15:22:58,447 [1] DEBUG wpfTest.Source.Log - Grid_Loaded() | Main Level 설정 값 로드(자동연결)
2024-02-20 15:22:58,448 [1] INFO wpfTest.Source.Log - 타이머 시작
2024-02-20 15:22:58,875 [1] INFO wpfTest.Source.Log - Canon 카메라 연결 완료
2024-02-20 16:21:17,501 [1] INFO wpfTest.Source.Log - ==========  Started application  ==========
2024-02-20 16:21:17,767 [1] INFO wpfTest.Source.Log - Main Level 진입
2024-02-20 16:21:18,218 [1] DEBUG wpfTest.Source.Log - Window_Loaded() Start : 설정 값 로드 중
2024-02-20 16:21:18,235 [1] INFO wpfTest.Source.Log - 이전 파일 삭제
2024-02-20 16:21:18,236 [1] INFO wpfTest.Source.Log - 파일삭제 완료
2024-02-20 16:21:18,890 [1] DEBUG wpfTest.Source.Log - Kakao 폴더 안 이미지 삭제 완료
2024-02-20 16:21:18,891 [1] DEBUG wpfTest.Source.Log - Window_Loaded() 로드 완료
2024-02-20 16:21:18,898 [1] DEBUG wpfTest.Source.Log - Grid_Loaded() | Main Level 설정 값 로드(자동연결)
2024-02-20 16:21:18,899 [1] INFO wpfTest.Source.Log - 타이머 시작
2024-02-20 16:21:19,415 [1] INFO wpfTest.Source.Log - Canon 카메라 연결 완료
2024-02-20 16:21:20,716 [1] DEBUG wpfTest.Source.Log - Window_KeyDown() | F4 입력(프로그램 종료 키)
2024-02-20 16:21:20,951 [1] INFO wpfTest.Source.Log - 캐논 카메라 종료
2024-02-20 16:21:20,951 [1] INFO wpfTest.Source.Log - 프로그램 종료
