2024-02-08 15:48:00,773 [1] INFO wpfTest.Source.Log - ==========  Started application  ==========
2024-02-08 15:48:00,912 [1] INFO wpfTest.Source.Log - Main Level 진입
2024-02-08 15:48:01,395 [1] DEBUG wpfTest.Source.Log - Window_Loaded() Start : 설정 값 로드 중
2024-02-08 15:48:03,108 [1] INFO wpfTest.Source.Log - 프로그램 종료
2024-02-08 15:48:48,702 [1] INFO wpfTest.Source.Log - ==========  Started application  ==========
2024-02-08 15:48:48,888 [1] INFO wpfTest.Source.Log - Main Level 진입
2024-02-08 15:48:49,515 [1] DEBUG wpfTest.Source.Log - Window_Loaded() Start : 설정 값 로드 중
2024-02-08 15:48:49,516 [1] INFO wpfTest.Source.Log - 이전 파일 삭제
2024-02-08 15:48:49,518 [1] INFO wpfTest.Source.Log - 파일삭제 완료
2024-02-08 15:48:52,583 [1] DEBUG wpfTest.Source.Log - Window_Loaded() 로드 완료
2024-02-08 15:48:52,589 [1] DEBUG wpfTest.Source.Log - Grid_Loaded() | Main Level 설정 값 로드(자동연결)
2024-02-08 15:48:52,592 [1] INFO wpfTest.Source.Log - 타이머 시작
2024-02-08 15:48:53,700 [1] DEBUG wpfTest.Source.Log - Mainimg_MouseLeftButtonDown() | 버튼 클릭
2024-02-08 15:48:53,700 [1] INFO wpfTest.Source.Log - 타이머 종료
2024-02-08 15:48:53,718 [1] INFO wpfTest.Source.Log - 웹캠 촬영 페이지 진입
2024-02-08 15:48:53,749 [1] DEBUG wpfTest.Source.Log - Delay() | 딜레이 시작 딜레이 시간(단위 : ms) : 2000
2024-02-08 15:48:53,767 [11] INFO wpfTest.Source.Log - webcamthread() - 동작
2024-02-08 15:49:02,951 [1] INFO wpfTest.Source.Log - 타이머 종료
2024-02-08 15:49:02,951 [1] DEBUG wpfTest.Source.Log - Delay() | 딜레이 시작 딜레이 시간(단위 : ms) : 1000
2024-02-08 15:49:03,959 [1] INFO wpfTest.Source.Log - GetEncoderInfo() - 동작
2024-02-08 15:49:03,985 [1] INFO wpfTest.Source.Log - CutImg() - 동작 | 이미지 위치 : D:\업체\렌탈\윈스토리\wpfTest\bin\Release\IMG\Photo\IMG_0001.JPG
2024-02-08 15:49:04,080 [1] INFO wpfTest.Source.Log - 캐논타이머 시작
2024-02-08 15:49:11,196 [1] INFO wpfTest.Source.Log - 타이머 종료
2024-02-08 15:49:11,196 [1] DEBUG wpfTest.Source.Log - Delay() | 딜레이 시작 딜레이 시간(단위 : ms) : 1000
2024-02-08 15:49:12,226 [1] INFO wpfTest.Source.Log - GetEncoderInfo() - 동작
2024-02-08 15:49:12,242 [1] INFO wpfTest.Source.Log - CutImg() - 동작 | 이미지 위치 : D:\업체\렌탈\윈스토리\wpfTest\bin\Release\IMG\Photo\IMG_0002.JPG
2024-02-08 15:49:12,312 [1] INFO wpfTest.Source.Log - 캐논타이머 시작
2024-02-08 15:49:19,452 [1] INFO wpfTest.Source.Log - 타이머 종료
2024-02-08 15:49:19,452 [1] DEBUG wpfTest.Source.Log - Delay() | 딜레이 시작 딜레이 시간(단위 : ms) : 1000
2024-02-08 15:49:20,458 [1] INFO wpfTest.Source.Log - GetEncoderInfo() - 동작
2024-02-08 15:49:20,656 [1] INFO wpfTest.Source.Log - CutImg() - 동작 | 이미지 위치 : D:\업체\렌탈\윈스토리\wpfTest\bin\Release\IMG\Photo\IMG_0003.JPG
2024-02-08 15:49:20,726 [1] INFO wpfTest.Source.Log - 캐논타이머 시작
2024-02-08 15:49:27,810 [1] INFO wpfTest.Source.Log - 타이머 종료
2024-02-08 15:49:27,810 [1] DEBUG wpfTest.Source.Log - Delay() | 딜레이 시작 딜레이 시간(단위 : ms) : 1000
2024-02-08 15:49:28,810 [1] INFO wpfTest.Source.Log - GetEncoderInfo() - 동작
2024-02-08 15:49:28,880 [1] INFO wpfTest.Source.Log - CutImg() - 동작 | 이미지 위치 : D:\업체\렌탈\윈스토리\wpfTest\bin\Release\IMG\Photo\IMG_0004.JPG
2024-02-08 15:49:28,930 [1] DEBUG wpfTest.Source.Log - Delay() | 딜레이 시작 딜레이 시간(단위 : ms) : 200
2024-02-08 15:49:29,131 [1] INFO wpfTest.Source.Log - nextpage() - 동작
2024-02-08 15:49:29,169 [11] ERROR wpfTest.Source.Log - webcamthread() - 스레드가 중단되었습니다.
2024-02-08 15:49:29,181 [1] DEBUG wpfTest.Source.Log - Delay() | 딜레이 시작 딜레이 시간(단위 : ms) : 2000
2024-02-08 15:49:31,366 [1] ERROR wpfTest.Source.Log - nextpage() - 개체 참조가 개체의 인스턴스로 설정되지 않았습니다.
2024-02-08 15:49:34,462 [1] DEBUG wpfTest.Source.Log - Window_KeyDown() | F4 입력(프로그램 종료 키)
2024-02-08 15:49:34,462 [1] INFO wpfTest.Source.Log - 프로그램 종료
2024-02-08 15:49:49,344 [1] INFO wpfTest.Source.Log - ==========  Started application  ==========
2024-02-08 15:49:49,487 [1] INFO wpfTest.Source.Log - Main Level 진입
2024-02-08 15:49:50,057 [1] DEBUG wpfTest.Source.Log - Window_Loaded() Start : 설정 값 로드 중
2024-02-08 15:49:50,058 [1] INFO wpfTest.Source.Log - 이전 파일 삭제
2024-02-08 15:49:50,059 [1] INFO wpfTest.Source.Log - 파일삭제 완료
2024-02-08 15:49:50,515 [1] DEBUG wpfTest.Source.Log - Resize 폴더 안 이미지 삭제 완료
2024-02-08 15:49:50,515 [1] DEBUG wpfTest.Source.Log - Resize 폴더 안 이미지 삭제 완료
2024-02-08 15:49:50,515 [1] DEBUG wpfTest.Source.Log - Resize 폴더 안 이미지 삭제 완료
2024-02-08 15:49:50,516 [1] DEBUG wpfTest.Source.Log - Resize 폴더 안 이미지 삭제 완료
2024-02-08 15:49:51,694 [1] DEBUG wpfTest.Source.Log - Window_Loaded() 로드 완료
2024-02-08 15:49:51,700 [1] DEBUG wpfTest.Source.Log - Grid_Loaded() | Main Level 설정 값 로드(자동연결)
2024-02-08 15:49:51,700 [1] INFO wpfTest.Source.Log - 타이머 시작
2024-02-08 15:49:52,392 [1] DEBUG wpfTest.Source.Log - Mainimg_MouseLeftButtonDown() | 버튼 클릭
2024-02-08 15:49:52,393 [1] INFO wpfTest.Source.Log - 타이머 종료
2024-02-08 15:49:52,407 [1] INFO wpfTest.Source.Log - 웹캠 촬영 페이지 진입
2024-02-08 15:49:52,424 [1] DEBUG wpfTest.Source.Log - Delay() | 딜레이 시작 딜레이 시간(단위 : ms) : 2000
2024-02-08 15:49:52,433 [11] INFO wpfTest.Source.Log - webcamthread() - 동작
2024-02-08 15:50:01,541 [1] INFO wpfTest.Source.Log - 타이머 종료
2024-02-08 15:50:01,542 [1] DEBUG wpfTest.Source.Log - Delay() | 딜레이 시작 딜레이 시간(단위 : ms) : 1000
2024-02-08 15:50:02,691 [1] INFO wpfTest.Source.Log - GetEncoderInfo() - 동작
2024-02-08 15:50:02,715 [1] INFO wpfTest.Source.Log - CutImg() - 동작 | 이미지 위치 : D:\업체\렌탈\윈스토리\wpfTest\bin\Release\IMG\Photo\IMG_0001.JPG
2024-02-08 15:50:02,767 [1] INFO wpfTest.Source.Log - 캐논타이머 시작
2024-02-08 15:50:09,826 [1] INFO wpfTest.Source.Log - 타이머 종료
2024-02-08 15:50:09,833 [1] DEBUG wpfTest.Source.Log - Delay() | 딜레이 시작 딜레이 시간(단위 : ms) : 1000
2024-02-08 15:50:10,960 [1] INFO wpfTest.Source.Log - GetEncoderInfo() - 동작
2024-02-08 15:50:10,979 [1] INFO wpfTest.Source.Log - CutImg() - 동작 | 이미지 위치 : D:\업체\렌탈\윈스토리\wpfTest\bin\Release\IMG\Photo\IMG_0002.JPG
2024-02-08 15:50:11,027 [1] INFO wpfTest.Source.Log - 캐논타이머 시작
2024-02-08 15:50:18,127 [1] INFO wpfTest.Source.Log - 타이머 종료
2024-02-08 15:50:18,127 [1] DEBUG wpfTest.Source.Log - Delay() | 딜레이 시작 딜레이 시간(단위 : ms) : 1000
2024-02-08 15:50:19,192 [1] INFO wpfTest.Source.Log - GetEncoderInfo() - 동작
2024-02-08 15:50:19,209 [1] INFO wpfTest.Source.Log - CutImg() - 동작 | 이미지 위치 : D:\업체\렌탈\윈스토리\wpfTest\bin\Release\IMG\Photo\IMG_0003.JPG
2024-02-08 15:50:19,261 [1] INFO wpfTest.Source.Log - 캐논타이머 시작
2024-02-08 15:50:26,359 [1] INFO wpfTest.Source.Log - 타이머 종료
2024-02-08 15:50:26,359 [1] DEBUG wpfTest.Source.Log - Delay() | 딜레이 시작 딜레이 시간(단위 : ms) : 1000
2024-02-08 15:50:27,459 [1] INFO wpfTest.Source.Log - GetEncoderInfo() - 동작
2024-02-08 15:50:27,476 [1] INFO wpfTest.Source.Log - CutImg() - 동작 | 이미지 위치 : D:\업체\렌탈\윈스토리\wpfTest\bin\Release\IMG\Photo\IMG_0004.JPG
2024-02-08 15:50:27,527 [1] DEBUG wpfTest.Source.Log - Delay() | 딜레이 시작 딜레이 시간(단위 : ms) : 200
2024-02-08 15:50:27,729 [1] INFO wpfTest.Source.Log - nextpage() - 동작
2024-02-08 15:50:27,755 [11] ERROR wpfTest.Source.Log - webcamthread() - 스레드가 중단되었습니다.
2024-02-08 15:50:27,775 [1] DEBUG wpfTest.Source.Log - Delay() | 딜레이 시작 딜레이 시간(단위 : ms) : 2000
2024-02-08 15:50:29,944 [1] ERROR wpfTest.Source.Log - nextpage() - 개체 참조가 개체의 인스턴스로 설정되지 않았습니다.
2024-02-08 15:50:30,357 [1] DEBUG wpfTest.Source.Log - Window_KeyDown() | F4 입력(프로그램 종료 키)
2024-02-08 15:50:30,358 [1] INFO wpfTest.Source.Log - 프로그램 종료
2024-02-08 16:00:49,350 [1] INFO wpfTest.Source.Log - ==========  Started application  ==========
2024-02-08 16:00:49,499 [1] INFO wpfTest.Source.Log - Main Level 진입
2024-02-08 16:00:49,912 [1] DEBUG wpfTest.Source.Log - Window_Loaded() Start : 설정 값 로드 중
2024-02-08 16:00:49,912 [1] INFO wpfTest.Source.Log - 이전 파일 삭제
2024-02-08 16:00:49,914 [1] INFO wpfTest.Source.Log - 파일삭제 완료
2024-02-08 16:00:50,325 [1] DEBUG wpfTest.Source.Log - Resize 폴더 안 이미지 삭제 완료
2024-02-08 16:00:50,325 [1] DEBUG wpfTest.Source.Log - Resize 폴더 안 이미지 삭제 완료
2024-02-08 16:00:50,325 [1] DEBUG wpfTest.Source.Log - Resize 폴더 안 이미지 삭제 완료
2024-02-08 16:00:50,326 [1] DEBUG wpfTest.Source.Log - Resize 폴더 안 이미지 삭제 완료
2024-02-08 16:00:51,558 [1] DEBUG wpfTest.Source.Log - Window_Loaded() 로드 완료
2024-02-08 16:00:51,564 [1] DEBUG wpfTest.Source.Log - Grid_Loaded() | Main Level 설정 값 로드(자동연결)
2024-02-08 16:00:51,564 [1] INFO wpfTest.Source.Log - 타이머 시작
2024-02-08 16:00:52,876 [1] DEBUG wpfTest.Source.Log - Window_KeyDown() | F12 입력(설정창 진입 키)
2024-02-08 16:00:53,818 [1] INFO wpfTest.Source.Log - Main Level 타이머 종료
2024-02-08 16:00:53,818 [1] INFO wpfTest.Source.Log - 옵션 메뉴 이동
2024-02-08 16:00:53,838 [1] INFO wpfTest.Source.Log - 옵션 페이지 진입
2024-02-08 16:00:54,272 [1] DEBUG wpfTest.Source.Log - Grid_Loaded() | 옵션페이지 셋팅값 로딩
2024-02-08 16:00:54,459 [1] DEBUG wpfTest.Source.Log - LoadSetting() | 로드된 값 세팅
2024-02-08 16:00:54,464 [1] INFO wpfTest.Source.Log - cardserialtextbox_TextChanged() - 로드
2024-02-08 16:00:54,476 [1] INFO wpfTest.Source.Log - PayWayCB_SelectionChanged() - 동작
2024-02-08 16:00:54,477 [1] DEBUG wpfTest.Source.Log - MoneySettingCoBox_SelectionChanged() | 템플릿 1번 돈 셋팅 변경
2024-02-08 16:00:54,529 [1] DEBUG wpfTest.Source.Log - temp2MoneySettingCoBox_SelectionChanged() | 템플릿 2번 돈 셋팅 변경
2024-02-08 16:00:54,546 [1] DEBUG wpfTest.Source.Log - temp3MoneySettingCoBox_SelectionChanged() | 템플릿 3번 돈 셋팅 변경
2024-02-08 16:00:54,563 [1] INFO wpfTest.Source.Log - couponkind_SelectionChanged() - 동작
2024-02-08 16:00:54,564 [1] DEBUG wpfTest.Source.Log - NoTakebtn_Checked() | 재촬영 금지 버튼 체크
2024-02-08 16:00:54,565 [1] DEBUG wpfTest.Source.Log - WebCam_Checked() | 웹캠 체크
2024-02-08 16:00:54,565 [1] DEBUG wpfTest.Source.Log - timeruse_Checked () | 타이머 사용 체크
2024-02-08 16:00:54,566 [1] DEBUG wpfTest.Source.Log - PageTimeSet_SelectionChanged() + | 페이지 타이머 변경
2024-02-08 16:00:54,581 [1] DEBUG wpfTest.Source.Log - PhotoTimeSet_SelectionChanged() | 포토 타임 변경
2024-02-08 16:00:54,597 [1] DEBUG wpfTest.Source.Log - OffSetXCoBox_SelectionChanged() | offsetx 변경
2024-02-08 16:00:54,616 [1] DEBUG wpfTest.Source.Log - OffSetYCoBox_SelectionChanged() | offsety 변경
2024-02-08 16:00:54,634 [1] DEBUG wpfTest.Source.Log - FactorXCoBox_SelectionChanged() | factorX 변경
2024-02-08 16:00:54,659 [1] DEBUG wpfTest.Source.Log - FactorYCoBox_SelectionChanged() | FactorY 변경
2024-02-08 16:00:54,659 [1] INFO wpfTest.Source.Log - KakaoPageTimeSetCoBox_SelectionChanged() - 동작
2024-02-08 16:00:54,660 [1] INFO wpfTest.Source.Log - timerlocationright_Checked() - 동작
2024-02-08 16:00:54,661 [1] DEBUG wpfTest.Source.Log - FlipNotUse_Checked () | 좌우반전 사용안함
2024-02-08 16:00:56,365 [1] DEBUG wpfTest.Source.Log - StartLVButton_Click() | 라이브뷰 시작
2024-02-08 16:00:56,366 [1] INFO wpfTest.Source.Log - 웹캠 라이브뷰 시작
2024-02-08 16:00:56,401 [11] DEBUG wpfTest.Source.Log - VideoThread() | 웹캠 구동
2024-02-08 16:01:03,570 [1] INFO wpfTest.Source.Log - checkcam_Click() - 동작
2024-02-08 16:01:03,570 [1] INFO wpfTest.Source.Log - GetEncoderInfo() - 동작
2024-02-08 16:01:03,587 [1] INFO wpfTest.Source.Log - CutImg() - 동작 | 이미지 위치 : D:\업체\렌탈\윈스토리\wpfTest\bin\Release\IMG\Photo\Test.JPG
2024-02-08 16:01:03,745 [1] DEBUG wpfTest.Source.Log - PrintBitmap() | 비트맵 인쇄
2024-02-08 16:01:03,745 [1] DEBUG wpfTest.Source.Log - Print Copy : 1
2024-02-08 16:01:06,945 [1] DEBUG wpfTest.Source.Log - button1_Click() | 종표버튼 클릭
2024-02-08 16:01:07,818 [1] INFO wpfTest.Source.Log - 프로그램 종료
2024-02-08 16:42:40,289 [1] INFO wpfTest.Source.Log - ==========  Started application  ==========
2024-02-08 16:42:40,605 [1] INFO wpfTest.Source.Log - Main Level 진입
2024-02-08 16:42:41,189 [1] DEBUG wpfTest.Source.Log - Window_Loaded() Start : 설정 값 로드 중
2024-02-08 16:42:49,207 [1] INFO wpfTest.Source.Log - 프로그램 종료
2024-02-08 16:44:27,408 [1] INFO wpfTest.Source.Log - ==========  Started application  ==========
2024-02-08 16:44:27,559 [1] INFO wpfTest.Source.Log - Main Level 진입
2024-02-08 16:44:28,085 [1] DEBUG wpfTest.Source.Log - Window_Loaded() Start : 설정 값 로드 중
2024-02-08 16:44:28,103 [1] INFO wpfTest.Source.Log - 이전 파일 삭제
2024-02-08 16:44:28,105 [1] INFO wpfTest.Source.Log - 파일삭제 완료
2024-02-08 16:44:29,135 [1] DEBUG wpfTest.Source.Log - Resize 폴더 안 이미지 삭제 완료
2024-02-08 16:44:30,831 [1] DEBUG wpfTest.Source.Log - Window_Loaded() 로드 완료
2024-02-08 16:44:30,837 [1] DEBUG wpfTest.Source.Log - Grid_Loaded() | Main Level 설정 값 로드(자동연결)
2024-02-08 16:44:30,840 [1] INFO wpfTest.Source.Log - 타이머 시작
2024-02-08 16:44:32,007 [1] DEBUG wpfTest.Source.Log - Mainimg_MouseLeftButtonDown() | 버튼 클릭
2024-02-08 16:44:32,007 [1] INFO wpfTest.Source.Log - 타이머 종료
2024-02-08 16:44:32,028 [1] INFO wpfTest.Source.Log - 웹캠 촬영 페이지 진입
2024-02-08 16:44:32,059 [1] DEBUG wpfTest.Source.Log - Delay() | 딜레이 시작 딜레이 시간(단위 : ms) : 2000
2024-02-08 16:44:32,086 [12] INFO wpfTest.Source.Log - webcamthread() - 동작
2024-02-08 16:44:41,277 [1] INFO wpfTest.Source.Log - 타이머 종료
2024-02-08 16:44:41,278 [1] DEBUG wpfTest.Source.Log - Delay() | 딜레이 시작 딜레이 시간(단위 : ms) : 1000
2024-02-08 16:44:42,287 [1] INFO wpfTest.Source.Log - GetEncoderInfo() - 동작
2024-02-08 16:44:42,306 [1] INFO wpfTest.Source.Log - CutImg() - 동작 | 이미지 위치 : D:\업체\렌탈\윈스토리\wpfTest\bin\Release\IMG\Photo\IMG_0001.JPG
2024-02-08 16:44:42,397 [1] INFO wpfTest.Source.Log - 캐논타이머 시작
2024-02-08 16:44:49,512 [1] INFO wpfTest.Source.Log - 타이머 종료
2024-02-08 16:44:49,513 [1] DEBUG wpfTest.Source.Log - Delay() | 딜레이 시작 딜레이 시간(단위 : ms) : 1000
2024-02-08 16:44:50,539 [1] INFO wpfTest.Source.Log - GetEncoderInfo() - 동작
2024-02-08 16:44:50,667 [1] INFO wpfTest.Source.Log - CutImg() - 동작 | 이미지 위치 : D:\업체\렌탈\윈스토리\wpfTest\bin\Release\IMG\Photo\IMG_0002.JPG
2024-02-08 16:44:50,739 [1] INFO wpfTest.Source.Log - 캐논타이머 시작
2024-02-08 16:44:57,882 [1] INFO wpfTest.Source.Log - 타이머 종료
2024-02-08 16:44:57,882 [1] DEBUG wpfTest.Source.Log - Delay() | 딜레이 시작 딜레이 시간(단위 : ms) : 1000
2024-02-08 16:44:58,960 [1] INFO wpfTest.Source.Log - GetEncoderInfo() - 동작
2024-02-08 16:44:58,973 [1] INFO wpfTest.Source.Log - CutImg() - 동작 | 이미지 위치 : D:\업체\렌탈\윈스토리\wpfTest\bin\Release\IMG\Photo\IMG_0003.JPG
2024-02-08 16:44:59,045 [1] INFO wpfTest.Source.Log - 캐논타이머 시작
2024-02-08 16:45:06,184 [1] INFO wpfTest.Source.Log - 타이머 종료
2024-02-08 16:45:06,184 [1] DEBUG wpfTest.Source.Log - Delay() | 딜레이 시작 딜레이 시간(단위 : ms) : 1000
2024-02-08 16:45:07,240 [1] INFO wpfTest.Source.Log - GetEncoderInfo() - 동작
2024-02-08 16:45:07,259 [1] INFO wpfTest.Source.Log - CutImg() - 동작 | 이미지 위치 : D:\업체\렌탈\윈스토리\wpfTest\bin\Release\IMG\Photo\IMG_0004.JPG
2024-02-08 16:45:07,308 [1] DEBUG wpfTest.Source.Log - Delay() | 딜레이 시작 딜레이 시간(단위 : ms) : 200
2024-02-08 16:45:07,525 [1] INFO wpfTest.Source.Log - nextpage() - 동작
2024-02-08 16:45:07,559 [1] DEBUG wpfTest.Source.Log - Delay() | 딜레이 시작 딜레이 시간(단위 : ms) : 2000
2024-02-08 16:45:07,560 [12] ERROR wpfTest.Source.Log - webcamthread() - 스레드가 중단되었습니다.
2024-02-08 16:45:09,693 [1] INFO wpfTest.Source.Log - Preparing 페이지 진입
2024-02-08 16:45:09,695 [1] DEBUG wpfTest.Source.Log - Grid_Loaded() | 흑백이미지 제작
2024-02-08 16:45:10,723 [1] DEBUG wpfTest.Source.Log - Pic() | 이미지 변환 시작
2024-02-08 16:45:10,739 [1] DEBUG wpfTest.Source.Log - Delay() | 딜레이 시작 딜레이 시간(단위 : ms) : 100
2024-02-08 16:45:10,978 [1] DEBUG wpfTest.Source.Log - Pic() | 이미지 변환 시작
2024-02-08 16:45:10,987 [1] DEBUG wpfTest.Source.Log - Delay() | 딜레이 시작 딜레이 시간(단위 : ms) : 100
2024-02-08 16:45:11,211 [1] DEBUG wpfTest.Source.Log - Pic() | 이미지 변환 시작
2024-02-08 16:45:11,220 [1] DEBUG wpfTest.Source.Log - Delay() | 딜레이 시작 딜레이 시간(단위 : ms) : 100
2024-02-08 16:45:11,435 [1] DEBUG wpfTest.Source.Log - Pic() | 이미지 변환 시작
2024-02-08 16:45:11,444 [1] DEBUG wpfTest.Source.Log - Delay() | 딜레이 시작 딜레이 시간(단위 : ms) : 100
2024-02-08 16:45:11,710 [1] INFO wpfTest.Source.Log - ImgCompose Level 진입
2024-02-08 16:45:11,729 [1] DEBUG wpfTest.Source.Log - Grid_Loaded() | ImgCompose 셋팅값 로드
2024-02-08 16:45:11,809 [1] DEBUG wpfTest.Source.Log - Imgshow() | 이미지 합성 시작
2024-02-08 16:45:11,947 [1] INFO wpfTest.Source.Log - 타이머 시작
2024-02-08 16:45:13,919 [1] DEBUG wpfTest.Source.Log - GrayFilter_MouseLeftButtonDown() | 흑백필터 이미지 클릭
2024-02-08 16:45:13,920 [1] DEBUG wpfTest.Source.Log - Imgshow() | 이미지 합성 시작
2024-02-08 16:45:14,445 [1] DEBUG wpfTest.Source.Log - ColorFilter_MouseLeftButtonDown() | 컬러사진 이미지 클릭
2024-02-08 16:45:14,446 [1] DEBUG wpfTest.Source.Log - Imgshow() | 이미지 합성 시작
2024-02-08 16:45:15,215 [1] DEBUG wpfTest.Source.Log - PrintBtn_MouseLeftButtonDown() | 프린트 이미지 클릭
2024-02-08 16:45:15,581 [1] DEBUG wpfTest.Source.Log - PrintBitmap() | 비트맵 인쇄
2024-02-08 16:45:15,581 [1] DEBUG wpfTest.Source.Log - Print Copy : 1
2024-02-08 16:45:15,946 [1] INFO wpfTest.Source.Log - 지금까지 출력된 장수 : 1
2024-02-08 16:45:15,962 [1] INFO wpfTest.Source.Log - 타이머 멈춤
2024-02-08 16:45:15,978 [1] INFO wpfTest.Source.Log - KaKaoPage진입
2024-02-08 16:45:16,011 [1] INFO wpfTest.Source.Log - Grid_Loaded() - 동작
2024-02-08 16:45:21,481 [1] DEBUG wpfTest.Source.Log - Kakaobtn_MouseLeftButtonDown() | 카카오톡 보내기 버튼 클릭, 보내는 번호 : 01023204746보내는 이미지 : KakaoPhoto0208164515.PNG
2024-02-08 16:45:21,483 [12] INFO wpfTest.Source.Log - SendKakao() - 동작
2024-02-08 16:45:21,510 [1] INFO wpfTest.Source.Log - Level Final 진입
2024-02-08 16:45:21,514 [1] DEBUG wpfTest.Source.Log - Grid_Loaded() 시작 | Final Level 설정 값 로드
2024-02-08 16:45:21,514 [1] INFO wpfTest.Source.Log - Final 타이머 시작
2024-02-08 16:45:21,578 [12] INFO wpfTest.Source.Log - 인터넷에 연결되어 있습니다.
2024-02-08 16:45:21,594 [12] INFO wpfTest.Source.Log - 매출 데이터 값 : SALE_DT=2024-02-08&MACHINE_CD=R0011&PRINT_CNT=1&PAYMENT_WAY=4&CASH_AMT=0&CARD_AMT=0
2024-02-08 16:45:21,669 [12] INFO wpfTest.Source.Log - [{"result":"0","resultMsg":"sucess"}]
2024-02-08 16:45:21,670 [12] INFO wpfTest.Source.Log - 폴더 등록 정보 : M_PATH=01023204746&P_PATH=r11&FILE_NM=KakaoPhoto0208164515.PNG
2024-02-08 16:45:21,700 [12] INFO wpfTest.Source.Log - [{"result":"0","resultMsg":"sucess"}]
2024-02-08 16:45:21,843 [12] INFO wpfTest.Source.Log - FTP 접속 성공
2024-02-08 16:45:21,843 [12] INFO wpfTest.Source.Log - 이미지 검색 성공
2024-02-08 16:45:22,301 [12] INFO wpfTest.Source.Log - FTP 이미지 Upload 성공
2024-02-08 16:45:22,302 [12] DEBUG wpfTest.Source.Log - SendMessage() | 보내는 번호 : 01023204746
2024-02-08 16:45:22,403 [12] INFO wpfTest.Source.Log - [{"sn":"20240208-164522080R402RS106823","custMsgSn":"globalcom_20240208164521731","code":"AS","altCode":"0000","altMsg":"success","smsCode":null,"smsMsg":null,"sndDtm":"20240208164522","rcptDtm":"20240208164522\n"}]
2024-02-08 16:45:22,420 [12] INFO wpfTest.Source.Log - SendKakao() - 쓰레드 종료지점
2024-02-08 16:45:27,974 [1] INFO wpfTest.Source.Log - Final Level 타이머 종료
2024-02-08 16:45:27,975 [1] DEBUG wpfTest.Source.Log - Resize 폴더 안 이미지 삭제 완료
2024-02-08 16:45:27,975 [1] DEBUG wpfTest.Source.Log - Resize 폴더 안 이미지 삭제 완료
2024-02-08 16:45:27,975 [1] DEBUG wpfTest.Source.Log - Resize 폴더 안 이미지 삭제 완료
2024-02-08 16:45:27,975 [1] DEBUG wpfTest.Source.Log - Resize 폴더 안 이미지 삭제 완료
2024-02-08 16:45:27,976 [1] DEBUG wpfTest.Source.Log - Print 폴더 안 이미지 삭제 완료
2024-02-08 16:45:27,976 [1] DEBUG wpfTest.Source.Log - gray 폴더 안 이미지 삭제 완료
2024-02-08 16:45:27,976 [1] DEBUG wpfTest.Source.Log - gray 폴더 안 이미지 삭제 완료
2024-02-08 16:45:27,977 [1] DEBUG wpfTest.Source.Log - gray 폴더 안 이미지 삭제 완료
2024-02-08 16:45:27,977 [1] DEBUG wpfTest.Source.Log - gray 폴더 안 이미지 삭제 완료
2024-02-08 16:45:27,989 [1] INFO wpfTest.Source.Log - 현재 사이클 수 : 1
2024-02-08 16:45:28,002 [1] INFO wpfTest.Source.Log - Main Level 진입
2024-02-08 16:45:28,007 [1] DEBUG wpfTest.Source.Log - Grid_Loaded() | Main Level 설정 값 로드(자동연결)
2024-02-08 16:45:28,007 [1] INFO wpfTest.Source.Log - 타이머 시작
2024-02-08 16:45:41,223 [1] INFO wpfTest.Source.Log - btn4_MouseLeftButtonDown() - 동작
2024-02-08 16:45:43,596 [1] DEBUG wpfTest.Source.Log - Window_KeyDown() | F4 입력(프로그램 종료 키)
2024-02-08 16:45:43,596 [1] INFO wpfTest.Source.Log - 프로그램 종료
2024-02-08 16:47:31,833 [1] INFO wpfTest.Source.Log - ==========  Started application  ==========
2024-02-08 16:47:32,000 [1] INFO wpfTest.Source.Log - Main Level 진입
2024-02-08 16:47:32,487 [1] DEBUG wpfTest.Source.Log - Window_Loaded() Start : 설정 값 로드 중
2024-02-08 16:47:32,501 [1] INFO wpfTest.Source.Log - 이전 파일 삭제
2024-02-08 16:47:32,503 [1] INFO wpfTest.Source.Log - 파일삭제 완료
2024-02-08 16:47:34,271 [1] DEBUG wpfTest.Source.Log - Window_Loaded() 로드 완료
2024-02-08 16:47:34,278 [1] DEBUG wpfTest.Source.Log - Grid_Loaded() | Main Level 설정 값 로드(자동연결)
2024-02-08 16:47:34,278 [1] INFO wpfTest.Source.Log - 타이머 시작
2024-02-08 16:47:36,006 [1] DEBUG wpfTest.Source.Log - Window_KeyDown() | F12 입력(설정창 진입 키)
2024-02-08 16:47:36,708 [1] INFO wpfTest.Source.Log - Main Level 타이머 종료
2024-02-08 16:47:36,709 [1] INFO wpfTest.Source.Log - 옵션 메뉴 이동
2024-02-08 16:47:36,725 [1] INFO wpfTest.Source.Log - 옵션 페이지 진입
2024-02-08 16:47:37,225 [1] DEBUG wpfTest.Source.Log - Grid_Loaded() | 옵션페이지 셋팅값 로딩
2024-02-08 16:47:37,236 [1] DEBUG wpfTest.Source.Log - LoadSetting() | 로드된 값 세팅
2024-02-08 16:47:37,241 [1] INFO wpfTest.Source.Log - cardserialtextbox_TextChanged() - 로드
2024-02-08 16:47:37,254 [1] INFO wpfTest.Source.Log - PayWayCB_SelectionChanged() - 동작
2024-02-08 16:47:37,254 [1] DEBUG wpfTest.Source.Log - MoneySettingCoBox_SelectionChanged() | 템플릿 1번 돈 셋팅 변경
2024-02-08 16:47:37,294 [1] DEBUG wpfTest.Source.Log - temp2MoneySettingCoBox_SelectionChanged() | 템플릿 2번 돈 셋팅 변경
2024-02-08 16:47:37,309 [1] DEBUG wpfTest.Source.Log - temp3MoneySettingCoBox_SelectionChanged() | 템플릿 3번 돈 셋팅 변경
2024-02-08 16:47:37,324 [1] INFO wpfTest.Source.Log - couponkind_SelectionChanged() - 동작
2024-02-08 16:47:37,325 [1] DEBUG wpfTest.Source.Log - NoTakebtn_Checked() | 재촬영 금지 버튼 체크
2024-02-08 16:47:37,326 [1] DEBUG wpfTest.Source.Log - WebCam_Checked() | 웹캠 체크
2024-02-08 16:47:37,326 [1] DEBUG wpfTest.Source.Log - timeruse_Checked () | 타이머 사용 체크
2024-02-08 16:47:37,327 [1] DEBUG wpfTest.Source.Log - PageTimeSet_SelectionChanged() + | 페이지 타이머 변경
2024-02-08 16:47:37,343 [1] DEBUG wpfTest.Source.Log - PhotoTimeSet_SelectionChanged() | 포토 타임 변경
2024-02-08 16:47:37,357 [1] DEBUG wpfTest.Source.Log - OffSetXCoBox_SelectionChanged() | offsetx 변경
2024-02-08 16:47:37,371 [1] DEBUG wpfTest.Source.Log - OffSetYCoBox_SelectionChanged() | offsety 변경
2024-02-08 16:47:37,385 [1] DEBUG wpfTest.Source.Log - FactorXCoBox_SelectionChanged() | factorX 변경
2024-02-08 16:47:37,399 [1] DEBUG wpfTest.Source.Log - FactorYCoBox_SelectionChanged() | FactorY 변경
2024-02-08 16:47:37,400 [1] INFO wpfTest.Source.Log - KakaoPageTimeSetCoBox_SelectionChanged() - 동작
2024-02-08 16:47:37,400 [1] INFO wpfTest.Source.Log - timerlocationright_Checked() - 동작
2024-02-08 16:47:37,401 [1] DEBUG wpfTest.Source.Log - FlipNotUse_Checked () | 좌우반전 사용안함
2024-02-08 16:47:40,447 [1] DEBUG wpfTest.Source.Log - ToMain_Click() | 메인 버튼 클릭
2024-02-08 16:47:43,912 [1] DEBUG wpfTest.Source.Log - button_Click() | 저장버튼 클릭
2024-02-08 16:47:44,484 [1] DEBUG wpfTest.Source.Log - ToMain_Click() | 메인 버튼 클릭
2024-02-08 16:47:44,562 [1] INFO wpfTest.Source.Log - Main Level 진입
2024-02-08 16:47:44,618 [1] DEBUG wpfTest.Source.Log - Grid_Loaded() | Main Level 설정 값 로드(자동연결)
2024-02-08 16:47:44,618 [1] INFO wpfTest.Source.Log - 타이머 시작
2024-02-08 16:47:45,111 [1] DEBUG wpfTest.Source.Log - Mainimg_MouseLeftButtonDown() | 버튼 클릭
2024-02-08 16:47:45,111 [1] INFO wpfTest.Source.Log - 타이머 종료
2024-02-08 16:47:45,143 [1] INFO wpfTest.Source.Log - 웹캠 촬영 페이지 진입
2024-02-08 16:47:45,155 [1] DEBUG wpfTest.Source.Log - Delay() | 딜레이 시작 딜레이 시간(단위 : ms) : 2000
2024-02-08 16:47:45,165 [12] INFO wpfTest.Source.Log - webcamthread() - 동작
2024-02-08 16:47:54,291 [1] INFO wpfTest.Source.Log - 타이머 종료
2024-02-08 16:47:54,291 [1] DEBUG wpfTest.Source.Log - Delay() | 딜레이 시작 딜레이 시간(단위 : ms) : 1000
2024-02-08 16:47:55,301 [1] INFO wpfTest.Source.Log - GetEncoderInfo() - 동작
2024-02-08 16:47:55,331 [1] INFO wpfTest.Source.Log - CutImg() - 동작 | 이미지 위치 : D:\업체\렌탈\윈스토리\wpfTest\bin\Release\IMG\Photo\IMG_0001.JPG
2024-02-08 16:47:55,387 [1] INFO wpfTest.Source.Log - 캐논타이머 시작
2024-02-08 16:48:02,512 [1] INFO wpfTest.Source.Log - 타이머 종료
2024-02-08 16:48:02,512 [1] DEBUG wpfTest.Source.Log - Delay() | 딜레이 시작 딜레이 시간(단위 : ms) : 1000
2024-02-08 16:48:03,516 [1] INFO wpfTest.Source.Log - GetEncoderInfo() - 동작
2024-02-08 16:48:03,529 [1] INFO wpfTest.Source.Log - CutImg() - 동작 | 이미지 위치 : D:\업체\렌탈\윈스토리\wpfTest\bin\Release\IMG\Photo\IMG_0002.JPG
2024-02-08 16:48:03,588 [1] INFO wpfTest.Source.Log - 캐논타이머 시작
2024-02-08 16:48:10,750 [1] INFO wpfTest.Source.Log - 타이머 종료
2024-02-08 16:48:10,751 [1] DEBUG wpfTest.Source.Log - Delay() | 딜레이 시작 딜레이 시간(단위 : ms) : 1000
2024-02-08 16:48:11,771 [1] INFO wpfTest.Source.Log - GetEncoderInfo() - 동작
2024-02-08 16:48:11,789 [1] INFO wpfTest.Source.Log - CutImg() - 동작 | 이미지 위치 : D:\업체\렌탈\윈스토리\wpfTest\bin\Release\IMG\Photo\IMG_0003.JPG
2024-02-08 16:48:11,847 [1] INFO wpfTest.Source.Log - 캐논타이머 시작
2024-02-08 16:48:18,963 [1] INFO wpfTest.Source.Log - 타이머 종료
2024-02-08 16:48:18,963 [1] DEBUG wpfTest.Source.Log - Delay() | 딜레이 시작 딜레이 시간(단위 : ms) : 1000
2024-02-08 16:48:20,030 [1] INFO wpfTest.Source.Log - GetEncoderInfo() - 동작
2024-02-08 16:48:20,044 [1] INFO wpfTest.Source.Log - CutImg() - 동작 | 이미지 위치 : D:\업체\렌탈\윈스토리\wpfTest\bin\Release\IMG\Photo\IMG_0004.JPG
2024-02-08 16:48:20,108 [1] DEBUG wpfTest.Source.Log - Delay() | 딜레이 시작 딜레이 시간(단위 : ms) : 200
2024-02-08 16:48:20,311 [1] INFO wpfTest.Source.Log - nextpage() - 동작
2024-02-08 16:48:20,335 [1] DEBUG wpfTest.Source.Log - Delay() | 딜레이 시작 딜레이 시간(단위 : ms) : 2000
2024-02-08 16:48:20,335 [12] ERROR wpfTest.Source.Log - webcamthread() - 스레드가 중단되었습니다.
2024-02-08 16:48:22,490 [1] INFO wpfTest.Source.Log - Preparing 페이지 진입
2024-02-08 16:48:22,492 [1] DEBUG wpfTest.Source.Log - Grid_Loaded() | 흑백이미지 제작
2024-02-08 16:48:23,505 [1] DEBUG wpfTest.Source.Log - Pic() | 이미지 변환 시작
2024-02-08 16:48:23,519 [1] DEBUG wpfTest.Source.Log - Delay() | 딜레이 시작 딜레이 시간(단위 : ms) : 100
2024-02-08 16:48:23,732 [1] DEBUG wpfTest.Source.Log - Pic() | 이미지 변환 시작
2024-02-08 16:48:23,741 [1] DEBUG wpfTest.Source.Log - Delay() | 딜레이 시작 딜레이 시간(단위 : ms) : 100
2024-02-08 16:48:23,982 [1] DEBUG wpfTest.Source.Log - Pic() | 이미지 변환 시작
2024-02-08 16:48:23,991 [1] DEBUG wpfTest.Source.Log - Delay() | 딜레이 시작 딜레이 시간(단위 : ms) : 100
2024-02-08 16:48:24,213 [1] DEBUG wpfTest.Source.Log - Pic() | 이미지 변환 시작
2024-02-08 16:48:24,223 [1] DEBUG wpfTest.Source.Log - Delay() | 딜레이 시작 딜레이 시간(단위 : ms) : 100
2024-02-08 16:48:24,485 [1] INFO wpfTest.Source.Log - ImgCompose Level 진입
2024-02-08 16:48:24,503 [1] DEBUG wpfTest.Source.Log - Grid_Loaded() | ImgCompose 셋팅값 로드
2024-02-08 16:48:24,580 [1] DEBUG wpfTest.Source.Log - Imgshow() | 이미지 합성 시작
2024-02-08 16:48:24,712 [1] INFO wpfTest.Source.Log - 타이머 시작
2024-02-08 16:48:29,965 [1] DEBUG wpfTest.Source.Log - PrintBtn_MouseLeftButtonDown() | 프린트 이미지 클릭
2024-02-08 16:48:30,091 [1] DEBUG wpfTest.Source.Log - PrintBitmap() | 비트맵 인쇄
2024-02-08 16:48:30,091 [1] DEBUG wpfTest.Source.Log - Print Copy : 1
2024-02-08 16:48:30,352 [1] INFO wpfTest.Source.Log - 지금까지 출력된 장수 : 2
2024-02-08 16:48:30,371 [1] INFO wpfTest.Source.Log - 타이머 멈춤
2024-02-08 16:48:30,390 [1] INFO wpfTest.Source.Log - KaKaoPage진입
2024-02-08 16:48:30,411 [1] INFO wpfTest.Source.Log - Grid_Loaded() - 동작
2024-02-08 16:48:36,351 [1] DEBUG wpfTest.Source.Log - Kakaobtn_MouseLeftButtonDown() | 카카오톡 보내기 버튼 클릭, 보내는 번호 : 01023204746보내는 이미지 : KakaoPhoto0208164830.PNG
2024-02-08 16:48:36,364 [11] INFO wpfTest.Source.Log - SendKakao() - 동작
2024-02-08 16:48:36,389 [1] INFO wpfTest.Source.Log - Level Final 진입
2024-02-08 16:48:36,393 [1] DEBUG wpfTest.Source.Log - Grid_Loaded() 시작 | Final Level 설정 값 로드
2024-02-08 16:48:36,393 [1] INFO wpfTest.Source.Log - Final 타이머 시작
2024-02-08 16:48:36,458 [11] INFO wpfTest.Source.Log - 인터넷에 연결되어 있습니다.
2024-02-08 16:48:36,469 [11] INFO wpfTest.Source.Log - 매출 데이터 값 : SALE_DT=2024-02-08&MACHINE_CD=R0011&PRINT_CNT=1&PAYMENT_WAY=4&CASH_AMT=0&CARD_AMT=0
2024-02-08 16:48:36,541 [11] INFO wpfTest.Source.Log - [{"result":"0","resultMsg":"sucess"}]
2024-02-08 16:48:36,541 [11] INFO wpfTest.Source.Log - 폴더 등록 정보 : M_PATH=01023204746&P_PATH=r11&FILE_NM=KakaoPhoto0208164830.PNG
2024-02-08 16:48:36,573 [11] INFO wpfTest.Source.Log - [{"result":"0","resultMsg":"sucess"}]
2024-02-08 16:48:36,713 [11] INFO wpfTest.Source.Log - FTP 접속 성공
2024-02-08 16:48:36,713 [11] INFO wpfTest.Source.Log - 이미지 검색 성공
2024-02-08 16:48:37,192 [11] INFO wpfTest.Source.Log - FTP 이미지 Upload 성공
2024-02-08 16:48:37,193 [11] DEBUG wpfTest.Source.Log - SendMessage() | 보내는 번호 : 01023204746
2024-02-08 16:48:37,300 [11] INFO wpfTest.Source.Log - [{"sn":"20240208-164836971R402RS107839","custMsgSn":"globalcom_20240208164836622","code":"AS","altCode":"0000","altMsg":"success","smsCode":null,"smsMsg":null,"sndDtm":"20240208164836","rcptDtm":"20240208164837\n"}]
2024-02-08 16:48:37,321 [11] INFO wpfTest.Source.Log - SendKakao() - 쓰레드 종료지점
2024-02-08 16:48:42,942 [1] INFO wpfTest.Source.Log - Final Level 타이머 종료
2024-02-08 16:48:42,942 [1] DEBUG wpfTest.Source.Log - Resize 폴더 안 이미지 삭제 완료
2024-02-08 16:48:42,942 [1] DEBUG wpfTest.Source.Log - Resize 폴더 안 이미지 삭제 완료
2024-02-08 16:48:42,943 [1] DEBUG wpfTest.Source.Log - Resize 폴더 안 이미지 삭제 완료
2024-02-08 16:48:42,943 [1] DEBUG wpfTest.Source.Log - Resize 폴더 안 이미지 삭제 완료
2024-02-08 16:48:42,943 [1] DEBUG wpfTest.Source.Log - Print 폴더 안 이미지 삭제 완료
2024-02-08 16:48:42,943 [1] DEBUG wpfTest.Source.Log - gray 폴더 안 이미지 삭제 완료
2024-02-08 16:48:42,944 [1] DEBUG wpfTest.Source.Log - gray 폴더 안 이미지 삭제 완료
2024-02-08 16:48:42,944 [1] DEBUG wpfTest.Source.Log - gray 폴더 안 이미지 삭제 완료
2024-02-08 16:48:42,944 [1] DEBUG wpfTest.Source.Log - gray 폴더 안 이미지 삭제 완료
2024-02-08 16:48:42,961 [1] INFO wpfTest.Source.Log - 현재 사이클 수 : 1
2024-02-08 16:48:42,978 [1] INFO wpfTest.Source.Log - Main Level 진입
2024-02-08 16:48:42,983 [1] DEBUG wpfTest.Source.Log - Grid_Loaded() | Main Level 설정 값 로드(자동연결)
2024-02-08 16:48:42,983 [1] INFO wpfTest.Source.Log - 타이머 시작
2024-02-08 16:49:01,928 [1] INFO wpfTest.Source.Log - btn4_MouseLeftButtonDown() - 동작
2024-02-08 16:49:22,258 [1] INFO wpfTest.Source.Log - btn4_MouseLeftButtonDown() - 동작
2024-02-08 16:49:23,019 [1] DEBUG wpfTest.Source.Log - Window_KeyDown() | F4 입력(프로그램 종료 키)
2024-02-08 16:49:23,019 [1] INFO wpfTest.Source.Log - 프로그램 종료
2024-02-08 16:51:09,966 [1] INFO wpfTest.Source.Log - ==========  Started application  ==========
2024-02-08 16:51:10,140 [1] INFO wpfTest.Source.Log - Main Level 진입
2024-02-08 16:51:10,678 [1] DEBUG wpfTest.Source.Log - Window_Loaded() Start : 설정 값 로드 중
2024-02-08 16:51:10,694 [1] INFO wpfTest.Source.Log - 이전 파일 삭제
2024-02-08 16:51:10,696 [1] INFO wpfTest.Source.Log - 파일삭제 완료
2024-02-08 16:51:12,351 [1] DEBUG wpfTest.Source.Log - Window_Loaded() 로드 완료
2024-02-08 16:51:12,357 [1] DEBUG wpfTest.Source.Log - Grid_Loaded() | Main Level 설정 값 로드(자동연결)
2024-02-08 16:51:12,357 [1] INFO wpfTest.Source.Log - 타이머 시작
2024-02-08 16:51:13,389 [1] DEBUG wpfTest.Source.Log - Mainimg_MouseLeftButtonDown() | 버튼 클릭
2024-02-08 16:51:13,389 [1] INFO wpfTest.Source.Log - 타이머 종료
2024-02-08 16:51:13,404 [1] INFO wpfTest.Source.Log - 웹캠 촬영 페이지 진입
2024-02-08 16:51:13,423 [1] DEBUG wpfTest.Source.Log - Delay() | 딜레이 시작 딜레이 시간(단위 : ms) : 2000
2024-02-08 16:51:13,433 [11] INFO wpfTest.Source.Log - webcamthread() - 동작
2024-02-08 16:51:22,579 [1] INFO wpfTest.Source.Log - 타이머 종료
2024-02-08 16:51:22,586 [1] DEBUG wpfTest.Source.Log - Delay() | 딜레이 시작 딜레이 시간(단위 : ms) : 1000
2024-02-08 16:51:23,634 [1] INFO wpfTest.Source.Log - GetEncoderInfo() - 동작
2024-02-08 16:51:23,710 [1] INFO wpfTest.Source.Log - CutImg() - 동작 | 이미지 위치 : D:\업체\렌탈\윈스토리\wpfTest\bin\Release\IMG\Photo\IMG_0001.JPG
2024-02-08 16:51:23,766 [1] INFO wpfTest.Source.Log - 캐논타이머 시작
2024-02-08 16:51:30,845 [1] INFO wpfTest.Source.Log - 타이머 종료
2024-02-08 16:51:30,845 [1] DEBUG wpfTest.Source.Log - Delay() | 딜레이 시작 딜레이 시간(단위 : ms) : 1000
2024-02-08 16:51:31,966 [1] INFO wpfTest.Source.Log - GetEncoderInfo() - 동작
2024-02-08 16:51:31,979 [1] INFO wpfTest.Source.Log - CutImg() - 동작 | 이미지 위치 : D:\업체\렌탈\윈스토리\wpfTest\bin\Release\IMG\Photo\IMG_0002.JPG
2024-02-08 16:51:32,033 [1] INFO wpfTest.Source.Log - 캐논타이머 시작
2024-02-08 16:51:39,193 [1] INFO wpfTest.Source.Log - 타이머 종료
2024-02-08 16:51:39,193 [1] DEBUG wpfTest.Source.Log - Delay() | 딜레이 시작 딜레이 시간(단위 : ms) : 1000
2024-02-08 16:51:40,222 [1] INFO wpfTest.Source.Log - GetEncoderInfo() - 동작
2024-02-08 16:51:40,235 [1] INFO wpfTest.Source.Log - CutImg() - 동작 | 이미지 위치 : D:\업체\렌탈\윈스토리\wpfTest\bin\Release\IMG\Photo\IMG_0003.JPG
2024-02-08 16:51:40,289 [1] INFO wpfTest.Source.Log - 캐논타이머 시작
2024-02-08 16:51:47,388 [1] INFO wpfTest.Source.Log - 타이머 종료
2024-02-08 16:51:47,388 [1] DEBUG wpfTest.Source.Log - Delay() | 딜레이 시작 딜레이 시간(단위 : ms) : 1000
2024-02-08 16:51:48,473 [1] INFO wpfTest.Source.Log - GetEncoderInfo() - 동작
2024-02-08 16:51:48,487 [1] INFO wpfTest.Source.Log - CutImg() - 동작 | 이미지 위치 : D:\업체\렌탈\윈스토리\wpfTest\bin\Release\IMG\Photo\IMG_0004.JPG
2024-02-08 16:51:48,538 [1] DEBUG wpfTest.Source.Log - Delay() | 딜레이 시작 딜레이 시간(단위 : ms) : 200
2024-02-08 16:51:48,739 [1] INFO wpfTest.Source.Log - nextpage() - 동작
2024-02-08 16:51:48,762 [11] ERROR wpfTest.Source.Log - webcamthread() - 스레드가 중단되었습니다.
2024-02-08 16:51:48,772 [1] DEBUG wpfTest.Source.Log - Delay() | 딜레이 시작 딜레이 시간(단위 : ms) : 2000
2024-02-08 16:51:50,996 [1] INFO wpfTest.Source.Log - Preparing 페이지 진입
2024-02-08 16:51:50,998 [1] DEBUG wpfTest.Source.Log - Grid_Loaded() | 흑백이미지 제작
2024-02-08 16:51:52,004 [1] DEBUG wpfTest.Source.Log - Pic() | 이미지 변환 시작
2024-02-08 16:51:52,019 [1] DEBUG wpfTest.Source.Log - Delay() | 딜레이 시작 딜레이 시간(단위 : ms) : 100
2024-02-08 16:51:52,279 [1] DEBUG wpfTest.Source.Log - Pic() | 이미지 변환 시작
2024-02-08 16:51:52,288 [1] DEBUG wpfTest.Source.Log - Delay() | 딜레이 시작 딜레이 시간(단위 : ms) : 100
2024-02-08 16:51:52,546 [1] DEBUG wpfTest.Source.Log - Pic() | 이미지 변환 시작
2024-02-08 16:51:52,556 [1] DEBUG wpfTest.Source.Log - Delay() | 딜레이 시작 딜레이 시간(단위 : ms) : 100
2024-02-08 16:51:52,756 [1] DEBUG wpfTest.Source.Log - Pic() | 이미지 변환 시작
2024-02-08 16:51:52,765 [1] DEBUG wpfTest.Source.Log - Delay() | 딜레이 시작 딜레이 시간(단위 : ms) : 100
2024-02-08 16:51:53,024 [1] INFO wpfTest.Source.Log - ImgCompose Level 진입
2024-02-08 16:51:53,042 [1] DEBUG wpfTest.Source.Log - Grid_Loaded() | ImgCompose 셋팅값 로드
2024-02-08 16:51:53,120 [1] DEBUG wpfTest.Source.Log - Imgshow() | 이미지 합성 시작
2024-02-08 16:51:53,246 [1] INFO wpfTest.Source.Log - 타이머 시작
2024-02-08 16:51:55,053 [1] DEBUG wpfTest.Source.Log - Colornextbtn_MouseLeftButtonDown() 다음 컬러 버튼 눌림
2024-02-08 16:51:55,053 [1] DEBUG wpfTest.Source.Log - Imgshow() | 이미지 합성 시작
2024-02-08 16:51:55,721 [1] DEBUG wpfTest.Source.Log - PrintBtn_MouseLeftButtonDown() | 프린트 이미지 클릭
2024-02-08 16:51:55,911 [1] DEBUG wpfTest.Source.Log - PrintBitmap() | 비트맵 인쇄
2024-02-08 16:51:55,911 [1] DEBUG wpfTest.Source.Log - Print Copy : 1
2024-02-08 16:51:56,181 [1] INFO wpfTest.Source.Log - 지금까지 출력된 장수 : 3
2024-02-08 16:51:56,196 [1] INFO wpfTest.Source.Log - 타이머 멈춤
2024-02-08 16:51:56,214 [1] INFO wpfTest.Source.Log - KaKaoPage진입
2024-02-08 16:51:56,259 [1] INFO wpfTest.Source.Log - Grid_Loaded() - 동작
2024-02-08 16:52:00,437 [1] DEBUG wpfTest.Source.Log - Kakaobtn_MouseLeftButtonDown() | 카카오톡 보내기 버튼 클릭, 보내는 번호 : 01023204746보내는 이미지 : KakaoPhoto0208165155.PNG
2024-02-08 16:52:00,452 [11] INFO wpfTest.Source.Log - SendKakao() - 동작
2024-02-08 16:52:00,464 [1] INFO wpfTest.Source.Log - Level Final 진입
2024-02-08 16:52:00,468 [1] DEBUG wpfTest.Source.Log - Grid_Loaded() 시작 | Final Level 설정 값 로드
2024-02-08 16:52:00,468 [1] INFO wpfTest.Source.Log - Final 타이머 시작
2024-02-08 16:52:00,528 [11] INFO wpfTest.Source.Log - 인터넷에 연결되어 있습니다.
2024-02-08 16:52:00,541 [11] INFO wpfTest.Source.Log - 매출 데이터 값 : SALE_DT=2024-02-08&MACHINE_CD=R0011&PRINT_CNT=1&PAYMENT_WAY=4&CASH_AMT=0&CARD_AMT=0
2024-02-08 16:52:00,602 [11] INFO wpfTest.Source.Log - [{"result":"0","resultMsg":"sucess"}]
2024-02-08 16:52:00,602 [11] INFO wpfTest.Source.Log - 폴더 등록 정보 : M_PATH=01023204746&P_PATH=r11&FILE_NM=KakaoPhoto0208165155.PNG
2024-02-08 16:52:00,629 [11] INFO wpfTest.Source.Log - [{"result":"0","resultMsg":"sucess"}]
2024-02-08 16:52:00,782 [11] INFO wpfTest.Source.Log - FTP 접속 성공
2024-02-08 16:52:00,782 [11] INFO wpfTest.Source.Log - 이미지 검색 성공
2024-02-08 16:52:01,236 [11] INFO wpfTest.Source.Log - FTP 이미지 Upload 성공
2024-02-08 16:52:01,247 [11] INFO wpfTest.Source.Log - 서버에 연결되었습니다.
2024-02-08 16:52:01,247 [11] INFO wpfTest.Source.Log - 서버로 데이터를 보냈습니다: 01023204746||r11
2024-02-08 16:52:01,247 [11] INFO wpfTest.Source.Log - SendKakao() - 쓰레드 종료지점
2024-02-08 16:52:06,723 [1] INFO wpfTest.Source.Log - Final Level 타이머 종료
2024-02-08 16:52:06,723 [1] DEBUG wpfTest.Source.Log - Resize 폴더 안 이미지 삭제 완료
2024-02-08 16:52:06,724 [1] DEBUG wpfTest.Source.Log - Resize 폴더 안 이미지 삭제 완료
2024-02-08 16:52:06,724 [1] DEBUG wpfTest.Source.Log - Resize 폴더 안 이미지 삭제 완료
2024-02-08 16:52:06,724 [1] DEBUG wpfTest.Source.Log - Resize 폴더 안 이미지 삭제 완료
2024-02-08 16:52:06,724 [1] DEBUG wpfTest.Source.Log - Print 폴더 안 이미지 삭제 완료
2024-02-08 16:52:06,725 [1] DEBUG wpfTest.Source.Log - gray 폴더 안 이미지 삭제 완료
2024-02-08 16:52:06,725 [1] DEBUG wpfTest.Source.Log - gray 폴더 안 이미지 삭제 완료
2024-02-08 16:52:06,725 [1] DEBUG wpfTest.Source.Log - gray 폴더 안 이미지 삭제 완료
2024-02-08 16:52:06,725 [1] DEBUG wpfTest.Source.Log - gray 폴더 안 이미지 삭제 완료
2024-02-08 16:52:06,737 [1] INFO wpfTest.Source.Log - 현재 사이클 수 : 1
2024-02-08 16:52:06,748 [1] INFO wpfTest.Source.Log - Main Level 진입
2024-02-08 16:52:06,751 [1] DEBUG wpfTest.Source.Log - Grid_Loaded() | Main Level 설정 값 로드(자동연결)
2024-02-08 16:52:06,751 [1] INFO wpfTest.Source.Log - 타이머 시작
2024-02-08 16:52:12,876 [1] INFO wpfTest.Source.Log - btn4_MouseLeftButtonDown() - 동작
2024-02-08 16:52:13,913 [1] DEBUG wpfTest.Source.Log - Window_KeyDown() | F4 입력(프로그램 종료 키)
2024-02-08 16:52:13,913 [1] INFO wpfTest.Source.Log - 프로그램 종료
