2024-02-27 10:33:59,185 [1] INFO wpfTest.Source.Log - ==========  Started application  ==========
2024-02-27 10:34:02,977 [1] INFO wpfTest.Source.Log - Main Level 진입
2024-02-27 10:34:03,532 [1] DEBUG wpfTest.Source.Log - Window_Loaded() Start : 설정 값 로드 중
2024-02-27 10:34:03,533 [1] INFO wpfTest.Source.Log - 이전 파일 삭제
2024-02-27 10:34:03,540 [1] INFO wpfTest.Source.Log - 파일삭제 완료
2024-02-27 10:34:03,552 [1] INFO wpfTest.Source.Log - 파일삭제 완료
2024-02-27 10:34:03,553 [1] INFO wpfTest.Source.Log - 파일삭제 완료
2024-02-27 10:34:06,049 [1] DEBUG wpfTest.Source.Log - Window_Loaded() 로드 완료
2024-02-27 10:34:06,115 [1] DEBUG wpfTest.Source.Log - Grid_Loaded() | Main Level 설정 값 로드(자동연결)
2024-02-27 10:34:06,151 [1] INFO wpfTest.Source.Log - 타이머 시작
2024-02-27 10:34:06,427 [1] ERROR wpfTest.Source.Log - Void Grid_Loaded(System.Object, System.Windows.RoutedEventArgs)() - 개체 참조가 개체의 인스턴스로 설정되지 않았습니다.
2024-02-27 10:34:28,403 [1] DEBUG wpfTest.Source.Log - Touchimg_MouseLeftButtonDown() | PageSelct 페이지로 가는 버튼 클릭
2024-02-27 10:34:28,403 [1] ERROR wpfTest.Source.Log - CloseSession() - 개체 참조가 개체의 인스턴스로 설정되지 않았습니다.
2024-02-27 10:34:29,499 [1] INFO wpfTest.Source.Log - 타이머 종료
2024-02-27 10:34:29,550 [1] INFO wpfTest.Source.Log - TempSelect Level 진입
2024-02-27 10:34:29,570 [1] INFO wpfTest.Source.Log - Grid_Loaded() - 동작
2024-02-27 10:34:34,101 [1] INFO wpfTest.Source.Log - NextImg_MouseLeftButtonDown() - 동작
2024-02-27 10:34:34,101 [1] INFO wpfTest.Source.Log - 선택한 템플릿 : 1
2024-02-27 10:34:34,300 [1] INFO wpfTest.Source.Log - PageSelect Level 진입
2024-02-27 10:34:34,323 [1] DEBUG wpfTest.Source.Log - Grid_Loaded() | PageSelect 세팅 로딩
2024-02-27 10:34:34,411 [1] DEBUG wpfTest.Source.Log - pagetextshow() | 페이지 장수 확인
2024-02-27 10:34:34,411 [1] INFO wpfTest.Source.Log - 타이머 시작
2024-02-27 10:34:36,395 [1] INFO wpfTest.Source.Log - pageimg2_MouseLeftButtonDown() | 동작 | PageSelect 페이지
2024-02-27 10:34:36,395 [1] DEBUG wpfTest.Source.Log - pagetextshow() | 페이지 장수 확인
2024-02-27 10:34:36,790 [1] INFO wpfTest.Source.Log - pageimg2_MouseLeftButtonDown() | 동작 | PageSelect 페이지
2024-02-27 10:34:36,803 [1] DEBUG wpfTest.Source.Log - pagetextshow() | 페이지 장수 확인
2024-02-27 10:34:37,150 [1] INFO wpfTest.Source.Log - pageimg2_MouseLeftButtonDown() | 동작 | PageSelect 페이지
2024-02-27 10:34:37,167 [1] DEBUG wpfTest.Source.Log - pagetextshow() | 페이지 장수 확인
2024-02-27 10:34:38,076 [1] INFO wpfTest.Source.Log - pageimg1_MouseLeftButtonDown() | 동작 | PageSelect 페이지
2024-02-27 10:34:38,091 [1] DEBUG wpfTest.Source.Log - pagetextshow() | 페이지 장수 확인
2024-02-27 10:34:38,193 [1] INFO wpfTest.Source.Log - pageimg1_MouseLeftButtonDown() | 동작 | PageSelect 페이지
2024-02-27 10:34:38,206 [1] DEBUG wpfTest.Source.Log - pagetextshow() | 페이지 장수 확인
2024-02-27 10:34:38,318 [1] INFO wpfTest.Source.Log - pageimg1_MouseLeftButtonDown() | 동작 | PageSelect 페이지
2024-02-27 10:34:38,329 [1] DEBUG wpfTest.Source.Log - pagetextshow() | 페이지 장수 확인
2024-02-27 10:34:39,232 [1] DEBUG wpfTest.Source.Log - BackBtn_MouseLeftButtonDown() | 뒷 페이지 넘어가기 이미지 클릭
2024-02-27 10:34:39,232 [1] INFO wpfTest.Source.Log - 타이머 멈춤
2024-02-27 10:34:39,278 [1] INFO wpfTest.Source.Log - TempSelect Level 진입
2024-02-27 10:34:39,281 [1] INFO wpfTest.Source.Log - Grid_Loaded() - 동작
2024-02-27 10:34:39,924 [1] INFO wpfTest.Source.Log - BackBtn_MouseLeftButtonDown() - 동작
2024-02-27 10:34:39,965 [1] INFO wpfTest.Source.Log - Main Level 진입
2024-02-27 10:34:39,968 [1] DEBUG wpfTest.Source.Log - Grid_Loaded() | Main Level 설정 값 로드(자동연결)
2024-02-27 10:34:39,988 [1] INFO wpfTest.Source.Log - 타이머 시작
2024-02-27 10:34:40,008 [1] ERROR wpfTest.Source.Log - Void Grid_Loaded(System.Object, System.Windows.RoutedEventArgs)() - 개체 참조가 개체의 인스턴스로 설정되지 않았습니다.
2024-02-27 10:34:41,083 [1] DEBUG wpfTest.Source.Log - Window_KeyDown() | F12 입력(설정창 진입 키)
2024-02-27 10:34:41,208 [1] INFO wpfTest.Source.Log - Main Level 타이머 종료
2024-02-27 10:34:41,208 [1] ERROR wpfTest.Source.Log - CloseSession() - 개체 참조가 개체의 인스턴스로 설정되지 않았습니다.
2024-02-27 10:34:42,554 [1] INFO wpfTest.Source.Log - 옵션 메뉴 이동
2024-02-27 10:34:42,587 [1] INFO wpfTest.Source.Log - 옵션 페이지 진입
2024-02-27 10:34:43,053 [1] DEBUG wpfTest.Source.Log - Grid_Loaded() | 옵션페이지 셋팅값 로딩
2024-02-27 10:34:43,209 [1] DEBUG wpfTest.Source.Log - LoadSetting() | 로드된 값 세팅
2024-02-27 10:34:43,210 [1] DEBUG wpfTest.Source.Log - BNotUse_Checked() | 지폐기 사용안함 클릭
2024-02-27 10:34:43,251 [1] DEBUG wpfTest.Source.Log - Canon_Checked() | 캐논 카메라 체크
2024-02-27 10:34:43,251 [1] DEBUG wpfTest.Source.Log - timeruse_Checked () | 타이머 사용 체크
2024-02-27 10:34:43,252 [1] DEBUG wpfTest.Source.Log - PageTimeSet_SelectionChanged() + | 페이지 타이머 변경
2024-02-27 10:34:43,288 [1] DEBUG wpfTest.Source.Log - PhotoTimeSet_SelectionChanged() | 포토 타임 변경
2024-02-27 10:34:43,353 [1] DEBUG wpfTest.Source.Log - OffSetXCoBox_SelectionChanged() | offsetx 변경
2024-02-27 10:34:43,373 [1] DEBUG wpfTest.Source.Log - OffSetYCoBox_SelectionChanged() | offsety 변경
2024-02-27 10:34:43,408 [1] DEBUG wpfTest.Source.Log - FactorXCoBox_SelectionChanged() | factorX 변경
2024-02-27 10:34:43,427 [1] DEBUG wpfTest.Source.Log - FactorYCoBox_SelectionChanged() | FactorY 변경
2024-02-27 10:34:43,427 [1] DEBUG wpfTest.Source.Log - TempSelectCB_SelectionChanged() | 템플릿 번호 변경
2024-02-27 10:34:43,456 [1] DEBUG wpfTest.Source.Log - FlipNotUse_Checked () | 좌우반전 사용안함
2024-02-27 10:34:43,476 [1] INFO wpfTest.Source.Log - 세션 열림
2024-02-27 10:34:47,083 [1] DEBUG wpfTest.Source.Log - button1_Click() | 종표버튼 클릭
2024-02-27 10:34:47,973 [1] INFO wpfTest.Source.Log - 프로그램 종료
2024-02-27 10:34:54,150 [1] INFO wpfTest.Source.Log - ==========  Started application  ==========
2024-02-27 10:34:55,743 [1] INFO wpfTest.Source.Log - Main Level 진입
2024-02-27 10:34:56,056 [1] DEBUG wpfTest.Source.Log - Window_Loaded() Start : 설정 값 로드 중
2024-02-27 10:34:56,058 [1] INFO wpfTest.Source.Log - 이전 파일 삭제
2024-02-27 10:34:56,059 [1] INFO wpfTest.Source.Log - 파일삭제 완료
2024-02-27 10:34:56,060 [1] INFO wpfTest.Source.Log - 파일삭제 완료
2024-02-27 10:34:56,060 [1] INFO wpfTest.Source.Log - 파일삭제 완료
2024-02-27 10:34:56,571 [1] DEBUG wpfTest.Source.Log - Window_Loaded() 로드 완료
2024-02-27 10:34:56,579 [1] DEBUG wpfTest.Source.Log - Grid_Loaded() | Main Level 설정 값 로드(자동연결)
2024-02-27 10:34:56,597 [1] INFO wpfTest.Source.Log - 타이머 시작
2024-02-27 10:34:56,735 [1] ERROR wpfTest.Source.Log - Void Grid_Loaded(System.Object, System.Windows.RoutedEventArgs)() - 개체 참조가 개체의 인스턴스로 설정되지 않았습니다.
2024-02-27 10:34:58,098 [1] DEBUG wpfTest.Source.Log - Window_KeyDown() | F12 입력(설정창 진입 키)
2024-02-27 10:34:58,770 [1] INFO wpfTest.Source.Log - Main Level 타이머 종료
2024-02-27 10:34:58,771 [1] ERROR wpfTest.Source.Log - CloseSession() - 개체 참조가 개체의 인스턴스로 설정되지 않았습니다.
2024-02-27 10:34:59,810 [1] INFO wpfTest.Source.Log - 옵션 메뉴 이동
2024-02-27 10:34:59,834 [1] INFO wpfTest.Source.Log - 옵션 페이지 진입
2024-02-27 10:35:00,272 [1] DEBUG wpfTest.Source.Log - Grid_Loaded() | 옵션페이지 셋팅값 로딩
2024-02-27 10:35:00,286 [1] DEBUG wpfTest.Source.Log - LoadSetting() | 로드된 값 세팅
2024-02-27 10:35:00,286 [1] DEBUG wpfTest.Source.Log - BNotUse_Checked() | 지폐기 사용안함 클릭
2024-02-27 10:35:00,343 [1] DEBUG wpfTest.Source.Log - Canon_Checked() | 캐논 카메라 체크
2024-02-27 10:35:00,344 [1] DEBUG wpfTest.Source.Log - timeruse_Checked () | 타이머 사용 체크
2024-02-27 10:35:00,344 [1] DEBUG wpfTest.Source.Log - PageTimeSet_SelectionChanged() + | 페이지 타이머 변경
2024-02-27 10:35:00,363 [1] DEBUG wpfTest.Source.Log - PhotoTimeSet_SelectionChanged() | 포토 타임 변경
2024-02-27 10:35:00,400 [1] DEBUG wpfTest.Source.Log - OffSetXCoBox_SelectionChanged() | offsetx 변경
2024-02-27 10:35:00,418 [1] DEBUG wpfTest.Source.Log - OffSetYCoBox_SelectionChanged() | offsety 변경
2024-02-27 10:35:00,461 [1] DEBUG wpfTest.Source.Log - FactorXCoBox_SelectionChanged() | factorX 변경
2024-02-27 10:35:00,503 [1] DEBUG wpfTest.Source.Log - FactorYCoBox_SelectionChanged() | FactorY 변경
2024-02-27 10:35:00,504 [1] DEBUG wpfTest.Source.Log - TempSelectCB_SelectionChanged() | 템플릿 번호 변경
2024-02-27 10:35:00,541 [1] DEBUG wpfTest.Source.Log - FlipNotUse_Checked () | 좌우반전 사용안함
2024-02-27 10:35:00,563 [1] INFO wpfTest.Source.Log - 세션 열림
2024-02-27 10:35:01,354 [1] INFO wpfTest.Source.Log - PassWord 창 진입
2024-02-27 10:35:01,365 [1] INFO wpfTest.Source.Log - 관리자 로그인페이지 접속
2024-02-27 10:35:03,246 [1] INFO wpfTest.Source.Log - 관리자 로그인 페이지 닫음
2024-02-27 10:35:03,918 [1] DEBUG wpfTest.Source.Log - BUse_Checked() | 지폐기 사용 클릭
2024-02-27 10:35:03,918 [1] DEBUG wpfTest.Source.Log - CheckSerial() | 지폐기 자동연결 작동
2024-02-27 10:35:03,921 [1] INFO wpfTest.Source.Log - 지폐기 연결됨
2024-02-27 10:35:03,924 [1] DEBUG wpfTest.Source.Log - DataSend() | 동작
2024-02-27 10:35:04,710 [1] DEBUG wpfTest.Source.Log - DataSend() | 동작
2024-02-27 10:35:04,710 [1] INFO wpfTest.Source.Log - CardCheckSerial() - 동작 | 카드 리더기 자동연결
2024-02-27 10:35:15,183 [1] DEBUG wpfTest.Source.Log - MoneySettingCoBox_SelectionChanged() | 돈 셋팅 변경
2024-02-27 10:35:16,355 [1] INFO wpfTest.Source.Log - PageSettingMoney_SelectionChanged() - 동작
2024-02-27 10:35:18,001 [1] DEBUG wpfTest.Source.Log - button_Click() | 저장버튼 클릭
2024-02-27 10:35:18,655 [1] DEBUG wpfTest.Source.Log - ToMain_Click() | 메인 버튼 클릭
2024-02-27 10:35:18,702 [1] INFO wpfTest.Source.Log - Main Level 진입
2024-02-27 10:35:18,761 [1] DEBUG wpfTest.Source.Log - Grid_Loaded() | Main Level 설정 값 로드(자동연결)
2024-02-27 10:35:18,761 [1] INFO wpfTest.Source.Log - 타이머 시작
2024-02-27 10:35:18,804 [1] ERROR wpfTest.Source.Log - Void Grid_Loaded(System.Object, System.Windows.RoutedEventArgs)() - 개체 참조가 개체의 인스턴스로 설정되지 않았습니다.
2024-02-27 10:35:19,371 [1] DEBUG wpfTest.Source.Log - Touchimg_MouseLeftButtonDown() | PageSelct 페이지로 가는 버튼 클릭
2024-02-27 10:35:19,371 [1] ERROR wpfTest.Source.Log - CloseSession() - 개체 참조가 개체의 인스턴스로 설정되지 않았습니다.
2024-02-27 10:35:20,240 [1] INFO wpfTest.Source.Log - 타이머 종료
2024-02-27 10:35:20,287 [1] INFO wpfTest.Source.Log - TempSelect Level 진입
2024-02-27 10:35:20,294 [1] INFO wpfTest.Source.Log - Grid_Loaded() - 동작
2024-02-27 10:35:21,189 [1] INFO wpfTest.Source.Log - NextImg_MouseLeftButtonDown() - 동작
2024-02-27 10:35:21,193 [1] INFO wpfTest.Source.Log - 선택한 템플릿 : 1
2024-02-27 10:35:21,312 [1] INFO wpfTest.Source.Log - PageSelect Level 진입
2024-02-27 10:35:21,323 [1] DEBUG wpfTest.Source.Log - Grid_Loaded() | PageSelect 세팅 로딩
2024-02-27 10:35:21,409 [1] DEBUG wpfTest.Source.Log - pagetextshow() | 페이지 장수 확인
2024-02-27 10:35:21,409 [1] INFO wpfTest.Source.Log - 타이머 시작
2024-02-27 10:35:22,214 [1] INFO wpfTest.Source.Log - pageimg2_MouseLeftButtonDown() | 동작 | PageSelect 페이지
2024-02-27 10:35:22,228 [1] DEBUG wpfTest.Source.Log - pagetextshow() | 페이지 장수 확인
2024-02-27 10:35:22,324 [1] INFO wpfTest.Source.Log - pageimg2_MouseLeftButtonDown() | 동작 | PageSelect 페이지
2024-02-27 10:35:22,333 [1] DEBUG wpfTest.Source.Log - pagetextshow() | 페이지 장수 확인
2024-02-27 10:35:22,472 [1] INFO wpfTest.Source.Log - pageimg2_MouseLeftButtonDown() | 동작 | PageSelect 페이지
2024-02-27 10:35:22,481 [1] DEBUG wpfTest.Source.Log - pagetextshow() | 페이지 장수 확인
2024-02-27 10:35:24,489 [1] INFO wpfTest.Source.Log - CouponTBFront_MouseLeftButtonDown() - 동작
2024-02-27 10:35:24,489 [1] INFO wpfTest.Source.Log - 타이머 종료
2024-02-27 10:35:24,537 [1] INFO wpfTest.Source.Log - Coupon Page 진입
2024-02-27 10:35:24,552 [1] INFO wpfTest.Source.Log - Grid_Loaded() - 동작
2024-02-27 10:35:25,820 [1] INFO wpfTest.Source.Log - key1_MouseLeftButtonDown() - 동작
2024-02-27 10:35:25,821 [1] INFO wpfTest.Source.Log - shownumber() - 동작
2024-02-27 10:35:26,088 [1] INFO wpfTest.Source.Log - key1_MouseLeftButtonDown() - 동작
2024-02-27 10:35:26,099 [1] INFO wpfTest.Source.Log - shownumber() - 동작
2024-02-27 10:35:26,359 [1] INFO wpfTest.Source.Log - key1_MouseLeftButtonDown() - 동작
2024-02-27 10:35:26,374 [1] INFO wpfTest.Source.Log - shownumber() - 동작
2024-02-27 10:35:26,665 [1] INFO wpfTest.Source.Log - key1_MouseLeftButtonDown() - 동작
2024-02-27 10:35:26,679 [1] INFO wpfTest.Source.Log - shownumber() - 동작
2024-02-27 10:35:26,948 [1] INFO wpfTest.Source.Log - key1_MouseLeftButtonDown() - 동작
2024-02-27 10:35:26,965 [1] INFO wpfTest.Source.Log - shownumber() - 동작
2024-02-27 10:35:27,225 [1] INFO wpfTest.Source.Log - key1_MouseLeftButtonDown() - 동작
2024-02-27 10:35:27,240 [1] INFO wpfTest.Source.Log - shownumber() - 동작
2024-02-27 10:35:27,563 [1] INFO wpfTest.Source.Log - key1_MouseLeftButtonDown() - 동작
2024-02-27 10:35:27,574 [1] INFO wpfTest.Source.Log - shownumber() - 동작
2024-02-27 10:35:27,841 [1] INFO wpfTest.Source.Log - key1_MouseLeftButtonDown() - 동작
2024-02-27 10:35:27,850 [1] INFO wpfTest.Source.Log - shownumber() - 동작
2024-02-27 10:35:28,139 [1] INFO wpfTest.Source.Log - key1_MouseLeftButtonDown() - 동작
2024-02-27 10:35:28,153 [1] INFO wpfTest.Source.Log - shownumber() - 동작
2024-02-27 10:35:28,449 [1] INFO wpfTest.Source.Log - key1_MouseLeftButtonDown() - 동작
2024-02-27 10:35:28,462 [1] INFO wpfTest.Source.Log - shownumber() - 동작
2024-02-27 10:35:29,176 [1] INFO wpfTest.Source.Log - keyOK_MouseLeftButtonDown() - 동작
2024-02-27 10:35:30,406 [1] INFO wpfTest.Source.Log - 타이머 종료됨
2024-02-27 10:35:30,407 [1] INFO wpfTest.Source.Log - Dispose() - 동작
2024-02-27 10:35:30,408 [1] INFO wpfTest.Source.Log - PageSelect Level 진입
2024-02-27 10:35:30,430 [1] DEBUG wpfTest.Source.Log - Grid_Loaded() | PageSelect 세팅 로딩
2024-02-27 10:35:30,516 [1] DEBUG wpfTest.Source.Log - pagetextshow() | 페이지 장수 확인
2024-02-27 10:35:30,517 [1] INFO wpfTest.Source.Log - 타이머 시작
2024-02-27 10:35:52,974 [1] INFO wpfTest.Source.Log - CouponApply_MouseLeftButtonDown() - 동작
2024-02-27 10:35:53,363 [1] INFO wpfTest.Source.Log - CouponTBFront_MouseLeftButtonDown() - 동작
2024-02-27 10:35:53,379 [1] INFO wpfTest.Source.Log - 타이머 종료
2024-02-27 10:35:53,426 [1] INFO wpfTest.Source.Log - Coupon Page 진입
2024-02-27 10:35:53,445 [1] INFO wpfTest.Source.Log - Grid_Loaded() - 동작
2024-02-27 10:35:54,452 [1] INFO wpfTest.Source.Log - key1_MouseLeftButtonDown() - 동작
2024-02-27 10:35:54,453 [1] INFO wpfTest.Source.Log - shownumber() - 동작
2024-02-27 10:35:54,728 [1] INFO wpfTest.Source.Log - key1_MouseLeftButtonDown() - 동작
2024-02-27 10:35:54,743 [1] INFO wpfTest.Source.Log - shownumber() - 동작
2024-02-27 10:35:55,011 [1] INFO wpfTest.Source.Log - key1_MouseLeftButtonDown() - 동작
2024-02-27 10:35:55,019 [1] INFO wpfTest.Source.Log - shownumber() - 동작
2024-02-27 10:35:55,277 [1] INFO wpfTest.Source.Log - key1_MouseLeftButtonDown() - 동작
2024-02-27 10:35:55,286 [1] INFO wpfTest.Source.Log - shownumber() - 동작
2024-02-27 10:35:55,598 [1] INFO wpfTest.Source.Log - key1_MouseLeftButtonDown() - 동작
2024-02-27 10:35:55,610 [1] INFO wpfTest.Source.Log - shownumber() - 동작
2024-02-27 10:35:55,896 [1] INFO wpfTest.Source.Log - key1_MouseLeftButtonDown() - 동작
2024-02-27 10:35:55,907 [1] INFO wpfTest.Source.Log - shownumber() - 동작
2024-02-27 10:35:56,199 [1] INFO wpfTest.Source.Log - key1_MouseLeftButtonDown() - 동작
2024-02-27 10:35:56,213 [1] INFO wpfTest.Source.Log - shownumber() - 동작
2024-02-27 10:35:56,483 [1] INFO wpfTest.Source.Log - key1_MouseLeftButtonDown() - 동작
2024-02-27 10:35:56,500 [1] INFO wpfTest.Source.Log - shownumber() - 동작
2024-02-27 10:35:56,778 [1] INFO wpfTest.Source.Log - key1_MouseLeftButtonDown() - 동작
2024-02-27 10:35:56,785 [1] INFO wpfTest.Source.Log - shownumber() - 동작
2024-02-27 10:35:57,074 [1] INFO wpfTest.Source.Log - key1_MouseLeftButtonDown() - 동작
2024-02-27 10:35:57,091 [1] INFO wpfTest.Source.Log - shownumber() - 동작
2024-02-27 10:35:57,730 [1] INFO wpfTest.Source.Log - keyOK_MouseLeftButtonDown() - 동작
2024-02-27 10:35:57,759 [1] INFO wpfTest.Source.Log - 타이머 종료됨
2024-02-27 10:35:57,759 [1] INFO wpfTest.Source.Log - Dispose() - 동작
2024-02-27 10:35:57,759 [1] INFO wpfTest.Source.Log - PageSelect Level 진입
2024-02-27 10:35:57,768 [1] DEBUG wpfTest.Source.Log - Grid_Loaded() | PageSelect 세팅 로딩
2024-02-27 10:35:57,834 [1] DEBUG wpfTest.Source.Log - pagetextshow() | 페이지 장수 확인
2024-02-27 10:35:57,834 [1] INFO wpfTest.Source.Log - 타이머 시작
2024-02-27 10:35:59,769 [1] DEBUG wpfTest.Source.Log - Window_KeyDown() | F4 입력(프로그램 종료 키)
2024-02-27 10:35:59,770 [1] DEBUG wpfTest.Source.Log - DataSend() | 동작
2024-02-27 10:35:59,771 [1] INFO wpfTest.Source.Log - 프로그램 종료
2024-02-27 10:37:20,554 [1] INFO wpfTest.Source.Log - ==========  Started application  ==========
2024-02-27 10:37:22,223 [1] INFO wpfTest.Source.Log - Main Level 진입
2024-02-27 10:37:22,467 [1] DEBUG wpfTest.Source.Log - Window_Loaded() Start : 설정 값 로드 중
2024-02-27 10:37:22,468 [1] INFO wpfTest.Source.Log - 이전 파일 삭제
2024-02-27 10:37:22,469 [1] INFO wpfTest.Source.Log - 파일삭제 완료
2024-02-27 10:37:22,469 [1] INFO wpfTest.Source.Log - 파일삭제 완료
2024-02-27 10:37:22,469 [1] INFO wpfTest.Source.Log - 파일삭제 완료
2024-02-27 10:37:22,962 [1] DEBUG wpfTest.Source.Log - Window_Loaded() 로드 완료
2024-02-27 10:37:22,969 [1] DEBUG wpfTest.Source.Log - Grid_Loaded() | Main Level 설정 값 로드(자동연결)
2024-02-27 10:37:22,985 [1] INFO wpfTest.Source.Log - 타이머 시작
2024-02-27 10:37:23,138 [1] ERROR wpfTest.Source.Log - Void Grid_Loaded(System.Object, System.Windows.RoutedEventArgs)() - 개체 참조가 개체의 인스턴스로 설정되지 않았습니다.
2024-02-27 10:37:24,261 [1] DEBUG wpfTest.Source.Log - Window_KeyDown() | F4 입력(프로그램 종료 키)
2024-02-27 10:37:24,261 [1] INFO wpfTest.Source.Log - 프로그램 종료
2024-02-27 10:38:04,774 [1] INFO wpfTest.Source.Log - ==========  Started application  ==========
2024-02-27 10:38:06,432 [1] INFO wpfTest.Source.Log - Main Level 진입
2024-02-27 10:38:06,665 [1] DEBUG wpfTest.Source.Log - Window_Loaded() Start : 설정 값 로드 중
2024-02-27 10:38:06,666 [1] INFO wpfTest.Source.Log - 이전 파일 삭제
2024-02-27 10:38:06,667 [1] INFO wpfTest.Source.Log - 파일삭제 완료
2024-02-27 10:38:06,667 [1] INFO wpfTest.Source.Log - 파일삭제 완료
2024-02-27 10:38:06,667 [1] INFO wpfTest.Source.Log - 파일삭제 완료
2024-02-27 10:38:07,220 [1] DEBUG wpfTest.Source.Log - Window_Loaded() 로드 완료
2024-02-27 10:38:07,228 [1] DEBUG wpfTest.Source.Log - Grid_Loaded() | Main Level 설정 값 로드(자동연결)
2024-02-27 10:38:07,247 [1] INFO wpfTest.Source.Log - 타이머 시작
2024-02-27 10:38:07,795 [1] INFO wpfTest.Source.Log - Canon 카메라 연결 완료
2024-02-27 10:38:07,821 [1] DEBUG wpfTest.Source.Log - BillMachineOpenSession() | 지폐기 자동연걸 시작
2024-02-27 10:38:07,823 [1] INFO wpfTest.Source.Log - 컴포트 : COM1으로 연결되었습니다.
2024-02-27 10:38:07,826 [1] DEBUG wpfTest.Source.Log - DataSend() | 동작
2024-02-27 10:38:08,736 [1] DEBUG wpfTest.Source.Log - DataSend() | 동작
2024-02-27 10:38:10,058 [1] DEBUG wpfTest.Source.Log - Touchimg_MouseLeftButtonDown() | PageSelct 페이지로 가는 버튼 클릭
2024-02-27 10:38:10,295 [1] INFO wpfTest.Source.Log - Canon 카메라 세션 닫힘
2024-02-27 10:38:10,309 [1] INFO wpfTest.Source.Log - 타이머 종료
2024-02-27 10:38:10,326 [1] INFO wpfTest.Source.Log - TempSelect Level 진입
2024-02-27 10:38:10,331 [1] INFO wpfTest.Source.Log - Grid_Loaded() - 동작
2024-02-27 10:38:11,558 [1] INFO wpfTest.Source.Log - NextImg_MouseLeftButtonDown() - 동작
2024-02-27 10:38:11,558 [1] INFO wpfTest.Source.Log - 선택한 템플릿 : 1
2024-02-27 10:38:11,630 [1] INFO wpfTest.Source.Log - PageSelect Level 진입
2024-02-27 10:38:11,643 [1] DEBUG wpfTest.Source.Log - Grid_Loaded() | PageSelect 세팅 로딩
2024-02-27 10:38:11,705 [1] DEBUG wpfTest.Source.Log - pagetextshow() | 페이지 장수 확인
2024-02-27 10:38:11,705 [1] INFO wpfTest.Source.Log - 타이머 시작
2024-02-27 10:38:13,228 [1] INFO wpfTest.Source.Log - pageimg2_MouseLeftButtonDown() | 동작 | PageSelect 페이지
2024-02-27 10:38:13,229 [1] DEBUG wpfTest.Source.Log - pagetextshow() | 페이지 장수 확인
2024-02-27 10:38:13,336 [1] INFO wpfTest.Source.Log - pageimg2_MouseLeftButtonDown() | 동작 | PageSelect 페이지
2024-02-27 10:38:13,346 [1] DEBUG wpfTest.Source.Log - pagetextshow() | 페이지 장수 확인
2024-02-27 10:38:13,463 [1] INFO wpfTest.Source.Log - pageimg2_MouseLeftButtonDown() | 동작 | PageSelect 페이지
2024-02-27 10:38:13,479 [1] DEBUG wpfTest.Source.Log - pagetextshow() | 페이지 장수 확인
2024-02-27 10:38:14,434 [1] INFO wpfTest.Source.Log - CouponTBFront_MouseLeftButtonDown() - 동작
2024-02-27 10:38:14,443 [1] INFO wpfTest.Source.Log - 타이머 종료
2024-02-27 10:38:14,462 [1] INFO wpfTest.Source.Log - Coupon Page 진입
2024-02-27 10:38:14,486 [1] INFO wpfTest.Source.Log - Grid_Loaded() - 동작
2024-02-27 10:38:15,257 [1] INFO wpfTest.Source.Log - key1_MouseLeftButtonDown() - 동작
2024-02-27 10:38:15,267 [1] INFO wpfTest.Source.Log - shownumber() - 동작
2024-02-27 10:38:15,395 [1] INFO wpfTest.Source.Log - key1_MouseLeftButtonDown() - 동작
2024-02-27 10:38:15,411 [1] INFO wpfTest.Source.Log - shownumber() - 동작
2024-02-27 10:38:15,663 [1] INFO wpfTest.Source.Log - key1_MouseLeftButtonDown() - 동작
2024-02-27 10:38:15,673 [1] INFO wpfTest.Source.Log - shownumber() - 동작
2024-02-27 10:38:15,799 [1] INFO wpfTest.Source.Log - key1_MouseLeftButtonDown() - 동작
2024-02-27 10:38:15,807 [1] INFO wpfTest.Source.Log - shownumber() - 동작
2024-02-27 10:38:16,570 [1] INFO wpfTest.Source.Log - key1_MouseLeftButtonDown() - 동작
2024-02-27 10:38:16,582 [1] INFO wpfTest.Source.Log - shownumber() - 동작
2024-02-27 10:38:17,022 [1] INFO wpfTest.Source.Log - key1_MouseLeftButtonDown() - 동작
2024-02-27 10:38:17,036 [1] INFO wpfTest.Source.Log - shownumber() - 동작
2024-02-27 10:38:17,351 [1] INFO wpfTest.Source.Log - key1_MouseLeftButtonDown() - 동작
2024-02-27 10:38:17,369 [1] INFO wpfTest.Source.Log - shownumber() - 동작
2024-02-27 10:38:17,621 [1] INFO wpfTest.Source.Log - key1_MouseLeftButtonDown() - 동작
2024-02-27 10:38:17,633 [1] INFO wpfTest.Source.Log - shownumber() - 동작
2024-02-27 10:38:17,849 [1] INFO wpfTest.Source.Log - key1_MouseLeftButtonDown() - 동작
2024-02-27 10:38:17,865 [1] INFO wpfTest.Source.Log - shownumber() - 동작
2024-02-27 10:38:18,084 [1] INFO wpfTest.Source.Log - key1_MouseLeftButtonDown() - 동작
2024-02-27 10:38:18,098 [1] INFO wpfTest.Source.Log - shownumber() - 동작
2024-02-27 10:38:18,695 [1] INFO wpfTest.Source.Log - keyOK_MouseLeftButtonDown() - 동작
2024-02-27 10:38:19,217 [1] INFO wpfTest.Source.Log - 타이머 종료됨
2024-02-27 10:38:19,217 [1] INFO wpfTest.Source.Log - Dispose() - 동작
2024-02-27 10:38:19,219 [1] INFO wpfTest.Source.Log - PageSelect Level 진입
2024-02-27 10:38:19,242 [1] DEBUG wpfTest.Source.Log - Grid_Loaded() | PageSelect 세팅 로딩
2024-02-27 10:38:19,288 [1] DEBUG wpfTest.Source.Log - pagetextshow() | 페이지 장수 확인
2024-02-27 10:38:19,288 [1] INFO wpfTest.Source.Log - 타이머 시작
2024-02-27 10:38:20,928 [1] DEBUG wpfTest.Source.Log - BackBtn_MouseLeftButtonDown() | 뒷 페이지 넘어가기 이미지 클릭
2024-02-27 10:38:20,928 [1] INFO wpfTest.Source.Log - 타이머 멈춤
2024-02-27 10:38:20,978 [1] INFO wpfTest.Source.Log - TempSelect Level 진입
2024-02-27 10:38:20,981 [1] INFO wpfTest.Source.Log - Grid_Loaded() - 동작
2024-02-27 10:38:21,983 [1] DEBUG wpfTest.Source.Log - Window_KeyDown() | F4 입력(프로그램 종료 키)
2024-02-27 10:38:21,983 [1] DEBUG wpfTest.Source.Log - DataSend() | 동작
2024-02-27 10:38:21,987 [1] INFO wpfTest.Source.Log - 프로그램 종료
2024-02-27 10:38:58,167 [1] INFO wpfTest.Source.Log - ==========  Started application  ==========
2024-02-27 10:38:59,827 [1] INFO wpfTest.Source.Log - Main Level 진입
2024-02-27 10:39:00,089 [1] DEBUG wpfTest.Source.Log - Window_Loaded() Start : 설정 값 로드 중
2024-02-27 10:39:00,090 [1] INFO wpfTest.Source.Log - 이전 파일 삭제
2024-02-27 10:39:00,091 [1] INFO wpfTest.Source.Log - 파일삭제 완료
2024-02-27 10:39:00,091 [1] INFO wpfTest.Source.Log - 파일삭제 완료
2024-02-27 10:39:00,092 [1] INFO wpfTest.Source.Log - 파일삭제 완료
2024-02-27 10:39:00,624 [1] DEBUG wpfTest.Source.Log - Window_Loaded() 로드 완료
2024-02-27 10:39:00,632 [1] DEBUG wpfTest.Source.Log - Grid_Loaded() | Main Level 설정 값 로드(자동연결)
2024-02-27 10:39:00,653 [1] INFO wpfTest.Source.Log - 타이머 시작
2024-02-27 10:39:01,157 [1] INFO wpfTest.Source.Log - Canon 카메라 연결 완료
2024-02-27 10:39:01,181 [1] DEBUG wpfTest.Source.Log - BillMachineOpenSession() | 지폐기 자동연걸 시작
2024-02-27 10:39:01,184 [1] INFO wpfTest.Source.Log - 컴포트 : COM1으로 연결되었습니다.
2024-02-27 10:39:01,187 [1] DEBUG wpfTest.Source.Log - DataSend() | 동작
2024-02-27 10:39:01,723 [1] DEBUG wpfTest.Source.Log - DataSend() | 동작
2024-02-27 10:39:02,034 [1] DEBUG wpfTest.Source.Log - Window_KeyDown() | F4 입력(프로그램 종료 키)
2024-02-27 10:39:02,272 [1] INFO wpfTest.Source.Log - 캐논 카메라 종료
2024-02-27 10:39:02,272 [1] DEBUG wpfTest.Source.Log - DataSend() | 동작
2024-02-27 10:39:02,272 [1] INFO wpfTest.Source.Log - 프로그램 종료
2024-02-27 10:41:05,333 [1] INFO wpfTest.Source.Log - ==========  Started application  ==========
2024-02-27 10:41:07,030 [1] INFO wpfTest.Source.Log - Main Level 진입
2024-02-27 10:41:07,271 [1] DEBUG wpfTest.Source.Log - Window_Loaded() Start : 설정 값 로드 중
2024-02-27 10:41:07,272 [1] INFO wpfTest.Source.Log - 이전 파일 삭제
2024-02-27 10:41:07,273 [1] INFO wpfTest.Source.Log - 파일삭제 완료
2024-02-27 10:41:07,274 [1] INFO wpfTest.Source.Log - 파일삭제 완료
2024-02-27 10:41:07,274 [1] INFO wpfTest.Source.Log - 파일삭제 완료
2024-02-27 10:41:07,854 [1] DEBUG wpfTest.Source.Log - Window_Loaded() 로드 완료
2024-02-27 10:41:07,863 [1] DEBUG wpfTest.Source.Log - Grid_Loaded() | Main Level 설정 값 로드(자동연결)
2024-02-27 10:41:07,879 [1] INFO wpfTest.Source.Log - 타이머 시작
2024-02-27 10:41:08,399 [1] INFO wpfTest.Source.Log - Canon 카메라 연결 완료
2024-02-27 10:41:08,413 [1] DEBUG wpfTest.Source.Log - BillMachineOpenSession() | 지폐기 자동연걸 시작
2024-02-27 10:41:08,417 [1] INFO wpfTest.Source.Log - 컴포트 : COM1으로 연결되었습니다.
2024-02-27 10:41:08,420 [1] DEBUG wpfTest.Source.Log - DataSend() | 동작
2024-02-27 10:41:09,096 [1] DEBUG wpfTest.Source.Log - DataSend() | 동작
2024-02-27 10:41:24,792 [1] DEBUG wpfTest.Source.Log - Touchimg_MouseLeftButtonDown() | PageSelct 페이지로 가는 버튼 클릭
2024-02-27 10:41:25,029 [1] INFO wpfTest.Source.Log - Canon 카메라 세션 닫힘
2024-02-27 10:41:25,045 [1] INFO wpfTest.Source.Log - 타이머 종료
2024-02-27 10:41:25,083 [1] INFO wpfTest.Source.Log - TempSelect Level 진입
2024-02-27 10:41:25,087 [1] INFO wpfTest.Source.Log - Grid_Loaded() - 동작
2024-02-27 10:41:44,160 [1] INFO wpfTest.Source.Log - NextImg_MouseLeftButtonDown() - 동작
2024-02-27 10:41:44,160 [1] INFO wpfTest.Source.Log - 선택한 템플릿 : 1
2024-02-27 10:41:44,226 [1] INFO wpfTest.Source.Log - PageSelect Level 진입
2024-02-27 10:41:44,238 [1] DEBUG wpfTest.Source.Log - Grid_Loaded() | PageSelect 세팅 로딩
2024-02-27 10:41:44,300 [1] DEBUG wpfTest.Source.Log - pagetextshow() | 페이지 장수 확인
2024-02-27 10:41:44,300 [1] INFO wpfTest.Source.Log - 타이머 시작
2024-02-27 10:41:45,257 [1] INFO wpfTest.Source.Log - pageimg2_MouseLeftButtonDown() | 동작 | PageSelect 페이지
2024-02-27 10:41:45,257 [1] DEBUG wpfTest.Source.Log - pagetextshow() | 페이지 장수 확인
2024-02-27 10:41:45,380 [1] INFO wpfTest.Source.Log - pageimg2_MouseLeftButtonDown() | 동작 | PageSelect 페이지
2024-02-27 10:41:45,391 [1] DEBUG wpfTest.Source.Log - pagetextshow() | 페이지 장수 확인
2024-02-27 10:41:45,495 [1] INFO wpfTest.Source.Log - pageimg2_MouseLeftButtonDown() | 동작 | PageSelect 페이지
2024-02-27 10:41:45,506 [1] DEBUG wpfTest.Source.Log - pagetextshow() | 페이지 장수 확인
2024-02-27 10:41:46,169 [1] INFO wpfTest.Source.Log - CouponTBFront_MouseLeftButtonDown() - 동작
2024-02-27 10:41:46,180 [1] INFO wpfTest.Source.Log - 타이머 종료
2024-02-27 10:41:46,198 [1] INFO wpfTest.Source.Log - Coupon Page 진입
2024-02-27 10:41:46,224 [1] INFO wpfTest.Source.Log - Grid_Loaded() - 동작
2024-02-27 10:41:46,884 [1] INFO wpfTest.Source.Log - key1_MouseLeftButtonDown() - 동작
2024-02-27 10:41:46,894 [1] INFO wpfTest.Source.Log - shownumber() - 동작
2024-02-27 10:41:46,985 [1] INFO wpfTest.Source.Log - key1_MouseLeftButtonDown() - 동작
2024-02-27 10:41:46,997 [1] INFO wpfTest.Source.Log - shownumber() - 동작
2024-02-27 10:41:47,111 [1] INFO wpfTest.Source.Log - key1_MouseLeftButtonDown() - 동작
2024-02-27 10:41:47,120 [1] INFO wpfTest.Source.Log - shownumber() - 동작
2024-02-27 10:41:47,240 [1] INFO wpfTest.Source.Log - key1_MouseLeftButtonDown() - 동작
2024-02-27 10:41:47,254 [1] INFO wpfTest.Source.Log - shownumber() - 동작
2024-02-27 10:41:47,366 [1] INFO wpfTest.Source.Log - key1_MouseLeftButtonDown() - 동작
2024-02-27 10:41:47,378 [1] INFO wpfTest.Source.Log - shownumber() - 동작
2024-02-27 10:41:47,492 [1] INFO wpfTest.Source.Log - key1_MouseLeftButtonDown() - 동작
2024-02-27 10:41:47,501 [1] INFO wpfTest.Source.Log - shownumber() - 동작
2024-02-27 10:41:47,623 [1] INFO wpfTest.Source.Log - key1_MouseLeftButtonDown() - 동작
2024-02-27 10:41:47,635 [1] INFO wpfTest.Source.Log - shownumber() - 동작
2024-02-27 10:41:47,745 [1] INFO wpfTest.Source.Log - key1_MouseLeftButtonDown() - 동작
2024-02-27 10:41:47,759 [1] INFO wpfTest.Source.Log - shownumber() - 동작
2024-02-27 10:41:47,884 [1] INFO wpfTest.Source.Log - key1_MouseLeftButtonDown() - 동작
2024-02-27 10:41:47,892 [1] INFO wpfTest.Source.Log - shownumber() - 동작
2024-02-27 10:41:48,008 [1] INFO wpfTest.Source.Log - key1_MouseLeftButtonDown() - 동작
2024-02-27 10:41:48,016 [1] INFO wpfTest.Source.Log - shownumber() - 동작
2024-02-27 10:41:48,138 [1] INFO wpfTest.Source.Log - key1_MouseLeftButtonDown() - 동작
2024-02-27 10:41:48,149 [1] INFO wpfTest.Source.Log - shownumber() - 동작
2024-02-27 10:41:49,405 [1] INFO wpfTest.Source.Log - keyOK_MouseLeftButtonDown() - 동작
2024-02-27 10:41:49,948 [1] INFO wpfTest.Source.Log - 타이머 종료됨
2024-02-27 10:41:49,948 [1] INFO wpfTest.Source.Log - Dispose() - 동작
2024-02-27 10:41:49,949 [1] INFO wpfTest.Source.Log - PageSelect Level 진입
2024-02-27 10:41:49,959 [1] DEBUG wpfTest.Source.Log - Grid_Loaded() | PageSelect 세팅 로딩
2024-02-27 10:41:50,002 [1] DEBUG wpfTest.Source.Log - pagetextshow() | 페이지 장수 확인
2024-02-27 10:41:50,002 [1] INFO wpfTest.Source.Log - 타이머 시작
2024-02-27 10:42:02,298 [1] DEBUG wpfTest.Source.Log - NextBtn_MouseLeftButtonDown() | 다음 버튼 클릭
2024-02-27 10:42:02,299 [1] INFO wpfTest.Source.Log - 선택한 장 수 : 8
2024-02-27 10:42:02,319 [1] INFO wpfTest.Source.Log - 선택된 결제 금액 : 60
2024-02-27 10:42:02,337 [1] INFO wpfTest.Source.Log - ChoicePayment 페이지 진입
2024-02-27 10:42:02,341 [1] INFO wpfTest.Source.Log - Grid_Loaded() - 동작
2024-02-27 10:42:02,405 [1] INFO wpfTest.Source.Log - 타이머 시작
2024-02-27 10:42:31,776 [1] DEBUG wpfTest.Source.Log - Window_KeyDown() | F4 입력(프로그램 종료 키)
2024-02-27 10:42:31,776 [1] DEBUG wpfTest.Source.Log - DataSend() | 동작
2024-02-27 10:42:31,777 [1] INFO wpfTest.Source.Log - 프로그램 종료
2024-02-27 10:45:32,555 [1] INFO wpfTest.Source.Log - ==========  Started application  ==========
2024-02-27 10:45:34,229 [1] INFO wpfTest.Source.Log - Main Level 진입
2024-02-27 10:45:34,583 [1] DEBUG wpfTest.Source.Log - Window_Loaded() Start : 설정 값 로드 중
2024-02-27 10:45:34,584 [1] INFO wpfTest.Source.Log - 이전 파일 삭제
2024-02-27 10:45:34,585 [1] INFO wpfTest.Source.Log - 파일삭제 완료
2024-02-27 10:45:34,586 [1] INFO wpfTest.Source.Log - 파일삭제 완료
2024-02-27 10:45:34,586 [1] INFO wpfTest.Source.Log - 파일삭제 완료
2024-02-27 10:45:35,187 [1] DEBUG wpfTest.Source.Log - Window_Loaded() 로드 완료
2024-02-27 10:45:35,194 [1] DEBUG wpfTest.Source.Log - Grid_Loaded() | Main Level 설정 값 로드(자동연결)
2024-02-27 10:45:35,221 [1] INFO wpfTest.Source.Log - 타이머 시작
2024-02-27 10:45:35,713 [1] INFO wpfTest.Source.Log - Canon 카메라 연결 완료
2024-02-27 10:45:35,726 [1] DEBUG wpfTest.Source.Log - BillMachineOpenSession() | 지폐기 자동연걸 시작
2024-02-27 10:45:35,729 [1] INFO wpfTest.Source.Log - 컴포트 : COM1으로 연결되었습니다.
2024-02-27 10:45:35,731 [1] DEBUG wpfTest.Source.Log - DataSend() | 동작
2024-02-27 10:45:36,783 [1] DEBUG wpfTest.Source.Log - DataSend() | 동작
2024-02-27 10:45:36,830 [1] DEBUG wpfTest.Source.Log - Touchimg_MouseLeftButtonDown() | PageSelct 페이지로 가는 버튼 클릭
2024-02-27 10:45:37,067 [1] INFO wpfTest.Source.Log - Canon 카메라 세션 닫힘
2024-02-27 10:45:37,092 [1] INFO wpfTest.Source.Log - 타이머 종료
2024-02-27 10:45:37,111 [1] INFO wpfTest.Source.Log - TempSelect Level 진입
2024-02-27 10:45:37,116 [1] INFO wpfTest.Source.Log - Grid_Loaded() - 동작
2024-02-27 10:45:38,313 [1] INFO wpfTest.Source.Log - NextImg_MouseLeftButtonDown() - 동작
2024-02-27 10:45:38,313 [1] INFO wpfTest.Source.Log - 선택한 템플릿 : 1
2024-02-27 10:45:38,374 [1] INFO wpfTest.Source.Log - PageSelect Level 진입
2024-02-27 10:45:38,384 [1] DEBUG wpfTest.Source.Log - Grid_Loaded() | PageSelect 세팅 로딩
2024-02-27 10:45:38,472 [1] DEBUG wpfTest.Source.Log - pagetextshow() | 페이지 장수 확인
2024-02-27 10:45:38,472 [1] INFO wpfTest.Source.Log - 타이머 시작
2024-02-27 10:45:38,956 [1] INFO wpfTest.Source.Log - pageimg2_MouseLeftButtonDown() | 동작 | PageSelect 페이지
2024-02-27 10:45:38,969 [1] DEBUG wpfTest.Source.Log - pagetextshow() | 페이지 장수 확인
2024-02-27 10:45:39,067 [1] INFO wpfTest.Source.Log - pageimg2_MouseLeftButtonDown() | 동작 | PageSelect 페이지
2024-02-27 10:45:39,083 [1] DEBUG wpfTest.Source.Log - pagetextshow() | 페이지 장수 확인
2024-02-27 10:45:39,191 [1] INFO wpfTest.Source.Log - pageimg2_MouseLeftButtonDown() | 동작 | PageSelect 페이지
2024-02-27 10:45:39,201 [1] DEBUG wpfTest.Source.Log - pagetextshow() | 페이지 장수 확인
2024-02-27 10:45:40,290 [1] INFO wpfTest.Source.Log - CouponTBFront_MouseLeftButtonDown() - 동작
2024-02-27 10:45:40,290 [1] INFO wpfTest.Source.Log - 타이머 종료
2024-02-27 10:45:40,308 [1] INFO wpfTest.Source.Log - Coupon Page 진입
2024-02-27 10:45:40,339 [1] INFO wpfTest.Source.Log - Grid_Loaded() - 동작
2024-02-27 10:45:41,027 [1] INFO wpfTest.Source.Log - key1_MouseLeftButtonDown() - 동작
2024-02-27 10:45:41,034 [1] INFO wpfTest.Source.Log - shownumber() - 동작
2024-02-27 10:45:41,153 [1] INFO wpfTest.Source.Log - key1_MouseLeftButtonDown() - 동작
2024-02-27 10:45:41,168 [1] INFO wpfTest.Source.Log - shownumber() - 동작
2024-02-27 10:45:41,287 [1] INFO wpfTest.Source.Log - key1_MouseLeftButtonDown() - 동작
2024-02-27 10:45:41,302 [1] INFO wpfTest.Source.Log - shownumber() - 동작
2024-02-27 10:45:41,429 [1] INFO wpfTest.Source.Log - key1_MouseLeftButtonDown() - 동작
2024-02-27 10:45:41,444 [1] INFO wpfTest.Source.Log - shownumber() - 동작
2024-02-27 10:45:41,561 [1] INFO wpfTest.Source.Log - key1_MouseLeftButtonDown() - 동작
2024-02-27 10:45:41,569 [1] INFO wpfTest.Source.Log - shownumber() - 동작
2024-02-27 10:45:41,704 [1] INFO wpfTest.Source.Log - key1_MouseLeftButtonDown() - 동작
2024-02-27 10:45:41,711 [1] INFO wpfTest.Source.Log - shownumber() - 동작
2024-02-27 10:45:41,835 [1] INFO wpfTest.Source.Log - key1_MouseLeftButtonDown() - 동작
2024-02-27 10:45:41,844 [1] INFO wpfTest.Source.Log - shownumber() - 동작
2024-02-27 10:45:41,968 [1] INFO wpfTest.Source.Log - key1_MouseLeftButtonDown() - 동작
2024-02-27 10:45:41,984 [1] INFO wpfTest.Source.Log - shownumber() - 동작
2024-02-27 10:45:42,120 [1] INFO wpfTest.Source.Log - key1_MouseLeftButtonDown() - 동작
2024-02-27 10:45:42,127 [1] INFO wpfTest.Source.Log - shownumber() - 동작
2024-02-27 10:45:42,255 [1] INFO wpfTest.Source.Log - key1_MouseLeftButtonDown() - 동작
2024-02-27 10:45:42,273 [1] INFO wpfTest.Source.Log - shownumber() - 동작
2024-02-27 10:45:42,387 [1] INFO wpfTest.Source.Log - key1_MouseLeftButtonDown() - 동작
2024-02-27 10:45:42,400 [1] INFO wpfTest.Source.Log - shownumber() - 동작
2024-02-27 10:45:42,500 [1] INFO wpfTest.Source.Log - key1_MouseLeftButtonDown() - 동작
2024-02-27 10:45:42,513 [1] INFO wpfTest.Source.Log - shownumber() - 동작
2024-02-27 10:45:43,405 [1] INFO wpfTest.Source.Log - keyOK_MouseLeftButtonDown() - 동작
2024-02-27 10:45:43,935 [1] INFO wpfTest.Source.Log - ChangeDBvalue() - 동작
2024-02-27 10:45:44,350 [1] ERROR wpfTest.Source.Log - ChangeDBvalue() - Reading as 'System.Boolean' is not supported for fields having DataTypeName 'character varying'
2024-02-27 10:45:44,350 [1] INFO wpfTest.Source.Log - 타이머 종료됨
2024-02-27 10:45:44,351 [1] INFO wpfTest.Source.Log - Dispose() - 동작
2024-02-27 10:45:44,352 [1] INFO wpfTest.Source.Log - PageSelect Level 진입
2024-02-27 10:45:44,358 [1] DEBUG wpfTest.Source.Log - Grid_Loaded() | PageSelect 세팅 로딩
2024-02-27 10:45:44,405 [1] DEBUG wpfTest.Source.Log - pagetextshow() | 페이지 장수 확인
2024-02-27 10:45:44,405 [1] INFO wpfTest.Source.Log - 타이머 시작
2024-02-27 10:46:06,174 [1] DEBUG wpfTest.Source.Log - Window_KeyDown() | F4 입력(프로그램 종료 키)
2024-02-27 10:46:06,232 [1] DEBUG wpfTest.Source.Log - DataSend() | 동작
2024-02-27 10:46:06,233 [1] INFO wpfTest.Source.Log - 프로그램 종료
2024-02-27 13:24:01,835 [1] INFO wpfTest.Source.Log - ==========  Started application  ==========
2024-02-27 13:24:04,830 [1] INFO wpfTest.Source.Log - Main Level 진입
2024-02-27 13:24:06,696 [1] DEBUG wpfTest.Source.Log - Window_Loaded() Start : 설정 값 로드 중
2024-02-27 13:24:06,698 [1] INFO wpfTest.Source.Log - 이전 파일 삭제
2024-02-27 13:24:06,700 [1] INFO wpfTest.Source.Log - 파일삭제 완료
2024-02-27 13:24:06,700 [1] INFO wpfTest.Source.Log - 파일삭제 완료
2024-02-27 13:24:06,701 [1] INFO wpfTest.Source.Log - 파일삭제 완료
2024-02-27 13:24:07,676 [1] DEBUG wpfTest.Source.Log - Window_Loaded() 로드 완료
2024-02-27 13:24:07,694 [1] DEBUG wpfTest.Source.Log - Grid_Loaded() | Main Level 설정 값 로드(자동연결)
2024-02-27 13:24:07,726 [1] INFO wpfTest.Source.Log - 타이머 시작
2024-02-27 13:24:08,240 [1] INFO wpfTest.Source.Log - Canon 카메라 연결 완료
2024-02-27 13:24:08,265 [1] DEBUG wpfTest.Source.Log - BillMachineOpenSession() | 지폐기 자동연걸 시작
2024-02-27 13:24:08,269 [1] INFO wpfTest.Source.Log - 컴포트 : COM1으로 연결되었습니다.
2024-02-27 13:24:08,271 [1] DEBUG wpfTest.Source.Log - DataSend() | 동작
2024-02-27 13:24:08,894 [1] DEBUG wpfTest.Source.Log - DataSend() | 동작
2024-02-27 13:24:08,987 [1] DEBUG wpfTest.Source.Log - Touchimg_MouseLeftButtonDown() | PageSelct 페이지로 가는 버튼 클릭
2024-02-27 13:24:09,227 [1] INFO wpfTest.Source.Log - Canon 카메라 세션 닫힘
2024-02-27 13:24:09,261 [1] INFO wpfTest.Source.Log - 타이머 종료
2024-02-27 13:24:09,307 [1] INFO wpfTest.Source.Log - TempSelect Level 진입
2024-02-27 13:24:09,319 [1] INFO wpfTest.Source.Log - Grid_Loaded() - 동작
2024-02-27 13:24:10,535 [1] INFO wpfTest.Source.Log - NextImg_MouseLeftButtonDown() - 동작
2024-02-27 13:24:10,535 [1] INFO wpfTest.Source.Log - 선택한 템플릿 : 1
2024-02-27 13:24:10,620 [1] INFO wpfTest.Source.Log - PageSelect Level 진입
2024-02-27 13:24:10,633 [1] DEBUG wpfTest.Source.Log - Grid_Loaded() | PageSelect 세팅 로딩
2024-02-27 13:24:10,749 [1] DEBUG wpfTest.Source.Log - pagetextshow() | 페이지 장수 확인
2024-02-27 13:24:10,749 [1] INFO wpfTest.Source.Log - 타이머 시작
2024-02-27 13:24:11,678 [1] INFO wpfTest.Source.Log - pageimg2_MouseLeftButtonDown() | 동작 | PageSelect 페이지
2024-02-27 13:24:11,678 [1] DEBUG wpfTest.Source.Log - pagetextshow() | 페이지 장수 확인
2024-02-27 13:24:12,327 [1] INFO wpfTest.Source.Log - CouponTBFront_MouseLeftButtonDown() - 동작
2024-02-27 13:24:12,338 [1] INFO wpfTest.Source.Log - 타이머 종료
2024-02-27 13:24:12,358 [1] INFO wpfTest.Source.Log - Coupon Page 진입
2024-02-27 13:24:12,392 [1] INFO wpfTest.Source.Log - Grid_Loaded() - 동작
2024-02-27 13:24:13,331 [1] INFO wpfTest.Source.Log - key1_MouseLeftButtonDown() - 동작
2024-02-27 13:24:13,344 [1] INFO wpfTest.Source.Log - shownumber() - 동작
2024-02-27 13:24:13,520 [1] INFO wpfTest.Source.Log - key1_MouseLeftButtonDown() - 동작
2024-02-27 13:24:13,530 [1] INFO wpfTest.Source.Log - shownumber() - 동작
2024-02-27 13:24:13,741 [1] INFO wpfTest.Source.Log - key1_MouseLeftButtonDown() - 동작
2024-02-27 13:24:13,755 [1] INFO wpfTest.Source.Log - shownumber() - 동작
2024-02-27 13:24:13,920 [1] INFO wpfTest.Source.Log - key1_MouseLeftButtonDown() - 동작
2024-02-27 13:24:13,929 [1] INFO wpfTest.Source.Log - shownumber() - 동작
2024-02-27 13:24:14,151 [1] INFO wpfTest.Source.Log - key1_MouseLeftButtonDown() - 동작
2024-02-27 13:24:14,168 [1] INFO wpfTest.Source.Log - shownumber() - 동작
2024-02-27 13:24:14,352 [1] INFO wpfTest.Source.Log - key1_MouseLeftButtonDown() - 동작
2024-02-27 13:24:14,363 [1] INFO wpfTest.Source.Log - shownumber() - 동작
2024-02-27 13:24:14,563 [1] INFO wpfTest.Source.Log - key1_MouseLeftButtonDown() - 동작
2024-02-27 13:24:14,573 [1] INFO wpfTest.Source.Log - shownumber() - 동작
2024-02-27 13:24:14,778 [1] INFO wpfTest.Source.Log - key1_MouseLeftButtonDown() - 동작
2024-02-27 13:24:14,792 [1] INFO wpfTest.Source.Log - shownumber() - 동작
2024-02-27 13:24:15,021 [1] INFO wpfTest.Source.Log - key1_MouseLeftButtonDown() - 동작
2024-02-27 13:24:15,031 [1] INFO wpfTest.Source.Log - shownumber() - 동작
2024-02-27 13:24:16,006 [1] INFO wpfTest.Source.Log - keyOK_MouseLeftButtonDown() - 동작
2024-02-27 13:24:16,927 [1] INFO wpfTest.Source.Log - DB값 변경 완료
2024-02-27 13:24:16,928 [1] INFO wpfTest.Source.Log - 타이머 종료됨
2024-02-27 13:24:16,928 [1] INFO wpfTest.Source.Log - Dispose() - 동작
2024-02-27 13:24:16,929 [1] INFO wpfTest.Source.Log - PageSelect Level 진입
2024-02-27 13:24:16,945 [1] DEBUG wpfTest.Source.Log - Grid_Loaded() | PageSelect 세팅 로딩
2024-02-27 13:24:16,987 [1] DEBUG wpfTest.Source.Log - pagetextshow() | 페이지 장수 확인
2024-02-27 13:24:16,987 [1] INFO wpfTest.Source.Log - 타이머 시작
2024-02-27 13:24:53,375 [1] INFO wpfTest.Source.Log - CouponApply_MouseLeftButtonDown() - 동작
2024-02-27 13:24:54,236 [1] INFO wpfTest.Source.Log - CouponTBFront_MouseLeftButtonDown() - 동작
2024-02-27 13:24:54,251 [1] INFO wpfTest.Source.Log - 타이머 종료
2024-02-27 13:24:54,277 [1] INFO wpfTest.Source.Log - Coupon Page 진입
2024-02-27 13:24:54,288 [1] INFO wpfTest.Source.Log - Grid_Loaded() - 동작
2024-02-27 13:24:55,016 [1] INFO wpfTest.Source.Log - key1_MouseLeftButtonDown() - 동작
2024-02-27 13:24:55,027 [1] INFO wpfTest.Source.Log - shownumber() - 동작
2024-02-27 13:24:55,121 [1] INFO wpfTest.Source.Log - key1_MouseLeftButtonDown() - 동작
2024-02-27 13:24:55,131 [1] INFO wpfTest.Source.Log - shownumber() - 동작
2024-02-27 13:24:55,250 [1] INFO wpfTest.Source.Log - key1_MouseLeftButtonDown() - 동작
2024-02-27 13:24:55,265 [1] INFO wpfTest.Source.Log - shownumber() - 동작
2024-02-27 13:24:55,376 [1] INFO wpfTest.Source.Log - key1_MouseLeftButtonDown() - 동작
2024-02-27 13:24:55,391 [1] INFO wpfTest.Source.Log - shownumber() - 동작
2024-02-27 13:24:55,511 [1] INFO wpfTest.Source.Log - key1_MouseLeftButtonDown() - 동작
2024-02-27 13:24:55,524 [1] INFO wpfTest.Source.Log - shownumber() - 동작
2024-02-27 13:24:55,639 [1] INFO wpfTest.Source.Log - key1_MouseLeftButtonDown() - 동작
2024-02-27 13:24:55,650 [1] INFO wpfTest.Source.Log - shownumber() - 동작
2024-02-27 13:24:55,772 [1] INFO wpfTest.Source.Log - key1_MouseLeftButtonDown() - 동작
2024-02-27 13:24:55,785 [1] INFO wpfTest.Source.Log - shownumber() - 동작
2024-02-27 13:24:55,907 [1] INFO wpfTest.Source.Log - key1_MouseLeftButtonDown() - 동작
2024-02-27 13:24:55,918 [1] INFO wpfTest.Source.Log - shownumber() - 동작
2024-02-27 13:24:56,035 [1] INFO wpfTest.Source.Log - key1_MouseLeftButtonDown() - 동작
2024-02-27 13:24:56,046 [1] INFO wpfTest.Source.Log - shownumber() - 동작
2024-02-27 13:24:56,147 [1] INFO wpfTest.Source.Log - key1_MouseLeftButtonDown() - 동작
2024-02-27 13:24:56,156 [1] INFO wpfTest.Source.Log - shownumber() - 동작
2024-02-27 13:24:56,822 [1] INFO wpfTest.Source.Log - keyOK_MouseLeftButtonDown() - 동작
2024-02-27 13:24:56,889 [1] INFO wpfTest.Source.Log - DB값 변경 완료
2024-02-27 13:24:56,889 [1] INFO wpfTest.Source.Log - 타이머 종료됨
2024-02-27 13:24:56,889 [1] INFO wpfTest.Source.Log - Dispose() - 동작
2024-02-27 13:24:56,889 [1] INFO wpfTest.Source.Log - PageSelect Level 진입
2024-02-27 13:24:56,895 [1] DEBUG wpfTest.Source.Log - Grid_Loaded() | PageSelect 세팅 로딩
2024-02-27 13:24:56,936 [1] DEBUG wpfTest.Source.Log - pagetextshow() | 페이지 장수 확인
2024-02-27 13:24:56,937 [1] INFO wpfTest.Source.Log - 타이머 시작
2024-02-27 13:25:13,879 [1] INFO wpfTest.Source.Log - CouponApply_MouseLeftButtonDown() - 동작
2024-02-27 13:25:14,115 [1] INFO wpfTest.Source.Log - CouponTBFront_MouseLeftButtonDown() - 동작
2024-02-27 13:25:14,122 [1] INFO wpfTest.Source.Log - 타이머 종료
2024-02-27 13:25:14,143 [1] INFO wpfTest.Source.Log - Coupon Page 진입
2024-02-27 13:25:14,153 [1] INFO wpfTest.Source.Log - Grid_Loaded() - 동작
2024-02-27 13:25:14,877 [1] INFO wpfTest.Source.Log - key1_MouseLeftButtonDown() - 동작
2024-02-27 13:25:14,885 [1] INFO wpfTest.Source.Log - shownumber() - 동작
2024-02-27 13:25:14,963 [1] INFO wpfTest.Source.Log - key1_MouseLeftButtonDown() - 동작
2024-02-27 13:25:14,980 [1] INFO wpfTest.Source.Log - shownumber() - 동작
2024-02-27 13:25:15,179 [1] INFO wpfTest.Source.Log - key1_MouseLeftButtonDown() - 동작
2024-02-27 13:25:15,193 [1] INFO wpfTest.Source.Log - shownumber() - 동작
2024-02-27 13:25:15,298 [1] INFO wpfTest.Source.Log - key1_MouseLeftButtonDown() - 동작
2024-02-27 13:25:15,311 [1] INFO wpfTest.Source.Log - shownumber() - 동작
2024-02-27 13:25:15,434 [1] INFO wpfTest.Source.Log - key1_MouseLeftButtonDown() - 동작
2024-02-27 13:25:15,445 [1] INFO wpfTest.Source.Log - shownumber() - 동작
2024-02-27 13:25:15,560 [1] INFO wpfTest.Source.Log - key1_MouseLeftButtonDown() - 동작
2024-02-27 13:25:15,573 [1] INFO wpfTest.Source.Log - shownumber() - 동작
2024-02-27 13:25:15,692 [1] INFO wpfTest.Source.Log - key1_MouseLeftButtonDown() - 동작
2024-02-27 13:25:15,703 [1] INFO wpfTest.Source.Log - shownumber() - 동작
2024-02-27 13:25:15,825 [1] INFO wpfTest.Source.Log - key1_MouseLeftButtonDown() - 동작
2024-02-27 13:25:15,841 [1] INFO wpfTest.Source.Log - shownumber() - 동작
2024-02-27 13:25:15,961 [1] INFO wpfTest.Source.Log - key1_MouseLeftButtonDown() - 동작
2024-02-27 13:25:15,969 [1] INFO wpfTest.Source.Log - shownumber() - 동작
2024-02-27 13:25:16,077 [1] INFO wpfTest.Source.Log - key1_MouseLeftButtonDown() - 동작
2024-02-27 13:25:16,093 [1] INFO wpfTest.Source.Log - shownumber() - 동작
2024-02-27 13:25:16,677 [1] INFO wpfTest.Source.Log - keyOK_MouseLeftButtonDown() - 동작
2024-02-27 13:25:16,718 [1] INFO wpfTest.Source.Log - DB값 변경 완료
2024-02-27 13:25:16,718 [1] INFO wpfTest.Source.Log - 타이머 종료됨
2024-02-27 13:25:16,718 [1] INFO wpfTest.Source.Log - Dispose() - 동작
2024-02-27 13:25:16,719 [1] INFO wpfTest.Source.Log - PageSelect Level 진입
2024-02-27 13:25:16,725 [1] DEBUG wpfTest.Source.Log - Grid_Loaded() | PageSelect 세팅 로딩
2024-02-27 13:25:16,773 [1] DEBUG wpfTest.Source.Log - pagetextshow() | 페이지 장수 확인
2024-02-27 13:25:16,773 [1] INFO wpfTest.Source.Log - 타이머 시작
2024-02-27 13:25:48,820 [1] INFO wpfTest.Source.Log - CouponApply_MouseLeftButtonDown() - 동작
2024-02-27 13:25:49,762 [1] INFO wpfTest.Source.Log - CouponTBFront_MouseLeftButtonDown() - 동작
2024-02-27 13:25:49,775 [1] INFO wpfTest.Source.Log - 타이머 종료
2024-02-27 13:25:49,797 [1] INFO wpfTest.Source.Log - Coupon Page 진입
2024-02-27 13:25:49,808 [1] INFO wpfTest.Source.Log - Grid_Loaded() - 동작
2024-02-27 13:25:50,404 [1] INFO wpfTest.Source.Log - key1_MouseLeftButtonDown() - 동작
2024-02-27 13:25:50,420 [1] INFO wpfTest.Source.Log - shownumber() - 동작
2024-02-27 13:25:50,631 [1] INFO wpfTest.Source.Log - key1_MouseLeftButtonDown() - 동작
2024-02-27 13:25:50,643 [1] INFO wpfTest.Source.Log - shownumber() - 동작
2024-02-27 13:25:50,865 [1] INFO wpfTest.Source.Log - key1_MouseLeftButtonDown() - 동작
2024-02-27 13:25:50,878 [1] INFO wpfTest.Source.Log - shownumber() - 동작
2024-02-27 13:25:51,118 [1] INFO wpfTest.Source.Log - key1_MouseLeftButtonDown() - 동작
2024-02-27 13:25:51,128 [1] INFO wpfTest.Source.Log - shownumber() - 동작
2024-02-27 13:25:51,402 [1] INFO wpfTest.Source.Log - key1_MouseLeftButtonDown() - 동작
2024-02-27 13:25:51,415 [1] INFO wpfTest.Source.Log - shownumber() - 동작
2024-02-27 13:25:51,670 [1] INFO wpfTest.Source.Log - key1_MouseLeftButtonDown() - 동작
2024-02-27 13:25:51,679 [1] INFO wpfTest.Source.Log - shownumber() - 동작
2024-02-27 13:25:51,941 [1] INFO wpfTest.Source.Log - key1_MouseLeftButtonDown() - 동작
2024-02-27 13:25:51,953 [1] INFO wpfTest.Source.Log - shownumber() - 동작
2024-02-27 13:25:52,195 [1] INFO wpfTest.Source.Log - key1_MouseLeftButtonDown() - 동작
2024-02-27 13:25:52,207 [1] INFO wpfTest.Source.Log - shownumber() - 동작
2024-02-27 13:25:52,486 [1] INFO wpfTest.Source.Log - key1_MouseLeftButtonDown() - 동작
2024-02-27 13:25:52,502 [1] INFO wpfTest.Source.Log - shownumber() - 동작
2024-02-27 13:25:52,749 [1] INFO wpfTest.Source.Log - key1_MouseLeftButtonDown() - 동작
2024-02-27 13:25:52,766 [1] INFO wpfTest.Source.Log - shownumber() - 동작
2024-02-27 13:25:53,447 [1] INFO wpfTest.Source.Log - keyOK_MouseLeftButtonDown() - 동작
2024-02-27 13:25:53,468 [1] INFO wpfTest.Source.Log - 타이머 종료됨
2024-02-27 13:25:53,468 [1] INFO wpfTest.Source.Log - Dispose() - 동작
2024-02-27 13:25:53,469 [1] INFO wpfTest.Source.Log - PageSelect Level 진입
2024-02-27 13:25:53,474 [1] DEBUG wpfTest.Source.Log - Grid_Loaded() | PageSelect 세팅 로딩
2024-02-27 13:25:53,520 [1] DEBUG wpfTest.Source.Log - pagetextshow() | 페이지 장수 확인
2024-02-27 13:25:53,520 [1] INFO wpfTest.Source.Log - 타이머 시작
2024-02-27 13:25:56,312 [1] DEBUG wpfTest.Source.Log - NextBtn_MouseLeftButtonDown() | 다음 버튼 클릭
2024-02-27 13:25:56,312 [1] INFO wpfTest.Source.Log - 선택한 장 수 : 4
2024-02-27 13:25:56,331 [1] INFO wpfTest.Source.Log - 선택된 결제 금액 : 20
2024-02-27 13:25:56,364 [1] INFO wpfTest.Source.Log - ChoicePayment 페이지 진입
2024-02-27 13:25:56,368 [1] INFO wpfTest.Source.Log - Grid_Loaded() - 동작
2024-02-27 13:25:56,433 [1] INFO wpfTest.Source.Log - 타이머 시작
2024-02-27 13:26:05,918 [1] DEBUG wpfTest.Source.Log - Window_KeyDown() | F4 입력(프로그램 종료 키)
2024-02-27 13:26:05,935 [1] DEBUG wpfTest.Source.Log - DataSend() | 동작
2024-02-27 13:26:05,936 [1] INFO wpfTest.Source.Log - 프로그램 종료
2024-02-27 13:26:12,161 [1] INFO wpfTest.Source.Log - ==========  Started application  ==========
2024-02-27 13:26:13,941 [1] INFO wpfTest.Source.Log - Main Level 진입
2024-02-27 13:26:14,201 [1] DEBUG wpfTest.Source.Log - Window_Loaded() Start : 설정 값 로드 중
2024-02-27 13:26:14,202 [1] INFO wpfTest.Source.Log - 이전 파일 삭제
2024-02-27 13:26:14,203 [1] INFO wpfTest.Source.Log - 파일삭제 완료
2024-02-27 13:26:14,204 [1] INFO wpfTest.Source.Log - 파일삭제 완료
2024-02-27 13:26:14,204 [1] INFO wpfTest.Source.Log - 파일삭제 완료
2024-02-27 13:26:14,749 [1] DEBUG wpfTest.Source.Log - Window_Loaded() 로드 완료
2024-02-27 13:26:14,757 [1] DEBUG wpfTest.Source.Log - Grid_Loaded() | Main Level 설정 값 로드(자동연결)
2024-02-27 13:26:14,773 [1] INFO wpfTest.Source.Log - 타이머 시작
2024-02-27 13:26:15,243 [1] INFO wpfTest.Source.Log - Canon 카메라 연결 완료
2024-02-27 13:26:15,257 [1] DEBUG wpfTest.Source.Log - BillMachineOpenSession() | 지폐기 자동연걸 시작
2024-02-27 13:26:15,259 [1] INFO wpfTest.Source.Log - 컴포트 : COM1으로 연결되었습니다.
2024-02-27 13:26:15,262 [1] DEBUG wpfTest.Source.Log - DataSend() | 동작
2024-02-27 13:26:15,814 [1] DEBUG wpfTest.Source.Log - DataSend() | 동작
2024-02-27 13:26:15,840 [1] DEBUG wpfTest.Source.Log - Touchimg_MouseLeftButtonDown() | PageSelct 페이지로 가는 버튼 클릭
2024-02-27 13:26:16,078 [1] INFO wpfTest.Source.Log - Canon 카메라 세션 닫힘
2024-02-27 13:26:16,103 [1] INFO wpfTest.Source.Log - 타이머 종료
2024-02-27 13:26:16,122 [1] INFO wpfTest.Source.Log - TempSelect Level 진입
2024-02-27 13:26:16,128 [1] INFO wpfTest.Source.Log - Grid_Loaded() - 동작
2024-02-27 13:26:17,054 [1] INFO wpfTest.Source.Log - NextImg_MouseLeftButtonDown() - 동작
2024-02-27 13:26:17,063 [1] INFO wpfTest.Source.Log - 선택한 템플릿 : 1
2024-02-27 13:26:17,134 [1] INFO wpfTest.Source.Log - PageSelect Level 진입
2024-02-27 13:26:17,146 [1] DEBUG wpfTest.Source.Log - Grid_Loaded() | PageSelect 세팅 로딩
2024-02-27 13:26:17,220 [1] DEBUG wpfTest.Source.Log - pagetextshow() | 페이지 장수 확인
2024-02-27 13:26:17,220 [1] INFO wpfTest.Source.Log - 타이머 시작
2024-02-27 13:26:17,651 [1] INFO wpfTest.Source.Log - CouponTBFront_MouseLeftButtonDown() - 동작
2024-02-27 13:26:17,661 [1] INFO wpfTest.Source.Log - 타이머 종료
2024-02-27 13:26:17,679 [1] INFO wpfTest.Source.Log - Coupon Page 진입
2024-02-27 13:26:17,705 [1] INFO wpfTest.Source.Log - Grid_Loaded() - 동작
2024-02-27 13:26:18,423 [1] INFO wpfTest.Source.Log - key1_MouseLeftButtonDown() - 동작
2024-02-27 13:26:18,437 [1] INFO wpfTest.Source.Log - shownumber() - 동작
2024-02-27 13:26:18,674 [1] INFO wpfTest.Source.Log - key1_MouseLeftButtonDown() - 동작
2024-02-27 13:26:18,691 [1] INFO wpfTest.Source.Log - shownumber() - 동작
2024-02-27 13:26:18,827 [1] INFO wpfTest.Source.Log - key1_MouseLeftButtonDown() - 동작
2024-02-27 13:26:18,837 [1] INFO wpfTest.Source.Log - shownumber() - 동작
2024-02-27 13:26:19,034 [1] INFO wpfTest.Source.Log - key1_MouseLeftButtonDown() - 동작
2024-02-27 13:26:19,043 [1] INFO wpfTest.Source.Log - shownumber() - 동작
2024-02-27 13:26:19,275 [1] INFO wpfTest.Source.Log - key1_MouseLeftButtonDown() - 동작
2024-02-27 13:26:19,287 [1] INFO wpfTest.Source.Log - shownumber() - 동작
2024-02-27 13:26:19,496 [1] INFO wpfTest.Source.Log - key1_MouseLeftButtonDown() - 동작
2024-02-27 13:26:19,512 [1] INFO wpfTest.Source.Log - shownumber() - 동작
2024-02-27 13:26:19,745 [1] INFO wpfTest.Source.Log - key1_MouseLeftButtonDown() - 동작
2024-02-27 13:26:19,759 [1] INFO wpfTest.Source.Log - shownumber() - 동작
2024-02-27 13:26:19,985 [1] INFO wpfTest.Source.Log - key1_MouseLeftButtonDown() - 동작
2024-02-27 13:26:19,994 [1] INFO wpfTest.Source.Log - shownumber() - 동작
2024-02-27 13:26:20,250 [1] INFO wpfTest.Source.Log - key1_MouseLeftButtonDown() - 동작
2024-02-27 13:26:20,259 [1] INFO wpfTest.Source.Log - shownumber() - 동작
2024-02-27 13:26:20,474 [1] INFO wpfTest.Source.Log - key1_MouseLeftButtonDown() - 동작
2024-02-27 13:26:20,490 [1] INFO wpfTest.Source.Log - shownumber() - 동작
2024-02-27 13:26:21,053 [1] INFO wpfTest.Source.Log - keyOK_MouseLeftButtonDown() - 동작
2024-02-27 13:26:21,615 [1] INFO wpfTest.Source.Log - 타이머 종료됨
2024-02-27 13:26:21,615 [1] INFO wpfTest.Source.Log - Dispose() - 동작
2024-02-27 13:26:21,616 [1] INFO wpfTest.Source.Log - PageSelect Level 진입
2024-02-27 13:26:21,630 [1] DEBUG wpfTest.Source.Log - Grid_Loaded() | PageSelect 세팅 로딩
2024-02-27 13:26:21,688 [1] DEBUG wpfTest.Source.Log - pagetextshow() | 페이지 장수 확인
2024-02-27 13:26:21,688 [1] INFO wpfTest.Source.Log - 타이머 시작
2024-02-27 13:27:01,249 [1] DEBUG wpfTest.Source.Log - BackBtn_MouseLeftButtonDown() | 뒷 페이지 넘어가기 이미지 클릭
2024-02-27 13:27:01,250 [1] INFO wpfTest.Source.Log - 타이머 멈춤
2024-02-27 13:27:01,287 [1] INFO wpfTest.Source.Log - TempSelect Level 진입
2024-02-27 13:27:01,290 [1] INFO wpfTest.Source.Log - Grid_Loaded() - 동작
2024-02-27 13:27:03,227 [1] DEBUG wpfTest.Source.Log - Window_KeyDown() | F4 입력(프로그램 종료 키)
2024-02-27 13:27:03,228 [1] DEBUG wpfTest.Source.Log - DataSend() | 동작
2024-02-27 13:27:03,228 [1] INFO wpfTest.Source.Log - 프로그램 종료
2024-02-27 14:12:17,117 [1] INFO wpfTest.Source.Log - ==========  Started application  ==========
2024-02-27 14:12:19,640 [1] INFO wpfTest.Source.Log - Main Level 진입
2024-02-27 14:12:19,976 [1] DEBUG wpfTest.Source.Log - Window_Loaded() Start : 설정 값 로드 중
2024-02-27 14:12:19,977 [1] INFO wpfTest.Source.Log - 이전 파일 삭제
2024-02-27 14:12:19,978 [1] INFO wpfTest.Source.Log - 파일삭제 완료
2024-02-27 14:12:19,979 [1] INFO wpfTest.Source.Log - 파일삭제 완료
2024-02-27 14:12:19,979 [1] INFO wpfTest.Source.Log - 파일삭제 완료
2024-02-27 14:12:20,608 [1] DEBUG wpfTest.Source.Log - Window_Loaded() 로드 완료
2024-02-27 14:12:20,615 [1] DEBUG wpfTest.Source.Log - Grid_Loaded() | Main Level 설정 값 로드(자동연결)
2024-02-27 14:12:20,635 [1] INFO wpfTest.Source.Log - 타이머 시작
2024-02-27 14:12:21,195 [1] INFO wpfTest.Source.Log - Canon 카메라 연결 완료
2024-02-27 14:12:21,211 [1] DEBUG wpfTest.Source.Log - BillMachineOpenSession() | 지폐기 자동연걸 시작
2024-02-27 14:12:21,213 [1] INFO wpfTest.Source.Log - 컴포트 : COM1으로 연결되었습니다.
2024-02-27 14:12:21,216 [1] DEBUG wpfTest.Source.Log - DataSend() | 동작
2024-02-27 14:12:21,739 [1] DEBUG wpfTest.Source.Log - DataSend() | 동작
2024-02-27 14:12:22,224 [1] DEBUG wpfTest.Source.Log - Touchimg_MouseLeftButtonDown() | PageSelct 페이지로 가는 버튼 클릭
2024-02-27 14:12:22,462 [1] INFO wpfTest.Source.Log - Canon 카메라 세션 닫힘
2024-02-27 14:12:22,478 [1] INFO wpfTest.Source.Log - 타이머 종료
2024-02-27 14:12:22,513 [1] INFO wpfTest.Source.Log - TempSelect Level 진입
2024-02-27 14:12:22,527 [1] INFO wpfTest.Source.Log - Grid_Loaded() - 동작
2024-02-27 14:12:26,242 [1] DEBUG wpfTest.Source.Log - Window_KeyDown() | F4 입력(프로그램 종료 키)
2024-02-27 14:12:26,243 [1] DEBUG wpfTest.Source.Log - DataSend() | 동작
2024-02-27 14:12:26,244 [1] INFO wpfTest.Source.Log - 프로그램 종료
2024-02-27 14:36:38,693 [1] INFO wpfTest.Source.Log - ==========  Started application  ==========
2024-02-27 14:36:40,297 [1] INFO wpfTest.Source.Log - Main Level 진입
2024-02-27 14:36:40,659 [1] DEBUG wpfTest.Source.Log - Window_Loaded() Start : 설정 값 로드 중
2024-02-27 14:36:40,660 [1] INFO wpfTest.Source.Log - 이전 파일 삭제
2024-02-27 14:36:40,662 [1] INFO wpfTest.Source.Log - 파일삭제 완료
2024-02-27 14:36:40,663 [1] INFO wpfTest.Source.Log - 파일삭제 완료
2024-02-27 14:36:40,663 [1] INFO wpfTest.Source.Log - 파일삭제 완료
2024-02-27 14:36:41,400 [1] DEBUG wpfTest.Source.Log - Window_Loaded() 로드 완료
2024-02-27 14:36:41,410 [1] DEBUG wpfTest.Source.Log - Grid_Loaded() | Main Level 설정 값 로드(자동연결)
2024-02-27 14:36:41,436 [1] INFO wpfTest.Source.Log - 타이머 시작
2024-02-27 14:36:42,011 [1] INFO wpfTest.Source.Log - Canon 카메라 연결 완료
2024-02-27 14:36:42,042 [1] DEBUG wpfTest.Source.Log - BillMachineOpenSession() | 지폐기 자동연걸 시작
2024-02-27 14:36:42,046 [1] INFO wpfTest.Source.Log - 컴포트 : COM1으로 연결되었습니다.
2024-02-27 14:36:42,049 [1] DEBUG wpfTest.Source.Log - DataSend() | 동작
2024-02-27 14:36:42,643 [1] DEBUG wpfTest.Source.Log - DataSend() | 동작
2024-02-27 14:36:43,455 [1] DEBUG wpfTest.Source.Log - Window_KeyDown() | F12 입력(설정창 진입 키)
2024-02-27 14:36:43,861 [1] INFO wpfTest.Source.Log - Main Level 타이머 종료
2024-02-27 14:36:44,099 [1] INFO wpfTest.Source.Log - Canon 카메라 세션 닫힘
2024-02-27 14:36:44,120 [1] INFO wpfTest.Source.Log - 옵션 메뉴 이동
2024-02-27 14:36:44,168 [1] INFO wpfTest.Source.Log - 옵션 페이지 진입
2024-02-27 14:36:44,654 [1] DEBUG wpfTest.Source.Log - Grid_Loaded() | 옵션페이지 셋팅값 로딩
2024-02-27 14:36:44,795 [1] DEBUG wpfTest.Source.Log - LoadSetting() | 로드된 값 세팅
2024-02-27 14:36:44,795 [1] DEBUG wpfTest.Source.Log - BUse_Checked() | 지폐기 사용 클릭
2024-02-27 14:36:44,797 [1] DEBUG wpfTest.Source.Log - CheckSerial() | 지폐기 자동연결 작동
2024-02-27 14:36:44,842 [1] INFO wpfTest.Source.Log - CardCheckSerial() - 동작 | 카드 리더기 자동연결
2024-02-27 14:36:44,872 [1] DEBUG wpfTest.Source.Log - Canon_Checked() | 캐논 카메라 체크
2024-02-27 14:36:44,872 [1] DEBUG wpfTest.Source.Log - timeruse_Checked () | 타이머 사용 체크
2024-02-27 14:36:44,873 [1] DEBUG wpfTest.Source.Log - PageTimeSet_SelectionChanged() + | 페이지 타이머 변경
2024-02-27 14:36:44,914 [1] DEBUG wpfTest.Source.Log - MoneySettingCoBox_SelectionChanged() | 돈 셋팅 변경
2024-02-27 14:36:44,939 [1] INFO wpfTest.Source.Log - PageSettingMoney_SelectionChanged() - 동작
2024-02-27 14:36:44,939 [1] DEBUG wpfTest.Source.Log - PhotoTimeSet_SelectionChanged() | 포토 타임 변경
2024-02-27 14:36:44,964 [1] DEBUG wpfTest.Source.Log - OffSetXCoBox_SelectionChanged() | offsetx 변경
2024-02-27 14:36:44,985 [1] DEBUG wpfTest.Source.Log - OffSetYCoBox_SelectionChanged() | offsety 변경
2024-02-27 14:36:45,019 [1] DEBUG wpfTest.Source.Log - FactorXCoBox_SelectionChanged() | factorX 변경
2024-02-27 14:36:45,051 [1] DEBUG wpfTest.Source.Log - FactorYCoBox_SelectionChanged() | FactorY 변경
2024-02-27 14:36:45,052 [1] DEBUG wpfTest.Source.Log - TempSelectCB_SelectionChanged() | 템플릿 번호 변경
2024-02-27 14:36:45,087 [1] DEBUG wpfTest.Source.Log - FlipNotUse_Checked () | 좌우반전 사용안함
2024-02-27 14:36:45,112 [1] INFO wpfTest.Source.Log - 세션 열림
2024-02-27 14:36:45,421 [1] DEBUG wpfTest.Source.Log - AVCoBox_SelectionChanged_1() | AV박스 아이템 변경
2024-02-27 14:36:45,455 [1] DEBUG wpfTest.Source.Log - TvCoBox_SelectionChanged_1() | TV 값 변경
2024-02-27 14:36:45,500 [1] DEBUG wpfTest.Source.Log - ISOCoBox_SelectionChanged_1() | ISO값 변경
2024-02-27 14:36:49,002 [1] DEBUG wpfTest.Source.Log - button1_Click() | 종표버튼 클릭
2024-02-27 14:36:50,293 [1] INFO wpfTest.Source.Log - 포트 닫힘
2024-02-27 14:36:50,294 [1] DEBUG wpfTest.Source.Log - CloseSession() | 세션 닫힘
2024-02-27 14:36:50,528 [1] DEBUG wpfTest.Source.Log - AVCoBox_SelectionChanged_1() | AV박스 아이템 변경
2024-02-27 14:36:50,529 [1] DEBUG wpfTest.Source.Log - TvCoBox_SelectionChanged_1() | TV 값 변경
2024-02-27 14:36:50,529 [1] DEBUG wpfTest.Source.Log - ISOCoBox_SelectionChanged_1() | ISO값 변경
2024-02-27 14:36:50,530 [1] INFO wpfTest.Source.Log - 프로그램 종료
2024-02-27 15:15:07,142 [1] INFO wpfTest.Source.Log - ==========  Started application  ==========
2024-02-27 15:15:08,939 [1] INFO wpfTest.Source.Log - Main Level 진입
2024-02-27 15:15:09,386 [1] DEBUG wpfTest.Source.Log - Window_Loaded() Start : 설정 값 로드 중
2024-02-27 15:15:09,388 [1] INFO wpfTest.Source.Log - 이전 파일 삭제
2024-02-27 15:15:09,390 [1] INFO wpfTest.Source.Log - 파일삭제 완료
2024-02-27 15:15:09,390 [1] INFO wpfTest.Source.Log - 파일삭제 완료
2024-02-27 15:15:09,390 [1] INFO wpfTest.Source.Log - 파일삭제 완료
2024-02-27 15:15:10,035 [1] DEBUG wpfTest.Source.Log - Window_Loaded() 로드 완료
2024-02-27 15:15:10,048 [1] DEBUG wpfTest.Source.Log - Grid_Loaded() | Main Level 설정 값 로드(자동연결)
2024-02-27 15:15:10,078 [1] INFO wpfTest.Source.Log - 타이머 시작
2024-02-27 15:15:10,214 [1] ERROR wpfTest.Source.Log - Void Grid_Loaded(System.Object, System.Windows.RoutedEventArgs)() - 개체 참조가 개체의 인스턴스로 설정되지 않았습니다.
2024-02-27 15:15:12,479 [1] DEBUG wpfTest.Source.Log - Window_KeyDown() | F12 입력(설정창 진입 키)
2024-02-27 15:15:13,285 [1] INFO wpfTest.Source.Log - Main Level 타이머 종료
2024-02-27 15:15:13,286 [1] ERROR wpfTest.Source.Log - CloseSession() - 개체 참조가 개체의 인스턴스로 설정되지 않았습니다.
2024-02-27 15:15:15,060 [1] INFO wpfTest.Source.Log - 옵션 메뉴 이동
2024-02-27 15:15:15,105 [1] INFO wpfTest.Source.Log - 옵션 페이지 진입
2024-02-27 15:15:15,539 [1] DEBUG wpfTest.Source.Log - Grid_Loaded() | 옵션페이지 셋팅값 로딩
2024-02-27 15:15:15,631 [1] DEBUG wpfTest.Source.Log - LoadSetting() | 로드된 값 세팅
2024-02-27 15:15:15,631 [1] DEBUG wpfTest.Source.Log - BUse_Checked() | 지폐기 사용 클릭
2024-02-27 15:15:15,633 [1] DEBUG wpfTest.Source.Log - CheckSerial() | 지폐기 자동연결 작동
2024-02-27 15:15:15,635 [1] INFO wpfTest.Source.Log - 지폐기 연결됨
2024-02-27 15:15:15,639 [1] DEBUG wpfTest.Source.Log - DataSend() | 동작
2024-02-27 15:15:16,165 [1] DEBUG wpfTest.Source.Log - DataSend() | 동작
2024-02-27 15:15:16,168 [1] INFO wpfTest.Source.Log - CardCheckSerial() - 동작 | 카드 리더기 자동연결
2024-02-27 15:15:16,169 [1] DEBUG wpfTest.Source.Log - MoneySettingCoBox_SelectionChanged() | 돈 셋팅 변경
2024-02-27 15:15:16,283 [1] DEBUG wpfTest.Source.Log - Canon_Checked() | 캐논 카메라 체크
2024-02-27 15:15:16,283 [1] DEBUG wpfTest.Source.Log - timeruse_Checked () | 타이머 사용 체크
2024-02-27 15:15:16,283 [1] DEBUG wpfTest.Source.Log - PageTimeSet_SelectionChanged() + | 페이지 타이머 변경
2024-02-27 15:15:16,333 [1] INFO wpfTest.Source.Log - PageSettingMoney_SelectionChanged() - 동작
2024-02-27 15:15:16,334 [1] DEBUG wpfTest.Source.Log - PhotoTimeSet_SelectionChanged() | 포토 타임 변경
2024-02-27 15:15:16,379 [1] DEBUG wpfTest.Source.Log - OffSetXCoBox_SelectionChanged() | offsetx 변경
2024-02-27 15:15:16,425 [1] DEBUG wpfTest.Source.Log - OffSetYCoBox_SelectionChanged() | offsety 변경
2024-02-27 15:15:16,461 [1] DEBUG wpfTest.Source.Log - FactorXCoBox_SelectionChanged() | factorX 변경
2024-02-27 15:15:16,509 [1] DEBUG wpfTest.Source.Log - FactorYCoBox_SelectionChanged() | FactorY 변경
2024-02-27 15:15:16,509 [1] DEBUG wpfTest.Source.Log - TempSelectCB_SelectionChanged() | 템플릿 번호 변경
2024-02-27 15:15:16,598 [1] DEBUG wpfTest.Source.Log - FlipNotUse_Checked () | 좌우반전 사용안함
2024-02-27 15:15:16,634 [1] INFO wpfTest.Source.Log - 세션 열림
2024-02-27 15:15:29,919 [1] DEBUG wpfTest.Source.Log - button1_Click() | 종표버튼 클릭
2024-02-27 15:15:30,896 [1] INFO wpfTest.Source.Log - 포트 닫힘
2024-02-27 15:15:30,897 [1] INFO wpfTest.Source.Log - 프로그램 종료
2024-02-27 15:18:13,649 [1] INFO wpfTest.Source.Log - ==========  Started application  ==========
2024-02-27 15:18:15,328 [1] INFO wpfTest.Source.Log - Main Level 진입
2024-02-27 15:18:15,568 [1] DEBUG wpfTest.Source.Log - Window_Loaded() Start : 설정 값 로드 중
2024-02-27 15:18:15,569 [1] INFO wpfTest.Source.Log - 이전 파일 삭제
2024-02-27 15:18:15,570 [1] INFO wpfTest.Source.Log - 파일삭제 완료
2024-02-27 15:18:15,571 [1] INFO wpfTest.Source.Log - 파일삭제 완료
2024-02-27 15:18:15,571 [1] INFO wpfTest.Source.Log - 파일삭제 완료
2024-02-27 15:18:16,150 [1] DEBUG wpfTest.Source.Log - Window_Loaded() 로드 완료
2024-02-27 15:18:16,186 [1] DEBUG wpfTest.Source.Log - Grid_Loaded() | Main Level 설정 값 로드(자동연결)
2024-02-27 15:18:16,206 [1] INFO wpfTest.Source.Log - 타이머 시작
2024-02-27 15:18:16,646 [1] INFO wpfTest.Source.Log - Canon 카메라 연결 완료
2024-02-27 15:18:16,674 [1] DEBUG wpfTest.Source.Log - BillMachineOpenSession() | 지폐기 자동연걸 시작
2024-02-27 15:18:16,677 [1] INFO wpfTest.Source.Log - 컴포트 : COM1으로 연결되었습니다.
2024-02-27 15:18:16,724 [1] DEBUG wpfTest.Source.Log - DataSend() | 동작
2024-02-27 15:18:17,392 [1] DEBUG wpfTest.Source.Log - DataSend() | 동작
2024-02-27 15:18:17,497 [1] DEBUG wpfTest.Source.Log - Window_KeyDown() | F12 입력(설정창 진입 키)
2024-02-27 15:18:18,392 [1] INFO wpfTest.Source.Log - Main Level 타이머 종료
2024-02-27 15:18:18,629 [1] INFO wpfTest.Source.Log - Canon 카메라 세션 닫힘
2024-02-27 15:18:18,656 [1] INFO wpfTest.Source.Log - 옵션 메뉴 이동
2024-02-27 15:18:18,671 [1] INFO wpfTest.Source.Log - 옵션 페이지 진입
2024-02-27 15:18:19,037 [1] DEBUG wpfTest.Source.Log - Grid_Loaded() | 옵션페이지 셋팅값 로딩
2024-02-27 15:18:19,051 [1] DEBUG wpfTest.Source.Log - LoadSetting() | 로드된 값 세팅
2024-02-27 15:18:19,051 [1] DEBUG wpfTest.Source.Log - BUse_Checked() | 지폐기 사용 클릭
2024-02-27 15:18:19,052 [1] DEBUG wpfTest.Source.Log - CheckSerial() | 지폐기 자동연결 작동
2024-02-27 15:18:19,089 [1] INFO wpfTest.Source.Log - CardCheckSerial() - 동작 | 카드 리더기 자동연결
2024-02-27 15:18:19,089 [1] DEBUG wpfTest.Source.Log - MoneySettingCoBox_SelectionChanged() | 돈 셋팅 변경
2024-02-27 15:18:19,149 [1] DEBUG wpfTest.Source.Log - Canon_Checked() | 캐논 카메라 체크
2024-02-27 15:18:19,149 [1] DEBUG wpfTest.Source.Log - timeruse_Checked () | 타이머 사용 체크
2024-02-27 15:18:19,149 [1] DEBUG wpfTest.Source.Log - PageTimeSet_SelectionChanged() + | 페이지 타이머 변경
2024-02-27 15:18:19,183 [1] INFO wpfTest.Source.Log - PageSettingMoney_SelectionChanged() - 동작
2024-02-27 15:18:19,184 [1] DEBUG wpfTest.Source.Log - PhotoTimeSet_SelectionChanged() | 포토 타임 변경
2024-02-27 15:18:19,215 [1] DEBUG wpfTest.Source.Log - OffSetXCoBox_SelectionChanged() | offsetx 변경
2024-02-27 15:18:19,234 [1] DEBUG wpfTest.Source.Log - OffSetYCoBox_SelectionChanged() | offsety 변경
2024-02-27 15:18:19,266 [1] DEBUG wpfTest.Source.Log - FactorXCoBox_SelectionChanged() | factorX 변경
2024-02-27 15:18:19,296 [1] DEBUG wpfTest.Source.Log - FactorYCoBox_SelectionChanged() | FactorY 변경
2024-02-27 15:18:19,296 [1] DEBUG wpfTest.Source.Log - TempSelectCB_SelectionChanged() | 템플릿 번호 변경
2024-02-27 15:18:19,314 [1] DEBUG wpfTest.Source.Log - FlipNotUse_Checked () | 좌우반전 사용안함
2024-02-27 15:18:19,333 [1] INFO wpfTest.Source.Log - 세션 열림
2024-02-27 15:18:19,637 [1] DEBUG wpfTest.Source.Log - AVCoBox_SelectionChanged_1() | AV박스 아이템 변경
2024-02-27 15:18:19,682 [1] DEBUG wpfTest.Source.Log - TvCoBox_SelectionChanged_1() | TV 값 변경
2024-02-27 15:18:19,712 [1] DEBUG wpfTest.Source.Log - ISOCoBox_SelectionChanged_1() | ISO값 변경
2024-02-27 15:18:25,051 [1] DEBUG wpfTest.Source.Log - button_Click() | 저장버튼 클릭
2024-02-27 15:18:26,137 [1] ERROR wpfTest.Source.Log - button_Click() - Writing values of 'System.Text.StringBuilder' is not supported for parameters having no NpgsqlDbType or DataTypeName. Try setting one of these values to the expected database type..
2024-02-27 15:18:29,110 [1] DEBUG wpfTest.Source.Log - button1_Click() | 종표버튼 클릭
2024-02-27 15:18:30,083 [1] INFO wpfTest.Source.Log - 포트 닫힘
2024-02-27 15:18:30,083 [1] DEBUG wpfTest.Source.Log - CloseSession() | 세션 닫힘
2024-02-27 15:18:30,320 [1] DEBUG wpfTest.Source.Log - AVCoBox_SelectionChanged_1() | AV박스 아이템 변경
2024-02-27 15:18:30,320 [1] DEBUG wpfTest.Source.Log - TvCoBox_SelectionChanged_1() | TV 값 변경
2024-02-27 15:18:30,320 [1] DEBUG wpfTest.Source.Log - ISOCoBox_SelectionChanged_1() | ISO값 변경
2024-02-27 15:18:30,321 [1] INFO wpfTest.Source.Log - 프로그램 종료
2024-02-27 15:19:33,180 [1] INFO wpfTest.Source.Log - ==========  Started application  ==========
2024-02-27 15:19:34,788 [1] INFO wpfTest.Source.Log - Main Level 진입
2024-02-27 15:19:35,164 [1] DEBUG wpfTest.Source.Log - Window_Loaded() Start : 설정 값 로드 중
2024-02-27 15:19:35,165 [1] INFO wpfTest.Source.Log - 이전 파일 삭제
2024-02-27 15:19:35,167 [1] INFO wpfTest.Source.Log - 파일삭제 완료
2024-02-27 15:19:35,167 [1] INFO wpfTest.Source.Log - 파일삭제 완료
2024-02-27 15:19:35,168 [1] INFO wpfTest.Source.Log - 파일삭제 완료
2024-02-27 15:19:35,801 [1] DEBUG wpfTest.Source.Log - Window_Loaded() 로드 완료
2024-02-27 15:19:35,810 [1] DEBUG wpfTest.Source.Log - Grid_Loaded() | Main Level 설정 값 로드(자동연결)
2024-02-27 15:19:35,830 [1] INFO wpfTest.Source.Log - 타이머 시작
2024-02-27 15:19:36,442 [1] INFO wpfTest.Source.Log - Canon 카메라 연결 완료
2024-02-27 15:19:36,456 [1] DEBUG wpfTest.Source.Log - BillMachineOpenSession() | 지폐기 자동연걸 시작
2024-02-27 15:19:36,458 [1] INFO wpfTest.Source.Log - 컴포트 : COM1으로 연결되었습니다.
2024-02-27 15:19:36,460 [1] DEBUG wpfTest.Source.Log - DataSend() | 동작
2024-02-27 15:19:37,034 [1] DEBUG wpfTest.Source.Log - DataSend() | 동작
2024-02-27 15:19:37,177 [1] DEBUG wpfTest.Source.Log - Window_KeyDown() | F12 입력(설정창 진입 키)
2024-02-27 15:19:37,865 [1] INFO wpfTest.Source.Log - Main Level 타이머 종료
2024-02-27 15:19:38,101 [1] INFO wpfTest.Source.Log - Canon 카메라 세션 닫힘
2024-02-27 15:19:38,128 [1] INFO wpfTest.Source.Log - 옵션 메뉴 이동
2024-02-27 15:19:38,182 [1] INFO wpfTest.Source.Log - 옵션 페이지 진입
2024-02-27 15:19:38,542 [1] DEBUG wpfTest.Source.Log - Grid_Loaded() | 옵션페이지 셋팅값 로딩
2024-02-27 15:19:38,555 [1] DEBUG wpfTest.Source.Log - LoadSetting() | 로드된 값 세팅
2024-02-27 15:19:38,555 [1] DEBUG wpfTest.Source.Log - BUse_Checked() | 지폐기 사용 클릭
2024-02-27 15:19:38,556 [1] DEBUG wpfTest.Source.Log - CheckSerial() | 지폐기 자동연결 작동
2024-02-27 15:19:38,595 [1] INFO wpfTest.Source.Log - CardCheckSerial() - 동작 | 카드 리더기 자동연결
2024-02-27 15:19:38,596 [1] DEBUG wpfTest.Source.Log - MoneySettingCoBox_SelectionChanged() | 돈 셋팅 변경
2024-02-27 15:19:38,632 [1] DEBUG wpfTest.Source.Log - Canon_Checked() | 캐논 카메라 체크
2024-02-27 15:19:38,632 [1] DEBUG wpfTest.Source.Log - timeruse_Checked () | 타이머 사용 체크
2024-02-27 15:19:38,633 [1] DEBUG wpfTest.Source.Log - PageTimeSet_SelectionChanged() + | 페이지 타이머 변경
2024-02-27 15:19:38,664 [1] INFO wpfTest.Source.Log - PageSettingMoney_SelectionChanged() - 동작
2024-02-27 15:19:38,665 [1] DEBUG wpfTest.Source.Log - PhotoTimeSet_SelectionChanged() | 포토 타임 변경
2024-02-27 15:19:38,698 [1] DEBUG wpfTest.Source.Log - OffSetXCoBox_SelectionChanged() | offsetx 변경
2024-02-27 15:19:38,717 [1] DEBUG wpfTest.Source.Log - OffSetYCoBox_SelectionChanged() | offsety 변경
2024-02-27 15:19:38,751 [1] DEBUG wpfTest.Source.Log - FactorXCoBox_SelectionChanged() | factorX 변경
2024-02-27 15:19:38,780 [1] DEBUG wpfTest.Source.Log - FactorYCoBox_SelectionChanged() | FactorY 변경
2024-02-27 15:19:38,780 [1] DEBUG wpfTest.Source.Log - TempSelectCB_SelectionChanged() | 템플릿 번호 변경
2024-02-27 15:19:38,809 [1] DEBUG wpfTest.Source.Log - FlipNotUse_Checked () | 좌우반전 사용안함
2024-02-27 15:19:38,840 [1] INFO wpfTest.Source.Log - 세션 열림
2024-02-27 15:19:39,136 [1] DEBUG wpfTest.Source.Log - AVCoBox_SelectionChanged_1() | AV박스 아이템 변경
2024-02-27 15:19:39,163 [1] DEBUG wpfTest.Source.Log - TvCoBox_SelectionChanged_1() | TV 값 변경
2024-02-27 15:19:39,192 [1] DEBUG wpfTest.Source.Log - ISOCoBox_SelectionChanged_1() | ISO값 변경
2024-02-27 15:19:41,465 [1] DEBUG wpfTest.Source.Log - button_Click() | 저장버튼 클릭
2024-02-27 15:19:41,967 [1] ERROR wpfTest.Source.Log - button_Click() - 42804: column "moneyset" is of type integer but expression is of type text

POSITION: 126
2024-02-27 15:19:58,381 [1] DEBUG wpfTest.Source.Log - button1_Click() | 종표버튼 클릭
2024-02-27 15:19:59,281 [1] INFO wpfTest.Source.Log - 포트 닫힘
2024-02-27 15:19:59,282 [1] DEBUG wpfTest.Source.Log - CloseSession() | 세션 닫힘
2024-02-27 15:19:59,518 [1] DEBUG wpfTest.Source.Log - AVCoBox_SelectionChanged_1() | AV박스 아이템 변경
2024-02-27 15:19:59,518 [1] DEBUG wpfTest.Source.Log - TvCoBox_SelectionChanged_1() | TV 값 변경
2024-02-27 15:19:59,518 [1] DEBUG wpfTest.Source.Log - ISOCoBox_SelectionChanged_1() | ISO값 변경
2024-02-27 15:19:59,519 [1] INFO wpfTest.Source.Log - 프로그램 종료
2024-02-27 15:26:27,693 [1] INFO wpfTest.Source.Log - ==========  Started application  ==========
2024-02-27 15:26:29,361 [1] INFO wpfTest.Source.Log - Main Level 진입
2024-02-27 15:26:29,662 [1] DEBUG wpfTest.Source.Log - Window_Loaded() Start : 설정 값 로드 중
2024-02-27 15:26:29,662 [1] INFO wpfTest.Source.Log - 이전 파일 삭제
2024-02-27 15:26:29,664 [1] INFO wpfTest.Source.Log - 파일삭제 완료
2024-02-27 15:26:29,664 [1] INFO wpfTest.Source.Log - 파일삭제 완료
2024-02-27 15:26:29,664 [1] INFO wpfTest.Source.Log - 파일삭제 완료
2024-02-27 15:26:30,188 [1] DEBUG wpfTest.Source.Log - Window_Loaded() 로드 완료
2024-02-27 15:26:30,196 [1] DEBUG wpfTest.Source.Log - Grid_Loaded() | Main Level 설정 값 로드(자동연결)
2024-02-27 15:26:30,212 [1] INFO wpfTest.Source.Log - 타이머 시작
2024-02-27 15:26:30,657 [1] INFO wpfTest.Source.Log - Canon 카메라 연결 완료
2024-02-27 15:26:30,713 [1] DEBUG wpfTest.Source.Log - BillMachineOpenSession() | 지폐기 자동연걸 시작
2024-02-27 15:26:30,716 [1] INFO wpfTest.Source.Log - 컴포트 : COM1으로 연결되었습니다.
2024-02-27 15:26:30,718 [1] DEBUG wpfTest.Source.Log - DataSend() | 동작
2024-02-27 15:26:31,267 [1] DEBUG wpfTest.Source.Log - DataSend() | 동작
2024-02-27 15:26:31,964 [1] DEBUG wpfTest.Source.Log - Window_KeyDown() | F12 입력(설정창 진입 키)
2024-02-27 15:26:32,424 [1] INFO wpfTest.Source.Log - Main Level 타이머 종료
2024-02-27 15:26:32,661 [1] INFO wpfTest.Source.Log - Canon 카메라 세션 닫힘
2024-02-27 15:26:32,676 [1] INFO wpfTest.Source.Log - 옵션 메뉴 이동
2024-02-27 15:26:32,692 [1] INFO wpfTest.Source.Log - 옵션 페이지 진입
2024-02-27 15:26:33,122 [1] DEBUG wpfTest.Source.Log - Grid_Loaded() | 옵션페이지 셋팅값 로딩
2024-02-27 15:26:33,201 [1] DEBUG wpfTest.Source.Log - LoadSetting() | 로드된 값 세팅
2024-02-27 15:26:33,201 [1] DEBUG wpfTest.Source.Log - BUse_Checked() | 지폐기 사용 클릭
2024-02-27 15:26:33,202 [1] DEBUG wpfTest.Source.Log - CheckSerial() | 지폐기 자동연결 작동
2024-02-27 15:26:33,240 [1] INFO wpfTest.Source.Log - CardCheckSerial() - 동작 | 카드 리더기 자동연결
2024-02-27 15:26:33,241 [1] DEBUG wpfTest.Source.Log - MoneySettingCoBox_SelectionChanged() | 돈 셋팅 변경
2024-02-27 15:26:33,290 [1] DEBUG wpfTest.Source.Log - Canon_Checked() | 캐논 카메라 체크
2024-02-27 15:26:33,290 [1] DEBUG wpfTest.Source.Log - timeruse_Checked () | 타이머 사용 체크
2024-02-27 15:26:33,291 [1] DEBUG wpfTest.Source.Log - PageTimeSet_SelectionChanged() + | 페이지 타이머 변경
2024-02-27 15:26:33,310 [1] INFO wpfTest.Source.Log - PageSettingMoney_SelectionChanged() - 동작
2024-02-27 15:26:33,310 [1] DEBUG wpfTest.Source.Log - PhotoTimeSet_SelectionChanged() | 포토 타임 변경
2024-02-27 15:26:33,343 [1] DEBUG wpfTest.Source.Log - OffSetXCoBox_SelectionChanged() | offsetx 변경
2024-02-27 15:26:33,360 [1] DEBUG wpfTest.Source.Log - OffSetYCoBox_SelectionChanged() | offsety 변경
2024-02-27 15:26:33,389 [1] DEBUG wpfTest.Source.Log - FactorXCoBox_SelectionChanged() | factorX 변경
2024-02-27 15:26:33,453 [1] DEBUG wpfTest.Source.Log - FactorYCoBox_SelectionChanged() | FactorY 변경
2024-02-27 15:26:33,453 [1] DEBUG wpfTest.Source.Log - TempSelectCB_SelectionChanged() | 템플릿 번호 변경
2024-02-27 15:26:33,475 [1] DEBUG wpfTest.Source.Log - FlipNotUse_Checked () | 좌우반전 사용안함
2024-02-27 15:26:33,494 [1] INFO wpfTest.Source.Log - 세션 열림
2024-02-27 15:26:33,791 [1] DEBUG wpfTest.Source.Log - AVCoBox_SelectionChanged_1() | AV박스 아이템 변경
2024-02-27 15:26:33,823 [1] DEBUG wpfTest.Source.Log - TvCoBox_SelectionChanged_1() | TV 값 변경
2024-02-27 15:26:33,852 [1] DEBUG wpfTest.Source.Log - ISOCoBox_SelectionChanged_1() | ISO값 변경
2024-02-27 15:26:36,346 [1] DEBUG wpfTest.Source.Log - button_Click() | 저장버튼 클릭
2024-02-27 15:26:36,819 [1] INFO wpfTest.Source.Log - 데이터 삽입 완료
2024-02-27 15:26:49,109 [1] DEBUG wpfTest.Source.Log - button1_Click() | 종표버튼 클릭
2024-02-27 15:26:49,918 [1] INFO wpfTest.Source.Log - 포트 닫힘
2024-02-27 15:26:49,921 [1] DEBUG wpfTest.Source.Log - CloseSession() | 세션 닫힘
2024-02-27 15:26:50,157 [1] DEBUG wpfTest.Source.Log - AVCoBox_SelectionChanged_1() | AV박스 아이템 변경
2024-02-27 15:26:50,157 [1] DEBUG wpfTest.Source.Log - TvCoBox_SelectionChanged_1() | TV 값 변경
2024-02-27 15:26:50,157 [1] DEBUG wpfTest.Source.Log - ISOCoBox_SelectionChanged_1() | ISO값 변경
2024-02-27 15:26:50,159 [1] INFO wpfTest.Source.Log - 프로그램 종료
2024-02-27 15:28:50,273 [1] INFO wpfTest.Source.Log - ==========  Started application  ==========
2024-02-27 15:28:51,786 [1] INFO wpfTest.Source.Log - Main Level 진입
2024-02-27 15:28:52,259 [1] DEBUG wpfTest.Source.Log - Window_Loaded() Start : 설정 값 로드 중
2024-02-27 15:28:52,261 [1] INFO wpfTest.Source.Log - 이전 파일 삭제
2024-02-27 15:28:52,264 [1] INFO wpfTest.Source.Log - 파일삭제 완료
2024-02-27 15:28:52,264 [1] INFO wpfTest.Source.Log - 파일삭제 완료
2024-02-27 15:28:52,265 [1] INFO wpfTest.Source.Log - 파일삭제 완료
2024-02-27 15:28:52,929 [1] DEBUG wpfTest.Source.Log - Window_Loaded() 로드 완료
2024-02-27 15:28:52,935 [1] DEBUG wpfTest.Source.Log - Grid_Loaded() | Main Level 설정 값 로드(자동연결)
2024-02-27 15:28:52,952 [1] INFO wpfTest.Source.Log - 타이머 시작
2024-02-27 15:28:53,455 [1] INFO wpfTest.Source.Log - Canon 카메라 연결 완료
2024-02-27 15:28:53,468 [1] DEBUG wpfTest.Source.Log - BillMachineOpenSession() | 지폐기 자동연걸 시작
2024-02-27 15:28:53,470 [1] INFO wpfTest.Source.Log - 컴포트 : COM1으로 연결되었습니다.
2024-02-27 15:28:53,473 [1] DEBUG wpfTest.Source.Log - DataSend() | 동작
2024-02-27 15:28:54,190 [1] DEBUG wpfTest.Source.Log - DataSend() | 동작
2024-02-27 15:28:54,623 [1] DEBUG wpfTest.Source.Log - Window_KeyDown() | F12 입력(설정창 진입 키)
2024-02-27 15:28:55,208 [1] INFO wpfTest.Source.Log - Main Level 타이머 종료
2024-02-27 15:28:55,444 [1] INFO wpfTest.Source.Log - Canon 카메라 세션 닫힘
2024-02-27 15:28:55,459 [1] INFO wpfTest.Source.Log - 옵션 메뉴 이동
2024-02-27 15:28:55,498 [1] INFO wpfTest.Source.Log - 옵션 페이지 진입
2024-02-27 15:28:55,849 [1] DEBUG wpfTest.Source.Log - Grid_Loaded() | 옵션페이지 셋팅값 로딩
2024-02-27 15:28:55,862 [1] DEBUG wpfTest.Source.Log - LoadSetting() | 로드된 값 세팅
2024-02-27 15:28:55,863 [1] DEBUG wpfTest.Source.Log - BUse_Checked() | 지폐기 사용 클릭
2024-02-27 15:28:55,863 [1] DEBUG wpfTest.Source.Log - CheckSerial() | 지폐기 자동연결 작동
2024-02-27 15:28:55,899 [1] INFO wpfTest.Source.Log - CardCheckSerial() - 동작 | 카드 리더기 자동연결
2024-02-27 15:28:55,900 [1] DEBUG wpfTest.Source.Log - MoneySettingCoBox_SelectionChanged() | 돈 셋팅 변경
2024-02-27 15:28:55,944 [1] DEBUG wpfTest.Source.Log - Canon_Checked() | 캐논 카메라 체크
2024-02-27 15:28:55,944 [1] DEBUG wpfTest.Source.Log - timeruse_Checked () | 타이머 사용 체크
2024-02-27 15:28:55,945 [1] DEBUG wpfTest.Source.Log - PageTimeSet_SelectionChanged() + | 페이지 타이머 변경
2024-02-27 15:28:55,975 [1] INFO wpfTest.Source.Log - PageSettingMoney_SelectionChanged() - 동작
2024-02-27 15:28:55,976 [1] DEBUG wpfTest.Source.Log - PhotoTimeSet_SelectionChanged() | 포토 타임 변경
2024-02-27 15:28:55,998 [1] DEBUG wpfTest.Source.Log - OffSetXCoBox_SelectionChanged() | offsetx 변경
2024-02-27 15:28:56,027 [1] DEBUG wpfTest.Source.Log - OffSetYCoBox_SelectionChanged() | offsety 변경
2024-02-27 15:28:56,045 [1] DEBUG wpfTest.Source.Log - FactorXCoBox_SelectionChanged() | factorX 변경
2024-02-27 15:28:56,063 [1] DEBUG wpfTest.Source.Log - FactorYCoBox_SelectionChanged() | FactorY 변경
2024-02-27 15:28:56,063 [1] DEBUG wpfTest.Source.Log - TempSelectCB_SelectionChanged() | 템플릿 번호 변경
2024-02-27 15:28:56,081 [1] DEBUG wpfTest.Source.Log - FlipNotUse_Checked () | 좌우반전 사용안함
2024-02-27 15:28:56,115 [1] INFO wpfTest.Source.Log - 세션 열림
2024-02-27 15:28:56,411 [1] DEBUG wpfTest.Source.Log - AVCoBox_SelectionChanged_1() | AV박스 아이템 변경
2024-02-27 15:28:56,438 [1] DEBUG wpfTest.Source.Log - TvCoBox_SelectionChanged_1() | TV 값 변경
2024-02-27 15:28:56,473 [1] DEBUG wpfTest.Source.Log - ISOCoBox_SelectionChanged_1() | ISO값 변경
2024-02-27 15:28:58,137 [1] DEBUG wpfTest.Source.Log - button_Click() | 저장버튼 클릭
2024-02-27 15:28:58,665 [1] INFO wpfTest.Source.Log - 데이터 업데이트 완료
2024-02-27 15:31:42,826 [1] DEBUG wpfTest.Source.Log - button1_Click() | 종표버튼 클릭
2024-02-27 15:31:43,725 [1] INFO wpfTest.Source.Log - 포트 닫힘
2024-02-27 15:31:43,726 [1] DEBUG wpfTest.Source.Log - CloseSession() | 세션 닫힘
2024-02-27 15:31:43,962 [1] DEBUG wpfTest.Source.Log - AVCoBox_SelectionChanged_1() | AV박스 아이템 변경
2024-02-27 15:31:43,963 [1] DEBUG wpfTest.Source.Log - TvCoBox_SelectionChanged_1() | TV 값 변경
2024-02-27 15:31:43,963 [1] DEBUG wpfTest.Source.Log - ISOCoBox_SelectionChanged_1() | ISO값 변경
2024-02-27 15:31:43,964 [1] INFO wpfTest.Source.Log - 프로그램 종료
2024-02-27 16:29:31,463 [1] INFO wpfTest.Source.Log - ==========  Started application  ==========
2024-02-27 16:29:33,770 [1] INFO wpfTest.Source.Log - Main Level 진입
2024-02-27 16:29:34,076 [1] DEBUG wpfTest.Source.Log - Window_Loaded() Start : 설정 값 로드 중
2024-02-27 16:29:34,077 [1] INFO wpfTest.Source.Log - 이전 파일 삭제
2024-02-27 16:29:34,079 [1] INFO wpfTest.Source.Log - 파일삭제 완료
2024-02-27 16:29:34,084 [1] INFO wpfTest.Source.Log - 파일삭제 완료
2024-02-27 16:29:34,084 [1] INFO wpfTest.Source.Log - 파일삭제 완료
2024-02-27 16:29:35,730 [1] DEBUG wpfTest.Source.Log - Window_Loaded() 로드 완료
2024-02-27 16:29:35,819 [1] DEBUG wpfTest.Source.Log - Grid_Loaded() | Main Level 설정 값 로드(자동연결)
2024-02-27 16:29:35,885 [1] INFO wpfTest.Source.Log - 타이머 시작
2024-02-27 16:29:36,615 [1] INFO wpfTest.Source.Log - Canon 카메라 연결 완료
2024-02-27 16:29:36,628 [1] DEBUG wpfTest.Source.Log - BillMachineOpenSession() | 지폐기 자동연걸 시작
2024-02-27 16:29:36,631 [1] INFO wpfTest.Source.Log - 컴포트 : COM1으로 연결되었습니다.
2024-02-27 16:29:36,631 [1] DEBUG wpfTest.Source.Log - DataSend() | 동작
2024-02-27 16:29:37,133 [1] DEBUG wpfTest.Source.Log - DataSend() | 동작
2024-02-27 16:29:38,559 [1] DEBUG wpfTest.Source.Log - Window_KeyDown() | F4 입력(프로그램 종료 키)
2024-02-27 16:29:38,796 [1] INFO wpfTest.Source.Log - 캐논 카메라 종료
2024-02-27 16:29:38,796 [1] DEBUG wpfTest.Source.Log - DataSend() | 동작
2024-02-27 16:29:38,796 [1] INFO wpfTest.Source.Log - 프로그램 종료
2024-02-27 16:31:42,826 [1] INFO wpfTest.Source.Log - ==========  Started application  ==========
2024-02-27 16:31:44,340 [1] INFO wpfTest.Source.Log - Main Level 진입
2024-02-27 16:31:44,553 [1] DEBUG wpfTest.Source.Log - Window_Loaded() Start : 설정 값 로드 중
2024-02-27 16:31:44,554 [1] INFO wpfTest.Source.Log - 이전 파일 삭제
2024-02-27 16:31:44,556 [1] INFO wpfTest.Source.Log - 파일삭제 완료
2024-02-27 16:31:44,556 [1] INFO wpfTest.Source.Log - 파일삭제 완료
2024-02-27 16:31:44,557 [1] INFO wpfTest.Source.Log - 파일삭제 완료
2024-02-27 16:31:45,701 [1] DEBUG wpfTest.Source.Log - Window_Loaded() 로드 완료
2024-02-27 16:31:45,703 [1] DEBUG wpfTest.Source.Log - Grid_Loaded() | Main Level 설정 값 로드(자동연결)
2024-02-27 16:31:45,726 [1] INFO wpfTest.Source.Log - 타이머 시작
2024-02-27 16:31:46,242 [1] INFO wpfTest.Source.Log - Canon 카메라 연결 완료
2024-02-27 16:31:46,255 [1] DEBUG wpfTest.Source.Log - BillMachineOpenSession() | 지폐기 자동연걸 시작
2024-02-27 16:31:46,257 [1] INFO wpfTest.Source.Log - 컴포트 : COM1으로 연결되었습니다.
2024-02-27 16:31:46,257 [1] DEBUG wpfTest.Source.Log - DataSend() | 동작
2024-02-27 16:31:46,759 [1] DEBUG wpfTest.Source.Log - DataSend() | 동작
2024-02-27 16:31:48,120 [1] DEBUG wpfTest.Source.Log - Window_KeyDown() | F12 입력(설정창 진입 키)
2024-02-27 16:31:48,720 [1] INFO wpfTest.Source.Log - Main Level 타이머 종료
2024-02-27 16:31:48,958 [1] INFO wpfTest.Source.Log - Canon 카메라 세션 닫힘
2024-02-27 16:31:48,970 [1] INFO wpfTest.Source.Log - 옵션 메뉴 이동
2024-02-27 16:31:48,992 [1] INFO wpfTest.Source.Log - 옵션 페이지 진입
2024-02-27 16:31:49,496 [1] DEBUG wpfTest.Source.Log - Grid_Loaded() | 옵션페이지 셋팅값 로딩
2024-02-27 16:31:49,512 [1] DEBUG wpfTest.Source.Log - LoadSetting() | 로드된 값 세팅
2024-02-27 16:31:49,513 [1] DEBUG wpfTest.Source.Log - BUse_Checked() | 지폐기 사용 클릭
2024-02-27 16:31:49,514 [1] DEBUG wpfTest.Source.Log - CheckSerial() | 지폐기 자동연결 작동
2024-02-27 16:31:49,549 [1] INFO wpfTest.Source.Log - CardCheckSerial() - 동작 | 카드 리더기 자동연결
2024-02-27 16:31:49,562 [1] DEBUG wpfTest.Source.Log - Canon_Checked() | 캐논 카메라 체크
2024-02-27 16:31:49,563 [1] DEBUG wpfTest.Source.Log - timeruse_Checked () | 타이머 사용 체크
2024-02-27 16:31:49,563 [1] DEBUG wpfTest.Source.Log - PageTimeSet_SelectionChanged() + | 페이지 타이머 변경
2024-02-27 16:31:49,593 [1] INFO wpfTest.Source.Log - PageSettingMoney_SelectionChanged() - 동작
2024-02-27 16:31:49,593 [1] DEBUG wpfTest.Source.Log - PhotoTimeSet_SelectionChanged() | 포토 타임 변경
2024-02-27 16:31:49,608 [1] DEBUG wpfTest.Source.Log - OffSetXCoBox_SelectionChanged() | offsetx 변경
2024-02-27 16:31:49,633 [1] DEBUG wpfTest.Source.Log - OffSetYCoBox_SelectionChanged() | offsety 변경
2024-02-27 16:31:49,650 [1] DEBUG wpfTest.Source.Log - FactorXCoBox_SelectionChanged() | factorX 변경
2024-02-27 16:31:49,680 [1] DEBUG wpfTest.Source.Log - FactorYCoBox_SelectionChanged() | FactorY 변경
2024-02-27 16:31:49,680 [1] DEBUG wpfTest.Source.Log - TempSelectCB_SelectionChanged() | 템플릿 번호 변경
2024-02-27 16:31:49,711 [1] DEBUG wpfTest.Source.Log - FlipNotUse_Checked () | 좌우반전 사용안함
2024-02-27 16:31:49,734 [1] INFO wpfTest.Source.Log - 세션 열림
2024-02-27 16:31:50,029 [1] DEBUG wpfTest.Source.Log - AVCoBox_SelectionChanged_1() | AV박스 아이템 변경
2024-02-27 16:31:50,054 [1] DEBUG wpfTest.Source.Log - TvCoBox_SelectionChanged_1() | TV 값 변경
2024-02-27 16:31:50,079 [1] DEBUG wpfTest.Source.Log - ISOCoBox_SelectionChanged_1() | ISO값 변경
2024-02-27 16:31:52,637 [1] DEBUG wpfTest.Source.Log - button1_Click() | 종표버튼 클릭
2024-02-27 16:31:53,680 [1] INFO wpfTest.Source.Log - 포트 닫힘
2024-02-27 16:31:53,681 [1] DEBUG wpfTest.Source.Log - CloseSession() | 세션 닫힘
2024-02-27 16:31:53,917 [1] DEBUG wpfTest.Source.Log - AVCoBox_SelectionChanged_1() | AV박스 아이템 변경
2024-02-27 16:31:53,917 [1] DEBUG wpfTest.Source.Log - TvCoBox_SelectionChanged_1() | TV 값 변경
2024-02-27 16:31:53,917 [1] DEBUG wpfTest.Source.Log - ISOCoBox_SelectionChanged_1() | ISO값 변경
2024-02-27 16:31:53,918 [1] INFO wpfTest.Source.Log - 프로그램 종료
2024-02-27 16:32:09,204 [1] INFO wpfTest.Source.Log - ==========  Started application  ==========
2024-02-27 16:32:10,708 [1] INFO wpfTest.Source.Log - Main Level 진입
2024-02-27 16:32:10,993 [1] DEBUG wpfTest.Source.Log - Window_Loaded() Start : 설정 값 로드 중
2024-02-27 16:32:10,994 [1] INFO wpfTest.Source.Log - 이전 파일 삭제
2024-02-27 16:32:10,996 [1] INFO wpfTest.Source.Log - 파일삭제 완료
2024-02-27 16:32:10,996 [1] INFO wpfTest.Source.Log - 파일삭제 완료
2024-02-27 16:32:10,996 [1] INFO wpfTest.Source.Log - 파일삭제 완료
2024-02-27 16:32:11,520 [1] DEBUG wpfTest.Source.Log - Window_Loaded() 로드 완료
2024-02-27 16:32:11,523 [1] DEBUG wpfTest.Source.Log - Grid_Loaded() | Main Level 설정 값 로드(자동연결)
2024-02-27 16:32:11,539 [1] INFO wpfTest.Source.Log - 타이머 시작
2024-02-27 16:32:12,012 [1] INFO wpfTest.Source.Log - Canon 카메라 연결 완료
2024-02-27 16:32:12,023 [1] DEBUG wpfTest.Source.Log - BillMachineOpenSession() | 지폐기 자동연걸 시작
2024-02-27 16:32:12,025 [1] INFO wpfTest.Source.Log - 컴포트 : COM1으로 연결되었습니다.
2024-02-27 16:32:12,026 [1] DEBUG wpfTest.Source.Log - DataSend() | 동작
2024-02-27 16:32:12,526 [1] DEBUG wpfTest.Source.Log - DataSend() | 동작
2024-02-27 16:32:13,106 [1] DEBUG wpfTest.Source.Log - Window_KeyDown() | F4 입력(프로그램 종료 키)
2024-02-27 16:32:13,344 [1] INFO wpfTest.Source.Log - 캐논 카메라 종료
2024-02-27 16:32:13,344 [1] DEBUG wpfTest.Source.Log - DataSend() | 동작
2024-02-27 16:32:13,344 [1] INFO wpfTest.Source.Log - 프로그램 종료
2024-02-27 16:56:33,996 [1] INFO wpfTest.Source.Log - ==========  Started application  ==========
2024-02-27 16:56:36,092 [1] INFO wpfTest.Source.Log - Main Level 진입
2024-02-27 16:56:36,395 [1] DEBUG wpfTest.Source.Log - Window_Loaded() Start : 설정 값 로드 중
2024-02-27 16:56:36,395 [1] INFO wpfTest.Source.Log - 이전 파일 삭제
2024-02-27 16:56:36,397 [1] INFO wpfTest.Source.Log - 파일삭제 완료
2024-02-27 16:56:36,397 [1] INFO wpfTest.Source.Log - 파일삭제 완료
2024-02-27 16:56:36,397 [1] INFO wpfTest.Source.Log - 파일삭제 완료
2024-02-27 16:56:37,494 [1] DEBUG wpfTest.Source.Log - Window_Loaded() 로드 완료
2024-02-27 16:56:37,575 [1] DEBUG wpfTest.Source.Log - Grid_Loaded() | Main Level 설정 값 로드(자동연결)
2024-02-27 16:56:37,608 [1] INFO wpfTest.Source.Log - 타이머 시작
2024-02-27 16:56:38,328 [1] INFO wpfTest.Source.Log - Canon 카메라 연결 완료
2024-02-27 16:56:38,338 [1] DEBUG wpfTest.Source.Log - BillMachineOpenSession() | 지폐기 자동연걸 시작
2024-02-27 16:56:38,340 [1] INFO wpfTest.Source.Log - 컴포트 : COM1으로 연결되었습니다.
2024-02-27 16:56:38,341 [1] DEBUG wpfTest.Source.Log - DataSend() | 동작
2024-02-27 16:56:38,842 [1] DEBUG wpfTest.Source.Log - DataSend() | 동작
2024-02-27 16:56:39,660 [1] DEBUG wpfTest.Source.Log - Window_KeyDown() | F12 입력(설정창 진입 키)
2024-02-27 16:56:40,599 [1] INFO wpfTest.Source.Log - Main Level 타이머 종료
2024-02-27 16:56:40,836 [1] INFO wpfTest.Source.Log - Canon 카메라 세션 닫힘
2024-02-27 16:56:40,850 [1] INFO wpfTest.Source.Log - 옵션 메뉴 이동
2024-02-27 16:56:40,873 [1] INFO wpfTest.Source.Log - 옵션 페이지 진입
2024-02-27 16:56:41,252 [1] DEBUG wpfTest.Source.Log - Grid_Loaded() | 옵션페이지 셋팅값 로딩
2024-02-27 16:56:41,269 [1] DEBUG wpfTest.Source.Log - LoadSetting() | 로드된 값 세팅
2024-02-27 16:56:41,269 [1] DEBUG wpfTest.Source.Log - BUse_Checked() | 지폐기 사용 클릭
2024-02-27 16:56:41,271 [1] DEBUG wpfTest.Source.Log - CheckSerial() | 지폐기 자동연결 작동
2024-02-27 16:56:41,304 [1] INFO wpfTest.Source.Log - CardCheckSerial() - 동작 | 카드 리더기 자동연결
2024-02-27 16:56:41,305 [1] DEBUG wpfTest.Source.Log - MoneySettingCoBox_SelectionChanged() | 돈 셋팅 변경
2024-02-27 16:56:41,339 [1] DEBUG wpfTest.Source.Log - Canon_Checked() | 캐논 카메라 체크
2024-02-27 16:56:41,339 [1] DEBUG wpfTest.Source.Log - timeruse_Checked () | 타이머 사용 체크
2024-02-27 16:56:41,340 [1] DEBUG wpfTest.Source.Log - PageTimeSet_SelectionChanged() + | 페이지 타이머 변경
2024-02-27 16:56:41,367 [1] INFO wpfTest.Source.Log - PageSettingMoney_SelectionChanged() - 동작
2024-02-27 16:56:41,367 [1] DEBUG wpfTest.Source.Log - PhotoTimeSet_SelectionChanged() | 포토 타임 변경
2024-02-27 16:56:41,397 [1] DEBUG wpfTest.Source.Log - OffSetXCoBox_SelectionChanged() | offsetx 변경
2024-02-27 16:56:41,412 [1] DEBUG wpfTest.Source.Log - OffSetYCoBox_SelectionChanged() | offsety 변경
2024-02-27 16:56:41,428 [1] DEBUG wpfTest.Source.Log - FactorXCoBox_SelectionChanged() | factorX 변경
2024-02-27 16:56:41,455 [1] DEBUG wpfTest.Source.Log - FactorYCoBox_SelectionChanged() | FactorY 변경
2024-02-27 16:56:41,456 [1] DEBUG wpfTest.Source.Log - TempSelectCB_SelectionChanged() | 템플릿 번호 변경
2024-02-27 16:56:41,478 [1] DEBUG wpfTest.Source.Log - FlipNotUse_Checked () | 좌우반전 사용안함
2024-02-27 16:56:41,497 [1] INFO wpfTest.Source.Log - 세션 열림
2024-02-27 16:56:41,794 [1] DEBUG wpfTest.Source.Log - AVCoBox_SelectionChanged_1() | AV박스 아이템 변경
2024-02-27 16:56:41,821 [1] DEBUG wpfTest.Source.Log - TvCoBox_SelectionChanged_1() | TV 값 변경
2024-02-27 16:56:41,847 [1] DEBUG wpfTest.Source.Log - ISOCoBox_SelectionChanged_1() | ISO값 변경
2024-02-27 16:56:53,769 [1] DEBUG wpfTest.Source.Log - button1_Click() | 종표버튼 클릭
2024-02-27 16:56:55,425 [1] INFO wpfTest.Source.Log - 포트 닫힘
2024-02-27 16:56:55,425 [1] DEBUG wpfTest.Source.Log - CloseSession() | 세션 닫힘
2024-02-27 16:56:55,660 [1] DEBUG wpfTest.Source.Log - AVCoBox_SelectionChanged_1() | AV박스 아이템 변경
2024-02-27 16:56:55,660 [1] DEBUG wpfTest.Source.Log - TvCoBox_SelectionChanged_1() | TV 값 변경
2024-02-27 16:56:55,662 [1] DEBUG wpfTest.Source.Log - ISOCoBox_SelectionChanged_1() | ISO값 변경
2024-02-27 16:56:55,663 [1] INFO wpfTest.Source.Log - 프로그램 종료
2024-02-27 16:57:06,881 [1] INFO wpfTest.Source.Log - ==========  Started application  ==========
2024-02-27 16:57:08,374 [1] INFO wpfTest.Source.Log - Main Level 진입
2024-02-27 16:57:08,592 [1] DEBUG wpfTest.Source.Log - Window_Loaded() Start : 설정 값 로드 중
2024-02-27 16:57:08,593 [1] INFO wpfTest.Source.Log - 이전 파일 삭제
2024-02-27 16:57:08,595 [1] INFO wpfTest.Source.Log - 파일삭제 완료
2024-02-27 16:57:08,595 [1] INFO wpfTest.Source.Log - 파일삭제 완료
2024-02-27 16:57:08,595 [1] INFO wpfTest.Source.Log - 파일삭제 완료
2024-02-27 16:57:09,137 [1] DEBUG wpfTest.Source.Log - Window_Loaded() 로드 완료
2024-02-27 16:57:09,139 [1] DEBUG wpfTest.Source.Log - Grid_Loaded() | Main Level 설정 값 로드(자동연결)
2024-02-27 16:57:09,157 [1] INFO wpfTest.Source.Log - 타이머 시작
2024-02-27 16:57:09,616 [1] INFO wpfTest.Source.Log - Canon 카메라 연결 완료
2024-02-27 16:57:09,640 [1] DEBUG wpfTest.Source.Log - BillMachineOpenSession() | 지폐기 자동연걸 시작
2024-02-27 16:57:09,642 [1] INFO wpfTest.Source.Log - 컴포트 : COM1으로 연결되었습니다.
2024-02-27 16:57:09,642 [1] DEBUG wpfTest.Source.Log - DataSend() | 동작
2024-02-27 16:57:10,144 [1] DEBUG wpfTest.Source.Log - DataSend() | 동작
2024-02-27 16:57:10,942 [1] DEBUG wpfTest.Source.Log - Window_KeyDown() | F12 입력(설정창 진입 키)
2024-02-27 16:57:11,160 [1] INFO wpfTest.Source.Log - Main Level 타이머 종료
2024-02-27 16:57:11,396 [1] INFO wpfTest.Source.Log - Canon 카메라 세션 닫힘
2024-02-27 16:57:11,408 [1] INFO wpfTest.Source.Log - 옵션 메뉴 이동
2024-02-27 16:57:11,418 [1] INFO wpfTest.Source.Log - 옵션 페이지 진입
2024-02-27 16:57:11,759 [1] DEBUG wpfTest.Source.Log - Grid_Loaded() | 옵션페이지 셋팅값 로딩
2024-02-27 16:57:11,770 [1] DEBUG wpfTest.Source.Log - LoadSetting() | 로드된 값 세팅
2024-02-27 16:57:11,770 [1] DEBUG wpfTest.Source.Log - BUse_Checked() | 지폐기 사용 클릭
2024-02-27 16:57:11,771 [1] DEBUG wpfTest.Source.Log - CheckSerial() | 지폐기 자동연결 작동
2024-02-27 16:57:11,807 [1] INFO wpfTest.Source.Log - CardCheckSerial() - 동작 | 카드 리더기 자동연결
2024-02-27 16:57:11,808 [1] DEBUG wpfTest.Source.Log - MoneySettingCoBox_SelectionChanged() | 돈 셋팅 변경
2024-02-27 16:57:11,838 [1] DEBUG wpfTest.Source.Log - Canon_Checked() | 캐논 카메라 체크
2024-02-27 16:57:11,838 [1] DEBUG wpfTest.Source.Log - timeruse_Checked () | 타이머 사용 체크
2024-02-27 16:57:11,838 [1] DEBUG wpfTest.Source.Log - PageTimeSet_SelectionChanged() + | 페이지 타이머 변경
2024-02-27 16:57:11,868 [1] INFO wpfTest.Source.Log - PageSettingMoney_SelectionChanged() - 동작
2024-02-27 16:57:11,868 [1] DEBUG wpfTest.Source.Log - PhotoTimeSet_SelectionChanged() | 포토 타임 변경
2024-02-27 16:57:11,885 [1] DEBUG wpfTest.Source.Log - OffSetXCoBox_SelectionChanged() | offsetx 변경
2024-02-27 16:57:11,912 [1] DEBUG wpfTest.Source.Log - OffSetYCoBox_SelectionChanged() | offsety 변경
2024-02-27 16:57:11,928 [1] DEBUG wpfTest.Source.Log - FactorXCoBox_SelectionChanged() | factorX 변경
2024-02-27 16:57:11,942 [1] DEBUG wpfTest.Source.Log - FactorYCoBox_SelectionChanged() | FactorY 변경
2024-02-27 16:57:11,943 [1] DEBUG wpfTest.Source.Log - TempSelectCB_SelectionChanged() | 템플릿 번호 변경
2024-02-27 16:57:11,958 [1] DEBUG wpfTest.Source.Log - FlipNotUse_Checked () | 좌우반전 사용안함
2024-02-27 16:57:11,987 [1] INFO wpfTest.Source.Log - 세션 열림
2024-02-27 16:57:12,285 [1] DEBUG wpfTest.Source.Log - AVCoBox_SelectionChanged_1() | AV박스 아이템 변경
2024-02-27 16:57:12,320 [1] DEBUG wpfTest.Source.Log - TvCoBox_SelectionChanged_1() | TV 값 변경
2024-02-27 16:57:12,360 [1] DEBUG wpfTest.Source.Log - ISOCoBox_SelectionChanged_1() | ISO값 변경
2024-02-27 16:57:20,981 [1] DEBUG wpfTest.Source.Log - button1_Click() | 종표버튼 클릭
2024-02-27 16:57:22,011 [1] INFO wpfTest.Source.Log - 포트 닫힘
2024-02-27 16:57:22,012 [1] DEBUG wpfTest.Source.Log - CloseSession() | 세션 닫힘
2024-02-27 16:57:22,249 [1] DEBUG wpfTest.Source.Log - AVCoBox_SelectionChanged_1() | AV박스 아이템 변경
2024-02-27 16:57:22,249 [1] DEBUG wpfTest.Source.Log - TvCoBox_SelectionChanged_1() | TV 값 변경
2024-02-27 16:57:22,249 [1] DEBUG wpfTest.Source.Log - ISOCoBox_SelectionChanged_1() | ISO값 변경
2024-02-27 16:57:22,250 [1] INFO wpfTest.Source.Log - 프로그램 종료
