2024-01-09 12:04:37,161 [1] INFO wpfTest.Source.Log - ==========  Started application  ==========
2024-01-09 12:04:37,306 [1] INFO wpfTest.Source.Log - 로그인 페이지 진입
2024-01-09 12:04:38,370 [1] DEBUG wpfTest.Source.Log - Window_Loaded() Start : 설정 값 로드 중
2024-01-09 12:04:38,370 [1] INFO wpfTest.Source.Log - 이전 파일 삭제
2024-01-09 12:04:38,392 [1] INFO wpfTest.Source.Log - 파일삭제 완료
2024-01-09 12:04:39,333 [1] DEBUG wpfTest.Source.Log - Photo 폴더 안 이미지 삭제 완료
2024-01-09 12:04:40,946 [1] DEBUG wpfTest.Source.Log - Window_Loaded() 로드 완료
2024-01-09 12:05:06,786 [1] INFO wpfTest.Source.Log - ==========  Started application  ==========
2024-01-09 12:05:06,903 [1] INFO wpfTest.Source.Log - 로그인 페이지 진입
2024-01-09 12:05:07,318 [1] DEBUG wpfTest.Source.Log - Window_Loaded() Start : 설정 값 로드 중
2024-01-09 12:05:07,319 [1] INFO wpfTest.Source.Log - 이전 파일 삭제
2024-01-09 12:05:07,320 [1] INFO wpfTest.Source.Log - 파일삭제 완료
2024-01-09 12:05:08,873 [1] DEBUG wpfTest.Source.Log - Window_Loaded() 로드 완료
2024-01-09 12:13:23,952 [1] INFO wpfTest.Source.Log - ==========  Started application  ==========
2024-01-09 12:13:24,081 [1] INFO wpfTest.Source.Log - 로그인 페이지 진입
2024-01-09 12:13:24,540 [1] DEBUG wpfTest.Source.Log - Window_Loaded() Start : 설정 값 로드 중
2024-01-09 12:13:24,541 [1] INFO wpfTest.Source.Log - 이전 파일 삭제
2024-01-09 12:13:24,542 [1] INFO wpfTest.Source.Log - 파일삭제 완료
2024-01-09 12:13:26,195 [1] DEBUG wpfTest.Source.Log - Window_Loaded() 로드 완료
2024-01-09 12:21:03,813 [1] INFO wpfTest.Source.Log - ==========  Started application  ==========
2024-01-09 12:21:03,945 [1] INFO wpfTest.Source.Log - 로그인 페이지 진입
2024-01-09 12:21:04,513 [1] DEBUG wpfTest.Source.Log - Window_Loaded() Start : 설정 값 로드 중
2024-01-09 12:21:04,513 [1] INFO wpfTest.Source.Log - 이전 파일 삭제
2024-01-09 12:21:04,515 [1] INFO wpfTest.Source.Log - 파일삭제 완료
2024-01-09 12:21:06,047 [1] DEBUG wpfTest.Source.Log - Window_Loaded() 로드 완료
2024-01-09 12:36:57,184 [1] INFO wpfTest.Source.Log - ==========  Started application  ==========
2024-01-09 12:36:57,307 [1] INFO wpfTest.Source.Log - 로그인 페이지 진입
2024-01-09 12:36:57,775 [1] DEBUG wpfTest.Source.Log - Window_Loaded() Start : 설정 값 로드 중
2024-01-09 12:36:57,775 [1] INFO wpfTest.Source.Log - 이전 파일 삭제
2024-01-09 12:36:57,777 [1] INFO wpfTest.Source.Log - 파일삭제 완료
2024-01-09 12:36:59,315 [1] DEBUG wpfTest.Source.Log - Window_Loaded() 로드 완료
2024-01-09 12:37:06,032 [1] INFO wpfTest.Source.Log - LoginBtn_Click() - 동작
2024-01-09 12:37:20,801 [1] DEBUG wpfTest.Source.Log - Window_KeyDown() | F4 입력(프로그램 종료 키)
2024-01-09 12:37:20,801 [1] INFO wpfTest.Source.Log - 프로그램 종료
2024-01-09 12:40:10,754 [1] INFO wpfTest.Source.Log - ==========  Started application  ==========
2024-01-09 12:40:10,872 [1] INFO wpfTest.Source.Log - 로그인 페이지 진입
2024-01-09 12:40:11,388 [1] DEBUG wpfTest.Source.Log - Window_Loaded() Start : 설정 값 로드 중
2024-01-09 12:40:11,388 [1] INFO wpfTest.Source.Log - 이전 파일 삭제
2024-01-09 12:40:11,389 [1] INFO wpfTest.Source.Log - 파일삭제 완료
2024-01-09 12:40:12,930 [1] DEBUG wpfTest.Source.Log - Window_Loaded() 로드 완료
2024-01-09 12:40:18,083 [1] DEBUG wpfTest.Source.Log - Window_KeyDown() | F4 입력(프로그램 종료 키)
2024-01-09 12:40:18,083 [1] INFO wpfTest.Source.Log - 프로그램 종료
2024-01-09 12:48:34,444 [1] INFO wpfTest.Source.Log - ==========  Started application  ==========
2024-01-09 12:48:34,588 [1] INFO wpfTest.Source.Log - Main Level 진입
2024-01-09 12:48:34,941 [1] DEBUG wpfTest.Source.Log - Window_Loaded() Start : 설정 값 로드 중
2024-01-09 12:48:34,942 [1] INFO wpfTest.Source.Log - 이전 파일 삭제
2024-01-09 12:48:34,943 [1] INFO wpfTest.Source.Log - 파일삭제 완료
2024-01-09 12:48:36,574 [1] DEBUG wpfTest.Source.Log - Window_Loaded() 로드 완료
2024-01-09 12:48:36,579 [1] DEBUG wpfTest.Source.Log - Grid_Loaded() | Main Level 설정 값 로드(자동연결)
2024-01-09 12:48:36,579 [1] INFO wpfTest.Source.Log - 타이머 시작
2024-01-09 12:48:39,404 [1] DEBUG wpfTest.Source.Log - Mainimg_MouseLeftButtonDown() | 버튼 클릭
2024-01-09 12:48:39,404 [1] INFO wpfTest.Source.Log - 타이머 종료
2024-01-09 12:48:39,418 [1] INFO wpfTest.Source.Log - 템플릿 선택 페이지 진입
2024-01-09 12:48:39,426 [1] INFO wpfTest.Source.Log - Grid_Loaded() - 동작
2024-01-09 12:48:41,325 [1] DEBUG wpfTest.Source.Log - Window_KeyDown() | F4 입력(프로그램 종료 키)
2024-01-09 12:48:41,325 [1] INFO wpfTest.Source.Log - 프로그램 종료
2024-01-09 12:48:58,745 [1] INFO wpfTest.Source.Log - ==========  Started application  ==========
2024-01-09 12:48:58,872 [1] INFO wpfTest.Source.Log - Main Level 진입
2024-01-09 12:48:59,343 [1] DEBUG wpfTest.Source.Log - Window_Loaded() Start : 설정 값 로드 중
2024-01-09 12:48:59,344 [1] INFO wpfTest.Source.Log - 이전 파일 삭제
2024-01-09 12:48:59,345 [1] INFO wpfTest.Source.Log - 파일삭제 완료
2024-01-09 12:49:00,903 [1] DEBUG wpfTest.Source.Log - Window_Loaded() 로드 완료
2024-01-09 12:49:00,909 [1] DEBUG wpfTest.Source.Log - Grid_Loaded() | Main Level 설정 값 로드(자동연결)
2024-01-09 12:49:00,909 [1] INFO wpfTest.Source.Log - 타이머 시작
2024-01-09 12:49:09,766 [1] DEBUG wpfTest.Source.Log - Mainimg_MouseLeftButtonDown() | 버튼 클릭
2024-01-09 12:49:09,766 [1] INFO wpfTest.Source.Log - 타이머 종료
2024-01-09 12:49:09,777 [1] INFO wpfTest.Source.Log - 템플릿 선택 페이지 진입
2024-01-09 12:49:09,790 [1] INFO wpfTest.Source.Log - Grid_Loaded() - 동작
2024-01-09 12:49:11,405 [1] INFO wpfTest.Source.Log - BackBtn_MouseLeftButtonDown() - 동작
2024-01-09 12:49:11,405 [1] INFO wpfTest.Source.Log - Dispose() - 동작
2024-01-09 12:49:11,406 [1] INFO wpfTest.Source.Log - Main Level 진입
2024-01-09 12:49:11,409 [1] DEBUG wpfTest.Source.Log - Grid_Loaded() | Main Level 설정 값 로드(자동연결)
2024-01-09 12:49:11,409 [1] INFO wpfTest.Source.Log - 타이머 시작
2024-01-09 12:49:12,049 [1] DEBUG wpfTest.Source.Log - Window_KeyDown() | F12 입력(설정창 진입 키)
2024-01-09 12:49:12,406 [1] INFO wpfTest.Source.Log - Main Level 타이머 종료
2024-01-09 12:49:12,407 [1] INFO wpfTest.Source.Log - 옵션 메뉴 이동
2024-01-09 12:49:12,452 [1] INFO wpfTest.Source.Log - 옵션 페이지 진입
2024-01-09 12:49:12,809 [1] DEBUG wpfTest.Source.Log - Grid_Loaded() | 옵션페이지 셋팅값 로딩
2024-01-09 12:49:12,909 [1] DEBUG wpfTest.Source.Log - LoadSetting() | 로드된 값 세팅
2024-01-09 12:49:12,909 [1] INFO wpfTest.Source.Log - free_Checked() - 동작
2024-01-09 12:49:12,910 [1] DEBUG wpfTest.Source.Log - BNotUse_Checked() | 지폐기 사용안함 클릭
2024-01-09 12:49:12,940 [1] DEBUG wpfTest.Source.Log - NoTakebtn_Checked() | 재촬영 금지 버튼 체크
2024-01-09 12:49:12,941 [1] DEBUG wpfTest.Source.Log - WebCam_Checked() | 웹캠 체크
2024-01-09 12:49:12,941 [1] DEBUG wpfTest.Source.Log - timeruse_Checked () | 타이머 사용 체크
2024-01-09 12:49:12,942 [1] DEBUG wpfTest.Source.Log - PageTimeSet_SelectionChanged() + | 페이지 타이머 변경
2024-01-09 12:49:12,955 [1] DEBUG wpfTest.Source.Log - PhotoTimeSet_SelectionChanged() | 포토 타임 변경
2024-01-09 12:49:12,969 [1] DEBUG wpfTest.Source.Log - OffSetXCoBox_SelectionChanged() | offsetx 변경
2024-01-09 12:49:12,981 [1] DEBUG wpfTest.Source.Log - OffSetYCoBox_SelectionChanged() | offsety 변경
2024-01-09 12:49:12,993 [1] DEBUG wpfTest.Source.Log - FactorXCoBox_SelectionChanged() | factorX 변경
2024-01-09 12:49:13,005 [1] DEBUG wpfTest.Source.Log - FactorYCoBox_SelectionChanged() | FactorY 변경
2024-01-09 12:49:13,006 [1] DEBUG wpfTest.Source.Log - FlipNotUse_Checked () | 좌우반전 사용안함
2024-01-09 12:49:14,964 [1] INFO wpfTest.Source.Log - PassWord 창 진입
2024-01-09 12:49:14,975 [1] INFO wpfTest.Source.Log - 관리자 로그인페이지 접속
2024-01-09 12:49:16,700 [1] INFO wpfTest.Source.Log - 관리자 로그인 페이지 닫음
2024-01-09 12:49:17,584 [1] DEBUG wpfTest.Source.Log - NextPageBtn_Click() | 다음페이지 클릭
2024-01-09 12:49:17,615 [1] INFO wpfTest.Source.Log - 설정페이지 2번 진입
2024-01-09 12:49:17,863 [1] INFO wpfTest.Source.Log - Grid_Loaded() - 동작
2024-01-09 12:49:18,150 [1] INFO wpfTest.Source.Log - pic1startxlocation_TextChanged() - 동작
2024-01-09 12:49:18,150 [1] INFO wpfTest.Source.Log - pic1startylocation_TextChanged() - 동작
2024-01-09 12:49:18,150 [1] INFO wpfTest.Source.Log - pic1widthlengh_TextChanged() - 동작
2024-01-09 12:49:18,150 [1] INFO wpfTest.Source.Log - pic1heightlengh_TextChanged() - 동작
2024-01-09 12:49:18,151 [1] INFO wpfTest.Source.Log - pic2startxlocation_TextChanged() - 동작
2024-01-09 12:49:18,151 [1] INFO wpfTest.Source.Log - pic2startylocation_TextChanged() - 동작
2024-01-09 12:49:18,151 [1] INFO wpfTest.Source.Log - pic2widthlengh_TextChanged() - 동작
2024-01-09 12:49:18,151 [1] INFO wpfTest.Source.Log - pic2heightlengh_TextChanged() - 동작
2024-01-09 12:49:18,151 [1] INFO wpfTest.Source.Log - pic3startxlocation_TextChanged() - 동작
2024-01-09 12:49:18,152 [1] INFO wpfTest.Source.Log - pic3startylocation_TextChanged() - 동작
2024-01-09 12:49:18,152 [1] INFO wpfTest.Source.Log - pic3widthlengh_TextChanged() - 동작
2024-01-09 12:49:18,152 [1] INFO wpfTest.Source.Log - pic3heightlengh_TextChanged() - 동작
2024-01-09 12:49:18,152 [1] INFO wpfTest.Source.Log - pic4startxlocation_TextChanged() - 동작
2024-01-09 12:49:18,153 [1] INFO wpfTest.Source.Log - pic4startylocation_TextChanged() - 동작
2024-01-09 12:49:18,153 [1] INFO wpfTest.Source.Log - pic4widthlengh_TextChanged() - 동작
2024-01-09 12:49:18,153 [1] INFO wpfTest.Source.Log - pic4heightlengh_TextChanged() - 동작
2024-01-09 12:49:18,153 [1] INFO wpfTest.Source.Log - qrstartxlocation_TextChanged() - 동작
2024-01-09 12:49:18,153 [1] INFO wpfTest.Source.Log - qrstartylocation_TextChanged() - 동작
2024-01-09 12:49:18,154 [1] INFO wpfTest.Source.Log - qrwidthlengh_TextChanged() - 동작
2024-01-09 12:49:18,154 [1] INFO wpfTest.Source.Log - qrheightlengh_TextChanged() - 동작
2024-01-09 12:49:18,154 [1] INFO wpfTest.Source.Log - pic32_Checked() - 동작
2024-01-09 12:49:18,155 [1] INFO wpfTest.Source.Log - print600_Checked() - 동작
2024-01-09 12:49:18,197 [1] INFO wpfTest.Source.Log - pagecobox_SelectionChanged() - 동작
2024-01-09 12:49:18,198 [1] INFO wpfTest.Source.Log - tempcountcb_SelectionChanged() - 동작
2024-01-09 12:49:18,198 [1] DEBUG wpfTest.Source.Log - Use_Checked() | 카카오톡 사용  버튼 체크
2024-01-09 12:49:18,199 [1] INFO wpfTest.Source.Log - QRNotUse_Checked() - qr미사용 클릭
2024-01-09 12:49:18,200 [1] INFO wpfTest.Source.Log - QRpageNotUse_Checked() - 동작
2024-01-09 12:49:18,234 [1] INFO wpfTest.Source.Log - tempUse_Checked() - 템플릿 선택 사용 클릭
2024-01-09 12:49:18,235 [1] INFO wpfTest.Source.Log - num4_Checked() - 동작
2024-01-09 12:49:18,279 [1] INFO wpfTest.Source.Log - fontcolortb_TextChanged() - 동작
2024-01-09 12:49:18,279 [1] INFO wpfTest.Source.Log - DateonTempoff_Checked() - 동작
2024-01-09 12:49:22,017 [1] INFO wpfTest.Source.Log - tempcountcb_SelectionChanged() - 동작
2024-01-09 12:49:25,384 [1] INFO wpfTest.Source.Log - ToMain_Click() - 메인으로 동작
2024-01-09 12:49:25,409 [1] INFO wpfTest.Source.Log - Main Level 진입
2024-01-09 12:49:25,467 [1] DEBUG wpfTest.Source.Log - Grid_Loaded() | Main Level 설정 값 로드(자동연결)
2024-01-09 12:49:25,467 [1] INFO wpfTest.Source.Log - 타이머 시작
2024-01-09 12:49:26,013 [1] DEBUG wpfTest.Source.Log - Mainimg_MouseLeftButtonDown() | 버튼 클릭
2024-01-09 12:49:26,013 [1] INFO wpfTest.Source.Log - 타이머 종료
2024-01-09 12:49:26,037 [1] INFO wpfTest.Source.Log - 템플릿 선택 페이지 진입
2024-01-09 12:49:26,052 [1] INFO wpfTest.Source.Log - Grid_Loaded() - 동작
2024-01-09 12:49:27,596 [1] INFO wpfTest.Source.Log - BackBtn_MouseLeftButtonDown() - 동작
2024-01-09 12:49:27,596 [1] INFO wpfTest.Source.Log - Dispose() - 동작
2024-01-09 12:49:27,597 [1] INFO wpfTest.Source.Log - Main Level 진입
2024-01-09 12:49:27,601 [1] DEBUG wpfTest.Source.Log - Grid_Loaded() | Main Level 설정 값 로드(자동연결)
2024-01-09 12:49:27,601 [1] INFO wpfTest.Source.Log - 타이머 시작
2024-01-09 12:49:28,500 [1] DEBUG wpfTest.Source.Log - Window_KeyDown() | F12 입력(설정창 진입 키)
2024-01-09 12:49:28,588 [1] INFO wpfTest.Source.Log - Main Level 타이머 종료
2024-01-09 12:49:28,589 [1] INFO wpfTest.Source.Log - 옵션 메뉴 이동
2024-01-09 12:49:28,599 [1] INFO wpfTest.Source.Log - 옵션 페이지 진입
2024-01-09 12:49:28,831 [1] DEBUG wpfTest.Source.Log - Grid_Loaded() | 옵션페이지 셋팅값 로딩
2024-01-09 12:49:28,836 [1] DEBUG wpfTest.Source.Log - LoadSetting() | 로드된 값 세팅
2024-01-09 12:49:28,836 [1] INFO wpfTest.Source.Log - free_Checked() - 동작
2024-01-09 12:49:28,836 [1] DEBUG wpfTest.Source.Log - BNotUse_Checked() | 지폐기 사용안함 클릭
2024-01-09 12:49:28,864 [1] DEBUG wpfTest.Source.Log - NoTakebtn_Checked() | 재촬영 금지 버튼 체크
2024-01-09 12:49:28,864 [1] DEBUG wpfTest.Source.Log - WebCam_Checked() | 웹캠 체크
2024-01-09 12:49:28,864 [1] DEBUG wpfTest.Source.Log - timeruse_Checked () | 타이머 사용 체크
2024-01-09 12:49:28,864 [1] DEBUG wpfTest.Source.Log - PageTimeSet_SelectionChanged() + | 페이지 타이머 변경
2024-01-09 12:49:28,877 [1] DEBUG wpfTest.Source.Log - PhotoTimeSet_SelectionChanged() | 포토 타임 변경
2024-01-09 12:49:28,890 [1] DEBUG wpfTest.Source.Log - OffSetXCoBox_SelectionChanged() | offsetx 변경
2024-01-09 12:49:28,902 [1] DEBUG wpfTest.Source.Log - OffSetYCoBox_SelectionChanged() | offsety 변경
2024-01-09 12:49:28,916 [1] DEBUG wpfTest.Source.Log - FactorXCoBox_SelectionChanged() | factorX 변경
2024-01-09 12:49:28,928 [1] DEBUG wpfTest.Source.Log - FactorYCoBox_SelectionChanged() | FactorY 변경
2024-01-09 12:49:28,928 [1] DEBUG wpfTest.Source.Log - FlipNotUse_Checked () | 좌우반전 사용안함
2024-01-09 12:49:30,138 [1] INFO wpfTest.Source.Log - PassWord 창 진입
2024-01-09 12:49:30,140 [1] INFO wpfTest.Source.Log - 관리자 로그인페이지 접속
2024-01-09 12:49:32,015 [1] INFO wpfTest.Source.Log - 관리자 로그인 페이지 닫음
2024-01-09 12:49:33,383 [1] DEBUG wpfTest.Source.Log - NextPageBtn_Click() | 다음페이지 클릭
2024-01-09 12:49:33,400 [1] INFO wpfTest.Source.Log - 설정페이지 2번 진입
2024-01-09 12:49:33,705 [1] INFO wpfTest.Source.Log - Grid_Loaded() - 동작
2024-01-09 12:49:33,711 [1] INFO wpfTest.Source.Log - pic1startxlocation_TextChanged() - 동작
2024-01-09 12:49:33,711 [1] INFO wpfTest.Source.Log - pic1startylocation_TextChanged() - 동작
2024-01-09 12:49:33,711 [1] INFO wpfTest.Source.Log - pic1widthlengh_TextChanged() - 동작
2024-01-09 12:49:33,711 [1] INFO wpfTest.Source.Log - pic1heightlengh_TextChanged() - 동작
2024-01-09 12:49:33,711 [1] INFO wpfTest.Source.Log - pic2startxlocation_TextChanged() - 동작
2024-01-09 12:49:33,712 [1] INFO wpfTest.Source.Log - pic2startylocation_TextChanged() - 동작
2024-01-09 12:49:33,712 [1] INFO wpfTest.Source.Log - pic2widthlengh_TextChanged() - 동작
2024-01-09 12:49:33,712 [1] INFO wpfTest.Source.Log - pic2heightlengh_TextChanged() - 동작
2024-01-09 12:49:33,712 [1] INFO wpfTest.Source.Log - pic3startxlocation_TextChanged() - 동작
2024-01-09 12:49:33,712 [1] INFO wpfTest.Source.Log - pic3startylocation_TextChanged() - 동작
2024-01-09 12:49:33,712 [1] INFO wpfTest.Source.Log - pic3widthlengh_TextChanged() - 동작
2024-01-09 12:49:33,712 [1] INFO wpfTest.Source.Log - pic3heightlengh_TextChanged() - 동작
2024-01-09 12:49:33,713 [1] INFO wpfTest.Source.Log - pic4startxlocation_TextChanged() - 동작
2024-01-09 12:49:33,713 [1] INFO wpfTest.Source.Log - pic4startylocation_TextChanged() - 동작
2024-01-09 12:49:33,713 [1] INFO wpfTest.Source.Log - pic4widthlengh_TextChanged() - 동작
2024-01-09 12:49:33,713 [1] INFO wpfTest.Source.Log - pic4heightlengh_TextChanged() - 동작
2024-01-09 12:49:33,713 [1] INFO wpfTest.Source.Log - qrstartxlocation_TextChanged() - 동작
2024-01-09 12:49:33,713 [1] INFO wpfTest.Source.Log - qrstartylocation_TextChanged() - 동작
2024-01-09 12:49:33,713 [1] INFO wpfTest.Source.Log - qrwidthlengh_TextChanged() - 동작
2024-01-09 12:49:33,714 [1] INFO wpfTest.Source.Log - qrheightlengh_TextChanged() - 동작
2024-01-09 12:49:33,714 [1] INFO wpfTest.Source.Log - pic32_Checked() - 동작
2024-01-09 12:49:33,714 [1] INFO wpfTest.Source.Log - print600_Checked() - 동작
2024-01-09 12:49:33,760 [1] INFO wpfTest.Source.Log - pagecobox_SelectionChanged() - 동작
2024-01-09 12:49:33,761 [1] INFO wpfTest.Source.Log - tempcountcb_SelectionChanged() - 동작
2024-01-09 12:49:33,761 [1] DEBUG wpfTest.Source.Log - Use_Checked() | 카카오톡 사용  버튼 체크
2024-01-09 12:49:33,761 [1] INFO wpfTest.Source.Log - QRNotUse_Checked() - qr미사용 클릭
2024-01-09 12:49:33,762 [1] INFO wpfTest.Source.Log - QRpageNotUse_Checked() - 동작
2024-01-09 12:49:33,792 [1] INFO wpfTest.Source.Log - tempUse_Checked() - 템플릿 선택 사용 클릭
2024-01-09 12:49:33,792 [1] INFO wpfTest.Source.Log - num4_Checked() - 동작
2024-01-09 12:49:33,839 [1] INFO wpfTest.Source.Log - fontcolortb_TextChanged() - 동작
2024-01-09 12:49:33,840 [1] INFO wpfTest.Source.Log - DateonTempoff_Checked() - 동작
2024-01-09 12:49:34,945 [1] INFO wpfTest.Source.Log - tempNotUse_Checked() - 템플릿 선택 미사용 클릭
2024-01-09 12:49:37,026 [1] INFO wpfTest.Source.Log - ToMain_Click() - 메인으로 동작
2024-01-09 12:49:37,049 [1] INFO wpfTest.Source.Log - Main Level 진입
2024-01-09 12:49:37,106 [1] DEBUG wpfTest.Source.Log - Grid_Loaded() | Main Level 설정 값 로드(자동연결)
2024-01-09 12:49:37,106 [1] INFO wpfTest.Source.Log - 타이머 시작
2024-01-09 12:49:37,482 [1] DEBUG wpfTest.Source.Log - Mainimg_MouseLeftButtonDown() | 버튼 클릭
2024-01-09 12:49:37,482 [1] INFO wpfTest.Source.Log - 타이머 종료
2024-01-09 12:49:37,501 [1] INFO wpfTest.Source.Log - 웹캠 촬영 페이지 진입
2024-01-09 12:49:37,515 [1] DEBUG wpfTest.Source.Log - Delay() | 딜레이 시작 딜레이 시간(단위 : ms) : 2000
2024-01-09 12:49:37,624 [8] INFO wpfTest.Source.Log - webcamthread() - 동작
2024-01-09 12:49:42,644 [1] DEBUG wpfTest.Source.Log - Window_KeyDown() | F4 입력(프로그램 종료 키)
2024-01-09 12:49:42,644 [1] INFO wpfTest.Source.Log - 프로그램 종료
2024-01-09 12:49:46,795 [1] INFO wpfTest.Source.Log - ==========  Started application  ==========
2024-01-09 12:49:46,923 [1] INFO wpfTest.Source.Log - Main Level 진입
2024-01-09 12:49:47,359 [1] DEBUG wpfTest.Source.Log - Window_Loaded() Start : 설정 값 로드 중
2024-01-09 12:49:47,360 [1] INFO wpfTest.Source.Log - 이전 파일 삭제
2024-01-09 12:49:47,361 [1] INFO wpfTest.Source.Log - 파일삭제 완료
2024-01-09 12:49:48,861 [1] DEBUG wpfTest.Source.Log - Window_Loaded() 로드 완료
2024-01-09 12:49:48,867 [1] DEBUG wpfTest.Source.Log - Grid_Loaded() | Main Level 설정 값 로드(자동연결)
2024-01-09 12:49:48,867 [1] INFO wpfTest.Source.Log - 타이머 시작
2024-01-09 12:49:49,350 [1] DEBUG wpfTest.Source.Log - Window_KeyDown() | F12 입력(설정창 진입 키)
2024-01-09 12:49:49,981 [1] INFO wpfTest.Source.Log - Main Level 타이머 종료
2024-01-09 12:49:49,981 [1] INFO wpfTest.Source.Log - 옵션 메뉴 이동
2024-01-09 12:49:49,995 [1] INFO wpfTest.Source.Log - 옵션 페이지 진입
2024-01-09 12:49:50,324 [1] DEBUG wpfTest.Source.Log - Grid_Loaded() | 옵션페이지 셋팅값 로딩
2024-01-09 12:49:50,335 [1] DEBUG wpfTest.Source.Log - LoadSetting() | 로드된 값 세팅
2024-01-09 12:49:50,335 [1] INFO wpfTest.Source.Log - free_Checked() - 동작
2024-01-09 12:49:50,336 [1] DEBUG wpfTest.Source.Log - BNotUse_Checked() | 지폐기 사용안함 클릭
2024-01-09 12:49:50,370 [1] DEBUG wpfTest.Source.Log - NoTakebtn_Checked() | 재촬영 금지 버튼 체크
2024-01-09 12:49:50,370 [1] DEBUG wpfTest.Source.Log - WebCam_Checked() | 웹캠 체크
2024-01-09 12:49:50,370 [1] DEBUG wpfTest.Source.Log - timeruse_Checked () | 타이머 사용 체크
2024-01-09 12:49:50,371 [1] DEBUG wpfTest.Source.Log - PageTimeSet_SelectionChanged() + | 페이지 타이머 변경
2024-01-09 12:49:50,387 [1] DEBUG wpfTest.Source.Log - PhotoTimeSet_SelectionChanged() | 포토 타임 변경
2024-01-09 12:49:50,402 [1] DEBUG wpfTest.Source.Log - OffSetXCoBox_SelectionChanged() | offsetx 변경
2024-01-09 12:49:50,418 [1] DEBUG wpfTest.Source.Log - OffSetYCoBox_SelectionChanged() | offsety 변경
2024-01-09 12:49:50,433 [1] DEBUG wpfTest.Source.Log - FactorXCoBox_SelectionChanged() | factorX 변경
2024-01-09 12:49:50,450 [1] DEBUG wpfTest.Source.Log - FactorYCoBox_SelectionChanged() | FactorY 변경
2024-01-09 12:49:50,451 [1] DEBUG wpfTest.Source.Log - FlipNotUse_Checked () | 좌우반전 사용안함
2024-01-09 12:49:51,848 [1] DEBUG wpfTest.Source.Log - Canon_Checked() | 캐논 카메라 체크
2024-01-09 12:49:52,472 [1] INFO wpfTest.Source.Log - 세션 열림
2024-01-09 12:49:52,784 [1] DEBUG wpfTest.Source.Log - AVCoBox_SelectionChanged_1() | AV박스 아이템 변경
2024-01-09 12:49:52,813 [1] DEBUG wpfTest.Source.Log - TvCoBox_SelectionChanged_1() | TV 값 변경
2024-01-09 12:49:52,843 [1] DEBUG wpfTest.Source.Log - ISOCoBox_SelectionChanged_1() | ISO값 변경
2024-01-09 12:49:54,198 [1] DEBUG wpfTest.Source.Log - button_Click() | 저장버튼 클릭
2024-01-09 12:49:54,631 [1] DEBUG wpfTest.Source.Log - ToMain_Click() | 메인 버튼 클릭
2024-01-09 12:49:54,631 [1] DEBUG wpfTest.Source.Log - Delay() | 딜레이 시작 딜레이 시간(단위 : ms) : 500
2024-01-09 12:49:55,131 [1] DEBUG wpfTest.Source.Log - CloseSession() | 세션 닫힘
2024-01-09 12:49:55,367 [1] DEBUG wpfTest.Source.Log - AVCoBox_SelectionChanged_1() | AV박스 아이템 변경
2024-01-09 12:49:55,368 [1] DEBUG wpfTest.Source.Log - TvCoBox_SelectionChanged_1() | TV 값 변경
2024-01-09 12:49:55,368 [1] DEBUG wpfTest.Source.Log - ISOCoBox_SelectionChanged_1() | ISO값 변경
2024-01-09 12:49:55,369 [1] DEBUG wpfTest.Source.Log - Delay() | 딜레이 시작 딜레이 시간(단위 : ms) : 500
2024-01-09 12:49:56,027 [1] INFO wpfTest.Source.Log - Main Level 진입
2024-01-09 12:49:56,079 [1] DEBUG wpfTest.Source.Log - Grid_Loaded() | Main Level 설정 값 로드(자동연결)
2024-01-09 12:49:56,079 [1] INFO wpfTest.Source.Log - 타이머 시작
2024-01-09 12:49:56,505 [1] INFO wpfTest.Source.Log - Canon 카메라 연결 완료
2024-01-09 12:49:57,007 [1] DEBUG wpfTest.Source.Log - Mainimg_MouseLeftButtonDown() | 버튼 클릭
2024-01-09 12:49:57,243 [1] INFO wpfTest.Source.Log - Canon 카메라 세션 닫힘
2024-01-09 12:49:57,265 [1] INFO wpfTest.Source.Log - 타이머 종료
2024-01-09 12:49:57,275 [1] INFO wpfTest.Source.Log - 캐논 촬영 페이지 진입
2024-01-09 12:49:57,724 [1] DEBUG wpfTest.Source.Log - Delay() | 딜레이 시작 딜레이 시간(단위 : ms) : 2000
2024-01-09 12:50:08,495 [1] INFO wpfTest.Source.Log - 타이머 종료
2024-01-09 12:50:08,495 [1] DEBUG wpfTest.Source.Log - Delay() | 딜레이 시작 딜레이 시간(단위 : ms) : 1000
2024-01-09 12:50:09,497 [1] DEBUG wpfTest.Source.Log - FlipCutImg() | 좌우반전 구동 | 이미지위치 : D:\업체\렌탈\윈스토리\wpfTest\bin\Debug\IMG\Photo\IMG_0001.jpg
2024-01-09 12:50:09,989 [1] INFO wpfTest.Source.Log - 캐논타이머 시작
2024-01-09 12:50:18,229 [1] INFO wpfTest.Source.Log - 타이머 종료
2024-01-09 12:50:18,229 [1] DEBUG wpfTest.Source.Log - Delay() | 딜레이 시작 딜레이 시간(단위 : ms) : 1000
2024-01-09 12:50:19,231 [1] DEBUG wpfTest.Source.Log - FlipCutImg() | 좌우반전 구동 | 이미지위치 : D:\업체\렌탈\윈스토리\wpfTest\bin\Debug\IMG\Photo\IMG_0002.jpg
2024-01-09 12:50:19,694 [1] INFO wpfTest.Source.Log - 캐논타이머 시작
2024-01-09 12:50:27,980 [1] INFO wpfTest.Source.Log - 타이머 종료
2024-01-09 12:50:27,981 [1] DEBUG wpfTest.Source.Log - Delay() | 딜레이 시작 딜레이 시간(단위 : ms) : 1000
2024-01-09 12:50:28,981 [1] DEBUG wpfTest.Source.Log - FlipCutImg() | 좌우반전 구동 | 이미지위치 : D:\업체\렌탈\윈스토리\wpfTest\bin\Debug\IMG\Photo\IMG_0003.jpg
2024-01-09 12:50:29,484 [1] INFO wpfTest.Source.Log - 캐논타이머 시작
2024-01-09 12:50:38,169 [1] INFO wpfTest.Source.Log - 타이머 종료
2024-01-09 12:50:38,169 [1] DEBUG wpfTest.Source.Log - Delay() | 딜레이 시작 딜레이 시간(단위 : ms) : 1000
2024-01-09 12:50:39,169 [1] DEBUG wpfTest.Source.Log - FlipCutImg() | 좌우반전 구동 | 이미지위치 : D:\업체\렌탈\윈스토리\wpfTest\bin\Debug\IMG\Photo\IMG_0004.jpg
2024-01-09 12:50:39,657 [1] DEBUG wpfTest.Source.Log - Delay() | 딜레이 시작 딜레이 시간(단위 : ms) : 200
2024-01-09 12:50:39,980 [1] DEBUG wpfTest.Source.Log - nextpage() 구동 | 캐논 카메라
2024-01-09 12:50:39,980 [1] DEBUG wpfTest.Source.Log - Delay() | 딜레이 시작 딜레이 시간(단위 : ms) : 500
2024-01-09 12:50:40,481 [1] INFO wpfTest.Source.Log - CloseSession() - 동작
2024-01-09 12:50:40,732 [1] DEBUG wpfTest.Source.Log - Delay() | 딜레이 시작 딜레이 시간(단위 : ms) : 500
2024-01-09 12:50:41,232 [1] INFO wpfTest.Source.Log - Dispose() - 동작
2024-01-09 12:50:41,256 [1] INFO wpfTest.Source.Log - Preparing 페이지 진입
2024-01-09 12:50:41,258 [1] DEBUG wpfTest.Source.Log - Grid_Loaded() | 흑백이미지 제작
2024-01-09 12:50:42,250 [1] DEBUG wpfTest.Source.Log - Pic() | 이미지 변환 시작
2024-01-09 12:50:42,391 [1] DEBUG wpfTest.Source.Log - Delay() | 딜레이 시작 딜레이 시간(단위 : ms) : 100
2024-01-09 12:50:42,897 [1] DEBUG wpfTest.Source.Log - Pic() | 이미지 변환 시작
2024-01-09 12:50:43,033 [1] DEBUG wpfTest.Source.Log - Delay() | 딜레이 시작 딜레이 시간(단위 : ms) : 100
2024-01-09 12:50:43,290 [1] DEBUG wpfTest.Source.Log - Pic() | 이미지 변환 시작
2024-01-09 12:50:43,437 [1] DEBUG wpfTest.Source.Log - Delay() | 딜레이 시작 딜레이 시간(단위 : ms) : 100
2024-01-09 12:50:43,827 [1] DEBUG wpfTest.Source.Log - Pic() | 이미지 변환 시작
2024-01-09 12:50:43,966 [1] DEBUG wpfTest.Source.Log - Delay() | 딜레이 시작 딜레이 시간(단위 : ms) : 100
2024-01-09 12:50:44,219 [1] INFO wpfTest.Source.Log - ImgCompose Level 진입
2024-01-09 12:50:44,226 [1] DEBUG wpfTest.Source.Log - Grid_Loaded() | ImgCompose 셋팅값 로드
2024-01-09 12:50:44,893 [1] DEBUG wpfTest.Source.Log - Imgshow() | 이미지 합성 시작
2024-01-09 12:50:45,241 [1] INFO wpfTest.Source.Log - 타이머 시작
2024-01-09 12:50:49,233 [1] DEBUG wpfTest.Source.Log - PrintBtn_MouseLeftButtonDown() | 프린트 이미지 클릭
2024-01-09 12:50:49,407 [1] DEBUG wpfTest.Source.Log - PrintBitmap() | 비트맵 인쇄
2024-01-09 12:50:49,407 [1] DEBUG wpfTest.Source.Log - Print Copy : 1
2024-01-09 12:50:49,738 [1] INFO wpfTest.Source.Log - 지금까지 출력된 장수 : 1
2024-01-09 12:50:49,773 [1] INFO wpfTest.Source.Log - 타이머 멈춤
2024-01-09 12:50:49,785 [1] INFO wpfTest.Source.Log - KaKaoPage진입
2024-01-09 12:50:49,882 [1] INFO wpfTest.Source.Log - Grid_Loaded() - 동작
2024-01-09 12:50:50,726 [1] INFO wpfTest.Source.Log - NoKakaobtn_MouseLeftButtonDown() - 동작
2024-01-09 12:50:50,797 [1] INFO wpfTest.Source.Log - 인터넷 연결
2024-01-09 12:50:50,812 [1] INFO wpfTest.Source.Log - 매출 데이터 값 : SALE_DT=2024-01-09&MACHINE_CD=R0021&PRINT_CNT=1&PAYMENT_WAY=4&CASH_AMT=0&CARD_AMT=0
2024-01-09 12:50:50,955 [1] INFO wpfTest.Source.Log - [{"result":"0","resultMsg":"sucess"}]
2024-01-09 12:50:50,984 [1] INFO wpfTest.Source.Log - Level Final 진입
2024-01-09 12:50:50,988 [1] DEBUG wpfTest.Source.Log - Grid_Loaded() 시작 | Final Level 설정 값 로드
2024-01-09 12:50:50,988 [1] INFO wpfTest.Source.Log - Final 타이머 시작
2024-01-09 12:50:57,245 [1] INFO wpfTest.Source.Log - Final Level 타이머 종료
2024-01-09 12:50:57,245 [1] DEBUG wpfTest.Source.Log - Resize 폴더 안 이미지 삭제 완료
2024-01-09 12:50:57,246 [1] DEBUG wpfTest.Source.Log - Resize 폴더 안 이미지 삭제 완료
2024-01-09 12:50:57,246 [1] DEBUG wpfTest.Source.Log - Resize 폴더 안 이미지 삭제 완료
2024-01-09 12:50:57,247 [1] DEBUG wpfTest.Source.Log - Resize 폴더 안 이미지 삭제 완료
2024-01-09 12:50:57,247 [1] DEBUG wpfTest.Source.Log - Print 폴더 안 이미지 삭제 완료
2024-01-09 12:50:57,256 [1] INFO wpfTest.Source.Log - 현재 사이클 수 : 1
2024-01-09 12:50:57,266 [1] INFO wpfTest.Source.Log - Main Level 진입
2024-01-09 12:50:57,270 [1] DEBUG wpfTest.Source.Log - Grid_Loaded() | Main Level 설정 값 로드(자동연결)
2024-01-09 12:50:57,270 [1] INFO wpfTest.Source.Log - 타이머 시작
2024-01-09 12:50:59,507 [1] DEBUG wpfTest.Source.Log - Mainimg_MouseLeftButtonDown() | 버튼 클릭
2024-01-09 12:50:59,507 [1] INFO wpfTest.Source.Log - Canon 카메라 세션 닫힘
2024-01-09 12:50:59,518 [1] INFO wpfTest.Source.Log - 타이머 종료
2024-01-09 12:50:59,531 [1] INFO wpfTest.Source.Log - 캐논 촬영 페이지 진입
2024-01-09 12:50:59,971 [1] DEBUG wpfTest.Source.Log - Delay() | 딜레이 시작 딜레이 시간(단위 : ms) : 2000
2024-01-09 12:51:10,340 [1] INFO wpfTest.Source.Log - 타이머 종료
2024-01-09 12:51:10,340 [1] DEBUG wpfTest.Source.Log - Delay() | 딜레이 시작 딜레이 시간(단위 : ms) : 1000
2024-01-09 12:51:11,341 [1] DEBUG wpfTest.Source.Log - FlipCutImg() | 좌우반전 구동 | 이미지위치 : D:\업체\렌탈\윈스토리\wpfTest\bin\Debug\IMG\Photo\IMG_0001.jpg
2024-01-09 12:51:11,809 [1] INFO wpfTest.Source.Log - 캐논타이머 시작
2024-01-09 12:51:20,077 [1] INFO wpfTest.Source.Log - 타이머 종료
2024-01-09 12:51:20,077 [1] DEBUG wpfTest.Source.Log - Delay() | 딜레이 시작 딜레이 시간(단위 : ms) : 1000
2024-01-09 12:51:21,077 [1] DEBUG wpfTest.Source.Log - FlipCutImg() | 좌우반전 구동 | 이미지위치 : D:\업체\렌탈\윈스토리\wpfTest\bin\Debug\IMG\Photo\IMG_0002.jpg
2024-01-09 12:51:21,529 [1] INFO wpfTest.Source.Log - 캐논타이머 시작
2024-01-09 12:51:29,996 [1] INFO wpfTest.Source.Log - 타이머 종료
2024-01-09 12:51:29,997 [1] DEBUG wpfTest.Source.Log - Delay() | 딜레이 시작 딜레이 시간(단위 : ms) : 1000
2024-01-09 12:51:30,997 [1] DEBUG wpfTest.Source.Log - FlipCutImg() | 좌우반전 구동 | 이미지위치 : D:\업체\렌탈\윈스토리\wpfTest\bin\Debug\IMG\Photo\IMG_0003.jpg
2024-01-09 12:51:31,450 [1] INFO wpfTest.Source.Log - 캐논타이머 시작
2024-01-09 12:51:37,205 [1] DEBUG wpfTest.Source.Log - Window_KeyDown() | F4 입력(프로그램 종료 키)
2024-01-09 12:51:37,548 [1] INFO wpfTest.Source.Log - 캐논 카메라 종료
2024-01-09 12:51:37,549 [1] INFO wpfTest.Source.Log - 프로그램 종료
2024-01-09 12:54:17,376 [1] INFO wpfTest.Source.Log - ==========  Started application  ==========
2024-01-09 12:54:17,659 [1] INFO wpfTest.Source.Log - Main Level 진입
2024-01-09 12:54:18,093 [1] DEBUG wpfTest.Source.Log - Window_Loaded() Start : 설정 값 로드 중
2024-01-09 12:54:18,093 [1] INFO wpfTest.Source.Log - 이전 파일 삭제
2024-01-09 12:54:18,094 [1] INFO wpfTest.Source.Log - 파일삭제 완료
2024-01-09 12:54:18,410 [1] DEBUG wpfTest.Source.Log - Kakao 폴더 안 이미지 삭제 완료
2024-01-09 12:54:18,410 [1] DEBUG wpfTest.Source.Log - Resize 폴더 안 이미지 삭제 완료
2024-01-09 12:54:18,411 [1] DEBUG wpfTest.Source.Log - Resize 폴더 안 이미지 삭제 완료
2024-01-09 12:54:18,411 [1] DEBUG wpfTest.Source.Log - Resize 폴더 안 이미지 삭제 완료
2024-01-09 12:54:18,412 [1] DEBUG wpfTest.Source.Log - Photo 폴더 안 이미지 삭제 완료
2024-01-09 12:54:18,413 [1] DEBUG wpfTest.Source.Log - Photo 폴더 안 이미지 삭제 완료
2024-01-09 12:54:18,413 [1] DEBUG wpfTest.Source.Log - Photo 폴더 안 이미지 삭제 완료
2024-01-09 12:54:18,414 [1] DEBUG wpfTest.Source.Log - Photo 폴더 안 이미지 삭제 완료
2024-01-09 12:54:18,415 [1] DEBUG wpfTest.Source.Log - Photo 폴더 안 이미지 삭제 완료
2024-01-09 12:54:18,416 [1] DEBUG wpfTest.Source.Log - Photo 폴더 안 이미지 삭제 완료
2024-01-09 12:54:18,416 [1] DEBUG wpfTest.Source.Log - Photo 폴더 안 이미지 삭제 완료
2024-01-09 12:54:18,417 [1] DEBUG wpfTest.Source.Log - Window_Loaded() 로드 완료
2024-01-09 12:54:18,424 [1] DEBUG wpfTest.Source.Log - Grid_Loaded() | Main Level 설정 값 로드(자동연결)
2024-01-09 12:54:18,424 [1] INFO wpfTest.Source.Log - 타이머 시작
2024-01-09 12:54:18,909 [1] INFO wpfTest.Source.Log - Canon 카메라 연결 완료
2024-01-09 12:54:19,433 [1] DEBUG wpfTest.Source.Log - Mainimg_MouseLeftButtonDown() | 버튼 클릭
2024-01-09 12:54:19,669 [1] INFO wpfTest.Source.Log - Canon 카메라 세션 닫힘
2024-01-09 12:54:19,687 [1] INFO wpfTest.Source.Log - 타이머 종료
2024-01-09 12:54:19,705 [1] INFO wpfTest.Source.Log - 캐논 촬영 페이지 진입
2024-01-09 12:54:20,166 [1] DEBUG wpfTest.Source.Log - Delay() | 딜레이 시작 딜레이 시간(단위 : ms) : 2000
2024-01-09 12:54:30,905 [1] INFO wpfTest.Source.Log - 타이머 종료
2024-01-09 12:54:30,905 [1] DEBUG wpfTest.Source.Log - Delay() | 딜레이 시작 딜레이 시간(단위 : ms) : 1000
2024-01-09 12:54:31,906 [1] DEBUG wpfTest.Source.Log - FlipCutImg() | 좌우반전 구동 | 이미지위치 : D:\업체\렌탈\윈스토리\wpfTest\bin\Debug\IMG\Photo\IMG_0001.jpg
2024-01-09 12:54:32,452 [1] INFO wpfTest.Source.Log - 캐논타이머 시작
2024-01-09 12:54:40,794 [1] INFO wpfTest.Source.Log - 타이머 종료
2024-01-09 12:54:40,794 [1] DEBUG wpfTest.Source.Log - Delay() | 딜레이 시작 딜레이 시간(단위 : ms) : 1000
2024-01-09 12:54:41,795 [1] DEBUG wpfTest.Source.Log - FlipCutImg() | 좌우반전 구동 | 이미지위치 : D:\업체\렌탈\윈스토리\wpfTest\bin\Debug\IMG\Photo\IMG_0002.jpg
2024-01-09 12:54:42,310 [1] INFO wpfTest.Source.Log - 캐논타이머 시작
2024-01-09 12:54:50,495 [1] INFO wpfTest.Source.Log - 타이머 종료
2024-01-09 12:54:50,495 [1] DEBUG wpfTest.Source.Log - Delay() | 딜레이 시작 딜레이 시간(단위 : ms) : 1000
2024-01-09 12:54:51,510 [1] DEBUG wpfTest.Source.Log - FlipCutImg() | 좌우반전 구동 | 이미지위치 : D:\업체\렌탈\윈스토리\wpfTest\bin\Debug\IMG\Photo\IMG_0003.jpg
2024-01-09 12:54:51,982 [1] INFO wpfTest.Source.Log - 캐논타이머 시작
2024-01-09 12:55:00,466 [1] INFO wpfTest.Source.Log - 타이머 종료
2024-01-09 12:55:00,466 [1] DEBUG wpfTest.Source.Log - Delay() | 딜레이 시작 딜레이 시간(단위 : ms) : 1000
2024-01-09 12:55:01,467 [1] DEBUG wpfTest.Source.Log - FlipCutImg() | 좌우반전 구동 | 이미지위치 : D:\업체\렌탈\윈스토리\wpfTest\bin\Debug\IMG\Photo\IMG_0004.jpg
2024-01-09 12:55:01,985 [1] DEBUG wpfTest.Source.Log - Delay() | 딜레이 시작 딜레이 시간(단위 : ms) : 200
2024-01-09 12:55:02,246 [1] DEBUG wpfTest.Source.Log - nextpage() 구동 | 캐논 카메라
2024-01-09 12:55:02,247 [1] DEBUG wpfTest.Source.Log - Delay() | 딜레이 시작 딜레이 시간(단위 : ms) : 500
2024-01-09 12:55:02,810 [1] INFO wpfTest.Source.Log - CloseSession() - 동작
2024-01-09 12:55:03,063 [1] DEBUG wpfTest.Source.Log - Delay() | 딜레이 시작 딜레이 시간(단위 : ms) : 500
2024-01-09 12:55:03,564 [1] INFO wpfTest.Source.Log - Dispose() - 동작
2024-01-09 12:55:03,596 [1] INFO wpfTest.Source.Log - Preparing 페이지 진입
2024-01-09 12:55:03,598 [1] DEBUG wpfTest.Source.Log - Grid_Loaded() | 흑백이미지 제작
2024-01-09 12:55:04,759 [1] DEBUG wpfTest.Source.Log - Pic() | 이미지 변환 시작
2024-01-09 12:55:04,900 [1] DEBUG wpfTest.Source.Log - Delay() | 딜레이 시작 딜레이 시간(단위 : ms) : 100
2024-01-09 12:55:05,143 [1] DEBUG wpfTest.Source.Log - Pic() | 이미지 변환 시작
2024-01-09 12:55:05,278 [1] DEBUG wpfTest.Source.Log - Delay() | 딜레이 시작 딜레이 시간(단위 : ms) : 100
2024-01-09 12:55:05,592 [1] DEBUG wpfTest.Source.Log - Pic() | 이미지 변환 시작
2024-01-09 12:55:05,731 [1] DEBUG wpfTest.Source.Log - Delay() | 딜레이 시작 딜레이 시간(단위 : ms) : 100
2024-01-09 12:55:06,125 [1] DEBUG wpfTest.Source.Log - Pic() | 이미지 변환 시작
2024-01-09 12:55:06,267 [1] DEBUG wpfTest.Source.Log - Delay() | 딜레이 시작 딜레이 시간(단위 : ms) : 100
2024-01-09 12:55:06,613 [1] INFO wpfTest.Source.Log - ImgCompose Level 진입
2024-01-09 12:55:06,621 [1] DEBUG wpfTest.Source.Log - Grid_Loaded() | ImgCompose 셋팅값 로드
2024-01-09 12:55:07,275 [1] DEBUG wpfTest.Source.Log - Imgshow() | 이미지 합성 시작
2024-01-09 12:55:07,640 [1] INFO wpfTest.Source.Log - 타이머 시작
2024-01-09 12:55:08,853 [1] DEBUG wpfTest.Source.Log - PrintBtn_MouseLeftButtonDown() | 프린트 이미지 클릭
2024-01-09 12:55:09,101 [1] DEBUG wpfTest.Source.Log - PrintBitmap() | 비트맵 인쇄
2024-01-09 12:55:09,101 [1] DEBUG wpfTest.Source.Log - Print Copy : 1
2024-01-09 12:55:09,358 [1] INFO wpfTest.Source.Log - 지금까지 출력된 장수 : 2
2024-01-09 12:55:09,398 [1] INFO wpfTest.Source.Log - 타이머 멈춤
2024-01-09 12:55:09,417 [1] INFO wpfTest.Source.Log - KaKaoPage진입
2024-01-09 12:55:09,441 [1] INFO wpfTest.Source.Log - Grid_Loaded() - 동작
2024-01-09 12:55:10,318 [1] INFO wpfTest.Source.Log - NoKakaobtn_MouseLeftButtonDown() - 동작
2024-01-09 12:55:10,371 [1] INFO wpfTest.Source.Log - 인터넷 연결
2024-01-09 12:55:10,382 [1] INFO wpfTest.Source.Log - 매출 데이터 값 : SALE_DT=2024-01-09&MACHINE_CD=R0021&PRINT_CNT=1&PAYMENT_WAY=4&CASH_AMT=0&CARD_AMT=0
2024-01-09 12:55:10,452 [1] INFO wpfTest.Source.Log - [{"result":"0","resultMsg":"sucess"}]
2024-01-09 12:55:10,483 [1] INFO wpfTest.Source.Log - Level Final 진입
2024-01-09 12:55:10,486 [1] DEBUG wpfTest.Source.Log - Grid_Loaded() 시작 | Final Level 설정 값 로드
2024-01-09 12:55:10,486 [1] INFO wpfTest.Source.Log - Final 타이머 시작
2024-01-09 12:55:17,010 [1] INFO wpfTest.Source.Log - Final Level 타이머 종료
2024-01-09 12:55:17,010 [1] DEBUG wpfTest.Source.Log - Resize 폴더 안 이미지 삭제 완료
2024-01-09 12:55:17,011 [1] DEBUG wpfTest.Source.Log - Resize 폴더 안 이미지 삭제 완료
2024-01-09 12:55:17,011 [1] DEBUG wpfTest.Source.Log - Resize 폴더 안 이미지 삭제 완료
2024-01-09 12:55:17,012 [1] DEBUG wpfTest.Source.Log - Resize 폴더 안 이미지 삭제 완료
2024-01-09 12:55:17,012 [1] DEBUG wpfTest.Source.Log - Print 폴더 안 이미지 삭제 완료
2024-01-09 12:55:17,025 [1] INFO wpfTest.Source.Log - 현재 사이클 수 : 1
2024-01-09 12:55:17,038 [1] INFO wpfTest.Source.Log - Main Level 진입
2024-01-09 12:55:17,044 [1] DEBUG wpfTest.Source.Log - Grid_Loaded() | Main Level 설정 값 로드(자동연결)
2024-01-09 12:55:17,044 [1] INFO wpfTest.Source.Log - 타이머 시작
2024-01-09 12:55:17,568 [1] DEBUG wpfTest.Source.Log - Mainimg_MouseLeftButtonDown() | 버튼 클릭
2024-01-09 12:55:17,568 [1] INFO wpfTest.Source.Log - Canon 카메라 세션 닫힘
2024-01-09 12:55:17,580 [1] INFO wpfTest.Source.Log - 타이머 종료
2024-01-09 12:55:17,592 [1] INFO wpfTest.Source.Log - 캐논 촬영 페이지 진입
2024-01-09 12:55:18,042 [1] DEBUG wpfTest.Source.Log - Delay() | 딜레이 시작 딜레이 시간(단위 : ms) : 2000
2024-01-09 12:55:28,491 [1] INFO wpfTest.Source.Log - 타이머 종료
2024-01-09 12:55:28,491 [1] DEBUG wpfTest.Source.Log - Delay() | 딜레이 시작 딜레이 시간(단위 : ms) : 1000
2024-01-09 12:55:29,491 [1] DEBUG wpfTest.Source.Log - FlipCutImg() | 좌우반전 구동 | 이미지위치 : D:\업체\렌탈\윈스토리\wpfTest\bin\Debug\IMG\Photo\IMG_0005.jpg
2024-01-09 12:55:29,978 [1] INFO wpfTest.Source.Log - 캐논타이머 시작
2024-01-09 12:55:38,463 [1] INFO wpfTest.Source.Log - 타이머 종료
2024-01-09 12:55:38,463 [1] DEBUG wpfTest.Source.Log - Delay() | 딜레이 시작 딜레이 시간(단위 : ms) : 1000
2024-01-09 12:55:39,467 [1] DEBUG wpfTest.Source.Log - FlipCutImg() | 좌우반전 구동 | 이미지위치 : D:\업체\렌탈\윈스토리\wpfTest\bin\Debug\IMG\Photo\IMG_0006.jpg
2024-01-09 12:55:39,968 [1] INFO wpfTest.Source.Log - 캐논타이머 시작
2024-01-09 12:55:48,483 [1] INFO wpfTest.Source.Log - 타이머 종료
2024-01-09 12:55:48,483 [1] DEBUG wpfTest.Source.Log - Delay() | 딜레이 시작 딜레이 시간(단위 : ms) : 1000
2024-01-09 12:55:49,492 [1] DEBUG wpfTest.Source.Log - FlipCutImg() | 좌우반전 구동 | 이미지위치 : D:\업체\렌탈\윈스토리\wpfTest\bin\Debug\IMG\Photo\IMG_0007.jpg
2024-01-09 12:55:49,983 [1] INFO wpfTest.Source.Log - 캐논타이머 시작
2024-01-09 12:55:58,291 [1] INFO wpfTest.Source.Log - 타이머 종료
2024-01-09 12:55:58,291 [1] DEBUG wpfTest.Source.Log - Delay() | 딜레이 시작 딜레이 시간(단위 : ms) : 1000
2024-01-09 12:55:59,292 [1] DEBUG wpfTest.Source.Log - FlipCutImg() | 좌우반전 구동 | 이미지위치 : D:\업체\렌탈\윈스토리\wpfTest\bin\Debug\IMG\Photo\IMG_0008.jpg
2024-01-09 12:55:59,835 [1] DEBUG wpfTest.Source.Log - Delay() | 딜레이 시작 딜레이 시간(단위 : ms) : 200
2024-01-09 12:56:00,120 [1] DEBUG wpfTest.Source.Log - nextpage() 구동 | 캐논 카메라
2024-01-09 12:56:00,120 [1] DEBUG wpfTest.Source.Log - Delay() | 딜레이 시작 딜레이 시간(단위 : ms) : 500
2024-01-09 12:56:00,684 [1] INFO wpfTest.Source.Log - CloseSession() - 동작
2024-01-09 12:56:00,940 [1] DEBUG wpfTest.Source.Log - Delay() | 딜레이 시작 딜레이 시간(단위 : ms) : 500
2024-01-09 12:56:01,481 [1] INFO wpfTest.Source.Log - Dispose() - 동작
2024-01-09 12:56:01,514 [1] INFO wpfTest.Source.Log - Preparing 페이지 진입
2024-01-09 12:56:01,516 [1] DEBUG wpfTest.Source.Log - Grid_Loaded() | 흑백이미지 제작
2024-01-09 12:56:02,559 [1] DEBUG wpfTest.Source.Log - Pic() | 이미지 변환 시작
2024-01-09 12:56:02,699 [1] DEBUG wpfTest.Source.Log - Delay() | 딜레이 시작 딜레이 시간(단위 : ms) : 100
2024-01-09 12:56:03,102 [1] DEBUG wpfTest.Source.Log - Pic() | 이미지 변환 시작
2024-01-09 12:56:03,255 [1] DEBUG wpfTest.Source.Log - Delay() | 딜레이 시작 딜레이 시간(단위 : ms) : 100
2024-01-09 12:56:03,587 [1] DEBUG wpfTest.Source.Log - Pic() | 이미지 변환 시작
2024-01-09 12:56:03,729 [1] DEBUG wpfTest.Source.Log - Delay() | 딜레이 시작 딜레이 시간(단위 : ms) : 100
2024-01-09 12:56:04,086 [1] DEBUG wpfTest.Source.Log - Pic() | 이미지 변환 시작
2024-01-09 12:56:04,230 [1] DEBUG wpfTest.Source.Log - Delay() | 딜레이 시작 딜레이 시간(단위 : ms) : 100
2024-01-09 12:56:04,509 [1] DEBUG wpfTest.Source.Log - Kakao 폴더 안 이미지 삭제 완료
2024-01-09 12:56:04,510 [1] INFO wpfTest.Source.Log - ImgCompose Level 진입
2024-01-09 12:56:04,511 [1] DEBUG wpfTest.Source.Log - Grid_Loaded() | ImgCompose 셋팅값 로드
2024-01-09 12:56:05,189 [1] DEBUG wpfTest.Source.Log - Imgshow() | 이미지 합성 시작
2024-01-09 12:56:05,540 [1] INFO wpfTest.Source.Log - 타이머 시작
2024-01-09 12:56:08,468 [1] DEBUG wpfTest.Source.Log - PrintBtn_MouseLeftButtonDown() | 프린트 이미지 클릭
2024-01-09 12:56:08,650 [1] DEBUG wpfTest.Source.Log - PrintBitmap() | 비트맵 인쇄
2024-01-09 12:56:08,650 [1] DEBUG wpfTest.Source.Log - Print Copy : 1
2024-01-09 12:56:08,875 [1] INFO wpfTest.Source.Log - 지금까지 출력된 장수 : 3
2024-01-09 12:56:08,915 [1] INFO wpfTest.Source.Log - 타이머 멈춤
2024-01-09 12:56:08,930 [1] INFO wpfTest.Source.Log - KaKaoPage진입
2024-01-09 12:56:08,933 [1] INFO wpfTest.Source.Log - Grid_Loaded() - 동작
2024-01-09 12:56:09,797 [1] INFO wpfTest.Source.Log - NoKakaobtn_MouseLeftButtonDown() - 동작
2024-01-09 12:56:09,881 [1] INFO wpfTest.Source.Log - 인터넷 연결
2024-01-09 12:56:09,881 [1] INFO wpfTest.Source.Log - 매출 데이터 값 : SALE_DT=2024-01-09&MACHINE_CD=R0021&PRINT_CNT=1&PAYMENT_WAY=4&CASH_AMT=0&CARD_AMT=0
2024-01-09 12:56:09,925 [1] INFO wpfTest.Source.Log - [{"result":"0","resultMsg":"sucess"}]
2024-01-09 12:56:09,953 [1] INFO wpfTest.Source.Log - Level Final 진입
2024-01-09 12:56:09,954 [1] DEBUG wpfTest.Source.Log - Grid_Loaded() 시작 | Final Level 설정 값 로드
2024-01-09 12:56:09,954 [1] INFO wpfTest.Source.Log - Final 타이머 시작
2024-01-09 12:56:16,293 [1] INFO wpfTest.Source.Log - Final Level 타이머 종료
2024-01-09 12:56:16,293 [1] DEBUG wpfTest.Source.Log - Resize 폴더 안 이미지 삭제 완료
2024-01-09 12:56:16,294 [1] DEBUG wpfTest.Source.Log - Resize 폴더 안 이미지 삭제 완료
2024-01-09 12:56:16,294 [1] DEBUG wpfTest.Source.Log - Resize 폴더 안 이미지 삭제 완료
2024-01-09 12:56:16,295 [1] DEBUG wpfTest.Source.Log - Resize 폴더 안 이미지 삭제 완료
2024-01-09 12:56:16,295 [1] DEBUG wpfTest.Source.Log - Print 폴더 안 이미지 삭제 완료
2024-01-09 12:56:16,307 [1] INFO wpfTest.Source.Log - 현재 사이클 수 : 2
2024-01-09 12:56:16,319 [1] INFO wpfTest.Source.Log - Main Level 진입
2024-01-09 12:56:16,325 [1] DEBUG wpfTest.Source.Log - Grid_Loaded() | Main Level 설정 값 로드(자동연결)
2024-01-09 12:56:16,325 [1] INFO wpfTest.Source.Log - 타이머 시작
2024-01-09 13:00:00,711 [4] INFO wpfTest.Source.Log - 정각 업로드 시작
